<?xml version="1.0" encoding="UTF-8"?>
<!-- Generated by org.testng.reporters.JUnitXMLReporter -->
<testsuite ignored="0" hostname="DESKTOP-O507CMC" failures="0" tests="3" name="Test-0" time="83.205" errors="0" timestamp="2024-01-12T15:52:36 IST">
  <testcase classname="com.shubham.projects.AppTest.AddListTest" name="AddListtest" time="8.349"/>
  <testcase classname="com.shubham.projects.AppTest.AddListTest" name="EditListtest" time="12.345"/>
  <testcase classname="com.shubham.projects.AppTest.AddListTest" name="DeleteListtest" time="5.941"/>
</testsuite> <!-- Test-0 -->
