<?xml version="1.0" encoding="UTF-8"?>
<!-- Generated by org.testng.reporters.JUnitXMLReporter -->
<testsuite ignored="0" hostname="DESKTOP-O507CMC" failures="0" tests="3" name="Test-2" time="52.529" errors="0" timestamp="2024-01-12T14:56:19 IST">
  <testcase classname="com.shubham.projects.AppTest.AddListTest" name="AddListtest" time="0.0">
    <skipped/>
  </testcase> <!-- AddListtest -->
  <testcase classname="com.shubham.projects.AppTest.AddListTest" name="EditListtest" time="0.0">
    <skipped/>
  </testcase> <!-- EditListtest -->
  <testcase classname="com.shubham.projects.AppTest.AddListTest" name="DeleteListtest" time="0.0">
    <skipped/>
  </testcase> <!-- DeleteListtest -->
</testsuite> <!-- Test-2 -->
