<?xml version="1.0" encoding="UTF-8"?>
<!-- Generated by org.testng.reporters.JUnitXMLReporter -->
<testsuite ignored="0" hostname="DESKTOP-O507CMC" failures="0" tests="3" name="Test-0" time="101.171" errors="0" timestamp="2024-01-12T16:23:51 IST">
  <testcase classname="com.shubham.projects.AppTest.AddListTest" name="AddListtest" time="12.876"/>
  <testcase classname="com.shubham.projects.AppTest.AddListTest" name="EditListtest" time="16.231"/>
  <testcase classname="com.shubham.projects.AppTest.AddListTest" name="DeleteListtest" time="9.141"/>
</testsuite> <!-- Test-0 -->
