<?xml version="1.0" encoding="UTF-8"?>
<testsuite xmlns:xsi="http://www.w3.org/2001/XMLSchema-instance" xsi:noNamespaceSchemaLocation="https://maven.apache.org/surefire/maven-surefire-plugin/xsd/surefire-test-report-3.0.xsd" version="3.0" name="TestSuite" time="113.729" tests="6" errors="0" skipped="0" failures="3">
  <properties>
    <property name="java.specification.version" value="20"/>
    <property name="sun.cpu.isalist" value="amd64"/>
    <property name="sun.jnu.encoding" value="Cp1252"/>
    <property name="java.class.path" value="F:\Users\shubh\eclipse-workspace\AppTest\target\test-classes;F:\Users\shubh\eclipse-workspace\AppTest\target\classes;C:\Users\shubh\.m2\repository\org\seleniumhq\selenium\selenium-java\4.16.1\selenium-java-4.16.1.jar;C:\Users\shubh\.m2\repository\org\seleniumhq\selenium\selenium-api\4.16.1\selenium-api-4.16.1.jar;C:\Users\shubh\.m2\repository\org\seleniumhq\selenium\selenium-chrome-driver\4.16.1\selenium-chrome-driver-4.16.1.jar;C:\Users\shubh\.m2\repository\com\google\auto\service\auto-service-annotations\1.1.1\auto-service-annotations-1.1.1.jar;C:\Users\shubh\.m2\repository\org\seleniumhq\selenium\selenium-chromium-driver\4.16.1\selenium-chromium-driver-4.16.1.jar;C:\Users\shubh\.m2\repository\org\seleniumhq\selenium\selenium-json\4.16.1\selenium-json-4.16.1.jar;C:\Users\shubh\.m2\repository\org\seleniumhq\selenium\selenium-manager\4.16.1\selenium-manager-4.16.1.jar;C:\Users\shubh\.m2\repository\org\seleniumhq\selenium\selenium-devtools-v118\4.16.1\selenium-devtools-v118-4.16.1.jar;C:\Users\shubh\.m2\repository\org\seleniumhq\selenium\selenium-devtools-v119\4.16.1\selenium-devtools-v119-4.16.1.jar;C:\Users\shubh\.m2\repository\org\seleniumhq\selenium\selenium-devtools-v120\4.16.1\selenium-devtools-v120-4.16.1.jar;C:\Users\shubh\.m2\repository\org\seleniumhq\selenium\selenium-devtools-v85\4.16.1\selenium-devtools-v85-4.16.1.jar;C:\Users\shubh\.m2\repository\org\seleniumhq\selenium\selenium-edge-driver\4.16.1\selenium-edge-driver-4.16.1.jar;C:\Users\shubh\.m2\repository\org\seleniumhq\selenium\selenium-firefox-driver\4.16.1\selenium-firefox-driver-4.16.1.jar;C:\Users\shubh\.m2\repository\org\seleniumhq\selenium\selenium-http\4.16.1\selenium-http-4.16.1.jar;C:\Users\shubh\.m2\repository\dev\failsafe\failsafe\3.3.2\failsafe-3.3.2.jar;C:\Users\shubh\.m2\repository\org\seleniumhq\selenium\selenium-ie-driver\4.16.1\selenium-ie-driver-4.16.1.jar;C:\Users\shubh\.m2\repository\org\seleniumhq\selenium\selenium-remote-driver\4.16.1\selenium-remote-driver-4.16.1.jar;C:\Users\shubh\.m2\repository\com\google\guava\guava\32.1.2-jre\guava-32.1.2-jre.jar;C:\Users\shubh\.m2\repository\com\google\guava\failureaccess\1.0.1\failureaccess-1.0.1.jar;C:\Users\shubh\.m2\repository\com\google\guava\listenablefuture\9999.0-empty-to-avoid-conflict-with-guava\listenablefuture-9999.0-empty-to-avoid-conflict-with-guava.jar;C:\Users\shubh\.m2\repository\com\google\code\findbugs\jsr305\3.0.2\jsr305-3.0.2.jar;C:\Users\shubh\.m2\repository\org\checkerframework\checker-qual\3.33.0\checker-qual-3.33.0.jar;C:\Users\shubh\.m2\repository\com\google\errorprone\error_prone_annotations\2.18.0\error_prone_annotations-2.18.0.jar;C:\Users\shubh\.m2\repository\com\google\j2objc\j2objc-annotations\2.8\j2objc-annotations-2.8.jar;C:\Users\shubh\.m2\repository\io\opentelemetry\opentelemetry-api\1.28.0\opentelemetry-api-1.28.0.jar;C:\Users\shubh\.m2\repository\io\opentelemetry\opentelemetry-context\1.28.0\opentelemetry-context-1.28.0.jar;C:\Users\shubh\.m2\repository\io\opentelemetry\opentelemetry-exporter-logging\1.28.0\opentelemetry-exporter-logging-1.28.0.jar;C:\Users\shubh\.m2\repository\io\opentelemetry\opentelemetry-sdk-metrics\1.28.0\opentelemetry-sdk-metrics-1.28.0.jar;C:\Users\shubh\.m2\repository\io\opentelemetry\opentelemetry-extension-incubator\1.28.0-alpha\opentelemetry-extension-incubator-1.28.0-alpha.jar;C:\Users\shubh\.m2\repository\io\opentelemetry\opentelemetry-sdk-logs\1.28.0\opentelemetry-sdk-logs-1.28.0.jar;C:\Users\shubh\.m2\repository\io\opentelemetry\opentelemetry-sdk-common\1.28.0\opentelemetry-sdk-common-1.28.0.jar;C:\Users\shubh\.m2\repository\io\opentelemetry\opentelemetry-sdk-extension-autoconfigure-spi\1.28.0\opentelemetry-sdk-extension-autoconfigure-spi-1.28.0.jar;C:\Users\shubh\.m2\repository\io\opentelemetry\opentelemetry-sdk-extension-autoconfigure\1.28.0\opentelemetry-sdk-extension-autoconfigure-1.28.0.jar;C:\Users\shubh\.m2\repository\io\opentelemetry\opentelemetry-api-events\1.28.0-alpha\opentelemetry-api-events-1.28.0-alpha.jar;C:\Users\shubh\.m2\repository\io\opentelemetry\opentelemetry-sdk-trace\1.28.0\opentelemetry-sdk-trace-1.28.0.jar;C:\Users\shubh\.m2\repository\io\opentelemetry\opentelemetry-sdk\1.28.0\opentelemetry-sdk-1.28.0.jar;C:\Users\shubh\.m2\repository\io\opentelemetry\opentelemetry-semconv\1.28.0-alpha\opentelemetry-semconv-1.28.0-alpha.jar;C:\Users\shubh\.m2\repository\net\bytebuddy\byte-buddy\1.14.5\byte-buddy-1.14.5.jar;C:\Users\shubh\.m2\repository\org\seleniumhq\selenium\selenium-os\4.16.1\selenium-os-4.16.1.jar;C:\Users\shubh\.m2\repository\org\apache\commons\commons-exec\1.3\commons-exec-1.3.jar;C:\Users\shubh\.m2\repository\org\seleniumhq\selenium\selenium-safari-driver\4.16.1\selenium-safari-driver-4.16.1.jar;C:\Users\shubh\.m2\repository\org\seleniumhq\selenium\selenium-support\4.16.1\selenium-support-4.16.1.jar;C:\Users\shubh\.m2\repository\org\testng\testng\7.8.0\testng-7.8.0.jar;C:\Users\shubh\.m2\repository\org\slf4j\slf4j-api\1.7.36\slf4j-api-1.7.36.jar;C:\Users\shubh\.m2\repository\com\beust\jcommander\1.82\jcommander-1.82.jar;C:\Users\shubh\.m2\repository\org\webjars\jquery\3.6.1\jquery-3.6.1.jar;C:\Users\shubh\.m2\repository\io\appium\java-client\9.0.0\java-client-9.0.0.jar;C:\Users\shubh\.m2\repository\com\google\code\gson\gson\2.10.1\gson-2.10.1.jar;C:\Users\shubh\.m2\repository\commons-io\commons-io\2.15.1\commons-io-2.15.1.jar;C:\Users\shubh\.m2\repository\com\fasterxml\jackson\core\jackson-databind\2.16.1\jackson-databind-2.16.1.jar;C:\Users\shubh\.m2\repository\com\fasterxml\jackson\core\jackson-annotations\2.16.1\jackson-annotations-2.16.1.jar;C:\Users\shubh\.m2\repository\com\fasterxml\jackson\core\jackson-core\2.16.1\jackson-core-2.16.1.jar;C:\Users\shubh\.m2\repository\com\aventstack\extentreports\5.1.1\extentreports-5.1.1.jar;C:\Users\shubh\.m2\repository\io\reactivex\rxjava3\rxjava\3.1.6\rxjava-3.1.6.jar;C:\Users\shubh\.m2\repository\org\reactivestreams\reactive-streams\1.0.4\reactive-streams-1.0.4.jar;C:\Users\shubh\.m2\repository\org\freemarker\freemarker\2.3.32\freemarker-2.3.32.jar;C:\Users\shubh\.m2\repository\org\projectlombok\lombok\1.18.26\lombok-1.18.26.jar;C:\Users\shubh\.m2\repository\com\konghq\unirest-java\3.14.1\unirest-java-3.14.1-standalone.jar;C:\Users\shubh\.m2\repository\org\apache\httpcomponents\httpclient\4.5.13\httpclient-4.5.13.jar;C:\Users\shubh\.m2\repository\org\apache\httpcomponents\httpcore\4.4.13\httpcore-4.4.13.jar;C:\Users\shubh\.m2\repository\commons-logging\commons-logging\1.2\commons-logging-1.2.jar;C:\Users\shubh\.m2\repository\org\apache\httpcomponents\httpmime\4.5.13\httpmime-4.5.13.jar;C:\Users\shubh\.m2\repository\org\apache\httpcomponents\httpcore-nio\4.4.13\httpcore-nio-4.4.13.jar;C:\Users\shubh\.m2\repository\org\apache\httpcomponents\httpasyncclient\4.1.5\httpasyncclient-4.1.5.jar;C:\Users\shubh\.m2\repository\commons-codec\commons-codec\1.15\commons-codec-1.15.jar;C:\Users\shubh\.m2\repository\com\browserstack\browserstack-java-sdk\1.12.8\browserstack-java-sdk-1.12.8.jar;"/>
    <property name="java.vm.vendor" value="Oracle Corporation"/>
    <property name="sun.arch.data.model" value="64"/>
    <property name="user.variant" value=""/>
    <property name="java.vendor.url" value="https://java.oracle.com/"/>
    <property name="user.timezone" value="Asia/Calcutta"/>
    <property name="os.name" value="Windows 10"/>
    <property name="java.vm.specification.version" value="20"/>
    <property name="sun.java.launcher" value="SUN_STANDARD"/>
    <property name="user.country" value="IN"/>
    <property name="sun.boot.library.path" value="C:\Program Files\Java\jdk-20\bin"/>
    <property name="sun.java.command" value="C:\Users\shubh\AppData\Local\Temp\surefire14292250276798163419\surefirebooter-20240111184702013_3.jar C:\Users\shubh\AppData\Local\Temp\surefire14292250276798163419 2024-01-11T18-46-59_817-jvmRun1 surefire-20240111184702013_1tmp surefire_0-20240111184702013_2tmp"/>
    <property name="jdk.debug" value="release"/>
    <property name="surefire.test.class.path" value="F:\Users\shubh\eclipse-workspace\AppTest\target\test-classes;F:\Users\shubh\eclipse-workspace\AppTest\target\classes;C:\Users\shubh\.m2\repository\org\seleniumhq\selenium\selenium-java\4.16.1\selenium-java-4.16.1.jar;C:\Users\shubh\.m2\repository\org\seleniumhq\selenium\selenium-api\4.16.1\selenium-api-4.16.1.jar;C:\Users\shubh\.m2\repository\org\seleniumhq\selenium\selenium-chrome-driver\4.16.1\selenium-chrome-driver-4.16.1.jar;C:\Users\shubh\.m2\repository\com\google\auto\service\auto-service-annotations\1.1.1\auto-service-annotations-1.1.1.jar;C:\Users\shubh\.m2\repository\org\seleniumhq\selenium\selenium-chromium-driver\4.16.1\selenium-chromium-driver-4.16.1.jar;C:\Users\shubh\.m2\repository\org\seleniumhq\selenium\selenium-json\4.16.1\selenium-json-4.16.1.jar;C:\Users\shubh\.m2\repository\org\seleniumhq\selenium\selenium-manager\4.16.1\selenium-manager-4.16.1.jar;C:\Users\shubh\.m2\repository\org\seleniumhq\selenium\selenium-devtools-v118\4.16.1\selenium-devtools-v118-4.16.1.jar;C:\Users\shubh\.m2\repository\org\seleniumhq\selenium\selenium-devtools-v119\4.16.1\selenium-devtools-v119-4.16.1.jar;C:\Users\shubh\.m2\repository\org\seleniumhq\selenium\selenium-devtools-v120\4.16.1\selenium-devtools-v120-4.16.1.jar;C:\Users\shubh\.m2\repository\org\seleniumhq\selenium\selenium-devtools-v85\4.16.1\selenium-devtools-v85-4.16.1.jar;C:\Users\shubh\.m2\repository\org\seleniumhq\selenium\selenium-edge-driver\4.16.1\selenium-edge-driver-4.16.1.jar;C:\Users\shubh\.m2\repository\org\seleniumhq\selenium\selenium-firefox-driver\4.16.1\selenium-firefox-driver-4.16.1.jar;C:\Users\shubh\.m2\repository\org\seleniumhq\selenium\selenium-http\4.16.1\selenium-http-4.16.1.jar;C:\Users\shubh\.m2\repository\dev\failsafe\failsafe\3.3.2\failsafe-3.3.2.jar;C:\Users\shubh\.m2\repository\org\seleniumhq\selenium\selenium-ie-driver\4.16.1\selenium-ie-driver-4.16.1.jar;C:\Users\shubh\.m2\repository\org\seleniumhq\selenium\selenium-remote-driver\4.16.1\selenium-remote-driver-4.16.1.jar;C:\Users\shubh\.m2\repository\com\google\guava\guava\32.1.2-jre\guava-32.1.2-jre.jar;C:\Users\shubh\.m2\repository\com\google\guava\failureaccess\1.0.1\failureaccess-1.0.1.jar;C:\Users\shubh\.m2\repository\com\google\guava\listenablefuture\9999.0-empty-to-avoid-conflict-with-guava\listenablefuture-9999.0-empty-to-avoid-conflict-with-guava.jar;C:\Users\shubh\.m2\repository\com\google\code\findbugs\jsr305\3.0.2\jsr305-3.0.2.jar;C:\Users\shubh\.m2\repository\org\checkerframework\checker-qual\3.33.0\checker-qual-3.33.0.jar;C:\Users\shubh\.m2\repository\com\google\errorprone\error_prone_annotations\2.18.0\error_prone_annotations-2.18.0.jar;C:\Users\shubh\.m2\repository\com\google\j2objc\j2objc-annotations\2.8\j2objc-annotations-2.8.jar;C:\Users\shubh\.m2\repository\io\opentelemetry\opentelemetry-api\1.28.0\opentelemetry-api-1.28.0.jar;C:\Users\shubh\.m2\repository\io\opentelemetry\opentelemetry-context\1.28.0\opentelemetry-context-1.28.0.jar;C:\Users\shubh\.m2\repository\io\opentelemetry\opentelemetry-exporter-logging\1.28.0\opentelemetry-exporter-logging-1.28.0.jar;C:\Users\shubh\.m2\repository\io\opentelemetry\opentelemetry-sdk-metrics\1.28.0\opentelemetry-sdk-metrics-1.28.0.jar;C:\Users\shubh\.m2\repository\io\opentelemetry\opentelemetry-extension-incubator\1.28.0-alpha\opentelemetry-extension-incubator-1.28.0-alpha.jar;C:\Users\shubh\.m2\repository\io\opentelemetry\opentelemetry-sdk-logs\1.28.0\opentelemetry-sdk-logs-1.28.0.jar;C:\Users\shubh\.m2\repository\io\opentelemetry\opentelemetry-sdk-common\1.28.0\opentelemetry-sdk-common-1.28.0.jar;C:\Users\shubh\.m2\repository\io\opentelemetry\opentelemetry-sdk-extension-autoconfigure-spi\1.28.0\opentelemetry-sdk-extension-autoconfigure-spi-1.28.0.jar;C:\Users\shubh\.m2\repository\io\opentelemetry\opentelemetry-sdk-extension-autoconfigure\1.28.0\opentelemetry-sdk-extension-autoconfigure-1.28.0.jar;C:\Users\shubh\.m2\repository\io\opentelemetry\opentelemetry-api-events\1.28.0-alpha\opentelemetry-api-events-1.28.0-alpha.jar;C:\Users\shubh\.m2\repository\io\opentelemetry\opentelemetry-sdk-trace\1.28.0\opentelemetry-sdk-trace-1.28.0.jar;C:\Users\shubh\.m2\repository\io\opentelemetry\opentelemetry-sdk\1.28.0\opentelemetry-sdk-1.28.0.jar;C:\Users\shubh\.m2\repository\io\opentelemetry\opentelemetry-semconv\1.28.0-alpha\opentelemetry-semconv-1.28.0-alpha.jar;C:\Users\shubh\.m2\repository\net\bytebuddy\byte-buddy\1.14.5\byte-buddy-1.14.5.jar;C:\Users\shubh\.m2\repository\org\seleniumhq\selenium\selenium-os\4.16.1\selenium-os-4.16.1.jar;C:\Users\shubh\.m2\repository\org\apache\commons\commons-exec\1.3\commons-exec-1.3.jar;C:\Users\shubh\.m2\repository\org\seleniumhq\selenium\selenium-safari-driver\4.16.1\selenium-safari-driver-4.16.1.jar;C:\Users\shubh\.m2\repository\org\seleniumhq\selenium\selenium-support\4.16.1\selenium-support-4.16.1.jar;C:\Users\shubh\.m2\repository\org\testng\testng\7.8.0\testng-7.8.0.jar;C:\Users\shubh\.m2\repository\org\slf4j\slf4j-api\1.7.36\slf4j-api-1.7.36.jar;C:\Users\shubh\.m2\repository\com\beust\jcommander\1.82\jcommander-1.82.jar;C:\Users\shubh\.m2\repository\org\webjars\jquery\3.6.1\jquery-3.6.1.jar;C:\Users\shubh\.m2\repository\io\appium\java-client\9.0.0\java-client-9.0.0.jar;C:\Users\shubh\.m2\repository\com\google\code\gson\gson\2.10.1\gson-2.10.1.jar;C:\Users\shubh\.m2\repository\commons-io\commons-io\2.15.1\commons-io-2.15.1.jar;C:\Users\shubh\.m2\repository\com\fasterxml\jackson\core\jackson-databind\2.16.1\jackson-databind-2.16.1.jar;C:\Users\shubh\.m2\repository\com\fasterxml\jackson\core\jackson-annotations\2.16.1\jackson-annotations-2.16.1.jar;C:\Users\shubh\.m2\repository\com\fasterxml\jackson\core\jackson-core\2.16.1\jackson-core-2.16.1.jar;C:\Users\shubh\.m2\repository\com\aventstack\extentreports\5.1.1\extentreports-5.1.1.jar;C:\Users\shubh\.m2\repository\io\reactivex\rxjava3\rxjava\3.1.6\rxjava-3.1.6.jar;C:\Users\shubh\.m2\repository\org\reactivestreams\reactive-streams\1.0.4\reactive-streams-1.0.4.jar;C:\Users\shubh\.m2\repository\org\freemarker\freemarker\2.3.32\freemarker-2.3.32.jar;C:\Users\shubh\.m2\repository\org\projectlombok\lombok\1.18.26\lombok-1.18.26.jar;C:\Users\shubh\.m2\repository\com\konghq\unirest-java\3.14.1\unirest-java-3.14.1-standalone.jar;C:\Users\shubh\.m2\repository\org\apache\httpcomponents\httpclient\4.5.13\httpclient-4.5.13.jar;C:\Users\shubh\.m2\repository\org\apache\httpcomponents\httpcore\4.4.13\httpcore-4.4.13.jar;C:\Users\shubh\.m2\repository\commons-logging\commons-logging\1.2\commons-logging-1.2.jar;C:\Users\shubh\.m2\repository\org\apache\httpcomponents\httpmime\4.5.13\httpmime-4.5.13.jar;C:\Users\shubh\.m2\repository\org\apache\httpcomponents\httpcore-nio\4.4.13\httpcore-nio-4.4.13.jar;C:\Users\shubh\.m2\repository\org\apache\httpcomponents\httpasyncclient\4.1.5\httpasyncclient-4.1.5.jar;C:\Users\shubh\.m2\repository\commons-codec\commons-codec\1.15\commons-codec-1.15.jar;C:\Users\shubh\.m2\repository\com\browserstack\browserstack-java-sdk\1.12.8\browserstack-java-sdk-1.12.8.jar;"/>
    <property name="sun.cpu.endian" value="little"/>
    <property name="user.home" value="C:\Users\shubh"/>
    <property name="user.language" value="en"/>
    <property name="java.specification.vendor" value="Oracle Corporation"/>
    <property name="java.version.date" value="2023-07-18"/>
    <property name="java.home" value="C:\Program Files\Java\jdk-20"/>
    <property name="file.separator" value="\"/>
    <property name="basedir" value="F:\Users\shubh\eclipse-workspace\AppTest"/>
    <property name="style.color" value="always"/>
    <property name="java.vm.compressedOopsMode" value="Zero based"/>
    <property name="line.separator" value="&#10;"/>
    <property name="java.vm.specification.vendor" value="Oracle Corporation"/>
    <property name="java.specification.name" value="Java Platform API Specification"/>
    <property name="surefire.real.class.path" value="C:\Users\shubh\AppData\Local\Temp\surefire14292250276798163419\surefirebooter-20240111184702013_3.jar"/>
    <property name="user.script" value=""/>
    <property name="sun.management.compiler" value="HotSpot 64-Bit Tiered Compilers"/>
    <property name="java.runtime.version" value="20.0.2+9-78"/>
    <property name="user.name" value="shubham"/>
    <property name="stdout.encoding" value="Cp1252"/>
    <property name="path.separator" value=";"/>
    <property name="os.version" value="10.0"/>
    <property name="java.runtime.name" value="Java(TM) SE Runtime Environment"/>
    <property name="file.encoding" value="UTF-8"/>
    <property name="java.vm.name" value="Java HotSpot(TM) 64-Bit Server VM"/>
    <property name="localRepository" value="C:\Users\shubh\.m2\repository"/>
    <property name="java.vendor.url.bug" value="https://bugreport.java.com/bugreport/"/>
    <property name="java.io.tmpdir" value="C:\Users\shubh\AppData\Local\Temp\"/>
    <property name="java.version" value="20.0.2"/>
    <property name="user.dir" value="F:\Users\shubh\eclipse-workspace\AppTest"/>
    <property name="os.arch" value="amd64"/>
    <property name="java.vm.specification.name" value="Java Virtual Machine Specification"/>
    <property name="sun.os.patch.level" value=""/>
    <property name="native.encoding" value="Cp1252"/>
    <property name="java.library.path" value="C:\Program Files\Java\jdk-20\bin;C:\Windows\Sun\Java\bin;C:\Windows\system32;C:\Windows;C:/Program Files/Java/jdk-20/bin/server;C:/Program Files/Java/jdk-20/bin;C:\Program Files\Common Files\Oracle\Java\javapath;C:\Windows\system32;C:\Windows;C:\Windows\System32\Wbem;C:\Windows\System32\WindowsPowerShell\v1.0\;C:\Windows\System32\OpenSSH\;C:\Program Files\nodejs\;C:\Program Files\Docker\Docker\resources\bin;C:\Program Files\dotnet\;C:\Program Files (x86)\Intel\Intel(R) Management Engine Components\DAL;C:\Program Files\Intel\Intel(R) Management Engine Components\DAL;C:\Program Files\Git\cmd;C:\apache-maven-3.9.4-bin\apache-maven-3.9.4\bin;C:\Program Files\Java\jdk-20\bin;C:\Users\shubh\AppData\Local\Android\Sdk\tools;C:\Users\shubh\AppData\Local\Android\Sdk\platform-tools;C:\Users\shubh\AppData\Local\Android\Sdk\tools\bin;C:\Program Files (x86)\AOMEI\AOMEI Backupper\7.3.1;C:\Users\shubh\AppData\Roaming\npm\;C:\Program Files\MySQL\MySQL Shell 8.0\bin\;C:\Users\shubh\AppData\Local\Microsoft\WindowsApps;C:\Users\shubh\AppData\Roaming\npm;C:\Users\shubh\AppData\Local\Programs\Microsoft VS Code\bin;C:\Windows\System32;;."/>
    <property name="java.vm.info" value="mixed mode, sharing"/>
    <property name="stderr.encoding" value="Cp1252"/>
    <property name="java.vendor" value="Oracle Corporation"/>
    <property name="java.vm.version" value="20.0.2+9-78"/>
    <property name="sun.io.unicode.encoding" value="UnicodeLittle"/>
    <property name="java.class.version" value="64.0"/>
  </properties>
  <testcase name="AddListtest" classname="com.shubham.projects.AppTest.AddListTest" time="8.946">
    <system-out><![CDATA[C://Users//shubh//AppData//Roaming//npm//node_modules//appium//build//lib//main.js
127.0.0.1
Server is running. Stopping the server.
&amp#27;[35m[Appium]&amp#27;[39m Attempting to load plugin element-wait...
&amp#27;[35m[Appium]&amp#27;[39m Attempting to load plugin device-farm...
&amp#27;[35m[Appium]&amp#27;[39m Attempting to load plugin appium-dashboard...
&amp#27;[35m[Appium]&amp#27;[39m Requiring plugin at C:\Users\shubh\.appium\node_modules\appium-wait-plugin\lib\index.js
&amp#27;[35m[Appium]&amp#27;[39m Requiring plugin at C:\Users\shubh\.appium\node_modules\appium-device-farm\lib\src\index.js
&amp#27;[35m[Appium]&amp#27;[39m Requiring plugin at C:\Users\shubh\.appium\node_modules\appium-dashboard\lib\index.js
&amp#27;[35m[Appium]&amp#27;[39m WaitCommandPlugin has been successfully loaded in 4.572s
&amp#27;[35m[Appium]&amp#27;[39m DevicePlugin has been successfully loaded in 4.572s
&amp#27;[35m[Appium]&amp#27;[39m AppiumDashboardPlugin has been successfully loaded in 4.571s
&amp#27;[38;5;0m[ADB]&amp#27;[0m Found 1 'build-tools' folders under 'C:\Users\shubh\AppData\Local\Android\Sdk' (newest first):
&amp#27;[38;5;0m[ADB]&amp#27;[0m     C:\Users\shubh\AppData\Local\Android\Sdk\build-tools\34.0.0
&amp#27;[38;5;0m[ADB]&amp#27;[0m Using 'adb.exe' from 'C:\Users\shubh\AppData\Local\Android\Sdk\platform-tools\adb.exe'
&amp#27;[38;5;0m[ADB]&amp#27;[0m Running 'C:\Users\shubh\AppData\Local\Android\Sdk\platform-tools\adb.exe -P 5037 start-server'
&amp#27;[35m[Appium]&amp#27;[39m Welcome to Appium v2.4.1
&amp#27;[35m[Appium]&amp#27;[39m Non-default server args:
&amp#27;[35m[Appium]&amp#27;[39m { address: &amp#27;[32m'127.0.0.1'&amp#27;[39m,
&amp#27;[35m[Appium]&amp#27;[39m   keepAliveTimeout: &amp#27;[33m800&amp#27;[39m,
&amp#27;[35m[Appium]&amp#27;[39m   usePlugins: [ &amp#27;[32m'element-wait'&amp#27;[39m, &amp#27;[32m'device-farm'&amp#27;[39m, &amp#27;[32m'appium-dashboard'&amp#27;[39m ] }
&amp#27;[35m[Appium]&amp#27;[39m The autodetected Appium home path: C:\Users\shubh\.appium
&amp#27;[35m[Appium]&amp#27;[39m Attempting to load driver uiautomator2...
&amp#27;[35m[Appium]&amp#27;[39m Requiring driver at C:\Users\shubh\.appium\node_modules\appium-uiautomator2-driver\build\index.js
&amp#27;[35m[Appium]&amp#27;[39m AndroidUiautomator2Driver has been successfully loaded in 1.140s
(node:9732) MaxListenersExceededWarning: Possible EventEmitter memory leak detected. 11 exit listeners added to [process]. Use emitter.setMaxListeners() to increase limit
(Use `node --trace-warnings ...` to show where the warning was created)
&amp#27;[38;5;16m[device-farm-main]&amp#27;[0m 📱 Update server with CLI Args: {"subcommand":"server","address":"127.0.0.1","keepAliveTimeout":800,"port":4723,"usePlugins":["element-wait","device-farm","appium-dashboard"],"plugin":{"device-farm":{"platform":"android","androidDeviceType":"both","iosDeviceType":"both"}},"extraArgs":[],"allowCors":false,"allowInsecure":[],"basePath":"","callbackPort":4723,"debugLogSpacing":false,"denyInsecure":[],"localTimezone":false,"loglevel":"debug","logNoColors":false,"logTimestamp":false,"pluginsImportChunkSize":7,"driversImportChunkSize":3,"longStacktrace":false,"noPermsCheck":false,"relaxedSecurityEnabled":false,"sessionOverride":false,"strictCaps":false,"useDrivers":[],"tmpDir":"C:\\Users\\shubh\\AppData\\Local\\Temp"}
&amp#27;[38;5;16m[device-farm-main]&amp#27;[0m 📱 Update server with Plugin Args: {"platform":"android","iosDeviceType":"both","androidDeviceType":"both","skipChromeDownload":true,"maxSessions":8,"adbRemote":[],"emulators":[],"simulators":[],"deviceAvailabilityTimeoutMs":300000,"deviceAvailabilityQueryIntervalMs":10000,"sendNodeDevicesToHubIntervalMs":30000,"checkStaleDevicesIntervalMs":30000,"checkBlockedDevicesIntervalMs":30000,"newCommandTimeoutSec":60,"bindHostOrIp":"192.168.95.171"}
&amp#27;[38;5;16m[device-farm-main]&amp#27;[0m proxy is not required for axios
&amp#27;[38;5;16m[device-farm-main]&amp#27;[0m Registering proxy middleware
&amp#27;[38;5;16m[device-farm-main]&amp#27;[0m Initializing database
&amp#27;[38;5;16m[device-farm-main]&amp#27;[0m Creating new database: ./temp-appium/db.json
&amp#27;[38;5;16m[device-farm-main]&amp#27;[0m Database loaded
&amp#27;[38;5;16m[device-farm-main]&amp#27;[0m Initializing storage
&amp#27;[38;5;16m[device-farm-main]&amp#27;[0m 📣📣📣 Device Farm Plugin will be served at 🔗 http://192.168.95.171:4723/device-farm
&amp#27;[38;5;16m[device-farm-main]&amp#27;[0m 📣📣📣 I'm a hub and I'm listening on 192.168.95.171:4723
&amp#27;[38;5;16m[device-farm-main]&amp#27;[0m Found 0 device candidates to be released
&amp#27;[38;5;16m[device-farm-main]&amp#27;[0m Hub will clean pending sessions every 30000 ms with pending session timeout: 310000 ms
&amp#27;[38;5;0m[ADB]&amp#27;[0m Found 1 'build-tools' folders under 'C:\Users\shubh\AppData\Local\Android\Sdk' (newest first):
&amp#27;[38;5;0m[ADB]&amp#27;[0m     C:\Users\shubh\AppData\Local\Android\Sdk\build-tools\34.0.0
&amp#27;[38;5;0m[ADB]&amp#27;[0m Using 'adb.exe' from 'C:\Users\shubh\AppData\Local\Android\Sdk\platform-tools\adb.exe'
&amp#27;[38;5;0m[ADB]&amp#27;[0m Running 'C:\Users\shubh\AppData\Local\Android\Sdk\platform-tools\adb.exe -P 5037 start-server'
&amp#27;[38;5;0m[ADB]&amp#27;[0m Getting connected devices
&amp#27;[38;5;0m[ADB]&amp#27;[0m Connected devices: [{"udid":"emulator-5554","state":"device"}]
&amp#27;[38;5;16m[device-farm-main]&amp#27;[0m fetchAndroidDevices from host: undefined. Found 1 android devices
&amp#27;[38;5;16m[device-farm-main]&amp#27;[0m Android Device details for emulator-5554 not available. So querying now.
&amp#27;[38;5;16m[device-farm-main]&amp#27;[0m skipChromeDownload server arg is set; skipping Chromedriver installation.
&amp#27;[38;5;16m[device-farm-main]&amp#27;[0m Android web/hybrid testing will not be possible without Chromedriver.
&amp#27;[38;5;0m[ADB]&amp#27;[0m Running 'C:\Users\shubh\AppData\Local\Android\Sdk\platform-tools\adb.exe -P 5037 -s emulator-5554 shell getprop ro.build.version.release'
&amp#27;[38;5;0m[ADB]&amp#27;[0m Running 'C:\Users\shubh\AppData\Local\Android\Sdk\platform-tools\adb.exe -P 5037 -s emulator-5554 shell getprop ro.build.characteristics'
&amp#27;[38;5;0m[ADB]&amp#27;[0m Running 'C:\Users\shubh\AppData\Local\Android\Sdk\platform-tools\adb.exe -P 5037 -s emulator-5554 shell getprop ro.product.name'
&amp#27;[38;5;16m[device-farm-main]&amp#27;[0m Found 1 android devices
&amp#27;[38;5;16m[device-farm-main]&amp#27;[0m Added 1 new devices to local database
&amp#27;[38;5;16m[device-farm-main]&amp#27;[0m Unblocked device emulator-5554 from host http://192.168.95.171:4723
&amp#27;[38;5;32m[appium-dashboard]&amp#27;[0m Dashboard plugin is enabled and will be served at http://localhost:4723/dashboard
&amp#27;[38;5;32m[appium-dashboard]&amp#27;[0m If the appium server is started with different port other than 4723, then use the correct port number to access the device farm dashboard
&amp#27;[35m[Appium]&amp#27;[39m Appium REST http interface listener started on http://127.0.0.1:4723
&amp#27;[35m[Appium]&amp#27;[39m Available drivers:
&amp#27;[35m[Appium]&amp#27;[39m   - uiautomator2@2.39.0 (automationName 'UiAutomator2')
&amp#27;[35m[Appium]&amp#27;[39m Available plugins:
&amp#27;[35m[Appium]&amp#27;[39m   - element-wait@2.0.3 (ACTIVE)
&amp#27;[35m[Appium]&amp#27;[39m   - appium-reporter-plugin@1.1.0-beta.04
&amp#27;[35m[Appium]&amp#27;[39m   - device-farm@8.4.6 (ACTIVE)
&amp#27;[35m[Appium]&amp#27;[39m   - appium-dashboard@v2.0.2 (ACTIVE)
&amp#27;[38;5;48m[HTTP]&amp#27;[0m &amp#27;[37m-->&amp#27;[39m &amp#27;[37mGET&amp#27;[39m &amp#27;[37m/status&amp#27;[39m
&amp#27;[38;5;48m[HTTP]&amp#27;[0m &amp#27;[90m{}&amp#27;[39m
&amp#27;[38;5;64m[AppiumDriver@07f6]&amp#27;[0m Calling AppiumDriver.getStatus() with args: []
&amp#27;[38;5;16m[device-farm-main]&amp#27;[0m 📱 Plugin Args: {"platform":"android","androidDeviceType":"both","iosDeviceType":"both"}
&amp#27;[38;5;64m[AppiumDriver@07f6]&amp#27;[0m Plugins which can handle cmd 'getStatus': element-wait,device-farm,appium-dashboard
&amp#27;[38;5;64m[AppiumDriver@07f6]&amp#27;[0m Plugin appium-dashboard is now handling cmd 'getStatus'
&amp#27;[38;5;64m[AppiumDriver@07f6]&amp#27;[0m Plugin device-farm is now handling cmd 'getStatus'
&amp#27;[38;5;64m[AppiumDriver@07f6]&amp#27;[0m Plugin element-wait is now handling cmd 'getStatus'
&amp#27;[38;5;64m[AppiumDriver@07f6]&amp#27;[0m Executing default handling behavior for command 'getStatus'
&amp#27;[38;5;64m[AppiumDriver@07f6]&amp#27;[0m Responding to client with driver.getStatus() result: {"ready":true,"message":"The server is ready to accept new connections","build":{"version":"2.4.1"}}
&amp#27;[38;5;48m[HTTP]&amp#27;[0m &amp#27;[37m<-- GET /status &amp#27;[39m&amp#27;[32m200&amp#27;[39m &amp#27;[90m15 ms - 110&amp#27;[39m
&amp#27;[38;5;48m[HTTP]&amp#27;[0m &amp#27;[90m&amp#27;[39m
&amp#27;[38;5;48m[HTTP]&amp#27;[0m Request idempotency key: 0da740c4-fb57-4246-b51c-e0a2fa84188a
&amp#27;[38;5;48m[HTTP]&amp#27;[0m &amp#27;[37m-->&amp#27;[39m &amp#27;[37mPOST&amp#27;[39m &amp#27;[37m/session&amp#27;[39m
&amp#27;[38;5;48m[HTTP]&amp#27;[0m &amp#27;[90m{"capabilities":{"firstMatch":[{}],"alwaysMatch":{"appium:app":"F:\\Users\\shubh\\eclipse-workspace\\AppTest/app-release.apk","appium:automationName":"UIAutomator2","appium:deviceName":"emulator-5554","platformName":"ANDROID"}}}&amp#27;[39m
&amp#27;[38;5;64m[AppiumDriver@07f6]&amp#27;[0m Calling AppiumDriver.createSession() with args: [null,null,{"firstMatch":[{}],"alwaysMatch":{"appium:app":"F:\\Users\\shubh\\eclipse-workspace\\AppTest/app-release.apk","appium:automationName":"UIAutomator2","appium:deviceName":"emulator-5554","platformName":"ANDROID"}}]
&amp#27;[38;5;64m[AppiumDriver@07f6]&amp#27;[0m Plugins which can handle cmd 'createSession': element-wait,device-farm,appium-dashboard
&amp#27;[38;5;64m[AppiumDriver@07f6]&amp#27;[0m Plugin appium-dashboard is now handling cmd 'createSession'
&amp#27;[38;5;64m[AppiumDriver@07f6]&amp#27;[0m Plugin device-farm is now handling cmd 'createSession'
&amp#27;[38;5;16m[device-farm-main]&amp#27;[0m 📱 pluginArgs: {"platform":"android","iosDeviceType":"both","androidDeviceType":"both","skipChromeDownload":true,"maxSessions":8,"adbRemote":[],"emulators":[],"simulators":[],"deviceAvailabilityTimeoutMs":300000,"deviceAvailabilityQueryIntervalMs":10000,"sendNodeDevicesToHubIntervalMs":30000,"checkStaleDevicesIntervalMs":30000,"checkBlockedDevicesIntervalMs":30000,"newCommandTimeoutSec":60,"bindHostOrIp":"192.168.95.171"}
&amp#27;[38;5;16m[device-farm-main]&amp#27;[0m Receiving session request at host: 192.168.95.171
&amp#27;[38;5;16m[device-farm-main]&amp#27;[0m 📱 Creating temporary session capability_id: 3f586633-771e-482f-8033-2f922ced835c
&amp#27;[38;5;16m[device-farm-main]&amp#27;[0m Max session count: 8, Busy device count: 0
&amp#27;[38;5;16m[device-farm-main]&amp#27;[0m Waiting for free device. Filter: {"platform":"android","busy":false,"userBlocked":false}}
&amp#27;[38;5;16m[device-farm-main]&amp#27;[0m 📱 Blocking device emulator-5554 at host http://192.168.95.171:4723 for new session
&amp#27;[38;5;16m[device-farm-main]&amp#27;[0m Updating allocated device: "{"userBlocked":false,"offline":false,"adbPort":5037,"systemPort":56439,"sdk":"14","realDevice":false,"name":"sdk_gphone64_x86_64","busy":false,"state":"device","udid":"emulator-5554","platform":"android","deviceType":"emulator","host":"http://192.168.95.171:4723","totalUtilizationTimeMilliSec":2338559,"sessionStartTime":0,"meta":{"revision":1,"created":1704979037015,"version":0,"updated":1704979037018},"$loki":1}"
&amp#27;[38;5;16m[device-farm-main]&amp#27;[0m device.host: http://192.168.95.171:4723 and pluginArgs.bindHostOrIp: 192.168.95.171
&amp#27;[38;5;16m[device-farm-main]&amp#27;[0m 📱 Creating session on the same node
&amp#27;[38;5;64m[AppiumDriver@07f6]&amp#27;[0m Plugin element-wait is now handling cmd 'createSession'
&amp#27;[38;5;64m[AppiumDriver@07f6]&amp#27;[0m Executing default handling behavior for command 'createSession'
&amp#27;[38;5;64m[AppiumDriver@07f6]&amp#27;[0m Event 'newSessionRequested' logged at 1704979038212 (18:47:18 GMT+0530 (India Standard Time))
&amp#27;[35m[Appium]&amp#27;[39m Attempting to find matching driver for automationName 'UIAutomator2' and platformName 'ANDROID'
&amp#27;[35m[Appium]&amp#27;[39m The 'uiautomator2' driver was installed and matched caps.
&amp#27;[35m[Appium]&amp#27;[39m Will require it at C:\Users\shubh\.appium\node_modules\appium-uiautomator2-driver
&amp#27;[35m[Appium]&amp#27;[39m Requiring driver at C:\Users\shubh\.appium\node_modules\appium-uiautomator2-driver\build\index.js
&amp#27;[38;5;64m[AppiumDriver@07f6]&amp#27;[0m Appium v2.4.1 creating new AndroidUiautomator2Driver (v2.39.0) session
&amp#27;[38;5;64m[AppiumDriver@07f6]&amp#27;[0m Checking BaseDriver versions for Appium and AndroidUiautomator2Driver
&amp#27;[38;5;64m[AppiumDriver@07f6]&amp#27;[0m Appium's BaseDriver version is 9.5.0
&amp#27;[38;5;64m[AppiumDriver@07f6]&amp#27;[0m AndroidUiautomator2Driver's BaseDriver version is 9.5.0
&amp#27;[38;5;80m[AndroidUiautomator2Driver@39b4]&amp#27;[0m Creating session with W3C capabilities: {
&amp#27;[38;5;80m[AndroidUiautomator2Driver@39b4]&amp#27;[0m   "alwaysMatch": {
&amp#27;[38;5;80m[AndroidUiautomator2Driver@39b4]&amp#27;[0m     "platformName": "ANDROID",
&amp#27;[38;5;80m[AndroidUiautomator2Driver@39b4]&amp#27;[0m     "appium:app": "F:\\Users\\shubh\\eclipse-workspace\\AppTest/app-release.apk",
&amp#27;[38;5;80m[AndroidUiautomator2Driver@39b4]&amp#27;[0m     "appium:automationName": "UIAutomator2",
&amp#27;[38;5;80m[AndroidUiautomator2Driver@39b4]&amp#27;[0m     "appium:deviceName": "emulator-5554",
&amp#27;[38;5;80m[AndroidUiautomator2Driver@39b4]&amp#27;[0m     "appium:clearDeviceLogsOnStart": true,
&amp#27;[38;5;80m[AndroidUiautomator2Driver@39b4]&amp#27;[0m     "appium:nativeWebScreenshot": true,
&amp#27;[38;5;80m[AndroidUiautomator2Driver@39b4]&amp#27;[0m     "appium:mjpegServerPort": 56452,
&amp#27;[38;5;80m[AndroidUiautomator2Driver@39b4]&amp#27;[0m     "appium:udid": "emulator-5554",
&amp#27;[38;5;80m[AndroidUiautomator2Driver@39b4]&amp#27;[0m     "appium:systemPort": 56454,
&amp#27;[38;5;80m[AndroidUiautomator2Driver@39b4]&amp#27;[0m     "appium:chromeDriverPort": 56455,
&amp#27;[38;5;80m[AndroidUiautomator2Driver@39b4]&amp#27;[0m     "appium:adbPort": 5037
&amp#27;[38;5;80m[AndroidUiautomator2Driver@39b4]&amp#27;[0m   },
&amp#27;[38;5;80m[AndroidUiautomator2Driver@39b4]&amp#27;[0m   "firstMatch": [
&amp#27;[38;5;80m[AndroidUiautomator2Driver@39b4]&amp#27;[0m     {}
&amp#27;[38;5;80m[AndroidUiautomator2Driver@39b4]&amp#27;[0m   ]
&amp#27;[38;5;80m[AndroidUiautomator2Driver@39b4]&amp#27;[0m }
&amp#27;[38;5;80m[AndroidUiautomator2Driver@39b4]&amp#27;[0m The following provided capabilities were not recognized by this driver:
&amp#27;[38;5;80m[AndroidUiautomator2Driver@39b4]&amp#27;[0m   chromeDriverPort
&amp#27;[38;5;80m[AndroidUiautomator2Driver@39b4]&amp#27;[0m   adbRemoteHost
&amp#27;[38;5;80m[AndroidUiautomator2Driver@39b4 (6321dc70)]&amp#27;[0m Session created with session id: 6321dc70-6fec-4012-b317-f80b5a87bd4d
&amp#27;[38;5;96m[BaseDriver]&amp#27;[0m Using local app 'F:\Users\shubh\eclipse-workspace\AppTest/app-release.apk'
&amp#27;[38;5;80m[AndroidUiautomator2Driver@39b4 (6321dc70)]&amp#27;[0m Checking whether app is actually present
&amp#27;[38;5;0m[ADB]&amp#27;[0m Found 1 'build-tools' folders under 'C:\Users\shubh\AppData\Local\Android\Sdk' (newest first):
&amp#27;[38;5;0m[ADB]&amp#27;[0m     C:\Users\shubh\AppData\Local\Android\Sdk\build-tools\34.0.0
&amp#27;[38;5;0m[ADB]&amp#27;[0m Using 'adb.exe' from 'C:\Users\shubh\AppData\Local\Android\Sdk\platform-tools\adb.exe'
&amp#27;[38;5;0m[ADB]&amp#27;[0m Running 'C:\Users\shubh\AppData\Local\Android\Sdk\platform-tools\adb.exe -P 5037 start-server'
&amp#27;[38;5;112m[AndroidDriver]&amp#27;[0m Retrieving device list
&amp#27;[38;5;0m[ADB]&amp#27;[0m Trying to find connected Android devices
&amp#27;[38;5;0m[ADB]&amp#27;[0m Getting connected devices
&amp#27;[38;5;0m[ADB]&amp#27;[0m Connected devices: [{"udid":"emulator-5554","state":"device"}]
&amp#27;[38;5;112m[AndroidDriver]&amp#27;[0m Using device: emulator-5554
&amp#27;[38;5;0m[ADB]&amp#27;[0m Using 'adb.exe' from 'C:\Users\shubh\AppData\Local\Android\Sdk\platform-tools\adb.exe'
&amp#27;[38;5;0m[ADB]&amp#27;[0m Running 'C:\Users\shubh\AppData\Local\Android\Sdk\platform-tools\adb.exe -P 5037 start-server'
&amp#27;[38;5;0m[ADB]&amp#27;[0m Setting device id to emulator-5554
&amp#27;[38;5;0m[ADB]&amp#27;[0m Running 'C:\Users\shubh\AppData\Local\Android\Sdk\platform-tools\adb.exe -P 5037 -s emulator-5554 shell getprop ro.build.version.sdk'
&amp#27;[38;5;0m[ADB]&amp#27;[0m Current device property 'ro.build.version.sdk': 34
&amp#27;[38;5;0m[ADB]&amp#27;[0m Getting device platform version
&amp#27;[38;5;0m[ADB]&amp#27;[0m Running 'C:\Users\shubh\AppData\Local\Android\Sdk\platform-tools\adb.exe -P 5037 -s emulator-5554 shell getprop ro.build.version.release'
&amp#27;[38;5;0m[ADB]&amp#27;[0m Current device property 'ro.build.version.release': 14
&amp#27;[38;5;0m[ADB]&amp#27;[0m Device API level: 34
&amp#27;[38;5;80m[AndroidUiautomator2Driver@39b4 (6321dc70)]&amp#27;[0m Relaxing hidden api policy
&amp#27;[38;5;0m[ADB]&amp#27;[0m Running 'C:\Users\shubh\AppData\Local\Android\Sdk\platform-tools\adb.exe -P 5037 -s emulator-5554 shell 'settings put global hidden_api_policy_pre_p_apps 1;settings put global hidden_api_policy_p_apps 1;settings put global hidden_api_policy 1''
&amp#27;[38;5;112m[AndroidDriver]&amp#27;[0m Parsing package and activity from app manifest
&amp#27;[38;5;0m[ADB]&amp#27;[0m Package name: 'com.nixlab.grocery_list_maker'
&amp#27;[38;5;0m[ADB]&amp#27;[0m Main activity name: 'com.nixlab.grocery_list_maker.MainActivity'
&amp#27;[38;5;112m[AndroidDriver]&amp#27;[0m Parsed package and activity are: com.nixlab.grocery_list_maker/com.nixlab.grocery_list_maker.MainActivity
&amp#27;[38;5;0m[ADB]&amp#27;[0m Running 'C:\Users\shubh\AppData\Local\Android\Sdk\platform-tools\adb.exe -P 5037 -s emulator-5554 wait-for-device'
&amp#27;[38;5;0m[ADB]&amp#27;[0m Running 'C:\Users\shubh\AppData\Local\Android\Sdk\platform-tools\adb.exe -P 5037 -s emulator-5554 shell echo ping'
&amp#27;[38;5;112m[AndroidDriver]&amp#27;[0m Pushing settings apk to device...
&amp#27;[38;5;0m[ADB]&amp#27;[0m Getting package info for 'io.appium.settings'
&amp#27;[38;5;0m[ADB]&amp#27;[0m Running 'C:\Users\shubh\AppData\Local\Android\Sdk\platform-tools\adb.exe -P 5037 -s emulator-5554 shell dumpsys package io.appium.settings'
&amp#27;[38;5;0m[ADB]&amp#27;[0m The version name of the installed 'io.appium.settings' is greater or equal to the application version name ('5.2.0' >= '5.2.0')
&amp#27;[38;5;0m[ADB]&amp#27;[0m There is no need to install/upgrade 'C:\Users\shubh\.appium\node_modules\appium-uiautomator2-driver\node_modules\io.appium.settings\apks\settings_apk-debug.apk'
&amp#27;[38;5;0m[ADB]&amp#27;[0m Getting IDs of all 'io.appium.settings' processes
&amp#27;[38;5;0m[ADB]&amp#27;[0m Running 'C:\Users\shubh\AppData\Local\Android\Sdk\platform-tools\adb.exe -P 5037 -s emulator-5554 shell 'pgrep --help; echo $?''
&amp#27;[38;5;0m[ADB]&amp#27;[0m Running 'C:\Users\shubh\AppData\Local\Android\Sdk\platform-tools\adb.exe -P 5037 -s emulator-5554 shell pgrep -f \(\[\[:blank:\]\]\|\^\)io\.appium\.settings\(\[\[:blank:\]\]\|\$\)'
&amp#27;[38;5;112m[AndroidDriver]&amp#27;[0m io.appium.settings is already running. There is no need to reset its permissions.
&amp#27;[38;5;128m[Logcat]&amp#27;[0m Clearing logcat logs from device
&amp#27;[38;5;128m[Logcat]&amp#27;[0m Starting logs capture with command: C:\\Users\\shubh\\AppData\\Local\\Android\\Sdk\\platform-tools\\adb.exe -P 5037 -s emulator-5554 logcat -v threadtime
&amp#27;[38;5;80m[AndroidUiautomator2Driver@39b4 (6321dc70)]&amp#27;[0m Forwarding UiAutomator2 Server port 6790 to local port 56454
&amp#27;[38;5;0m[ADB]&amp#27;[0m Forwarding system: 56454 to device: 6790
&amp#27;[38;5;0m[ADB]&amp#27;[0m Running 'C:\Users\shubh\AppData\Local\Android\Sdk\platform-tools\adb.exe -P 5037 -s emulator-5554 forward tcp:56454 tcp:6790'
&amp#27;[38;5;80m[AndroidUiautomator2Driver@39b4 (6321dc70)]&amp#27;[0m MJPEG broadcasting requested, forwarding MJPEG server port 7810 to local port 56452
&amp#27;[38;5;0m[ADB]&amp#27;[0m Forwarding system: 56452 to device: 7810
&amp#27;[38;5;0m[ADB]&amp#27;[0m Running 'C:\Users\shubh\AppData\Local\Android\Sdk\platform-tools\adb.exe -P 5037 -s emulator-5554 forward tcp:56452 tcp:7810'
&amp#27;[38;5;0m[ADB]&amp#27;[0m Checking app cert for C:\Users\shubh\.appium\node_modules\appium-uiautomator2-driver\node_modules\appium-uiautomator2-server\apks\appium-uiautomator2-server-v6.0.0.apk
&amp#27;[38;5;0m[ADB]&amp#27;[0m Checking app cert for C:\Users\shubh\.appium\node_modules\appium-uiautomator2-driver\node_modules\appium-uiautomator2-server\apks\appium-uiautomator2-server-debug-androidTest.apk
&amp#27;[38;5;0m[ADB]&amp#27;[0m Using 'apksigner.jar' from 'C:\Users\shubh\AppData\Local\Android\Sdk\build-tools\34.0.0\lib\apksigner.jar'
&amp#27;[38;5;0m[ADB]&amp#27;[0m Starting apksigner: 'C:\\Program Files\\Java\\jdk-20\\bin\\java.exe' -Xmx1024M -Xss1m -jar C:\\Users\\shubh\\AppData\\Local\\Android\\Sdk\\build-tools\\34.0.0\\lib\\apksigner.jar verify --print-certs C:\\Users\\shubh\\.appium\\node_modules\\appium-uiautomator2-driver\\node_modules\\appium-uiautomator2-server\\apks\\appium-uiautomator2-server-debug-androidTest.apk
&amp#27;[38;5;0m[ADB]&amp#27;[0m Starting apksigner: 'C:\\Program Files\\Java\\jdk-20\\bin\\java.exe' -Xmx1024M -Xss1m -jar C:\\Users\\shubh\\AppData\\Local\\Android\\Sdk\\build-tools\\34.0.0\\lib\\apksigner.jar verify --print-certs C:\\Users\\shubh\\.appium\\node_modules\\appium-uiautomator2-driver\\node_modules\\appium-uiautomator2-server\\apks\\appium-uiautomator2-server-v6.0.0.apk
&amp#27;[38;5;0m[ADB]&amp#27;[0m apksigner stdout: Signer #1 certificate DN: EMAILADDRESS=android@android.com, CN=Android, OU=Android, O=Android, L=Mountain View, ST=California, C=US
&amp#27;[38;5;0m[ADB]&amp#27;[0m Signer #1 certificate SHA-256 digest: a40da80a59d170caa950cf15c18c454d47a39b26989d8b640ecd745ba71bf5dc
&amp#27;[38;5;0m[ADB]&amp#27;[0m Signer #1 certificate SHA-1 digest: 61ed377e85d386a8dfee6b864bd85b0bfaa5af81
&amp#27;[38;5;0m[ADB]&amp#27;[0m Signer #1 certificate MD5 digest: e89b158e4bcf988ebd09eb83f5378e87
&amp#27;[38;5;0m[ADB]&amp#27;[0m 
&amp#27;[38;5;0m[ADB]&amp#27;[0m sha256 hash did match for 'appium-uiautomator2-server-debug-androidTest.apk'
&amp#27;[38;5;0m[ADB]&amp#27;[0m 'C:\Users\shubh\.appium\node_modules\appium-uiautomator2-driver\node_modules\appium-uiautomator2-server\apks\appium-uiautomator2-server-debug-androidTest.apk' is signed with the default certificate
&amp#27;[38;5;0m[ADB]&amp#27;[0m Getting install status for io.appium.uiautomator2.server.test
&amp#27;[38;5;0m[ADB]&amp#27;[0m Running 'C:\Users\shubh\AppData\Local\Android\Sdk\platform-tools\adb.exe -P 5037 -s emulator-5554 shell pm path io.appium.uiautomator2.server.test'
&amp#27;[38;5;0m[ADB]&amp#27;[0m 'io.appium.uiautomator2.server.test' is installed
&amp#27;[38;5;0m[ADB]&amp#27;[0m apksigner stdout: Signer #1 certificate DN: EMAILADDRESS=android@android.com, CN=Android, OU=Android, O=Android, L=Mountain View, ST=California, C=US
&amp#27;[38;5;0m[ADB]&amp#27;[0m Signer #1 certificate SHA-256 digest: a40da80a59d170caa950cf15c18c454d47a39b26989d8b640ecd745ba71bf5dc
&amp#27;[38;5;0m[ADB]&amp#27;[0m Signer #1 certificate SHA-1 digest: 61ed377e85d386a8dfee6b864bd85b0bfaa5af81
&amp#27;[38;5;0m[ADB]&amp#27;[0m Signer #1 certificate MD5 digest: e89b158e4bcf988ebd09eb83f5378e87
&amp#27;[38;5;0m[ADB]&amp#27;[0m 
&amp#27;[38;5;0m[ADB]&amp#27;[0m sha256 hash did match for 'appium-uiautomator2-server-v6.0.0.apk'
&amp#27;[38;5;0m[ADB]&amp#27;[0m 'C:\Users\shubh\.appium\node_modules\appium-uiautomator2-driver\node_modules\appium-uiautomator2-server\apks\appium-uiautomator2-server-v6.0.0.apk' is signed with the default certificate
&amp#27;[38;5;0m[ADB]&amp#27;[0m Getting package info for 'io.appium.uiautomator2.server'
&amp#27;[38;5;0m[ADB]&amp#27;[0m Running 'C:\Users\shubh\AppData\Local\Android\Sdk\platform-tools\adb.exe -P 5037 -s emulator-5554 shell dumpsys package io.appium.uiautomator2.server'
&amp#27;[38;5;0m[ADB]&amp#27;[0m The version name of the installed 'io.appium.uiautomator2.server' is greater or equal to the application version name ('6.0.0' >= '6.0.0')
&amp#27;[38;5;80m[AndroidUiautomator2Driver@39b4 (6321dc70)]&amp#27;[0m Server packages status: [{"wasSigned":true,"installState":"sameVersionInstalled","appPath":"C:\\Users\\shubh\\.appium\\node_modules\\appium-uiautomator2-driver\\node_modules\\appium-uiautomator2-server\\apks\\appium-uiautomator2-server-v6.0.0.apk","appId":"io.appium.uiautomator2.server"},{"wasSigned":true,"installState":"sameVersionInstalled","appPath":"C:\\Users\\shubh\\.appium\\node_modules\\appium-uiautomator2-driver\\node_modules\\appium-uiautomator2-server\\apks\\appium-uiautomator2-server-debug-androidTest.apk","appId":"io.appium.uiautomator2.server.test"}]
&amp#27;[38;5;80m[AndroidUiautomator2Driver@39b4 (6321dc70)]&amp#27;[0m Server packages are not going to be (re)installed
&amp#27;[38;5;80m[AndroidUiautomator2Driver@39b4 (6321dc70)]&amp#27;[0m Waiting up to 30000ms for services to be available
&amp#27;[38;5;0m[ADB]&amp#27;[0m Running 'C:\Users\shubh\AppData\Local\Android\Sdk\platform-tools\adb.exe -P 5037 -s emulator-5554 shell pm list instrumentation'
&amp#27;[38;5;80m[AndroidUiautomator2Driver@39b4 (6321dc70)]&amp#27;[0m Instrumentation target 'io.appium.uiautomator2.server.test/androidx.test.runner.AndroidJUnitRunner' is available
&amp#27;[38;5;0m[ADB]&amp#27;[0m Adding packages ["io.appium.settings","io.appium.uiautomator2.server","io.appium.uiautomator2.server.test"] to Doze whitelist
&amp#27;[38;5;0m[ADB]&amp#27;[0m Got the following command chunks to execute: [["dumpsys","deviceidle","whitelist","+io.appium.settings",";","dumpsys","deviceidle","whitelist","+io.appium.uiautomator2.server",";","dumpsys","deviceidle","whitelist","+io.appium.uiautomator2.server.test",";"]]
&amp#27;[38;5;0m[ADB]&amp#27;[0m Running 'C:\Users\shubh\AppData\Local\Android\Sdk\platform-tools\adb.exe -P 5037 -s emulator-5554 shell dumpsys deviceidle whitelist +io.appium.settings ; dumpsys deviceidle whitelist +io.appium.uiautomator2.server ; dumpsys deviceidle whitelist +io.appium.uiautomator2.server.test ;'
&amp#27;[38;5;0m[ADB]&amp#27;[0m Checking app cert for F:\Users\shubh\eclipse-workspace\AppTest/app-release.apk
&amp#27;[38;5;0m[ADB]&amp#27;[0m Starting apksigner: 'C:\\Program Files\\Java\\jdk-20\\bin\\java.exe' -Xmx1024M -Xss1m -jar C:\\Users\\shubh\\AppData\\Local\\Android\\Sdk\\build-tools\\34.0.0\\lib\\apksigner.jar verify --print-certs F:\\Users\\shubh\\eclipse-workspace\\AppTest/app-release.apk
&amp#27;[38;5;0m[ADB]&amp#27;[0m apksigner stdout: Signer #1 certificate DN: CN=Nikhil Rajput, OU=Development, O=NixLab Technologies, L=Gaya, ST=Bihar, C=IN
&amp#27;[38;5;0m[ADB]&amp#27;[0m Signer #1 certificate SHA-256 digest: e53074f544e22c77ccddd969389b7e4130e3b8a3d15c80ed8afb6121963557e0
&amp#27;[38;5;0m[ADB]&amp#27;[0m Signer #1 certificate SHA-1 digest: 6988706f099f9d044d05f9174258ed93b5651710
&amp#27;[38;5;0m[ADB]&amp#27;[0m Signer #1 certificate MD5 digest: abaa76eb0a9d1d370683f835a1f121d1
&amp#27;[38;5;0m[ADB]&amp#27;[0m 
&amp#27;[38;5;0m[ADB]&amp#27;[0m 'F:\Users\shubh\eclipse-workspace\AppTest/app-release.apk' is signed with a non-default certificate
&amp#27;[38;5;0m[ADB]&amp#27;[0m Getting package info for 'com.nixlab.grocery_list_maker'
&amp#27;[38;5;0m[ADB]&amp#27;[0m Running 'C:\Users\shubh\AppData\Local\Android\Sdk\platform-tools\adb.exe -P 5037 -s emulator-5554 shell dumpsys package com.nixlab.grocery_list_maker'
&amp#27;[38;5;0m[ADB]&amp#27;[0m The version name of the installed 'com.nixlab.grocery_list_maker' is greater or equal to the application version name ('1.0.1' >= '1.0.1')
&amp#27;[38;5;0m[ADB]&amp#27;[0m There is no need to install/upgrade 'F:\Users\shubh\eclipse-workspace\AppTest/app-release.apk'
&amp#27;[38;5;112m[AndroidDriver]&amp#27;[0m Performing fast reset on 'com.nixlab.grocery_list_maker'
&amp#27;[38;5;0m[ADB]&amp#27;[0m Getting install status for com.nixlab.grocery_list_maker
&amp#27;[38;5;0m[ADB]&amp#27;[0m Running 'C:\Users\shubh\AppData\Local\Android\Sdk\platform-tools\adb.exe -P 5037 -s emulator-5554 shell pm path com.nixlab.grocery_list_maker'
&amp#27;[38;5;0m[ADB]&amp#27;[0m 'com.nixlab.grocery_list_maker' is installed
&amp#27;[38;5;0m[ADB]&amp#27;[0m Running 'C:\Users\shubh\AppData\Local\Android\Sdk\platform-tools\adb.exe -P 5037 -s emulator-5554 shell am force-stop com.nixlab.grocery_list_maker'
&amp#27;[38;5;0m[ADB]&amp#27;[0m Running 'C:\Users\shubh\AppData\Local\Android\Sdk\platform-tools\adb.exe -P 5037 -s emulator-5554 shell pm clear com.nixlab.grocery_list_maker'
&amp#27;[38;5;112m[AndroidDriver]&amp#27;[0m Performed fast reset on the installed 'com.nixlab.grocery_list_maker' application (stop and clear)
&amp#27;[38;5;80m[AndroidUiautomator2Driver@39b4 (6321dc70)]&amp#27;[0m Performing shallow cleanup of automation leftovers
&amp#27;[38;5;80m[AndroidUiautomator2Driver@39b4 (6321dc70)]&amp#27;[0m No obsolete sessions have been detected (socket hang up)
&amp#27;[38;5;0m[ADB]&amp#27;[0m Running 'C:\Users\shubh\AppData\Local\Android\Sdk\platform-tools\adb.exe -P 5037 -s emulator-5554 shell am force-stop io.appium.uiautomator2.server.test'
&amp#27;[38;5;80m[AndroidUiautomator2Driver@39b4 (6321dc70)]&amp#27;[0m Starting UIAutomator2 server 6.0.0
&amp#27;[38;5;80m[AndroidUiautomator2Driver@39b4 (6321dc70)]&amp#27;[0m Using UIAutomator2 server from 'C:\Users\shubh\.appium\node_modules\appium-uiautomator2-driver\node_modules\appium-uiautomator2-server\apks\appium-uiautomator2-server-v6.0.0.apk' and test from 'C:\Users\shubh\.appium\node_modules\appium-uiautomator2-driver\node_modules\appium-uiautomator2-server\apks\appium-uiautomator2-server-debug-androidTest.apk'
&amp#27;[38;5;80m[AndroidUiautomator2Driver@39b4 (6321dc70)]&amp#27;[0m Waiting up to 30000ms for UiAutomator2 to be online...
&amp#27;[38;5;0m[ADB]&amp#27;[0m Creating ADB subprocess with args: ["-P","5037","-s","emulator-5554","shell","am","instrument","-w","-e","disableAnalytics","true","io.appium.uiautomator2.server.test/androidx.test.runner.AndroidJUnitRunner"]
&amp#27;[38;5;80m[AndroidUiautomator2Driver@39b4 (6321dc70)]&amp#27;[0m Matched '/status' to command name 'getStatus'
&amp#27;[38;5;80m[AndroidUiautomator2Driver@39b4 (6321dc70)]&amp#27;[0m Proxying [GET /status] to [GET http://127.0.0.1:56454/status] with no body
&amp#27;[38;5;80m[AndroidUiautomator2Driver@39b4 (6321dc70)]&amp#27;[0m socket hang up
&amp#27;[38;5;80m[AndroidUiautomator2Driver@39b4 (6321dc70)]&amp#27;[0m Matched '/status' to command name 'getStatus'
&amp#27;[38;5;80m[AndroidUiautomator2Driver@39b4 (6321dc70)]&amp#27;[0m Proxying [GET /status] to [GET http://127.0.0.1:56454/status] with no body
&amp#27;[38;5;80m[AndroidUiautomator2Driver@39b4 (6321dc70)]&amp#27;[0m socket hang up
&amp#27;[38;5;144m[Instrumentation]&amp#27;[0m io.appium.uiautomator2.server.test.AppiumUiAutomator2Server:
&amp#27;[38;5;80m[AndroidUiautomator2Driver@39b4 (6321dc70)]&amp#27;[0m Matched '/status' to command name 'getStatus'
&amp#27;[38;5;80m[AndroidUiautomator2Driver@39b4 (6321dc70)]&amp#27;[0m Proxying [GET /status] to [GET http://127.0.0.1:56454/status] with no body
&amp#27;[38;5;80m[AndroidUiautomator2Driver@39b4 (6321dc70)]&amp#27;[0m socket hang up
&amp#27;[38;5;80m[AndroidUiautomator2Driver@39b4 (6321dc70)]&amp#27;[0m Matched '/status' to command name 'getStatus'
&amp#27;[38;5;80m[AndroidUiautomator2Driver@39b4 (6321dc70)]&amp#27;[0m Proxying [GET /status] to [GET http://127.0.0.1:56454/status] with no body
&amp#27;[38;5;80m[AndroidUiautomator2Driver@39b4 (6321dc70)]&amp#27;[0m Got response with status 200: {"sessionId":"None","value":{"message":"UiAutomator2 Server is ready to accept commands","ready":true}}
&amp#27;[38;5;80m[AndroidUiautomator2Driver@39b4 (6321dc70)]&amp#27;[0m The initialization of the instrumentation process took 3299ms
&amp#27;[38;5;80m[AndroidUiautomator2Driver@39b4 (6321dc70)]&amp#27;[0m Matched '/session' to command name 'createSession'
&amp#27;[38;5;80m[AndroidUiautomator2Driver@39b4 (6321dc70)]&amp#27;[0m Proxying [POST /session] to [POST http://127.0.0.1:56454/session] with body: {"capabilities":{"firstMatch":[{"platformName":"ANDROID","app":"F:\\Users\\shubh\\eclipse-workspace\\AppTest/app-release.apk","automationName":"UIAutomator2","deviceName":"emulator-5554","clearDeviceLogsOnStart":true,"nativeWebScreenshot":true,"mjpegServerPort":56452,"udid":"emulator-5554","systemPort":56454,"chromeDriverPort":56455,"adbPort":5037,"platform":"LINUX","webStorageEnabled":false,"takesScreenshot":true,"javascriptEnabled":true,"databaseEnabled":false,"networkConnectionEnabled":true,"locationContextEnabled":false,"warnings":{},"desired":{"platformName":"ANDROID","app":"F:\\Users\\shubh\\eclipse-workspace\\AppTest/app-release.apk","automationName":"UIAutomator2","deviceName":"emulator-5554","clearDeviceLogsOnStart":true,"nativeWebScreenshot":true,"mjpegServerPort":56452,"udid":"emulator-5554","systemPort":56454,"chromeDriverPort":56455,"adbPort":5037},"deviceUDID":"emulator-5554","appPackage":"com.nixlab.grocery_list_maker"}],"alwaysMatch":{}}}
&amp#27;[38;5;80m[AndroidUiautomator2Driver@39b4 (6321dc70)]&amp#27;[0m Got response with status 200: {"sessionId":"d56c87ac-4af2-4811-85fb-512e8ede2dc0","value":{"capabilities":{"firstMatch":[{"platformName":"ANDROID","app":"F:\\Users\\shubh\\eclipse-workspace\\AppTest/app-release.apk","automationName":"UIAutomator2","deviceName":"emulator-5554","clearDeviceLogsOnStart":true,"nativeWebScreenshot":true,"mjpegServerPort":56452,"udid":"emulator-5554","systemPort":56454,"chromeDriverPort":56455,"adbPort":5037,"platform":"LINUX","webStorageEnabled":false,"takesScreenshot":true,"javascriptEnabled":true,"databaseEnabled":false,"networkConnectionEnabled":true,"locationContextEnabled":false,"warnings":{},"desired":{"platformName":"ANDROID","app":"F:\\Users\\shubh\\eclipse-workspace\\AppTest/app-release.apk","automationName":"UIAutomator2","deviceName":"emulator-5554","clearDeviceLogsOnStart":true,"nativeWebScreenshot":true,"mjpegServerPort":56452,"udid":"emulator-5554","systemPort":56454,"chromeDriverPort":56455,"adbPort":5037},"deviceUDID":"emulator-5554","appPackage":"com.nixlab.grocery_list_maker"}],"alwaysMatc...
&amp#27;[38;5;80m[AndroidUiautomator2Driver@39b4 (6321dc70)]&amp#27;[0m Determined the downstream protocol as 'W3C'
&amp#27;[38;5;80m[AndroidUiautomator2Driver@39b4 (6321dc70)]&amp#27;[0m Proxying [GET /appium/device/pixel_ratio] to [GET http://127.0.0.1:56454/session/d56c87ac-4af2-4811-85fb-512e8ede2dc0/appium/device/pixel_ratio] with no body
&amp#27;[38;5;80m[AndroidUiautomator2Driver@39b4 (6321dc70)]&amp#27;[0m Matched '/appium/device/system_bars' to command name 'getSystemBars'
&amp#27;[38;5;80m[AndroidUiautomator2Driver@39b4 (6321dc70)]&amp#27;[0m Proxying [GET /appium/device/system_bars] to [GET http://127.0.0.1:56454/session/d56c87ac-4af2-4811-85fb-512e8ede2dc0/appium/device/system_bars] with no body
&amp#27;[38;5;80m[AndroidUiautomator2Driver@39b4 (6321dc70)]&amp#27;[0m Matched '/window/current/size' to command name 'getWindowSize'
&amp#27;[38;5;80m[AndroidUiautomator2Driver@39b4 (6321dc70)]&amp#27;[0m Proxying [GET /window/current/size] to [GET http://127.0.0.1:56454/session/d56c87ac-4af2-4811-85fb-512e8ede2dc0/window/current/size] with no body
&amp#27;[38;5;80m[AndroidUiautomator2Driver@39b4 (6321dc70)]&amp#27;[0m Proxying [GET /appium/device/info] to [GET http://127.0.0.1:56454/session/d56c87ac-4af2-4811-85fb-512e8ede2dc0/appium/device/info] with no body
&amp#27;[38;5;0m[ADB]&amp#27;[0m Running 'C:\Users\shubh\AppData\Local\Android\Sdk\platform-tools\adb.exe -P 5037 -s emulator-5554 shell dumpsys window'
&amp#27;[38;5;80m[AndroidUiautomator2Driver@39b4 (6321dc70)]&amp#27;[0m Got response with status 200: {"sessionId":"d56c87ac-4af2-4811-85fb-512e8ede2dc0","value":2.75}
&amp#27;[38;5;80m[AndroidUiautomator2Driver@39b4 (6321dc70)]&amp#27;[0m Got response with status 200: {"sessionId":"d56c87ac-4af2-4811-85fb-512e8ede2dc0","value":{"statusBar":66}}
&amp#27;[38;5;80m[AndroidUiautomator2Driver@39b4 (6321dc70)]&amp#27;[0m Got response with status 200: {"sessionId":"d56c87ac-4af2-4811-85fb-512e8ede2dc0","value":{"height":2220,"width":1080}}
&amp#27;[38;5;112m[AndroidDriver]&amp#27;[0m Screen already unlocked, doing nothing
&amp#27;[38;5;80m[AndroidUiautomator2Driver@39b4 (6321dc70)]&amp#27;[0m Starting 'com.nixlab.grocery_list_maker/com.nixlab.grocery_list_maker.MainActivity and waiting for 'com.nixlab.grocery_list_maker/com.nixlab.grocery_list_maker.MainActivity'
&amp#27;[38;5;0m[ADB]&amp#27;[0m Running 'C:\Users\shubh\AppData\Local\Android\Sdk\platform-tools\adb.exe -P 5037 -s emulator-5554 shell am start -W -n com.nixlab.grocery_list_maker/com.nixlab.grocery_list_maker.MainActivity -S -a android.intent.action.MAIN -c android.intent.category.LAUNCHER -f 0x10200000'
&amp#27;[38;5;80m[AndroidUiautomator2Driver@39b4 (6321dc70)]&amp#27;[0m Got response with status 200: {"sessionId":"d56c87ac-4af2-4811-85fb-512e8ede2dc0","value":{"androidId":"976cb0b83bcb351b","apiVersion":"34","bluetooth":{"state":"ON"},"brand":"google","carrierName":"T-Mobile","displayDensity":440,"locale":"en_US","manufacturer":"Google","model":"sdk_gphone64_x86_64","networks":[{"capabilities":{"SSID":null,"linkDownBandwidthKbps":30000,"linkUpstreamBandwidthKbps":12000,"networkCapabilities":"NET_CAPABILITY_NOT_METERED,NET_CAPABILITY_INTERNET,NET_CAPABILITY_NOT_RESTRICTED,NET_CAPABILITY_TRUSTED,NET_CAPABILITY_NOT_VPN,NET_CAPABILITY_VALIDATED,NET_CAPABILITY_NOT_ROAMING,NET_CAPABILITY_FOREGROUND,NET_CAPABILITY_NOT_CONGESTED,NET_CAPABILITY_NOT_SUSPENDED","signalStrength":-50,"transportTypes":"TRANSPORT_WIFI"},"detailedState":"CONNECTED","extraInfo":"","isAvailable":true,"isConnected":true,"isFailover":false,"isRoaming":false,"state":"CONNECTED","subtype":-1,"subtypeName":"","type":1,"typeName":"WIFI"},{"capabilities":{"SSID":null,"linkDownBandwidthKbps":30000,"linkUpstreamBandwidthKbps":15000,"networkCapab...
&amp#27;[38;5;0m[ADB]&amp#27;[0m Waiting up to 20000ms for activity matching pkg: 'com.nixlab.grocery_list_maker' and activity: 'com.nixlab.grocery_list_maker.MainActivity' to be focused
&amp#27;[38;5;0m[ADB]&amp#27;[0m Possible activities, to be checked: 'com.nixlab.grocery_list_maker.MainActivity', 'com.nixlab.grocery_list_maker.com.nixlab.grocery_list_maker.MainActivity'
&amp#27;[38;5;0m[ADB]&amp#27;[0m Getting focused package and activity
&amp#27;[38;5;0m[ADB]&amp#27;[0m Running 'C:\Users\shubh\AppData\Local\Android\Sdk\platform-tools\adb.exe -P 5037 -s emulator-5554 shell dumpsys window displays'
&amp#27;[38;5;0m[ADB]&amp#27;[0m Found package: 'com.nixlab.grocery_list_maker' and fully qualified activity name : 'com.nixlab.grocery_list_maker.MainActivity'
&amp#27;[38;5;64m[AppiumDriver@07f6]&amp#27;[0m New AndroidUiautomator2Driver session created successfully, session 6321dc70-6fec-4012-b317-f80b5a87bd4d added to master session list
&amp#27;[38;5;64m[AppiumDriver@07f6]&amp#27;[0m Event 'newSessionStarted' logged at 1704979049223 (18:47:29 GMT+0530 (India Standard Time))
&amp#27;[38;5;160m[wait-plugin]&amp#27;[0m Timeout properties set for session 6321dc70-6fec-4012-b317-f80b5a87bd4d is {"timeout":10000,"intervalBetweenAttempts":500,"excludeEnabledCheck":[]}
&amp#27;[38;5;160m[wait-plugin]&amp#27;[0m session 6321dc70-6fec-4012-b317-f80b5a87bd4d is created with {"timeout":10000,"intervalBetweenAttempts":500,"excludeEnabledCheck":[]}
&amp#27;[38;5;16m[device-farm-main]&amp#27;[0m 📱 Session response: 
&amp#27;[38;5;16m[device-farm-main]&amp#27;[0m {"protocol":"W3C","value":["6321dc70-6fec-4012-b317-f80b5a87bd4d",{"platformName":"ANDROID","app":"F:\\Users\\shubh\\eclipse-workspace\\AppTest/app-release.apk","automationName":"UIAutomator2","deviceName":"emulator-5554","clearDeviceLogsOnStart":true,"nativeWebScreenshot":true,"mjpegServerPort":56452,"udid":"emulator-5554","systemPort":56454,"chromeDriverPort":56455,"adbPort":5037,"platform":"LINUX","webStorageEnabled":false,"takesScreenshot":true,"javascriptEnabled":true,"databaseEnabled":false,"networkConnectionEnabled":true,"locationContextEnabled":false,"warnings":{},"desired":{"platformName":"ANDROID","app":"F:\\Users\\shubh\\eclipse-workspace\\AppTest/app-release.apk","automationName":"UIAutomator2","deviceName":"emulator-5554","clearDeviceLogsOnStart":true,"nativeWebScreenshot":true,"mjpegServerPort":56452,"udid":"emulator-5554","systemPort":56454,"chromeDriverPort":56455,"adbPort":5037},"deviceUDID":"emulator-5554","appPackage":"com.nixlab.grocery_list_maker","pixelRatio":"2.75","statBarHeight":66,"viewportRect":{"left":0,"top":66,"width":1080,"height":2154},"deviceApiLevel":34,"platformVersion":"14","deviceManufacturer":"Google","deviceModel":"sdk_gphone64_x86_64","deviceScreenSize":"1080x2220","deviceScreenDensity":440},"W3C"]}
&amp#27;[38;5;16m[device-farm-main]&amp#27;[0m 📱 Removing pending session with capability_id: 3f586633-771e-482f-8033-2f922ced835c
&amp#27;[38;5;16m[device-farm-main]&amp#27;[0m 📱 Device UDID emulator-5554 blocked for session 6321dc70-6fec-4012-b317-f80b5a87bd4d
&amp#27;[38;5;16m[device-farm-main]&amp#27;[0m Updating allocated device: "{"userBlocked":false,"offline":false,"adbPort":5037,"systemPort":56439,"sdk":"14","realDevice":false,"name":"sdk_gphone64_x86_64","busy":false,"state":"device","udid":"emulator-5554","platform":"android","deviceType":"emulator","host":"http://192.168.95.171:4723","totalUtilizationTimeMilliSec":2338559,"sessionStartTime":0,"meta":{"revision":1,"created":1704979037015,"version":0,"updated":1704979037018},"$loki":1}"
&amp#27;[38;5;16m[device-farm-main]&amp#27;[0m 📱 Updating Device emulator-5554 with session ID 6321dc70-6fec-4012-b317-f80b5a87bd4d
&amp#27;[38;5;32m[appium-dashboard]&amp#27;[0m Adb found. Creating device profiler
&amp#27;[38;5;48m[HTTP]&amp#27;[0m &amp#27;[37m-->&amp#27;[39m &amp#27;[37mPOST&amp#27;[39m &amp#27;[37m/wd-internal/session/6321dc70-6fec-4012-b317-f80b5a87bd4d/appium/start_recording_screen&amp#27;[39m
&amp#27;[38;5;48m[HTTP]&amp#27;[0m &amp#27;[90m{"options":{"videoType":"libx264","videoFps":10,"videoScale":"1280:720","videoSize":"1280x720","timeLimit":1800}}&amp#27;[39m
&amp#27;[38;5;16m[device-farm-main]&amp#27;[0m Updating lastCmdExecutedAt for device emulator-5554 in session 6321dc70-6fec-4012-b317-f80b5a87bd4d
&amp#27;[38;5;80m[AndroidUiautomator2Driver@39b4 (6321dc70)]&amp#27;[0m Calling AppiumDriver.startRecordingScreen() with args: [{"videoType":"libx264","videoFps":10,"videoScale":"1280:720","videoSize":"1280x720","timeLimit":1800},"6321dc70-6fec-4012-b317-f80b5a87bd4d"]
&amp#27;[38;5;16m[device-farm-main]&amp#27;[0m 📱 Plugin Args: {"platform":"android","androidDeviceType":"both","iosDeviceType":"both"}
&amp#27;[38;5;64m[AppiumDriver@07f6]&amp#27;[0m Clearing new command timeout pre-emptively since plugin(s) will handle this command
&amp#27;[38;5;64m[AppiumDriver@07f6]&amp#27;[0m Plugins which can handle cmd 'startRecordingScreen': element-wait,device-farm,appium-dashboard
&amp#27;[38;5;64m[AppiumDriver@07f6]&amp#27;[0m Plugin appium-dashboard is now handling cmd 'startRecordingScreen'
&amp#27;[38;5;64m[AppiumDriver@07f6]&amp#27;[0m Plugin device-farm is now handling cmd 'startRecordingScreen'
&amp#27;[38;5;64m[AppiumDriver@07f6]&amp#27;[0m Plugin element-wait is now handling cmd 'startRecordingScreen'
&amp#27;[38;5;64m[AppiumDriver@07f6]&amp#27;[0m Executing default handling behavior for command 'startRecordingScreen'
&amp#27;[38;5;16m[device-farm-main]&amp#27;[0m Updating lastCmdExecutedAt for device emulator-5554 in session 6321dc70-6fec-4012-b317-f80b5a87bd4d
&amp#27;[38;5;0m[ADB]&amp#27;[0m Getting IDs of all 'screenrecord' processes
&amp#27;[38;5;0m[ADB]&amp#27;[0m Running 'C:\Users\shubh\AppData\Local\Android\Sdk\platform-tools\adb.exe -P 5037 -s emulator-5554 shell pgrep -f \(\[\[:blank:\]\]\|\^\)screenrecord\(\[\[:blank:\]\]\|\$\)'
&amp#27;[38;5;80m[AndroidUiautomator2Driver@39b4 (6321dc70)]&amp#27;[0m Screen recording has not been previously started by Appium. There is nothing to stop
&amp#27;[38;5;0m[ADB]&amp#27;[0m Getting IDs of all 'screenrecord' processes
&amp#27;[38;5;0m[ADB]&amp#27;[0m Running 'C:\Users\shubh\AppData\Local\Android\Sdk\platform-tools\adb.exe -P 5037 -s emulator-5554 shell pgrep -f \(\[\[:blank:\]\]\|\^\)screenrecord\(\[\[:blank:\]\]\|\$\)'
&amp#27;[38;5;0m[ADB]&amp#27;[0m Building screenrecord process with the command line: adb -P 5037 -s emulator-5554 shell screenrecord --size 1280x720 --time-limit 180 /sdcard/f86b9d15.mp4
&amp#27;[38;5;0m[ADB]&amp#27;[0m Running 'C:\Users\shubh\AppData\Local\Android\Sdk\platform-tools\adb.exe -P 5037 -s emulator-5554 shell "[ -e '/sdcard/f86b9d15.mp4' ] && echo __PASS__"'
&amp#27;[38;5;0m[ADB]&amp#27;[0m Running 'C:\Users\shubh\AppData\Local\Android\Sdk\platform-tools\adb.exe -P 5037 -s emulator-5554 shell "[ -e '/sdcard/f86b9d15.mp4' ] && echo __PASS__"'
&amp#27;[38;5;80m[AndroidUiautomator2Driver@39b4 (6321dc70)]&amp#27;[0m Responding to client with driver.startRecordingScreen() result: ""
&amp#27;[38;5;48m[HTTP]&amp#27;[0m &amp#27;[37m<-- POST /session/6321dc70-6fec-4012-b317-f80b5a87bd4d/appium/start_recording_screen &amp#27;[39m&amp#27;[32m200&amp#27;[39m &amp#27;[90m602 ms - 12&amp#27;[39m
&amp#27;[38;5;48m[HTTP]&amp#27;[0m &amp#27;[90m&amp#27;[39m
&amp#27;[38;5;64m[AppiumDriver@07f6]&amp#27;[0m Promoting 3 sessionless plugins to be attached to session ID 6321dc70-6fec-4012-b317-f80b5a87bd4d
&amp#27;[38;5;80m[AndroidUiautomator2Driver@39b4 (6321dc70)]&amp#27;[0m Cached the protocol value 'W3C' for the new session 6321dc70-6fec-4012-b317-f80b5a87bd4d
&amp#27;[38;5;80m[AndroidUiautomator2Driver@39b4 (6321dc70)]&amp#27;[0m Responding to client with driver.createSession() result: {"capabilities":{"platformName":"ANDROID","app":"F:\\Users\\shubh\\eclipse-workspace\\AppTest/app-release.apk","automationName":"UIAutomator2","deviceName":"emulator-5554","clearDeviceLogsOnStart":true,"nativeWebScreenshot":true,"mjpegServerPort":56452,"udid":"emulator-5554","systemPort":56454,"chromeDriverPort":56455,"adbPort":5037,"platform":"LINUX","webStorageEnabled":false,"takesScreenshot":true,"javascriptEnabled":true,"databaseEnabled":false,"networkConnectionEnabled":true,"locationContextEnabled":false,"warnings":{},"desired":{"platformName":"ANDROID","app":"F:\\Users\\shubh\\eclipse-workspace\\AppTest/app-release.apk","automationName":"UIAutomator2","deviceName":"emulator-5554","clearDeviceLogsOnStart":true,"nativeWebScreenshot":true,"mjpegServerPort":56452,"udid":"emulator-5554","systemPort":56454,"chromeDriverPort":56455,"adbPort":5037},"deviceUDID":"emulator-5554","appPackage":"com.nixlab.grocery_list_maker","pixelRatio":"2.75","statBarHeight":66,"viewportRect":{"left":0,"top":66,"width":1080,"h...
&amp#27;[38;5;48m[HTTP]&amp#27;[0m &amp#27;[37m<-- POST /session &amp#27;[39m&amp#27;[32m200&amp#27;[39m &amp#27;[90m12806 ms - 1262&amp#27;[39m
&amp#27;[38;5;48m[HTTP]&amp#27;[0m &amp#27;[90m&amp#27;[39m
&amp#27;[38;5;48m[HTTP]&amp#27;[0m &amp#27;[37m-->&amp#27;[39m &amp#27;[37mGET&amp#27;[39m &amp#27;[37m/session/6321dc70-6fec-4012-b317-f80b5a87bd4d/context&amp#27;[39m
&amp#27;[38;5;48m[HTTP]&amp#27;[0m &amp#27;[90m{}&amp#27;[39m
&amp#27;[38;5;16m[device-farm-main]&amp#27;[0m Updating lastCmdExecutedAt for device emulator-5554 in session 6321dc70-6fec-4012-b317-f80b5a87bd4d
&amp#27;[38;5;80m[AndroidUiautomator2Driver@39b4 (6321dc70)]&amp#27;[0m Calling AppiumDriver.getCurrentContext() with args: ["6321dc70-6fec-4012-b317-f80b5a87bd4d"]
&amp#27;[38;5;64m[AppiumDriver@07f6]&amp#27;[0m Clearing new command timeout pre-emptively since plugin(s) will handle this command
&amp#27;[38;5;64m[AppiumDriver@07f6]&amp#27;[0m Plugins which can handle cmd 'getCurrentContext': element-wait,device-farm,appium-dashboard
&amp#27;[38;5;64m[AppiumDriver@07f6]&amp#27;[0m Plugin appium-dashboard is now handling cmd 'getCurrentContext'
&amp#27;[38;5;64m[AppiumDriver@07f6]&amp#27;[0m Plugin device-farm is now handling cmd 'getCurrentContext'
&amp#27;[38;5;64m[AppiumDriver@07f6]&amp#27;[0m Plugin element-wait is now handling cmd 'getCurrentContext'
&amp#27;[38;5;64m[AppiumDriver@07f6]&amp#27;[0m Executing default handling behavior for command 'getCurrentContext'
&amp#27;[38;5;16m[device-farm-main]&amp#27;[0m Updating lastCmdExecutedAt for device emulator-5554 in session 6321dc70-6fec-4012-b317-f80b5a87bd4d
&amp#27;[38;5;80m[AndroidUiautomator2Driver@39b4 (6321dc70)]&amp#27;[0m Responding to client with driver.getCurrentContext() result: "NATIVE_APP"
&amp#27;[38;5;48m[HTTP]&amp#27;[0m &amp#27;[37m<-- GET /session/6321dc70-6fec-4012-b317-f80b5a87bd4d/context &amp#27;[39m&amp#27;[32m200&amp#27;[39m &amp#27;[90m130 ms - 22&amp#27;[39m
&amp#27;[38;5;48m[HTTP]&amp#27;[0m &amp#27;[90m&amp#27;[39m
&amp#27;[38;5;48m[HTTP]&amp#27;[0m &amp#27;[37m-->&amp#27;[39m &amp#27;[37mPOST&amp#27;[39m &amp#27;[37m/session/6321dc70-6fec-4012-b317-f80b5a87bd4d/element&amp#27;[39m
&amp#27;[38;5;48m[HTTP]&amp#27;[0m &amp#27;[90m{"using":"accessibility id","value":"ADD NEW LIST"}&amp#27;[39m
&amp#27;[38;5;16m[device-farm-main]&amp#27;[0m Updating lastCmdExecutedAt for device emulator-5554 in session 6321dc70-6fec-4012-b317-f80b5a87bd4d
&amp#27;[38;5;80m[AndroidUiautomator2Driver@39b4 (6321dc70)]&amp#27;[0m Calling AppiumDriver.findElement() with args: ["accessibility id","ADD NEW LIST","6321dc70-6fec-4012-b317-f80b5a87bd4d"]
&amp#27;[38;5;64m[AppiumDriver@07f6]&amp#27;[0m Clearing new command timeout pre-emptively since plugin(s) will handle this command
&amp#27;[38;5;64m[AppiumDriver@07f6]&amp#27;[0m Plugins which can handle cmd 'findElement': element-wait,device-farm,appium-dashboard
&amp#27;[38;5;64m[AppiumDriver@07f6]&amp#27;[0m Plugin appium-dashboard is now handling cmd 'findElement'
&amp#27;[38;5;64m[AppiumDriver@07f6]&amp#27;[0m Plugin device-farm is now handling cmd 'findElement'
&amp#27;[38;5;64m[AppiumDriver@07f6]&amp#27;[0m Plugin element-wait is now handling cmd 'findElement'
- Waiting to find element with accessibility id strategy for ADD NEW LIST selector
&amp#27;[38;5;16m[device-farm-main]&amp#27;[0m Updating lastCmdExecutedAt for device emulator-5554 in session 6321dc70-6fec-4012-b317-f80b5a87bd4d
&amp#27;[38;5;160m[wait-plugin]&amp#27;[0m Element with accessibility id strategy for ADD NEW LIST selector found.
&amp#27;[38;5;160m[wait-plugin]&amp#27;[0m Check if element is displayed
&amp#27;[38;5;80m[AndroidUiautomator2Driver@39b4 (6321dc70)]&amp#27;[0m Matched '/element/00000000-0000-00f1-0000-000600000003/attribute/displayed' to command name 'getAttribute'
&amp#27;[38;5;80m[AndroidUiautomator2Driver@39b4 (6321dc70)]&amp#27;[0m Proxying [GET /element/00000000-0000-00f1-0000-000600000003/attribute/displayed] to [GET http://127.0.0.1:56454/session/d56c87ac-4af2-4811-85fb-512e8ede2dc0/element/00000000-0000-00f1-0000-000600000003/attribute/displayed] with no body
&amp#27;[38;5;80m[AndroidUiautomator2Driver@39b4 (6321dc70)]&amp#27;[0m Got response with status 200: {"sessionId":"d56c87ac-4af2-4811-85fb-512e8ede2dc0","value":"true"}
&amp#27;[38;5;160m[wait-plugin]&amp#27;[0m Element is displayed!
√ Waiting to find element with accessibility id strategy for ADD NEW LIST selector
&amp#27;[38;5;64m[AppiumDriver@07f6]&amp#27;[0m Executing default handling behavior for command 'findElement'
&amp#27;[38;5;80m[AndroidUiautomator2Driver@39b4 (6321dc70)]&amp#27;[0m Valid locator strategies for this request: xpath, id, class name, accessibility id, css selector, -android uiautomator
&amp#27;[38;5;80m[AndroidUiautomator2Driver@39b4 (6321dc70)]&amp#27;[0m Waiting up to 0 ms for condition
&amp#27;[38;5;80m[AndroidUiautomator2Driver@39b4 (6321dc70)]&amp#27;[0m Matched '/element' to command name 'findElement'
&amp#27;[38;5;80m[AndroidUiautomator2Driver@39b4 (6321dc70)]&amp#27;[0m Proxying [POST /element] to [POST http://127.0.0.1:56454/session/d56c87ac-4af2-4811-85fb-512e8ede2dc0/element] with body: {"strategy":"accessibility id","selector":"ADD NEW LIST","context":"","multiple":false}
&amp#27;[38;5;80m[AndroidUiautomator2Driver@39b4 (6321dc70)]&amp#27;[0m Got response with status 200: {"sessionId":"d56c87ac-4af2-4811-85fb-512e8ede2dc0","value":{"ELEMENT":"00000000-0000-00f1-0000-000600000003","element-6066-11e4-a52e-4f735466cecf":"00000000-0000-00f1-0000-000600000003"}}
&amp#27;[38;5;80m[AndroidUiautomator2Driver@39b4 (6321dc70)]&amp#27;[0m Responding to client with driver.findElement() result: {"element-6066-11e4-a52e-4f735466cecf":"00000000-0000-00f1-0000-000600000003","ELEMENT":"00000000-0000-00f1-0000-000600000003"}
&amp#27;[38;5;48m[HTTP]&amp#27;[0m &amp#27;[37m<-- POST /session/6321dc70-6fec-4012-b317-f80b5a87bd4d/element &amp#27;[39m&amp#27;[32m200&amp#27;[39m &amp#27;[90m152 ms - 137&amp#27;[39m
&amp#27;[38;5;48m[HTTP]&amp#27;[0m &amp#27;[90m&amp#27;[39m
&amp#27;[38;5;48m[HTTP]&amp#27;[0m &amp#27;[37m-->&amp#27;[39m &amp#27;[37mPOST&amp#27;[39m &amp#27;[37m/session/6321dc70-6fec-4012-b317-f80b5a87bd4d/element/00000000-0000-00f1-0000-000600000003/click&amp#27;[39m
&amp#27;[38;5;48m[HTTP]&amp#27;[0m &amp#27;[90m{"id":"00000000-0000-00f1-0000-000600000003"}&amp#27;[39m
&amp#27;[38;5;16m[device-farm-main]&amp#27;[0m Updating lastCmdExecutedAt for device emulator-5554 in session 6321dc70-6fec-4012-b317-f80b5a87bd4d
&amp#27;[38;5;80m[AndroidUiautomator2Driver@39b4 (6321dc70)]&amp#27;[0m Calling AppiumDriver.click() with args: ["00000000-0000-00f1-0000-000600000003","6321dc70-6fec-4012-b317-f80b5a87bd4d"]
&amp#27;[38;5;64m[AppiumDriver@07f6]&amp#27;[0m Clearing new command timeout pre-emptively since plugin(s) will handle this command
&amp#27;[38;5;64m[AppiumDriver@07f6]&amp#27;[0m Plugins which can handle cmd 'click': element-wait,device-farm,appium-dashboard
&amp#27;[38;5;64m[AppiumDriver@07f6]&amp#27;[0m Plugin appium-dashboard is now handling cmd 'click'
&amp#27;[38;5;64m[AppiumDriver@07f6]&amp#27;[0m Plugin device-farm is now handling cmd 'click'
&amp#27;[38;5;64m[AppiumDriver@07f6]&amp#27;[0m Plugin element-wait is now handling cmd 'click'
&amp#27;[38;5;160m[wait-plugin]&amp#27;[0m Wait for element to be clickable
&amp#27;[38;5;80m[AndroidUiautomator2Driver@39b4 (6321dc70)]&amp#27;[0m Matched '/element/00000000-0000-00f1-0000-000600000003/attribute/enabled' to command name 'getAttribute'
&amp#27;[38;5;80m[AndroidUiautomator2Driver@39b4 (6321dc70)]&amp#27;[0m Proxying [GET /element/00000000-0000-00f1-0000-000600000003/attribute/enabled] to [GET http://127.0.0.1:56454/session/d56c87ac-4af2-4811-85fb-512e8ede2dc0/element/00000000-0000-00f1-0000-000600000003/attribute/enabled] with no body
&amp#27;[38;5;16m[device-farm-main]&amp#27;[0m Updating lastCmdExecutedAt for device emulator-5554 in session 6321dc70-6fec-4012-b317-f80b5a87bd4d
&amp#27;[38;5;80m[AndroidUiautomator2Driver@39b4 (6321dc70)]&amp#27;[0m Got response with status 200: {"sessionId":"d56c87ac-4af2-4811-85fb-512e8ede2dc0","value":"true"}
&amp#27;[38;5;160m[wait-plugin]&amp#27;[0m Element is enabled
&amp#27;[38;5;64m[AppiumDriver@07f6]&amp#27;[0m Executing default handling behavior for command 'click'
&amp#27;[38;5;80m[AndroidUiautomator2Driver@39b4 (6321dc70)]&amp#27;[0m Matched '/element/00000000-0000-00f1-0000-000600000003/click' to command name 'click'
&amp#27;[38;5;80m[AndroidUiautomator2Driver@39b4 (6321dc70)]&amp#27;[0m Proxying [POST /element/00000000-0000-00f1-0000-000600000003/click] to [POST http://127.0.0.1:56454/session/d56c87ac-4af2-4811-85fb-512e8ede2dc0/element/00000000-0000-00f1-0000-000600000003/click] with body: {"element":"00000000-0000-00f1-0000-000600000003"}
&amp#27;[38;5;80m[AndroidUiautomator2Driver@39b4 (6321dc70)]&amp#27;[0m Got response with status 200: {"sessionId":"d56c87ac-4af2-4811-85fb-512e8ede2dc0","value":null}
&amp#27;[38;5;48m[HTTP]&amp#27;[0m &amp#27;[37m-->&amp#27;[39m &amp#27;[37mGET&amp#27;[39m &amp#27;[37m/wd-internal/session/6321dc70-6fec-4012-b317-f80b5a87bd4d/screenshot&amp#27;[39m
&amp#27;[38;5;48m[HTTP]&amp#27;[0m &amp#27;[90m{}&amp#27;[39m
&amp#27;[38;5;16m[device-farm-main]&amp#27;[0m Updating lastCmdExecutedAt for device emulator-5554 in session 6321dc70-6fec-4012-b317-f80b5a87bd4d
&amp#27;[38;5;80m[AndroidUiautomator2Driver@39b4 (6321dc70)]&amp#27;[0m Calling AppiumDriver.getScreenshot() with args: ["6321dc70-6fec-4012-b317-f80b5a87bd4d"]
&amp#27;[38;5;64m[AppiumDriver@07f6]&amp#27;[0m Clearing new command timeout pre-emptively since plugin(s) will handle this command
&amp#27;[38;5;64m[AppiumDriver@07f6]&amp#27;[0m Plugins which can handle cmd 'getScreenshot': element-wait,device-farm,appium-dashboard
&amp#27;[38;5;64m[AppiumDriver@07f6]&amp#27;[0m Plugin appium-dashboard is now handling cmd 'getScreenshot'
&amp#27;[38;5;64m[AppiumDriver@07f6]&amp#27;[0m Plugin device-farm is now handling cmd 'getScreenshot'
&amp#27;[38;5;64m[AppiumDriver@07f6]&amp#27;[0m Plugin element-wait is now handling cmd 'getScreenshot'
&amp#27;[38;5;64m[AppiumDriver@07f6]&amp#27;[0m Executing default handling behavior for command 'getScreenshot'
&amp#27;[38;5;16m[device-farm-main]&amp#27;[0m Updating lastCmdExecutedAt for device emulator-5554 in session 6321dc70-6fec-4012-b317-f80b5a87bd4d
&amp#27;[38;5;80m[AndroidUiautomator2Driver@39b4 (6321dc70)]&amp#27;[0m Matched '/screenshot' to command name 'getScreenshot'
&amp#27;[38;5;80m[AndroidUiautomator2Driver@39b4 (6321dc70)]&amp#27;[0m Proxying [GET /screenshot] to [GET http://127.0.0.1:56454/session/d56c87ac-4af2-4811-85fb-512e8ede2dc0/screenshot] with no body
&amp#27;[38;5;80m[AndroidUiautomator2Driver@39b4 (6321dc70)]&amp#27;[0m Got response with status 200: {"sessionId":"d56c87ac-4af2-4811-85fb-512e8ede2dc0","value":"iVBORw0KGgoAAAANSUhEUgAABDgAAAisCAYAAACtR1KuAAAAAXNSR0IArs4c6QAAAARzQklUCAgICHwIZIgAACAASURBVHic7N15QFTX3T7wZ4Zt2GVH3BBBRNlUUEAUN1zjkibVtKaatGn2N4kxSdu3TZv0rU1NXBKz76nGrKbZTEzEFTdEcQFlEQGRRRYZYFgGmGHm9wc/pqDMnTswMzDwfP7KcM899+DAhPvcc75HUl5ergURERERERERkRWT9vcAiIiIiIiIiIj6igEHEREREREREVk9BhxEREREREREZPUYcBARERERERGR1WPAQURERERERERWjwEHEREREREREVk9BhxEREREREREZPUYcBARERERERGR1WPAQURERERERERWjwEHEREREREREVk9BhxEREREREREZPUYcBARERERERGR1WPAQURERERERERWjwEHEREREREREVk92/4eANHN2tvb0dbWBpVKheLiYuTn5yM/Px+NjY0YPnw4goODERISAi8vL8hkMtja2kIqZVZnjbRaLdrb26HRaKBWq6HRaAAAEokEUqlU997a2Nj080iJiIiIBh+lUomKigooFAo0NTVBqVTC0dERzs7OcHNzg7+/PxwdHft7mCZXW1sLDw8Pi1wrJSVF8Pi4ceMQFBRkkbEMBZLy8nJtfw+CSKPRoL29Ha2traiurkZOTg5yc3NRU1MDlUp1S3s7OzuMHDkSERERGDduHNzd3WFnZwdbW1tIJJJ++A5M49q1a3jttdeMPk8ikSAsLAxr1qyBnZ2dGUZmOlqtFmq1Gi0tLVAqlZDL5aivr0dNTQ3a2toAAFKpFI6OjvD29oa7uzs8PDzg4OAABwcHhh1EREREvVRaWoorV66goKAA5eXlaGhoMHiOq6srAgICMG7cOISEhGDEiBEWGKn5HD9+HDU1NVi+fLlFrvfMM88IHg8K...
&amp#27;[38;5;80m[AndroidUiautomator2Driver@39b4 (6321dc70)]&amp#27;[0m Responding to client with driver.getScreenshot() result: "iVBORw0KGgoAAAANSUhEUgAABDgAAAisCAYAAACtR1KuAAAAAXNSR0IArs4c6QAAAARzQklUCAgICHwIZIgAACAASURBVHic7N15QFTX3T7wZ4Zt2GVH3BBBRNlUUEAUN1zjkibVtKaatGn2N4kxSdu3TZv0rU1NXBKz76nGrKbZTEzEFTdEcQFlEQGRRRYZYFgGmGHm9wc/pqDMnTswMzDwfP7KcM899+DAhPvcc75HUl5ergURERERERERkRWT9vcAiIiIiIiIiIj6igEHEREREREREVk9BhxEREREREREZPUYcBARERERERGR1WPAQURERERERERWjwEHEREREREREVk9BhxEREREREREZPUYcBARERERERGR1WPAQURERERERERWjwEHEREREREREVk9BhxEREREREREZPUYcBARERERERGR1WPAQURERERERERWjwEHEREREREREVk92/4eANHN2tvb0dbWBpVKheLiYuTn5yM/Px+NjY0YPnw4goODERISAi8vL8hkMtja2kIqZVZnjbRaLdrb26HRaKBWq6HRaAAAEokEUqlU997a2Nj080iJiIiIBh+lUomKigooFAo0NTVBqVTC0dERzs7OcHNzg7+/PxwdHft7mCZXW1sLDw8Pi1wrJSVF8Pi4ceMQFBRkkbEMBZLy8nJtfw+CSKPRoL29Ha2traiurkZOTg5yc3NRU1MDlUp1S3s7OzuMHDkSERERGDduHNzd3WFnZwdbW1tIJJJ++A5M49q1a3jttdeMPk8ikSAsLAxr1qyBnZ2dGUZmOlqtFmq1Gi0tLVAqlZDL5aivr0dNTQ3a2toAAFKpFI6OjvD29oa7uzs8PDzg4OAABwcHhh1EREREvVRaWoorV66goKAA5eXlaGhoMHiOq6srAgICMG7cOISEhGDEiBEWGKn5HD9+HDU1NVi+fLlFrvfMM88IHg8KCsKDDz5okbEMBZzBQf2m8+m9Wq1GbW0trly5gtOnT6O6uhrt7e23tJdKpdBq...
&amp#27;[38;5;48m[HTTP]&amp#27;[0m &amp#27;[37m<-- GET /session/6321dc70-6fec-4012-b317-f80b5a87bd4d/screenshot &amp#27;[39m&amp#27;[32m200&amp#27;[39m &amp#27;[90m342 ms - 50160&amp#27;[39m
&amp#27;[38;5;48m[HTTP]&amp#27;[0m &amp#27;[90m&amp#27;[39m
&amp#27;[38;5;80m[AndroidUiautomator2Driver@39b4 (6321dc70)]&amp#27;[0m Responding to client with driver.click() result: null
&amp#27;[38;5;48m[HTTP]&amp#27;[0m &amp#27;[37m<-- POST /session/6321dc70-6fec-4012-b317-f80b5a87bd4d/element/00000000-0000-00f1-0000-000600000003/click &amp#27;[39m&amp#27;[32m200&amp#27;[39m &amp#27;[90m1285 ms - 14&amp#27;[39m
&amp#27;[38;5;48m[HTTP]&amp#27;[0m &amp#27;[90m&amp#27;[39m
&amp#27;[38;5;48m[HTTP]&amp#27;[0m &amp#27;[37m-->&amp#27;[39m &amp#27;[37mGET&amp#27;[39m &amp#27;[37m/session/6321dc70-6fec-4012-b317-f80b5a87bd4d/context&amp#27;[39m
&amp#27;[38;5;48m[HTTP]&amp#27;[0m &amp#27;[90m{}&amp#27;[39m
&amp#27;[38;5;16m[device-farm-main]&amp#27;[0m Updating lastCmdExecutedAt for device emulator-5554 in session 6321dc70-6fec-4012-b317-f80b5a87bd4d
&amp#27;[38;5;80m[AndroidUiautomator2Driver@39b4 (6321dc70)]&amp#27;[0m Calling AppiumDriver.getCurrentContext() with args: ["6321dc70-6fec-4012-b317-f80b5a87bd4d"]
&amp#27;[38;5;64m[AppiumDriver@07f6]&amp#27;[0m Clearing new command timeout pre-emptively since plugin(s) will handle this command
&amp#27;[38;5;64m[AppiumDriver@07f6]&amp#27;[0m Plugins which can handle cmd 'getCurrentContext': element-wait,device-farm,appium-dashboard
&amp#27;[38;5;64m[AppiumDriver@07f6]&amp#27;[0m Plugin appium-dashboard is now handling cmd 'getCurrentContext'
&amp#27;[38;5;64m[AppiumDriver@07f6]&amp#27;[0m Plugin device-farm is now handling cmd 'getCurrentContext'
&amp#27;[38;5;64m[AppiumDriver@07f6]&amp#27;[0m Plugin element-wait is now handling cmd 'getCurrentContext'
&amp#27;[38;5;64m[AppiumDriver@07f6]&amp#27;[0m Executing default handling behavior for command 'getCurrentContext'
&amp#27;[38;5;16m[device-farm-main]&amp#27;[0m Updating lastCmdExecutedAt for device emulator-5554 in session 6321dc70-6fec-4012-b317-f80b5a87bd4d
&amp#27;[38;5;80m[AndroidUiautomator2Driver@39b4 (6321dc70)]&amp#27;[0m Responding to client with driver.getCurrentContext() result: "NATIVE_APP"
&amp#27;[38;5;48m[HTTP]&amp#27;[0m &amp#27;[37m<-- GET /session/6321dc70-6fec-4012-b317-f80b5a87bd4d/context &amp#27;[39m&amp#27;[32m200&amp#27;[39m &amp#27;[90m15 ms - 22&amp#27;[39m
&amp#27;[38;5;48m[HTTP]&amp#27;[0m &amp#27;[90m&amp#27;[39m
&amp#27;[38;5;48m[HTTP]&amp#27;[0m &amp#27;[37m-->&amp#27;[39m &amp#27;[37mPOST&amp#27;[39m &amp#27;[37m/session/6321dc70-6fec-4012-b317-f80b5a87bd4d/element&amp#27;[39m
&amp#27;[38;5;48m[HTTP]&amp#27;[0m &amp#27;[90m{"using":"class name","value":"android.widget.EditText"}&amp#27;[39m
&amp#27;[38;5;16m[device-farm-main]&amp#27;[0m Updating lastCmdExecutedAt for device emulator-5554 in session 6321dc70-6fec-4012-b317-f80b5a87bd4d
&amp#27;[38;5;80m[AndroidUiautomator2Driver@39b4 (6321dc70)]&amp#27;[0m Calling AppiumDriver.findElement() with args: ["class name","android.widget.EditText","6321dc70-6fec-4012-b317-f80b5a87bd4d"]
&amp#27;[38;5;64m[AppiumDriver@07f6]&amp#27;[0m Clearing new command timeout pre-emptively since plugin(s) will handle this command
&amp#27;[38;5;64m[AppiumDriver@07f6]&amp#27;[0m Plugins which can handle cmd 'findElement': element-wait,device-farm,appium-dashboard
&amp#27;[38;5;64m[AppiumDriver@07f6]&amp#27;[0m Plugin appium-dashboard is now handling cmd 'findElement'
&amp#27;[38;5;64m[AppiumDriver@07f6]&amp#27;[0m Plugin device-farm is now handling cmd 'findElement'
&amp#27;[38;5;64m[AppiumDriver@07f6]&amp#27;[0m Plugin element-wait is now handling cmd 'findElement'
- Waiting to find element with class name strategy for android.widget.EditText selector
&amp#27;[38;5;16m[device-farm-main]&amp#27;[0m Updating lastCmdExecutedAt for device emulator-5554 in session 6321dc70-6fec-4012-b317-f80b5a87bd4d
&amp#27;[38;5;160m[wait-plugin]&amp#27;[0m Element with class name strategy for android.widget.EditText selector found.
&amp#27;[38;5;160m[wait-plugin]&amp#27;[0m Check if element is displayed
&amp#27;[38;5;80m[AndroidUiautomator2Driver@39b4 (6321dc70)]&amp#27;[0m Matched '/element/00000000-0000-00f1-0000-000c00000003/attribute/displayed' to command name 'getAttribute'
&amp#27;[38;5;80m[AndroidUiautomator2Driver@39b4 (6321dc70)]&amp#27;[0m Proxying [GET /element/00000000-0000-00f1-0000-000c00000003/attribute/displayed] to [GET http://127.0.0.1:56454/session/d56c87ac-4af2-4811-85fb-512e8ede2dc0/element/00000000-0000-00f1-0000-000c00000003/attribute/displayed] with no body
&amp#27;[38;5;80m[AndroidUiautomator2Driver@39b4 (6321dc70)]&amp#27;[0m Got response with status 200: {"sessionId":"d56c87ac-4af2-4811-85fb-512e8ede2dc0","value":"true"}
&amp#27;[38;5;160m[wait-plugin]&amp#27;[0m Element is displayed!
√ Waiting to find element with class name strategy for android.widget.EditText selector
&amp#27;[38;5;64m[AppiumDriver@07f6]&amp#27;[0m Executing default handling behavior for command 'findElement'
&amp#27;[38;5;80m[AndroidUiautomator2Driver@39b4 (6321dc70)]&amp#27;[0m Valid locator strategies for this request: xpath, id, class name, accessibility id, css selector, -android uiautomator
&amp#27;[38;5;80m[AndroidUiautomator2Driver@39b4 (6321dc70)]&amp#27;[0m Waiting up to 0 ms for condition
&amp#27;[38;5;80m[AndroidUiautomator2Driver@39b4 (6321dc70)]&amp#27;[0m Matched '/element' to command name 'findElement'
&amp#27;[38;5;80m[AndroidUiautomator2Driver@39b4 (6321dc70)]&amp#27;[0m Proxying [POST /element] to [POST http://127.0.0.1:56454/session/d56c87ac-4af2-4811-85fb-512e8ede2dc0/element] with body: {"strategy":"class name","selector":"android.widget.EditText","context":"","multiple":false}
&amp#27;[38;5;80m[AndroidUiautomator2Driver@39b4 (6321dc70)]&amp#27;[0m Got response with status 200: {"sessionId":"d56c87ac-4af2-4811-85fb-512e8ede2dc0","value":{"ELEMENT":"00000000-0000-00f1-0000-000c00000003","element-6066-11e4-a52e-4f735466cecf":"00000000-0000-00f1-0000-000c00000003"}}
&amp#27;[38;5;80m[AndroidUiautomator2Driver@39b4 (6321dc70)]&amp#27;[0m Responding to client with driver.findElement() result: {"element-6066-11e4-a52e-4f735466cecf":"00000000-0000-00f1-0000-000c00000003","ELEMENT":"00000000-0000-00f1-0000-000c00000003"}
&amp#27;[38;5;48m[HTTP]&amp#27;[0m &amp#27;[37m<-- POST /session/6321dc70-6fec-4012-b317-f80b5a87bd4d/element &amp#27;[39m&amp#27;[32m200&amp#27;[39m &amp#27;[90m84 ms - 137&amp#27;[39m
&amp#27;[38;5;48m[HTTP]&amp#27;[0m &amp#27;[90m&amp#27;[39m
&amp#27;[38;5;48m[HTTP]&amp#27;[0m &amp#27;[37m-->&amp#27;[39m &amp#27;[37mPOST&amp#27;[39m &amp#27;[37m/session/6321dc70-6fec-4012-b317-f80b5a87bd4d/element/00000000-0000-00f1-0000-000c00000003/click&amp#27;[39m
&amp#27;[38;5;48m[HTTP]&amp#27;[0m &amp#27;[90m{"id":"00000000-0000-00f1-0000-000c00000003"}&amp#27;[39m
&amp#27;[38;5;16m[device-farm-main]&amp#27;[0m Updating lastCmdExecutedAt for device emulator-5554 in session 6321dc70-6fec-4012-b317-f80b5a87bd4d
&amp#27;[38;5;80m[AndroidUiautomator2Driver@39b4 (6321dc70)]&amp#27;[0m Calling AppiumDriver.click() with args: ["00000000-0000-00f1-0000-000c00000003","6321dc70-6fec-4012-b317-f80b5a87bd4d"]
&amp#27;[38;5;64m[AppiumDriver@07f6]&amp#27;[0m Clearing new command timeout pre-emptively since plugin(s) will handle this command
&amp#27;[38;5;64m[AppiumDriver@07f6]&amp#27;[0m Plugins which can handle cmd 'click': element-wait,device-farm,appium-dashboard
&amp#27;[38;5;64m[AppiumDriver@07f6]&amp#27;[0m Plugin appium-dashboard is now handling cmd 'click'
&amp#27;[38;5;64m[AppiumDriver@07f6]&amp#27;[0m Plugin device-farm is now handling cmd 'click'
&amp#27;[38;5;64m[AppiumDriver@07f6]&amp#27;[0m Plugin element-wait is now handling cmd 'click'
&amp#27;[38;5;160m[wait-plugin]&amp#27;[0m Wait for element to be clickable
&amp#27;[38;5;80m[AndroidUiautomator2Driver@39b4 (6321dc70)]&amp#27;[0m Matched '/element/00000000-0000-00f1-0000-000c00000003/attribute/enabled' to command name 'getAttribute'
&amp#27;[38;5;80m[AndroidUiautomator2Driver@39b4 (6321dc70)]&amp#27;[0m Proxying [GET /element/00000000-0000-00f1-0000-000c00000003/attribute/enabled] to [GET http://127.0.0.1:56454/session/d56c87ac-4af2-4811-85fb-512e8ede2dc0/element/00000000-0000-00f1-0000-000c00000003/attribute/enabled] with no body
&amp#27;[38;5;16m[device-farm-main]&amp#27;[0m Updating lastCmdExecutedAt for device emulator-5554 in session 6321dc70-6fec-4012-b317-f80b5a87bd4d
&amp#27;[38;5;80m[AndroidUiautomator2Driver@39b4 (6321dc70)]&amp#27;[0m Got response with status 200: {"sessionId":"d56c87ac-4af2-4811-85fb-512e8ede2dc0","value":"true"}
&amp#27;[38;5;160m[wait-plugin]&amp#27;[0m Element is enabled
&amp#27;[38;5;64m[AppiumDriver@07f6]&amp#27;[0m Executing default handling behavior for command 'click'
&amp#27;[38;5;80m[AndroidUiautomator2Driver@39b4 (6321dc70)]&amp#27;[0m Matched '/element/00000000-0000-00f1-0000-000c00000003/click' to command name 'click'
&amp#27;[38;5;80m[AndroidUiautomator2Driver@39b4 (6321dc70)]&amp#27;[0m Proxying [POST /element/00000000-0000-00f1-0000-000c00000003/click] to [POST http://127.0.0.1:56454/session/d56c87ac-4af2-4811-85fb-512e8ede2dc0/element/00000000-0000-00f1-0000-000c00000003/click] with body: {"element":"00000000-0000-00f1-0000-000c00000003"}
&amp#27;[38;5;80m[AndroidUiautomator2Driver@39b4 (6321dc70)]&amp#27;[0m Got response with status 200: {"sessionId":"d56c87ac-4af2-4811-85fb-512e8ede2dc0","value":null}
&amp#27;[38;5;48m[HTTP]&amp#27;[0m &amp#27;[37m-->&amp#27;[39m &amp#27;[37mGET&amp#27;[39m &amp#27;[37m/wd-internal/session/6321dc70-6fec-4012-b317-f80b5a87bd4d/screenshot&amp#27;[39m
&amp#27;[38;5;48m[HTTP]&amp#27;[0m &amp#27;[90m{}&amp#27;[39m
&amp#27;[38;5;16m[device-farm-main]&amp#27;[0m Updating lastCmdExecutedAt for device emulator-5554 in session 6321dc70-6fec-4012-b317-f80b5a87bd4d
&amp#27;[38;5;80m[AndroidUiautomator2Driver@39b4 (6321dc70)]&amp#27;[0m Calling AppiumDriver.getScreenshot() with args: ["6321dc70-6fec-4012-b317-f80b5a87bd4d"]
&amp#27;[38;5;64m[AppiumDriver@07f6]&amp#27;[0m Clearing new command timeout pre-emptively since plugin(s) will handle this command
&amp#27;[38;5;64m[AppiumDriver@07f6]&amp#27;[0m Plugins which can handle cmd 'getScreenshot': element-wait,device-farm,appium-dashboard
&amp#27;[38;5;64m[AppiumDriver@07f6]&amp#27;[0m Plugin appium-dashboard is now handling cmd 'getScreenshot'
&amp#27;[38;5;64m[AppiumDriver@07f6]&amp#27;[0m Plugin device-farm is now handling cmd 'getScreenshot'
&amp#27;[38;5;64m[AppiumDriver@07f6]&amp#27;[0m Plugin element-wait is now handling cmd 'getScreenshot'
&amp#27;[38;5;64m[AppiumDriver@07f6]&amp#27;[0m Executing default handling behavior for command 'getScreenshot'
&amp#27;[38;5;16m[device-farm-main]&amp#27;[0m Updating lastCmdExecutedAt for device emulator-5554 in session 6321dc70-6fec-4012-b317-f80b5a87bd4d
&amp#27;[38;5;80m[AndroidUiautomator2Driver@39b4 (6321dc70)]&amp#27;[0m Matched '/screenshot' to command name 'getScreenshot'
&amp#27;[38;5;80m[AndroidUiautomator2Driver@39b4 (6321dc70)]&amp#27;[0m Proxying [GET /screenshot] to [GET http://127.0.0.1:56454/session/d56c87ac-4af2-4811-85fb-512e8ede2dc0/screenshot] with no body
&amp#27;[38;5;80m[AndroidUiautomator2Driver@39b4 (6321dc70)]&amp#27;[0m Got response with status 200: {"sessionId":"d56c87ac-4af2-4811-85fb-512e8ede2dc0","value":"iVBORw0KGgoAAAANSUhEUgAABDgAAAisCAYAAACtR1KuAAAAAXNSR0IArs4c6QAAAARzQklUCAgICHwIZIgAACAASURBVHic7N15QFTX3T7wZ4Zt2GVH3BBBRNlUUEAUN1zjkibVtKaatGn2N4kxSdu3TZv0rU1NXBKz76nGrKbZTEzEFTdEcQFlEQGRRRYZYFgGmGHm9wc/pqDMnTswMzDwfP7KcM899+DAhPvcc75HUl5ergURERERERERkRWT9vcAiIiIiIiIiIj6igEHEREREREREVk9BhxEREREREREZPUYcBARERERERGR1WPAQURERERERERWjwEHEREREREREVk9BhxEREREREREZPUYcBARERERERGR1WPAQURERERERERWjwEHEREREREREVk9BhxEREREREREZPUYcBARERERERGR1WPAQURERERERERWjwEHEREREREREVk92/4eANHN2tvb0dbWBpVKheLiYuTn5yM/Px+NjY0YPnw4goODERISAi8vL8hkMtja2kIqZVZnjbRaLdrb26HRaKBWq6HRaAAAEokEUqlU997a2Nj080iJiIiIBh+lUomKigooFAo0NTVBqVTC0dERzs7OcHNzg7+/PxwdHft7mCZXW1sLDw8Pi1wrJSVF8Pi4ceMQFBRkkbEMBZLy8nJtfw+CSKPRoL29Ha2traiurkZOTg5yc3NRU1MDlUp1S3s7OzuMHDkSERERGDduHNzd3WFnZwdbW1tIJJJ++A5M49q1a3jttdeMPk8ikSAsLAxr1qyBnZ2dGUZmOlqtFmq1Gi0tLVAqlZDL5aivr0dNTQ3a2toAAFKpFI6OjvD29oa7uzs8PDzg4OAABwcHhh1EREREvVRaWoorV66goKAA5eXlaGhoMHiOq6srAgICMG7cOISEhGDEiBEWGKn5HD9+HDU1NVi+fLlFrvfMM88IHg8K...
&amp#27;[38;5;80m[AndroidUiautomator2Driver@39b4 (6321dc70)]&amp#27;[0m Responding to client with driver.getScreenshot() result: "iVBORw0KGgoAAAANSUhEUgAABDgAAAisCAYAAACtR1KuAAAAAXNSR0IArs4c6QAAAARzQklUCAgICHwIZIgAACAASURBVHic7N15QFTX3T7wZ4Zt2GVH3BBBRNlUUEAUN1zjkibVtKaatGn2N4kxSdu3TZv0rU1NXBKz76nGrKbZTEzEFTdEcQFlEQGRRRYZYFgGmGHm9wc/pqDMnTswMzDwfP7KcM899+DAhPvcc75HUl5ergURERERERERkRWT9vcAiIiIiIiIiIj6igEHEREREREREVk9BhxEREREREREZPUYcBARERERERGR1WPAQURERERERERWjwEHEREREREREVk9BhxEREREREREZPUYcBARERERERGR1WPAQURERERERERWjwEHEREREREREVk9BhxEREREREREZPUYcBARERERERGR1WPAQURERERERERWjwEHEREREREREVk92/4eANHN2tvb0dbWBpVKheLiYuTn5yM/Px+NjY0YPnw4goODERISAi8vL8hkMtja2kIqZVZnjbRaLdrb26HRaKBWq6HRaAAAEokEUqlU997a2Nj080iJiIiIBh+lUomKigooFAo0NTVBqVTC0dERzs7OcHNzg7+/PxwdHft7mCZXW1sLDw8Pi1wrJSVF8Pi4ceMQFBRkkbEMBZLy8nJtfw+CSKPRoL29Ha2traiurkZOTg5yc3NRU1MDlUp1S3s7OzuMHDkSERERGDduHNzd3WFnZwdbW1tIJJJ++A5M49q1a3jttdeMPk8ikSAsLAxr1qyBnZ2dGUZmOlqtFmq1Gi0tLVAqlZDL5aivr0dNTQ3a2toAAFKpFI6OjvD29oa7uzs8PDzg4OAABwcHhh1EREREvVRaWoorV66goKAA5eXlaGhoMHiOq6srAgICMG7cOISEhGDEiBEWGKn5HD9+HDU1NVi+fLlFrvfMM88IHg8KCsKDDz5okbEMBZzBQf2m8+m9Wq1GbW0trly5gtOnT6O6uhrt7e23tJdKpdBq...
&amp#27;[38;5;48m[HTTP]&amp#27;[0m &amp#27;[37m<-- GET /session/6321dc70-6fec-4012-b317-f80b5a87bd4d/screenshot &amp#27;[39m&amp#27;[32m200&amp#27;[39m &amp#27;[90m889 ms - 50196&amp#27;[39m
&amp#27;[38;5;48m[HTTP]&amp#27;[0m &amp#27;[90m&amp#27;[39m
&amp#27;[38;5;80m[AndroidUiautomator2Driver@39b4 (6321dc70)]&amp#27;[0m Responding to client with driver.click() result: null
&amp#27;[38;5;48m[HTTP]&amp#27;[0m &amp#27;[37m<-- POST /session/6321dc70-6fec-4012-b317-f80b5a87bd4d/element/00000000-0000-00f1-0000-000c00000003/click &amp#27;[39m&amp#27;[32m200&amp#27;[39m &amp#27;[90m1038 ms - 14&amp#27;[39m
&amp#27;[38;5;48m[HTTP]&amp#27;[0m &amp#27;[90m&amp#27;[39m
&amp#27;[38;5;48m[HTTP]&amp#27;[0m &amp#27;[37m-->&amp#27;[39m &amp#27;[37mPOST&amp#27;[39m &amp#27;[37m/session/6321dc70-6fec-4012-b317-f80b5a87bd4d/execute/sync&amp#27;[39m
&amp#27;[38;5;48m[HTTP]&amp#27;[0m &amp#27;[90m{"script":"mobile: hideKeyboard","args":[]}&amp#27;[39m
&amp#27;[38;5;16m[device-farm-main]&amp#27;[0m Updating lastCmdExecutedAt for device emulator-5554 in session 6321dc70-6fec-4012-b317-f80b5a87bd4d
&amp#27;[38;5;80m[AndroidUiautomator2Driver@39b4 (6321dc70)]&amp#27;[0m Calling AppiumDriver.execute() with args: ["mobile: hideKeyboard",[],"6321dc70-6fec-4012-b317-f80b5a87bd4d"]
&amp#27;[38;5;64m[AppiumDriver@07f6]&amp#27;[0m Clearing new command timeout pre-emptively since plugin(s) will handle this command
&amp#27;[38;5;64m[AppiumDriver@07f6]&amp#27;[0m Plugins which can handle cmd 'execute': element-wait,device-farm,appium-dashboard
&amp#27;[38;5;64m[AppiumDriver@07f6]&amp#27;[0m Plugin appium-dashboard is now handling cmd 'execute'
&amp#27;[38;5;64m[AppiumDriver@07f6]&amp#27;[0m Plugin device-farm is now handling cmd 'execute'
&amp#27;[38;5;64m[AppiumDriver@07f6]&amp#27;[0m Plugin element-wait is now handling cmd 'execute'
&amp#27;[38;5;176m[Plugin [element-wait]]&amp#27;[0m Plugin did not know how to handle method 'mobile: hideKeyboard'. Passing control to next
&amp#27;[38;5;64m[AppiumDriver@07f6]&amp#27;[0m Executing default handling behavior for command 'execute'
&amp#27;[38;5;80m[AndroidUiautomator2Driver@39b4 (6321dc70)]&amp#27;[0m Executing method 'mobile: hideKeyboard'
&amp#27;[38;5;0m[ADB]&amp#27;[0m Running 'C:\Users\shubh\AppData\Local\Android\Sdk\platform-tools\adb.exe -P 5037 -s emulator-5554 shell dumpsys input_method'
&amp#27;[38;5;16m[device-farm-main]&amp#27;[0m Updating lastCmdExecutedAt for device emulator-5554 in session 6321dc70-6fec-4012-b317-f80b5a87bd4d
&amp#27;[38;5;0m[ADB]&amp#27;[0m Running 'C:\Users\shubh\AppData\Local\Android\Sdk\platform-tools\adb.exe -P 5037 -s emulator-5554 shell input keyevent 111'
&amp#27;[38;5;0m[ADB]&amp#27;[0m Running 'C:\Users\shubh\AppData\Local\Android\Sdk\platform-tools\adb.exe -P 5037 -s emulator-5554 shell dumpsys input_method'
&amp#27;[38;5;80m[AndroidUiautomator2Driver@39b4 (6321dc70)]&amp#27;[0m Responding to client with driver.execute() result: true
&amp#27;[38;5;48m[HTTP]&amp#27;[0m &amp#27;[37m<-- POST /session/6321dc70-6fec-4012-b317-f80b5a87bd4d/execute/sync &amp#27;[39m&amp#27;[32m200&amp#27;[39m &amp#27;[90m1557 ms - 14&amp#27;[39m
&amp#27;[38;5;48m[HTTP]&amp#27;[0m &amp#27;[90m&amp#27;[39m
&amp#27;[38;5;48m[HTTP]&amp#27;[0m &amp#27;[37m-->&amp#27;[39m &amp#27;[37mGET&amp#27;[39m &amp#27;[37m/session/6321dc70-6fec-4012-b317-f80b5a87bd4d/context&amp#27;[39m
&amp#27;[38;5;48m[HTTP]&amp#27;[0m &amp#27;[90m{}&amp#27;[39m
&amp#27;[38;5;16m[device-farm-main]&amp#27;[0m Updating lastCmdExecutedAt for device emulator-5554 in session 6321dc70-6fec-4012-b317-f80b5a87bd4d
&amp#27;[38;5;80m[AndroidUiautomator2Driver@39b4 (6321dc70)]&amp#27;[0m Calling AppiumDriver.getCurrentContext() with args: ["6321dc70-6fec-4012-b317-f80b5a87bd4d"]
&amp#27;[38;5;64m[AppiumDriver@07f6]&amp#27;[0m Clearing new command timeout pre-emptively since plugin(s) will handle this command
&amp#27;[38;5;64m[AppiumDriver@07f6]&amp#27;[0m Plugins which can handle cmd 'getCurrentContext': element-wait,device-farm,appium-dashboard
&amp#27;[38;5;64m[AppiumDriver@07f6]&amp#27;[0m Plugin appium-dashboard is now handling cmd 'getCurrentContext'
&amp#27;[38;5;64m[AppiumDriver@07f6]&amp#27;[0m Plugin device-farm is now handling cmd 'getCurrentContext'
&amp#27;[38;5;64m[AppiumDriver@07f6]&amp#27;[0m Plugin element-wait is now handling cmd 'getCurrentContext'
&amp#27;[38;5;64m[AppiumDriver@07f6]&amp#27;[0m Executing default handling behavior for command 'getCurrentContext'
&amp#27;[38;5;16m[device-farm-main]&amp#27;[0m Updating lastCmdExecutedAt for device emulator-5554 in session 6321dc70-6fec-4012-b317-f80b5a87bd4d
&amp#27;[38;5;80m[AndroidUiautomator2Driver@39b4 (6321dc70)]&amp#27;[0m Responding to client with driver.getCurrentContext() result: "NATIVE_APP"
&amp#27;[38;5;48m[HTTP]&amp#27;[0m &amp#27;[37m<-- GET /session/6321dc70-6fec-4012-b317-f80b5a87bd4d/context &amp#27;[39m&amp#27;[32m200&amp#27;[39m &amp#27;[90m26 ms - 22&amp#27;[39m
&amp#27;[38;5;48m[HTTP]&amp#27;[0m &amp#27;[90m&amp#27;[39m
&amp#27;[38;5;48m[HTTP]&amp#27;[0m &amp#27;[37m-->&amp#27;[39m &amp#27;[37mPOST&amp#27;[39m &amp#27;[37m/session/6321dc70-6fec-4012-b317-f80b5a87bd4d/element&amp#27;[39m
&amp#27;[38;5;48m[HTTP]&amp#27;[0m &amp#27;[90m{"using":"class name","value":"android.widget.EditText"}&amp#27;[39m
&amp#27;[38;5;16m[device-farm-main]&amp#27;[0m Updating lastCmdExecutedAt for device emulator-5554 in session 6321dc70-6fec-4012-b317-f80b5a87bd4d
&amp#27;[38;5;80m[AndroidUiautomator2Driver@39b4 (6321dc70)]&amp#27;[0m Calling AppiumDriver.findElement() with args: ["class name","android.widget.EditText","6321dc70-6fec-4012-b317-f80b5a87bd4d"]
&amp#27;[38;5;64m[AppiumDriver@07f6]&amp#27;[0m Clearing new command timeout pre-emptively since plugin(s) will handle this command
&amp#27;[38;5;64m[AppiumDriver@07f6]&amp#27;[0m Plugins which can handle cmd 'findElement': element-wait,device-farm,appium-dashboard
&amp#27;[38;5;64m[AppiumDriver@07f6]&amp#27;[0m Plugin appium-dashboard is now handling cmd 'findElement'
&amp#27;[38;5;64m[AppiumDriver@07f6]&amp#27;[0m Plugin device-farm is now handling cmd 'findElement'
&amp#27;[38;5;64m[AppiumDriver@07f6]&amp#27;[0m Plugin element-wait is now handling cmd 'findElement'
- Waiting to find element with class name strategy for android.widget.EditText selector
&amp#27;[38;5;16m[device-farm-main]&amp#27;[0m Updating lastCmdExecutedAt for device emulator-5554 in session 6321dc70-6fec-4012-b317-f80b5a87bd4d
&amp#27;[38;5;160m[wait-plugin]&amp#27;[0m Element with class name strategy for android.widget.EditText selector found.
&amp#27;[38;5;160m[wait-plugin]&amp#27;[0m Check if element is displayed
&amp#27;[38;5;80m[AndroidUiautomator2Driver@39b4 (6321dc70)]&amp#27;[0m Matched '/element/00000000-0000-00f1-0000-000c00000003/attribute/displayed' to command name 'getAttribute'
&amp#27;[38;5;80m[AndroidUiautomator2Driver@39b4 (6321dc70)]&amp#27;[0m Proxying [GET /element/00000000-0000-00f1-0000-000c00000003/attribute/displayed] to [GET http://127.0.0.1:56454/session/d56c87ac-4af2-4811-85fb-512e8ede2dc0/element/00000000-0000-00f1-0000-000c00000003/attribute/displayed] with no body
&amp#27;[38;5;80m[AndroidUiautomator2Driver@39b4 (6321dc70)]&amp#27;[0m Got response with status 200: {"sessionId":"d56c87ac-4af2-4811-85fb-512e8ede2dc0","value":"true"}
&amp#27;[38;5;160m[wait-plugin]&amp#27;[0m Element is displayed!
√ Waiting to find element with class name strategy for android.widget.EditText selector
&amp#27;[38;5;64m[AppiumDriver@07f6]&amp#27;[0m Executing default handling behavior for command 'findElement'
&amp#27;[38;5;80m[AndroidUiautomator2Driver@39b4 (6321dc70)]&amp#27;[0m Valid locator strategies for this request: xpath, id, class name, accessibility id, css selector, -android uiautomator
&amp#27;[38;5;80m[AndroidUiautomator2Driver@39b4 (6321dc70)]&amp#27;[0m Waiting up to 0 ms for condition
&amp#27;[38;5;80m[AndroidUiautomator2Driver@39b4 (6321dc70)]&amp#27;[0m Matched '/element' to command name 'findElement'
&amp#27;[38;5;80m[AndroidUiautomator2Driver@39b4 (6321dc70)]&amp#27;[0m Proxying [POST /element] to [POST http://127.0.0.1:56454/session/d56c87ac-4af2-4811-85fb-512e8ede2dc0/element] with body: {"strategy":"class name","selector":"android.widget.EditText","context":"","multiple":false}
&amp#27;[38;5;80m[AndroidUiautomator2Driver@39b4 (6321dc70)]&amp#27;[0m Got response with status 200: {"sessionId":"d56c87ac-4af2-4811-85fb-512e8ede2dc0","value":{"ELEMENT":"00000000-0000-00f1-0000-000c00000003","element-6066-11e4-a52e-4f735466cecf":"00000000-0000-00f1-0000-000c00000003"}}
&amp#27;[38;5;80m[AndroidUiautomator2Driver@39b4 (6321dc70)]&amp#27;[0m Responding to client with driver.findElement() result: {"element-6066-11e4-a52e-4f735466cecf":"00000000-0000-00f1-0000-000c00000003","ELEMENT":"00000000-0000-00f1-0000-000c00000003"}
&amp#27;[38;5;48m[HTTP]&amp#27;[0m &amp#27;[37m<-- POST /session/6321dc70-6fec-4012-b317-f80b5a87bd4d/element &amp#27;[39m&amp#27;[32m200&amp#27;[39m &amp#27;[90m145 ms - 137&amp#27;[39m
&amp#27;[38;5;48m[HTTP]&amp#27;[0m &amp#27;[90m&amp#27;[39m
&amp#27;[38;5;48m[HTTP]&amp#27;[0m &amp#27;[37m-->&amp#27;[39m &amp#27;[37mPOST&amp#27;[39m &amp#27;[37m/session/6321dc70-6fec-4012-b317-f80b5a87bd4d/element/00000000-0000-00f1-0000-000c00000003/value&amp#27;[39m
&amp#27;[38;5;48m[HTTP]&amp#27;[0m &amp#27;[90m{"id":"00000000-0000-00f1-0000-000c00000003","text":"Test","value":["T","e","s","t"]}&amp#27;[39m
&amp#27;[38;5;16m[device-farm-main]&amp#27;[0m Updating lastCmdExecutedAt for device emulator-5554 in session 6321dc70-6fec-4012-b317-f80b5a87bd4d
&amp#27;[38;5;80m[AndroidUiautomator2Driver@39b4 (6321dc70)]&amp#27;[0m Calling AppiumDriver.setValue() with args: [["T","e","s","t"],"00000000-0000-00f1-0000-000c00000003","6321dc70-6fec-4012-b317-f80b5a87bd4d"]
&amp#27;[38;5;64m[AppiumDriver@07f6]&amp#27;[0m Clearing new command timeout pre-emptively since plugin(s) will handle this command
&amp#27;[38;5;64m[AppiumDriver@07f6]&amp#27;[0m Plugins which can handle cmd 'setValue': element-wait,device-farm,appium-dashboard
&amp#27;[38;5;64m[AppiumDriver@07f6]&amp#27;[0m Plugin appium-dashboard is now handling cmd 'setValue'
&amp#27;[38;5;64m[AppiumDriver@07f6]&amp#27;[0m Plugin device-farm is now handling cmd 'setValue'
&amp#27;[38;5;64m[AppiumDriver@07f6]&amp#27;[0m Plugin element-wait is now handling cmd 'setValue'
&amp#27;[38;5;160m[wait-plugin]&amp#27;[0m Wait for element to be clickable
&amp#27;[38;5;80m[AndroidUiautomator2Driver@39b4 (6321dc70)]&amp#27;[0m Matched '/element/T,e,s,t/attribute/enabled' to command name 'getAttribute'
&amp#27;[38;5;80m[AndroidUiautomator2Driver@39b4 (6321dc70)]&amp#27;[0m Proxying [GET /element/T,e,s,t/attribute/enabled] to [GET http://127.0.0.1:56454/session/d56c87ac-4af2-4811-85fb-512e8ede2dc0/element/T,e,s,t/attribute/enabled] with no body
&amp#27;[38;5;16m[device-farm-main]&amp#27;[0m Updating lastCmdExecutedAt for device emulator-5554 in session 6321dc70-6fec-4012-b317-f80b5a87bd4d
&amp#27;[38;5;80m[AndroidUiautomator2Driver@39b4 (6321dc70)]&amp#27;[0m Got response with status 404: {"sessionId":"d56c87ac-4af2-4811-85fb-512e8ede2dc0","value":{"error":"no such element","message":"The element identified by 'T,e,s,t' is not present in the cache or has expired. Try to find it again","stacktrace":"io.appium.uiautomator2.common.exceptions.ElementNotFoundException: The element identified by 'T,e,s,t' is not present in the cache or has expired. Try to find it again\n\tat io.appium.uiautomator2.model.ElementsCache.get(ElementsCache.java:160)\n\tat io.appium.uiautomator2.handler.GetElementAttribute.safeHandle(GetElementAttribute.java:23)\n\tat io.appium.uiautomator2.handler.request.SafeRequestHandler.handle(SafeRequestHandler.java:59)\n\tat io.appium.uiautomator2.server.AppiumServlet.handleRequest(AppiumServlet.java:277)\n\tat io.appium.uiautomator2.server.AppiumServlet.handleHttpRequest(AppiumServlet.java:271)\n\tat io.appium.uiautomator2.http.ServerHandler.channelRead(ServerHandler.java:77)\n\tat io.netty.channel.AbstractChannelHandlerContext.invokeChannelRead(AbstractChannelHandlerContext.ja...
&amp#27;[38;5;192m[W3C]&amp#27;[0m Matched W3C error code 'no such element' to NoSuchElementError
NoSuchElementError: The element identified by 'T,e,s,t' is not present in the cache or has expired. Try to find it again
    at errorFromW3CJsonCode (C:\Users\shubh\AppData\Roaming\npm\node_modules\appium\node_modules\@appium\base-driver\lib\protocol\errors.js:1085:25)
    at ProxyRequestError.getActualError (C:\Users\shubh\AppData\Roaming\npm\node_modules\appium\node_modules\@appium\base-driver\lib\protocol\errors.js:954:14)
    at UIA2Proxy.command (C:\Users\shubh\AppData\Roaming\npm\node_modules\appium\node_modules\@appium\base-driver\lib\jsonwp-proxy\proxy.js:353:19)
    at processTicksAndRejections (node:internal/process/task_queues:95:5)
    at AndroidUiautomator2Driver.getAttribute (C:\Users\shubh\.appium\node_modules\appium-uiautomator2-driver\lib\commands\element.js:33:7)
    at AndroidUiautomator2Driver.elementEnabled (C:\Users\shubh\.appium\node_modules\appium-uiautomator2-driver\lib\commands\element.js:44:19) {
  jsonwpCode: 7,
  error: 'no such element',
  w3cStatus: 404,
  _stacktrace: "io.appium.uiautomator2.common.exceptions.ElementNotFoundException: The element identified by 'T,e,s,t' is not present in the cache or has expired. Try to find it again\n" +
    '\tat io.appium.uiautomator2.model.ElementsCache.get(ElementsCache.java:160)\n' +
    '\tat io.appium.uiautomator2.handler.GetElementAttribute.safeHandle(GetElementAttribute.java:23)\n' +
    '\tat io.appium.uiautomator2.handler.request.SafeRequestHandler.handle(SafeRequestHandler.java:59)\n' +
    '\tat io.appium.uiautomator2.server.AppiumServlet.handleRequest(AppiumServlet.java:277)\n' +
    '\tat io.appium.uiautomator2.server.AppiumServlet.handleHttpRequest(AppiumServlet.java:271)\n' +
    '\tat io.appium.uiautomator2.http.ServerHandler.channelRead(ServerHandler.java:77)\n' +
    '\tat io.netty.channel.AbstractChannelHandlerContext.invokeChannelRead(AbstractChannelHandlerContext.java:366)\n' +
    '\tat io.netty.channel.AbstractChannelHandlerContext.invokeChannelRead(AbstractChannelHandlerContext.java:352)\n' +
    '\tat io.netty.channel.AbstractChannelHandlerContext.fireChannelRead(AbstractChannelHandlerContext.java:345)\n' +
    '\tat io.netty.handler.codec.MessageToMessageDecoder.channelRead(MessageToMessageDecoder.java:102)\n' +
    '\tat io.netty.channel.AbstractChannelHandlerContext.invokeChannelRead(AbstractChannelHandlerContext.java:366)\n' +
    '\tat io.netty.channel.AbstractChannelHandlerContext.invokeChannelRead(AbstractChannelHandlerContext.java:352)\n' +
    '\tat io.netty.channel.AbstractChannelHandlerContext.fireChannelRead(AbstractChannelHandlerContext.java:345)\n' +
    '\tat io.netty.channel.CombinedChannelDuplexHandler$DelegatingChannelHandlerContext.fireChannelRead(CombinedChannelDuplexHandler.java:435)\n' +
    '\tat io.netty.handler.codec.ByteToMessageDecoder.fireChannelRead(ByteToMessageDecoder.java:293)\n' +
    '\tat io.netty.handler.codec.ByteToMessageDecoder.channelRead(ByteToMessageDecoder.java:267)\n' +
    '\tat io.netty.channel.CombinedChannelDuplexHandler.channelRead(CombinedChannelDuplexHandler.java:250)\n' +
    '\tat io.netty.channel.AbstractChannelHandlerContext.invokeChannelRead(AbstractChannelHandlerContext.java:366)\n' +
    '\tat io.netty.channel.AbstractChannelHandlerContext.invokeChannelRead(AbstractChannelHandlerContext.java:352)\n' +
    '\tat io.netty.channel.AbstractChannelHandlerContext.fireChannelRead(AbstractChannelHandlerContext.java:345)\n' +
    '\tat io.netty.handler.timeout.IdleStateHandler.channelRead(IdleStateHandler.java:266)\n' +
    '\tat io.netty.channel.AbstractChannelHandlerContext.invokeChannelRead(AbstractChannelHandlerContext.java:366)\n' +
    '\tat io.netty.channel.AbstractChannelHandlerContext.invokeChannelRead(AbstractChannelHandlerContext.java:352)\n' +
    '\tat io.netty.channel.AbstractChannelHandlerContext.fireChannelRead(AbstractChannelHandlerContext.java:345)\n' +
    '\tat io.netty.channel.DefaultChannelPipeline$HeadContext.channelRead(DefaultChannelPipeline.java:1294)\n' +
    '\tat io.netty.channel.AbstractChannelHandlerContext.invokeChannelRead(AbstractChannelHandlerContext.java:366)\n' +
    '\tat io.netty.channel.AbstractChannelHandlerContext.invokeChannelRead(AbstractChannelHandlerContext.java:352)\n' +
    '\tat io.netty.channel.DefaultChannelPipeline.fireChannelRead(DefaultChannelPipeline.java:911)\n' +
    '\tat io.netty.channel.nio.AbstractNioByteChannel$NioByteUnsafe.read(AbstractNioByteChannel.java:131)\n' +
    '\tat io.netty.channel.nio.NioEventLoop.processSelectedKey(NioEventLoop.java:611)\n' +
    '\tat io.netty.channel.nio.NioEventLoop.processSelectedKeysOptimized(NioEventLoop.java:552)\n' +
    '\tat io.netty.channel.nio.NioEventLoop.processSelectedKeys(NioEventLoop.java:466)\n' +
    '\tat io.netty.channel.nio.NioEventLoop.run(NioEventLoop.java:438)\n' +
    '\tat io.netty.util.concurrent.SingleThreadEventExecutor$2.run(SingleThreadEventExecutor.java:140)\n' +
    '\tat io.netty.util.concurrent.DefaultThreadFactory$DefaultRunnableDecorator.run(DefaultThreadFactory.java:144)\n' +
    '\tat java.lang.Thread.run(Thread.java:1012)\n'
}
&amp#27;[38;5;160m[wait-plugin]&amp#27;[0m Element is enabled
&amp#27;[38;5;64m[AppiumDriver@07f6]&amp#27;[0m Executing default handling behavior for command 'setValue'
&amp#27;[38;5;80m[AndroidUiautomator2Driver@39b4 (6321dc70)]&amp#27;[0m Matched '/element/00000000-0000-00f1-0000-000c00000003/value' to command name 'setValue'
&amp#27;[38;5;80m[AndroidUiautomator2Driver@39b4 (6321dc70)]&amp#27;[0m Added 'value' property ["T","e","s","t"] to 'setValue' request body
&amp#27;[38;5;80m[AndroidUiautomator2Driver@39b4 (6321dc70)]&amp#27;[0m Proxying [POST /element/00000000-0000-00f1-0000-000c00000003/value] to [POST http://127.0.0.1:56454/session/d56c87ac-4af2-4811-85fb-512e8ede2dc0/element/00000000-0000-00f1-0000-000c00000003/value] with body: {"elementId":"00000000-0000-00f1-0000-000c00000003","text":"Test","replace":false,"value":["T","e","s","t"]}
&amp#27;[38;5;80m[AndroidUiautomator2Driver@39b4 (6321dc70)]&amp#27;[0m Got response with status 200: {"sessionId":"d56c87ac-4af2-4811-85fb-512e8ede2dc0","value":null}
&amp#27;[38;5;48m[HTTP]&amp#27;[0m &amp#27;[37m-->&amp#27;[39m &amp#27;[37mGET&amp#27;[39m &amp#27;[37m/wd-internal/session/6321dc70-6fec-4012-b317-f80b5a87bd4d/screenshot&amp#27;[39m
&amp#27;[38;5;48m[HTTP]&amp#27;[0m &amp#27;[90m{}&amp#27;[39m
&amp#27;[38;5;16m[device-farm-main]&amp#27;[0m Updating lastCmdExecutedAt for device emulator-5554 in session 6321dc70-6fec-4012-b317-f80b5a87bd4d
&amp#27;[38;5;80m[AndroidUiautomator2Driver@39b4 (6321dc70)]&amp#27;[0m Calling AppiumDriver.getScreenshot() with args: ["6321dc70-6fec-4012-b317-f80b5a87bd4d"]
&amp#27;[38;5;64m[AppiumDriver@07f6]&amp#27;[0m Clearing new command timeout pre-emptively since plugin(s) will handle this command
&amp#27;[38;5;64m[AppiumDriver@07f6]&amp#27;[0m Plugins which can handle cmd 'getScreenshot': element-wait,device-farm,appium-dashboard
&amp#27;[38;5;64m[AppiumDriver@07f6]&amp#27;[0m Plugin appium-dashboard is now handling cmd 'getScreenshot'
&amp#27;[38;5;64m[AppiumDriver@07f6]&amp#27;[0m Plugin device-farm is now handling cmd 'getScreenshot'
&amp#27;[38;5;64m[AppiumDriver@07f6]&amp#27;[0m Plugin element-wait is now handling cmd 'getScreenshot'
&amp#27;[38;5;64m[AppiumDriver@07f6]&amp#27;[0m Executing default handling behavior for command 'getScreenshot'
&amp#27;[38;5;16m[device-farm-main]&amp#27;[0m Updating lastCmdExecutedAt for device emulator-5554 in session 6321dc70-6fec-4012-b317-f80b5a87bd4d
&amp#27;[38;5;80m[AndroidUiautomator2Driver@39b4 (6321dc70)]&amp#27;[0m Matched '/screenshot' to command name 'getScreenshot'
&amp#27;[38;5;80m[AndroidUiautomator2Driver@39b4 (6321dc70)]&amp#27;[0m Proxying [GET /screenshot] to [GET http://127.0.0.1:56454/session/d56c87ac-4af2-4811-85fb-512e8ede2dc0/screenshot] with no body
&amp#27;[38;5;80m[AndroidUiautomator2Driver@39b4 (6321dc70)]&amp#27;[0m Got response with status 200: {"sessionId":"d56c87ac-4af2-4811-85fb-512e8ede2dc0","value":"iVBORw0KGgoAAAANSUhEUgAABDgAAAisCAYAAACtR1KuAAAAAXNSR0IArs4c6QAAAARzQklUCAgICHwIZIgAACAASURBVHic7N15QFTX3T7wZ4Zt2GVH3BBBRNlUUEAUN1zjkibVtKaatGn2N4kxSdu3TZv0rU1NXBKz76nGrKbZTEzEFTdEcQFlEQGRRRYZYFgGmGHm9wc/pqDMnTswMzDwfP7KcM899+DAhPvcc75HUl5ergURERERERERkRWT9vcAiIiIiIiIiIj6igEHEREREREREVk9BhxEREREREREZPUYcBARERERERGR1WPAQURERERERERWjwEHEREREREREVk9BhxEREREREREZPUYcBARERERERGR1WPAQURERERERERWjwEHEREREREREVk9BhxEREREREREZPUYcBARERERERGR1WPAQURERERERERWjwEHEREREREREVk92/4eANHN2tvb0dbWBpVKheLiYuTn5yM/Px+NjY0YPnw4goODERISAi8vL8hkMtja2kIqZVZnjbRaLdrb26HRaKBWq6HRaAAAEokEUqlU997a2Nj080iJiIiIBh+lUomKigooFAo0NTVBqVTC0dERzs7OcHNzg7+/PxwdHft7mCZXW1sLDw8Pi1wrJSVF8Pi4ceMQFBRkkbEMBZLy8nJtfw+CSKPRoL29Ha2traiurkZOTg5yc3NRU1MDlUp1S3s7OzuMHDkSERERGDduHNzd3WFnZwdbW1tIJJJ++A5M49q1a3jttdeMPk8ikSAsLAxr1qyBnZ2dGUZmOlqtFmq1Gi0tLVAqlZDL5aivr0dNTQ3a2toAAFKpFI6OjvD29oa7uzs8PDzg4OAABwcHhh1EREREvVRaWoorV66goKAA5eXlaGhoMHiOq6srAgICMG7cOISEhGDEiBEWGKn5HD9+HDU1NVi+fLlFrvfMM88IHg8K...
&amp#27;[38;5;80m[AndroidUiautomator2Driver@39b4 (6321dc70)]&amp#27;[0m Responding to client with driver.getScreenshot() result: "iVBORw0KGgoAAAANSUhEUgAABDgAAAisCAYAAACtR1KuAAAAAXNSR0IArs4c6QAAAARzQklUCAgICHwIZIgAACAASURBVHic7N15QFTX3T7wZ4Zt2GVH3BBBRNlUUEAUN1zjkibVtKaatGn2N4kxSdu3TZv0rU1NXBKz76nGrKbZTEzEFTdEcQFlEQGRRRYZYFgGmGHm9wc/pqDMnTswMzDwfP7KcM899+DAhPvcc75HUl5ergURERERERERkRWT9vcAiIiIiIiIiIj6igEHEREREREREVk9BhxEREREREREZPUYcBARERERERGR1WPAQURERERERERWjwEHEREREREREVk9BhxEREREREREZPUYcBARERERERGR1WPAQURERERERERWjwEHEREREREREVk9BhxEREREREREZPUYcBARERERERGR1WPAQURERERERERWjwEHEREREREREVk92/4eANHN2tvb0dbWBpVKheLiYuTn5yM/Px+NjY0YPnw4goODERISAi8vL8hkMtja2kIqZVZnjbRaLdrb26HRaKBWq6HRaAAAEokEUqlU997a2Nj080iJiIiIBh+lUomKigooFAo0NTVBqVTC0dERzs7OcHNzg7+/PxwdHft7mCZXW1sLDw8Pi1wrJSVF8Pi4ceMQFBRkkbEMBZLy8nJtfw+CSKPRoL29Ha2traiurkZOTg5yc3NRU1MDlUp1S3s7OzuMHDkSERERGDduHNzd3WFnZwdbW1tIJJJ++A5M49q1a3jttdeMPk8ikSAsLAxr1qyBnZ2dGUZmOlqtFmq1Gi0tLVAqlZDL5aivr0dNTQ3a2toAAFKpFI6OjvD29oa7uzs8PDzg4OAABwcHhh1EREREvVRaWoorV66goKAA5eXlaGhoMHiOq6srAgICMG7cOISEhGDEiBEWGKn5HD9+HDU1NVi+fLlFrvfMM88IHg8KCsKDDz5okbEMBZzBQf2m8+m9Wq1GbW0trly5gtOnT6O6uhrt7e23tJdKpdBq...
&amp#27;[38;5;48m[HTTP]&amp#27;[0m &amp#27;[37m<-- GET /session/6321dc70-6fec-4012-b317-f80b5a87bd4d/screenshot &amp#27;[39m&amp#27;[32m200&amp#27;[39m &amp#27;[90m738 ms - 52688&amp#27;[39m
&amp#27;[38;5;48m[HTTP]&amp#27;[0m &amp#27;[90m&amp#27;[39m
&amp#27;[38;5;80m[AndroidUiautomator2Driver@39b4 (6321dc70)]&amp#27;[0m Responding to client with driver.setValue() result: null
&amp#27;[38;5;48m[HTTP]&amp#27;[0m &amp#27;[37m<-- POST /session/6321dc70-6fec-4012-b317-f80b5a87bd4d/element/00000000-0000-00f1-0000-000c00000003/value &amp#27;[39m&amp#27;[32m200&amp#27;[39m &amp#27;[90m902 ms - 14&amp#27;[39m
&amp#27;[38;5;48m[HTTP]&amp#27;[0m &amp#27;[90m&amp#27;[39m
&amp#27;[38;5;48m[HTTP]&amp#27;[0m &amp#27;[37m-->&amp#27;[39m &amp#27;[37mGET&amp#27;[39m &amp#27;[37m/session/6321dc70-6fec-4012-b317-f80b5a87bd4d/context&amp#27;[39m
&amp#27;[38;5;48m[HTTP]&amp#27;[0m &amp#27;[90m{}&amp#27;[39m
&amp#27;[38;5;16m[device-farm-main]&amp#27;[0m Updating lastCmdExecutedAt for device emulator-5554 in session 6321dc70-6fec-4012-b317-f80b5a87bd4d
&amp#27;[38;5;80m[AndroidUiautomator2Driver@39b4 (6321dc70)]&amp#27;[0m Calling AppiumDriver.getCurrentContext() with args: ["6321dc70-6fec-4012-b317-f80b5a87bd4d"]
&amp#27;[38;5;64m[AppiumDriver@07f6]&amp#27;[0m Clearing new command timeout pre-emptively since plugin(s) will handle this command
&amp#27;[38;5;64m[AppiumDriver@07f6]&amp#27;[0m Plugins which can handle cmd 'getCurrentContext': element-wait,device-farm,appium-dashboard
&amp#27;[38;5;64m[AppiumDriver@07f6]&amp#27;[0m Plugin appium-dashboard is now handling cmd 'getCurrentContext'
&amp#27;[38;5;64m[AppiumDriver@07f6]&amp#27;[0m Plugin device-farm is now handling cmd 'getCurrentContext'
&amp#27;[38;5;64m[AppiumDriver@07f6]&amp#27;[0m Plugin element-wait is now handling cmd 'getCurrentContext'
&amp#27;[38;5;64m[AppiumDriver@07f6]&amp#27;[0m Executing default handling behavior for command 'getCurrentContext'
&amp#27;[38;5;16m[device-farm-main]&amp#27;[0m Updating lastCmdExecutedAt for device emulator-5554 in session 6321dc70-6fec-4012-b317-f80b5a87bd4d
&amp#27;[38;5;80m[AndroidUiautomator2Driver@39b4 (6321dc70)]&amp#27;[0m Responding to client with driver.getCurrentContext() result: "NATIVE_APP"
&amp#27;[38;5;48m[HTTP]&amp#27;[0m &amp#27;[37m<-- GET /session/6321dc70-6fec-4012-b317-f80b5a87bd4d/context &amp#27;[39m&amp#27;[32m200&amp#27;[39m &amp#27;[90m32 ms - 22&amp#27;[39m
&amp#27;[38;5;48m[HTTP]&amp#27;[0m &amp#27;[90m&amp#27;[39m
&amp#27;[38;5;48m[HTTP]&amp#27;[0m &amp#27;[37m-->&amp#27;[39m &amp#27;[37mPOST&amp#27;[39m &amp#27;[37m/session/6321dc70-6fec-4012-b317-f80b5a87bd4d/element&amp#27;[39m
&amp#27;[38;5;48m[HTTP]&amp#27;[0m &amp#27;[90m{"using":"accessibility id","value":"SAVE"}&amp#27;[39m
&amp#27;[38;5;16m[device-farm-main]&amp#27;[0m Updating lastCmdExecutedAt for device emulator-5554 in session 6321dc70-6fec-4012-b317-f80b5a87bd4d
&amp#27;[38;5;80m[AndroidUiautomator2Driver@39b4 (6321dc70)]&amp#27;[0m Calling AppiumDriver.findElement() with args: ["accessibility id","SAVE","6321dc70-6fec-4012-b317-f80b5a87bd4d"]
&amp#27;[38;5;64m[AppiumDriver@07f6]&amp#27;[0m Clearing new command timeout pre-emptively since plugin(s) will handle this command
&amp#27;[38;5;64m[AppiumDriver@07f6]&amp#27;[0m Plugins which can handle cmd 'findElement': element-wait,device-farm,appium-dashboard
&amp#27;[38;5;64m[AppiumDriver@07f6]&amp#27;[0m Plugin appium-dashboard is now handling cmd 'findElement'
&amp#27;[38;5;64m[AppiumDriver@07f6]&amp#27;[0m Plugin device-farm is now handling cmd 'findElement'
&amp#27;[38;5;64m[AppiumDriver@07f6]&amp#27;[0m Plugin element-wait is now handling cmd 'findElement'
- Waiting to find element with accessibility id strategy for SAVE selector
&amp#27;[38;5;16m[device-farm-main]&amp#27;[0m Updating lastCmdExecutedAt for device emulator-5554 in session 6321dc70-6fec-4012-b317-f80b5a87bd4d
&amp#27;[38;5;160m[wait-plugin]&amp#27;[0m Element with accessibility id strategy for SAVE selector found.
&amp#27;[38;5;160m[wait-plugin]&amp#27;[0m Check if element is displayed
&amp#27;[38;5;80m[AndroidUiautomator2Driver@39b4 (6321dc70)]&amp#27;[0m Matched '/element/00000000-0000-00f1-0000-000e00000003/attribute/displayed' to command name 'getAttribute'
&amp#27;[38;5;80m[AndroidUiautomator2Driver@39b4 (6321dc70)]&amp#27;[0m Proxying [GET /element/00000000-0000-00f1-0000-000e00000003/attribute/displayed] to [GET http://127.0.0.1:56454/session/d56c87ac-4af2-4811-85fb-512e8ede2dc0/element/00000000-0000-00f1-0000-000e00000003/attribute/displayed] with no body
&amp#27;[38;5;80m[AndroidUiautomator2Driver@39b4 (6321dc70)]&amp#27;[0m Got response with status 200: {"sessionId":"d56c87ac-4af2-4811-85fb-512e8ede2dc0","value":"true"}
&amp#27;[38;5;160m[wait-plugin]&amp#27;[0m Element is displayed!
√ Waiting to find element with accessibility id strategy for SAVE selector
&amp#27;[38;5;64m[AppiumDriver@07f6]&amp#27;[0m Executing default handling behavior for command 'findElement'
&amp#27;[38;5;80m[AndroidUiautomator2Driver@39b4 (6321dc70)]&amp#27;[0m Valid locator strategies for this request: xpath, id, class name, accessibility id, css selector, -android uiautomator
&amp#27;[38;5;80m[AndroidUiautomator2Driver@39b4 (6321dc70)]&amp#27;[0m Waiting up to 0 ms for condition
&amp#27;[38;5;80m[AndroidUiautomator2Driver@39b4 (6321dc70)]&amp#27;[0m Matched '/element' to command name 'findElement'
&amp#27;[38;5;80m[AndroidUiautomator2Driver@39b4 (6321dc70)]&amp#27;[0m Proxying [POST /element] to [POST http://127.0.0.1:56454/session/d56c87ac-4af2-4811-85fb-512e8ede2dc0/element] with body: {"strategy":"accessibility id","selector":"SAVE","context":"","multiple":false}
&amp#27;[38;5;80m[AndroidUiautomator2Driver@39b4 (6321dc70)]&amp#27;[0m Got response with status 200: {"sessionId":"d56c87ac-4af2-4811-85fb-512e8ede2dc0","value":{"ELEMENT":"00000000-0000-00f1-0000-000e00000003","element-6066-11e4-a52e-4f735466cecf":"00000000-0000-00f1-0000-000e00000003"}}
&amp#27;[38;5;80m[AndroidUiautomator2Driver@39b4 (6321dc70)]&amp#27;[0m Responding to client with driver.findElement() result: {"element-6066-11e4-a52e-4f735466cecf":"00000000-0000-00f1-0000-000e00000003","ELEMENT":"00000000-0000-00f1-0000-000e00000003"}
&amp#27;[38;5;48m[HTTP]&amp#27;[0m &amp#27;[37m<-- POST /session/6321dc70-6fec-4012-b317-f80b5a87bd4d/element &amp#27;[39m&amp#27;[32m200&amp#27;[39m &amp#27;[90m543 ms - 137&amp#27;[39m
&amp#27;[38;5;48m[HTTP]&amp#27;[0m &amp#27;[90m&amp#27;[39m
&amp#27;[38;5;48m[HTTP]&amp#27;[0m &amp#27;[37m-->&amp#27;[39m &amp#27;[37mPOST&amp#27;[39m &amp#27;[37m/session/6321dc70-6fec-4012-b317-f80b5a87bd4d/element/00000000-0000-00f1-0000-000e00000003/click&amp#27;[39m
&amp#27;[38;5;48m[HTTP]&amp#27;[0m &amp#27;[90m{"id":"00000000-0000-00f1-0000-000e00000003"}&amp#27;[39m
&amp#27;[38;5;16m[device-farm-main]&amp#27;[0m Updating lastCmdExecutedAt for device emulator-5554 in session 6321dc70-6fec-4012-b317-f80b5a87bd4d
&amp#27;[38;5;80m[AndroidUiautomator2Driver@39b4 (6321dc70)]&amp#27;[0m Calling AppiumDriver.click() with args: ["00000000-0000-00f1-0000-000e00000003","6321dc70-6fec-4012-b317-f80b5a87bd4d"]
&amp#27;[38;5;64m[AppiumDriver@07f6]&amp#27;[0m Clearing new command timeout pre-emptively since plugin(s) will handle this command
&amp#27;[38;5;64m[AppiumDriver@07f6]&amp#27;[0m Plugins which can handle cmd 'click': element-wait,device-farm,appium-dashboard
&amp#27;[38;5;64m[AppiumDriver@07f6]&amp#27;[0m Plugin appium-dashboard is now handling cmd 'click'
&amp#27;[38;5;64m[AppiumDriver@07f6]&amp#27;[0m Plugin device-farm is now handling cmd 'click'
&amp#27;[38;5;64m[AppiumDriver@07f6]&amp#27;[0m Plugin element-wait is now handling cmd 'click'
&amp#27;[38;5;160m[wait-plugin]&amp#27;[0m Wait for element to be clickable
&amp#27;[38;5;80m[AndroidUiautomator2Driver@39b4 (6321dc70)]&amp#27;[0m Matched '/element/00000000-0000-00f1-0000-000e00000003/attribute/enabled' to command name 'getAttribute'
&amp#27;[38;5;80m[AndroidUiautomator2Driver@39b4 (6321dc70)]&amp#27;[0m Proxying [GET /element/00000000-0000-00f1-0000-000e00000003/attribute/enabled] to [GET http://127.0.0.1:56454/session/d56c87ac-4af2-4811-85fb-512e8ede2dc0/element/00000000-0000-00f1-0000-000e00000003/attribute/enabled] with no body
&amp#27;[38;5;16m[device-farm-main]&amp#27;[0m Updating lastCmdExecutedAt for device emulator-5554 in session 6321dc70-6fec-4012-b317-f80b5a87bd4d
&amp#27;[38;5;80m[AndroidUiautomator2Driver@39b4 (6321dc70)]&amp#27;[0m Got response with status 200: {"sessionId":"d56c87ac-4af2-4811-85fb-512e8ede2dc0","value":"true"}
&amp#27;[38;5;160m[wait-plugin]&amp#27;[0m Element is enabled
&amp#27;[38;5;64m[AppiumDriver@07f6]&amp#27;[0m Executing default handling behavior for command 'click'
&amp#27;[38;5;80m[AndroidUiautomator2Driver@39b4 (6321dc70)]&amp#27;[0m Matched '/element/00000000-0000-00f1-0000-000e00000003/click' to command name 'click'
&amp#27;[38;5;80m[AndroidUiautomator2Driver@39b4 (6321dc70)]&amp#27;[0m Proxying [POST /element/00000000-0000-00f1-0000-000e00000003/click] to [POST http://127.0.0.1:56454/session/d56c87ac-4af2-4811-85fb-512e8ede2dc0/element/00000000-0000-00f1-0000-000e00000003/click] with body: {"element":"00000000-0000-00f1-0000-000e00000003"}
&amp#27;[38;5;80m[AndroidUiautomator2Driver@39b4 (6321dc70)]&amp#27;[0m Got response with status 200: {"sessionId":"d56c87ac-4af2-4811-85fb-512e8ede2dc0","value":null}
&amp#27;[38;5;48m[HTTP]&amp#27;[0m &amp#27;[37m-->&amp#27;[39m &amp#27;[37mGET&amp#27;[39m &amp#27;[37m/wd-internal/session/6321dc70-6fec-4012-b317-f80b5a87bd4d/screenshot&amp#27;[39m
&amp#27;[38;5;48m[HTTP]&amp#27;[0m &amp#27;[90m{}&amp#27;[39m
&amp#27;[38;5;16m[device-farm-main]&amp#27;[0m Updating lastCmdExecutedAt for device emulator-5554 in session 6321dc70-6fec-4012-b317-f80b5a87bd4d
&amp#27;[38;5;80m[AndroidUiautomator2Driver@39b4 (6321dc70)]&amp#27;[0m Calling AppiumDriver.getScreenshot() with args: ["6321dc70-6fec-4012-b317-f80b5a87bd4d"]
&amp#27;[38;5;64m[AppiumDriver@07f6]&amp#27;[0m Clearing new command timeout pre-emptively since plugin(s) will handle this command
&amp#27;[38;5;64m[AppiumDriver@07f6]&amp#27;[0m Plugins which can handle cmd 'getScreenshot': element-wait,device-farm,appium-dashboard
&amp#27;[38;5;64m[AppiumDriver@07f6]&amp#27;[0m Plugin appium-dashboard is now handling cmd 'getScreenshot'
&amp#27;[38;5;64m[AppiumDriver@07f6]&amp#27;[0m Plugin device-farm is now handling cmd 'getScreenshot'
&amp#27;[38;5;64m[AppiumDriver@07f6]&amp#27;[0m Plugin element-wait is now handling cmd 'getScreenshot'
&amp#27;[38;5;64m[AppiumDriver@07f6]&amp#27;[0m Executing default handling behavior for command 'getScreenshot'
&amp#27;[38;5;16m[device-farm-main]&amp#27;[0m Updating lastCmdExecutedAt for device emulator-5554 in session 6321dc70-6fec-4012-b317-f80b5a87bd4d
&amp#27;[38;5;80m[AndroidUiautomator2Driver@39b4 (6321dc70)]&amp#27;[0m Matched '/screenshot' to command name 'getScreenshot'
&amp#27;[38;5;80m[AndroidUiautomator2Driver@39b4 (6321dc70)]&amp#27;[0m Proxying [GET /screenshot] to [GET http://127.0.0.1:56454/session/d56c87ac-4af2-4811-85fb-512e8ede2dc0/screenshot] with no body
&amp#27;[38;5;80m[AndroidUiautomator2Driver@39b4 (6321dc70)]&amp#27;[0m Got response with status 200: {"sessionId":"d56c87ac-4af2-4811-85fb-512e8ede2dc0","value":"iVBORw0KGgoAAAANSUhEUgAABDgAAAisCAYAAACtR1KuAAAAAXNSR0IArs4c6QAAAARzQklUCAgICHwIZIgAACAASURBVHic7N13WJRX3j/+9xQ6DE1EsSEWRFFsKNhjiS2WRB9TTGKMScymbbLJmp6YrDE9myeJMcmmG7NZo7+NJTawYxdUUIpIkyJF6gADM8PM7w++zCNS7nsqM/B+XVeuK8OcOefgwDDzvs/5HElBQYEeREREREREREQOTNrREyAiIiIiIiIiMhcDDiIiIiIiIiJyeAw4iIiIiIiIiMjhMeAgIiIiIiIiIofHgIOIiIiIiIiIHB4DDiIiIiIiIiJyeAw4iIiIiIiIiMjhMeAgIiIiIiIiIofHgIOIiIiIiIiIHB4DDiIiIiIiIiJyeAw4iIiIiIiIiMjhMeAgIiIiIiIiIofHgIOIiIiIiIiIHB4DDiIiIiIiIiJyePKOngDRrRoaGqBWq6HRaJCTk4P09HSkp6ejuroaPXv2xMCBAzFo0CD4+/vD1dUVcrkcUimzOkek1+vR0NAAnU4HrVYLnU4HAJBIJJBKpYbnViaTdfBMiYiIiDoflUqFwsJCVFVVoaamBiqVCm5ubvDw8IBCoUCPHj3g5ubW0dO0uPLycvj6+tpkrJiYmHbvHzBgAEJCQmwyl65AUlBQoO/oSRDpdDo0NDSgvr4eJSUlSElJQWpqKkpLS6HRaFq0d3JyQu/evTF8+HAMGDAA3t7ecHJyglwuh0Qi6YDvwDKuXbuGL774wujHSSQShIWFYfny5XBycrLCzCxHr9dDq9Wirq4OKpUKZWVlqKysRGlpKdRqNQBAKpXCzc0N3bp1g7e3N3x9feHi4gIXFxeGHUREREQmysvLw9WrV5GRkYGCggIolUrBx3h5eSEoKAgDBgzAoEGD0KtXLxvM1HqOHz+O0tJSLFy40CbjrVmzpt37Q0JC...
&amp#27;[38;5;80m[AndroidUiautomator2Driver@39b4 (6321dc70)]&amp#27;[0m Responding to client with driver.getScreenshot() result: "iVBORw0KGgoAAAANSUhEUgAABDgAAAisCAYAAACtR1KuAAAAAXNSR0IArs4c6QAAAARzQklUCAgICHwIZIgAACAASURBVHic7N13WJRX3j/+9xQ6DE1EsSEWRFFsKNhjiS2WRB9TTGKMScymbbLJmp6YrDE9myeJMcmmG7NZo7+NJTawYxdUUIpIkyJF6gADM8PM7w++zCNS7nsqM/B+XVeuK8OcOefgwDDzvs/5HElBQYEeREREREREREQOTNrREyAiIiIiIiIiMhcDDiIiIiIiIiJyeAw4iIiIiIiIiMjhMeAgIiIiIiIiIofHgIOIiIiIiIiIHB4DDiIiIiIiIiJyeAw4iIiIiIiIiMjhMeAgIiIiIiIiIofHgIOIiIiIiIiIHB4DDiIiIiIiIiJyeAw4iIiIiIiIiMjhMeAgIiIiIiIiIofHgIOIiIiIiIiIHB4DDiIiIiIiIiJyePKOngDRrRoaGqBWq6HRaJCTk4P09HSkp6ejuroaPXv2xMCBAzFo0CD4+/vD1dUVcrkcUimzOkek1+vR0NAAnU4HrVYLnU4HAJBIJJBKpYbnViaTdfBMiYiIiDoflUqFwsJCVFVVoaamBiqVCm5ubvDw8IBCoUCPHj3g5ubW0dO0uPLycvj6+tpkrJiYmHbvHzBgAEJCQmwyl65AUlBQoO/oSRDpdDo0NDSgvr4eJSUlSElJQWpqKkpLS6HRaFq0d3JyQu/evTF8+HAMGDAA3t7ecHJyglwuh0Qi6YDvwDKuXbuGL774wujHSSQShIWFYfny5XBycrLCzCxHr9dDq9Wirq4OKpUKZWVlqKysRGlpKdRqNQBAKpXCzc0N3bp1g7e3N3x9feHi4gIXFxeGHUREREQmysvLw9WrV5GRkYGCggIolUrBx3h5eSEoKAgDBgzAoEGD0KtXLxvM1HqOHz+O0tJSLFy40CbjrVmzpt37Q0JC8Pjjj9tkLl0BV3BQh2m6eq/ValFeXo6rV6/i7NmzKCkpQUNDQ4v2UqkUer0e...
&amp#27;[38;5;48m[HTTP]&amp#27;[0m &amp#27;[37m<-- GET /session/6321dc70-6fec-4012-b317-f80b5a87bd4d/screenshot &amp#27;[39m&amp#27;[32m200&amp#27;[39m &amp#27;[90m614 ms - 81148&amp#27;[39m
&amp#27;[38;5;48m[HTTP]&amp#27;[0m &amp#27;[90m&amp#27;[39m
&amp#27;[38;5;80m[AndroidUiautomator2Driver@39b4 (6321dc70)]&amp#27;[0m Responding to client with driver.click() result: null
&amp#27;[38;5;48m[HTTP]&amp#27;[0m &amp#27;[37m<-- POST /session/6321dc70-6fec-4012-b317-f80b5a87bd4d/element/00000000-0000-00f1-0000-000e00000003/click &amp#27;[39m&amp#27;[32m200&amp#27;[39m &amp#27;[90m911 ms - 14&amp#27;[39m
&amp#27;[38;5;48m[HTTP]&amp#27;[0m &amp#27;[90m&amp#27;[39m
List added successfully!
]]></system-out>
  </testcase>
  <testcase name="EditListtest" classname="com.shubham.projects.AppTest.AddListTest" time="13.031">
    <system-out><![CDATA[&amp#27;[38;5;48m[HTTP]&amp#27;[0m &amp#27;[37m-->&amp#27;[39m &amp#27;[37mGET&amp#27;[39m &amp#27;[37m/session/6321dc70-6fec-4012-b317-f80b5a87bd4d/context&amp#27;[39m
&amp#27;[38;5;48m[HTTP]&amp#27;[0m &amp#27;[90m{}&amp#27;[39m
&amp#27;[38;5;16m[device-farm-main]&amp#27;[0m Updating lastCmdExecutedAt for device emulator-5554 in session 6321dc70-6fec-4012-b317-f80b5a87bd4d
&amp#27;[38;5;80m[AndroidUiautomator2Driver@39b4 (6321dc70)]&amp#27;[0m Calling AppiumDriver.getCurrentContext() with args: ["6321dc70-6fec-4012-b317-f80b5a87bd4d"]
&amp#27;[38;5;64m[AppiumDriver@07f6]&amp#27;[0m Clearing new command timeout pre-emptively since plugin(s) will handle this command
&amp#27;[38;5;64m[AppiumDriver@07f6]&amp#27;[0m Plugins which can handle cmd 'getCurrentContext': element-wait,device-farm,appium-dashboard
&amp#27;[38;5;64m[AppiumDriver@07f6]&amp#27;[0m Plugin appium-dashboard is now handling cmd 'getCurrentContext'
&amp#27;[38;5;64m[AppiumDriver@07f6]&amp#27;[0m Plugin device-farm is now handling cmd 'getCurrentContext'
&amp#27;[38;5;64m[AppiumDriver@07f6]&amp#27;[0m Plugin element-wait is now handling cmd 'getCurrentContext'
&amp#27;[38;5;64m[AppiumDriver@07f6]&amp#27;[0m Executing default handling behavior for command 'getCurrentContext'
&amp#27;[38;5;16m[device-farm-main]&amp#27;[0m Updating lastCmdExecutedAt for device emulator-5554 in session 6321dc70-6fec-4012-b317-f80b5a87bd4d
&amp#27;[38;5;80m[AndroidUiautomator2Driver@39b4 (6321dc70)]&amp#27;[0m Responding to client with driver.getCurrentContext() result: "NATIVE_APP"
&amp#27;[38;5;48m[HTTP]&amp#27;[0m &amp#27;[37m<-- GET /session/6321dc70-6fec-4012-b317-f80b5a87bd4d/context &amp#27;[39m&amp#27;[32m200&amp#27;[39m &amp#27;[90m22 ms - 22&amp#27;[39m
&amp#27;[38;5;48m[HTTP]&amp#27;[0m &amp#27;[90m&amp#27;[39m
&amp#27;[38;5;48m[HTTP]&amp#27;[0m &amp#27;[37m-->&amp#27;[39m &amp#27;[37mPOST&amp#27;[39m &amp#27;[37m/session/6321dc70-6fec-4012-b317-f80b5a87bd4d/element&amp#27;[39m
&amp#27;[38;5;48m[HTTP]&amp#27;[0m &amp#27;[90m{"using":"class name","value":"android.widget.ImageView"}&amp#27;[39m
&amp#27;[38;5;16m[device-farm-main]&amp#27;[0m Updating lastCmdExecutedAt for device emulator-5554 in session 6321dc70-6fec-4012-b317-f80b5a87bd4d
&amp#27;[38;5;80m[AndroidUiautomator2Driver@39b4 (6321dc70)]&amp#27;[0m Calling AppiumDriver.findElement() with args: ["class name","android.widget.ImageView","6321dc70-6fec-4012-b317-f80b5a87bd4d"]
&amp#27;[38;5;64m[AppiumDriver@07f6]&amp#27;[0m Clearing new command timeout pre-emptively since plugin(s) will handle this command
&amp#27;[38;5;64m[AppiumDriver@07f6]&amp#27;[0m Plugins which can handle cmd 'findElement': element-wait,device-farm,appium-dashboard
&amp#27;[38;5;64m[AppiumDriver@07f6]&amp#27;[0m Plugin appium-dashboard is now handling cmd 'findElement'
&amp#27;[38;5;64m[AppiumDriver@07f6]&amp#27;[0m Plugin device-farm is now handling cmd 'findElement'
&amp#27;[38;5;64m[AppiumDriver@07f6]&amp#27;[0m Plugin element-wait is now handling cmd 'findElement'
- Waiting to find element with class name strategy for android.widget.ImageView selector
&amp#27;[38;5;16m[device-farm-main]&amp#27;[0m Updating lastCmdExecutedAt for device emulator-5554 in session 6321dc70-6fec-4012-b317-f80b5a87bd4d
&amp#27;[38;5;160m[wait-plugin]&amp#27;[0m Element with class name strategy for android.widget.ImageView selector found.
&amp#27;[38;5;160m[wait-plugin]&amp#27;[0m Check if element is displayed
&amp#27;[38;5;80m[AndroidUiautomator2Driver@39b4 (6321dc70)]&amp#27;[0m Matched '/element/00000000-0000-00f1-0000-001000000003/attribute/displayed' to command name 'getAttribute'
&amp#27;[38;5;80m[AndroidUiautomator2Driver@39b4 (6321dc70)]&amp#27;[0m Proxying [GET /element/00000000-0000-00f1-0000-001000000003/attribute/displayed] to [GET http://127.0.0.1:56454/session/d56c87ac-4af2-4811-85fb-512e8ede2dc0/element/00000000-0000-00f1-0000-001000000003/attribute/displayed] with no body
&amp#27;[38;5;80m[AndroidUiautomator2Driver@39b4 (6321dc70)]&amp#27;[0m Got response with status 200: {"sessionId":"d56c87ac-4af2-4811-85fb-512e8ede2dc0","value":"true"}
&amp#27;[38;5;160m[wait-plugin]&amp#27;[0m Element is displayed!
√ Waiting to find element with class name strategy for android.widget.ImageView selector
&amp#27;[38;5;64m[AppiumDriver@07f6]&amp#27;[0m Executing default handling behavior for command 'findElement'
&amp#27;[38;5;80m[AndroidUiautomator2Driver@39b4 (6321dc70)]&amp#27;[0m Valid locator strategies for this request: xpath, id, class name, accessibility id, css selector, -android uiautomator
&amp#27;[38;5;80m[AndroidUiautomator2Driver@39b4 (6321dc70)]&amp#27;[0m Waiting up to 0 ms for condition
&amp#27;[38;5;80m[AndroidUiautomator2Driver@39b4 (6321dc70)]&amp#27;[0m Matched '/element' to command name 'findElement'
&amp#27;[38;5;80m[AndroidUiautomator2Driver@39b4 (6321dc70)]&amp#27;[0m Proxying [POST /element] to [POST http://127.0.0.1:56454/session/d56c87ac-4af2-4811-85fb-512e8ede2dc0/element] with body: {"strategy":"class name","selector":"android.widget.ImageView","context":"","multiple":false}
&amp#27;[38;5;80m[AndroidUiautomator2Driver@39b4 (6321dc70)]&amp#27;[0m Got response with status 200: {"sessionId":"d56c87ac-4af2-4811-85fb-512e8ede2dc0","value":{"ELEMENT":"00000000-0000-00f1-0000-001000000003","element-6066-11e4-a52e-4f735466cecf":"00000000-0000-00f1-0000-001000000003"}}
&amp#27;[38;5;80m[AndroidUiautomator2Driver@39b4 (6321dc70)]&amp#27;[0m Responding to client with driver.findElement() result: {"element-6066-11e4-a52e-4f735466cecf":"00000000-0000-00f1-0000-001000000003","ELEMENT":"00000000-0000-00f1-0000-001000000003"}
&amp#27;[38;5;48m[HTTP]&amp#27;[0m &amp#27;[37m<-- POST /session/6321dc70-6fec-4012-b317-f80b5a87bd4d/element &amp#27;[39m&amp#27;[32m200&amp#27;[39m &amp#27;[90m101 ms - 137&amp#27;[39m
&amp#27;[38;5;48m[HTTP]&amp#27;[0m &amp#27;[90m&amp#27;[39m
&amp#27;[38;5;48m[HTTP]&amp#27;[0m &amp#27;[37m-->&amp#27;[39m &amp#27;[37mPOST&amp#27;[39m &amp#27;[37m/session/6321dc70-6fec-4012-b317-f80b5a87bd4d/execute/sync&amp#27;[39m
&amp#27;[38;5;48m[HTTP]&amp#27;[0m &amp#27;[90m{"script":"mobile: longClickGesture","args":[{"elementId":"00000000-0000-00f1-0000-001000000003","duration":2000}]}&amp#27;[39m
&amp#27;[38;5;16m[device-farm-main]&amp#27;[0m Updating lastCmdExecutedAt for device emulator-5554 in session 6321dc70-6fec-4012-b317-f80b5a87bd4d
&amp#27;[38;5;80m[AndroidUiautomator2Driver@39b4 (6321dc70)]&amp#27;[0m Calling AppiumDriver.execute() with args: ["mobile: longClickGesture",[{"elementId":"00000000-0000-00f1-0000-001000000003","duration":2000}],"6321dc70-6fec-4012-b317-f80b5a87bd4d"]
&amp#27;[38;5;64m[AppiumDriver@07f6]&amp#27;[0m Clearing new command timeout pre-emptively since plugin(s) will handle this command
&amp#27;[38;5;64m[AppiumDriver@07f6]&amp#27;[0m Plugins which can handle cmd 'execute': element-wait,device-farm,appium-dashboard
&amp#27;[38;5;64m[AppiumDriver@07f6]&amp#27;[0m Plugin appium-dashboard is now handling cmd 'execute'
&amp#27;[38;5;64m[AppiumDriver@07f6]&amp#27;[0m Plugin device-farm is now handling cmd 'execute'
&amp#27;[38;5;64m[AppiumDriver@07f6]&amp#27;[0m Plugin element-wait is now handling cmd 'execute'
&amp#27;[38;5;176m[Plugin [element-wait]]&amp#27;[0m Plugin did not know how to handle method 'mobile: longClickGesture'. Passing control to next
&amp#27;[38;5;64m[AppiumDriver@07f6]&amp#27;[0m Executing default handling behavior for command 'execute'
&amp#27;[38;5;80m[AndroidUiautomator2Driver@39b4 (6321dc70)]&amp#27;[0m Executing method 'mobile: longClickGesture'
&amp#27;[38;5;80m[AndroidUiautomator2Driver@39b4 (6321dc70)]&amp#27;[0m Proxying [POST /appium/gestures/long_click] to [POST http://127.0.0.1:56454/session/d56c87ac-4af2-4811-85fb-512e8ede2dc0/appium/gestures/long_click] with body: {"origin":{"ELEMENT":"00000000-0000-00f1-0000-001000000003","element-6066-11e4-a52e-4f735466cecf":"00000000-0000-00f1-0000-001000000003"},"duration":2000}
&amp#27;[38;5;16m[device-farm-main]&amp#27;[0m Updating lastCmdExecutedAt for device emulator-5554 in session 6321dc70-6fec-4012-b317-f80b5a87bd4d
&amp#27;[38;5;80m[AndroidUiautomator2Driver@39b4 (6321dc70)]&amp#27;[0m Got response with status 200: {"sessionId":"d56c87ac-4af2-4811-85fb-512e8ede2dc0","value":null}
&amp#27;[38;5;80m[AndroidUiautomator2Driver@39b4 (6321dc70)]&amp#27;[0m Responding to client with driver.execute() result: null
&amp#27;[38;5;48m[HTTP]&amp#27;[0m &amp#27;[37m<-- POST /session/6321dc70-6fec-4012-b317-f80b5a87bd4d/execute/sync &amp#27;[39m&amp#27;[32m200&amp#27;[39m &amp#27;[90m3318 ms - 14&amp#27;[39m
&amp#27;[38;5;48m[HTTP]&amp#27;[0m &amp#27;[90m&amp#27;[39m
&amp#27;[38;5;48m[HTTP]&amp#27;[0m &amp#27;[37m-->&amp#27;[39m &amp#27;[37mGET&amp#27;[39m &amp#27;[37m/session/6321dc70-6fec-4012-b317-f80b5a87bd4d/context&amp#27;[39m
&amp#27;[38;5;48m[HTTP]&amp#27;[0m &amp#27;[90m{}&amp#27;[39m
&amp#27;[38;5;16m[device-farm-main]&amp#27;[0m Updating lastCmdExecutedAt for device emulator-5554 in session 6321dc70-6fec-4012-b317-f80b5a87bd4d
&amp#27;[38;5;80m[AndroidUiautomator2Driver@39b4 (6321dc70)]&amp#27;[0m Calling AppiumDriver.getCurrentContext() with args: ["6321dc70-6fec-4012-b317-f80b5a87bd4d"]
&amp#27;[38;5;64m[AppiumDriver@07f6]&amp#27;[0m Clearing new command timeout pre-emptively since plugin(s) will handle this command
&amp#27;[38;5;64m[AppiumDriver@07f6]&amp#27;[0m Plugins which can handle cmd 'getCurrentContext': element-wait,device-farm,appium-dashboard
&amp#27;[38;5;64m[AppiumDriver@07f6]&amp#27;[0m Plugin appium-dashboard is now handling cmd 'getCurrentContext'
&amp#27;[38;5;64m[AppiumDriver@07f6]&amp#27;[0m Plugin device-farm is now handling cmd 'getCurrentContext'
&amp#27;[38;5;64m[AppiumDriver@07f6]&amp#27;[0m Plugin element-wait is now handling cmd 'getCurrentContext'
&amp#27;[38;5;64m[AppiumDriver@07f6]&amp#27;[0m Executing default handling behavior for command 'getCurrentContext'
&amp#27;[38;5;16m[device-farm-main]&amp#27;[0m Updating lastCmdExecutedAt for device emulator-5554 in session 6321dc70-6fec-4012-b317-f80b5a87bd4d
&amp#27;[38;5;80m[AndroidUiautomator2Driver@39b4 (6321dc70)]&amp#27;[0m Responding to client with driver.getCurrentContext() result: "NATIVE_APP"
&amp#27;[38;5;48m[HTTP]&amp#27;[0m &amp#27;[37m<-- GET /session/6321dc70-6fec-4012-b317-f80b5a87bd4d/context &amp#27;[39m&amp#27;[32m200&amp#27;[39m &amp#27;[90m16 ms - 22&amp#27;[39m
&amp#27;[38;5;48m[HTTP]&amp#27;[0m &amp#27;[90m&amp#27;[39m
&amp#27;[38;5;48m[HTTP]&amp#27;[0m &amp#27;[37m-->&amp#27;[39m &amp#27;[37mPOST&amp#27;[39m &amp#27;[37m/session/6321dc70-6fec-4012-b317-f80b5a87bd4d/element&amp#27;[39m
&amp#27;[38;5;48m[HTTP]&amp#27;[0m &amp#27;[90m{"using":"accessibility id","value":"Edit"}&amp#27;[39m
&amp#27;[38;5;16m[device-farm-main]&amp#27;[0m Updating lastCmdExecutedAt for device emulator-5554 in session 6321dc70-6fec-4012-b317-f80b5a87bd4d
&amp#27;[38;5;80m[AndroidUiautomator2Driver@39b4 (6321dc70)]&amp#27;[0m Calling AppiumDriver.findElement() with args: ["accessibility id","Edit","6321dc70-6fec-4012-b317-f80b5a87bd4d"]
&amp#27;[38;5;64m[AppiumDriver@07f6]&amp#27;[0m Clearing new command timeout pre-emptively since plugin(s) will handle this command
&amp#27;[38;5;64m[AppiumDriver@07f6]&amp#27;[0m Plugins which can handle cmd 'findElement': element-wait,device-farm,appium-dashboard
&amp#27;[38;5;64m[AppiumDriver@07f6]&amp#27;[0m Plugin appium-dashboard is now handling cmd 'findElement'
&amp#27;[38;5;64m[AppiumDriver@07f6]&amp#27;[0m Plugin device-farm is now handling cmd 'findElement'
&amp#27;[38;5;64m[AppiumDriver@07f6]&amp#27;[0m Plugin element-wait is now handling cmd 'findElement'
- Waiting to find element with accessibility id strategy for Edit selector
&amp#27;[38;5;16m[device-farm-main]&amp#27;[0m Updating lastCmdExecutedAt for device emulator-5554 in session 6321dc70-6fec-4012-b317-f80b5a87bd4d
&amp#27;[38;5;160m[wait-plugin]&amp#27;[0m Element with accessibility id strategy for Edit selector found.
&amp#27;[38;5;160m[wait-plugin]&amp#27;[0m Check if element is displayed
&amp#27;[38;5;80m[AndroidUiautomator2Driver@39b4 (6321dc70)]&amp#27;[0m Matched '/element/00000000-0000-00f1-0000-001500000003/attribute/displayed' to command name 'getAttribute'
&amp#27;[38;5;80m[AndroidUiautomator2Driver@39b4 (6321dc70)]&amp#27;[0m Proxying [GET /element/00000000-0000-00f1-0000-001500000003/attribute/displayed] to [GET http://127.0.0.1:56454/session/d56c87ac-4af2-4811-85fb-512e8ede2dc0/element/00000000-0000-00f1-0000-001500000003/attribute/displayed] with no body
&amp#27;[38;5;80m[AndroidUiautomator2Driver@39b4 (6321dc70)]&amp#27;[0m Got response with status 200: {"sessionId":"d56c87ac-4af2-4811-85fb-512e8ede2dc0","value":"true"}
&amp#27;[38;5;160m[wait-plugin]&amp#27;[0m Element is displayed!
√ Waiting to find element with accessibility id strategy for Edit selector
&amp#27;[38;5;64m[AppiumDriver@07f6]&amp#27;[0m Executing default handling behavior for command 'findElement'
&amp#27;[38;5;80m[AndroidUiautomator2Driver@39b4 (6321dc70)]&amp#27;[0m Valid locator strategies for this request: xpath, id, class name, accessibility id, css selector, -android uiautomator
&amp#27;[38;5;80m[AndroidUiautomator2Driver@39b4 (6321dc70)]&amp#27;[0m Waiting up to 0 ms for condition
&amp#27;[38;5;80m[AndroidUiautomator2Driver@39b4 (6321dc70)]&amp#27;[0m Matched '/element' to command name 'findElement'
&amp#27;[38;5;80m[AndroidUiautomator2Driver@39b4 (6321dc70)]&amp#27;[0m Proxying [POST /element] to [POST http://127.0.0.1:56454/session/d56c87ac-4af2-4811-85fb-512e8ede2dc0/element] with body: {"strategy":"accessibility id","selector":"Edit","context":"","multiple":false}
&amp#27;[38;5;80m[AndroidUiautomator2Driver@39b4 (6321dc70)]&amp#27;[0m Got response with status 200: {"sessionId":"d56c87ac-4af2-4811-85fb-512e8ede2dc0","value":{"ELEMENT":"00000000-0000-00f1-0000-001500000003","element-6066-11e4-a52e-4f735466cecf":"00000000-0000-00f1-0000-001500000003"}}
&amp#27;[38;5;80m[AndroidUiautomator2Driver@39b4 (6321dc70)]&amp#27;[0m Responding to client with driver.findElement() result: {"element-6066-11e4-a52e-4f735466cecf":"00000000-0000-00f1-0000-001500000003","ELEMENT":"00000000-0000-00f1-0000-001500000003"}
&amp#27;[38;5;48m[HTTP]&amp#27;[0m &amp#27;[37m<-- POST /session/6321dc70-6fec-4012-b317-f80b5a87bd4d/element &amp#27;[39m&amp#27;[32m200&amp#27;[39m &amp#27;[90m89 ms - 137&amp#27;[39m
&amp#27;[38;5;48m[HTTP]&amp#27;[0m &amp#27;[90m&amp#27;[39m
&amp#27;[38;5;48m[HTTP]&amp#27;[0m &amp#27;[37m-->&amp#27;[39m &amp#27;[37mPOST&amp#27;[39m &amp#27;[37m/session/6321dc70-6fec-4012-b317-f80b5a87bd4d/element/00000000-0000-00f1-0000-001500000003/click&amp#27;[39m
&amp#27;[38;5;48m[HTTP]&amp#27;[0m &amp#27;[90m{"id":"00000000-0000-00f1-0000-001500000003"}&amp#27;[39m
&amp#27;[38;5;16m[device-farm-main]&amp#27;[0m Updating lastCmdExecutedAt for device emulator-5554 in session 6321dc70-6fec-4012-b317-f80b5a87bd4d
&amp#27;[38;5;80m[AndroidUiautomator2Driver@39b4 (6321dc70)]&amp#27;[0m Calling AppiumDriver.click() with args: ["00000000-0000-00f1-0000-001500000003","6321dc70-6fec-4012-b317-f80b5a87bd4d"]
&amp#27;[38;5;64m[AppiumDriver@07f6]&amp#27;[0m Clearing new command timeout pre-emptively since plugin(s) will handle this command
&amp#27;[38;5;64m[AppiumDriver@07f6]&amp#27;[0m Plugins which can handle cmd 'click': element-wait,device-farm,appium-dashboard
&amp#27;[38;5;64m[AppiumDriver@07f6]&amp#27;[0m Plugin appium-dashboard is now handling cmd 'click'
&amp#27;[38;5;64m[AppiumDriver@07f6]&amp#27;[0m Plugin device-farm is now handling cmd 'click'
&amp#27;[38;5;64m[AppiumDriver@07f6]&amp#27;[0m Plugin element-wait is now handling cmd 'click'
&amp#27;[38;5;160m[wait-plugin]&amp#27;[0m Wait for element to be clickable
&amp#27;[38;5;80m[AndroidUiautomator2Driver@39b4 (6321dc70)]&amp#27;[0m Matched '/element/00000000-0000-00f1-0000-001500000003/attribute/enabled' to command name 'getAttribute'
&amp#27;[38;5;80m[AndroidUiautomator2Driver@39b4 (6321dc70)]&amp#27;[0m Proxying [GET /element/00000000-0000-00f1-0000-001500000003/attribute/enabled] to [GET http://127.0.0.1:56454/session/d56c87ac-4af2-4811-85fb-512e8ede2dc0/element/00000000-0000-00f1-0000-001500000003/attribute/enabled] with no body
&amp#27;[38;5;16m[device-farm-main]&amp#27;[0m Updating lastCmdExecutedAt for device emulator-5554 in session 6321dc70-6fec-4012-b317-f80b5a87bd4d
&amp#27;[38;5;80m[AndroidUiautomator2Driver@39b4 (6321dc70)]&amp#27;[0m Got response with status 200: {"sessionId":"d56c87ac-4af2-4811-85fb-512e8ede2dc0","value":"true"}
&amp#27;[38;5;160m[wait-plugin]&amp#27;[0m Element is enabled
&amp#27;[38;5;64m[AppiumDriver@07f6]&amp#27;[0m Executing default handling behavior for command 'click'
&amp#27;[38;5;80m[AndroidUiautomator2Driver@39b4 (6321dc70)]&amp#27;[0m Matched '/element/00000000-0000-00f1-0000-001500000003/click' to command name 'click'
&amp#27;[38;5;80m[AndroidUiautomator2Driver@39b4 (6321dc70)]&amp#27;[0m Proxying [POST /element/00000000-0000-00f1-0000-001500000003/click] to [POST http://127.0.0.1:56454/session/d56c87ac-4af2-4811-85fb-512e8ede2dc0/element/00000000-0000-00f1-0000-001500000003/click] with body: {"element":"00000000-0000-00f1-0000-001500000003"}
&amp#27;[38;5;80m[AndroidUiautomator2Driver@39b4 (6321dc70)]&amp#27;[0m Got response with status 200: {"sessionId":"d56c87ac-4af2-4811-85fb-512e8ede2dc0","value":null}
&amp#27;[38;5;48m[HTTP]&amp#27;[0m &amp#27;[37m-->&amp#27;[39m &amp#27;[37mGET&amp#27;[39m &amp#27;[37m/wd-internal/session/6321dc70-6fec-4012-b317-f80b5a87bd4d/screenshot&amp#27;[39m
&amp#27;[38;5;48m[HTTP]&amp#27;[0m &amp#27;[90m{}&amp#27;[39m
&amp#27;[38;5;16m[device-farm-main]&amp#27;[0m Updating lastCmdExecutedAt for device emulator-5554 in session 6321dc70-6fec-4012-b317-f80b5a87bd4d
&amp#27;[38;5;80m[AndroidUiautomator2Driver@39b4 (6321dc70)]&amp#27;[0m Calling AppiumDriver.getScreenshot() with args: ["6321dc70-6fec-4012-b317-f80b5a87bd4d"]
&amp#27;[38;5;64m[AppiumDriver@07f6]&amp#27;[0m Clearing new command timeout pre-emptively since plugin(s) will handle this command
&amp#27;[38;5;64m[AppiumDriver@07f6]&amp#27;[0m Plugins which can handle cmd 'getScreenshot': element-wait,device-farm,appium-dashboard
&amp#27;[38;5;64m[AppiumDriver@07f6]&amp#27;[0m Plugin appium-dashboard is now handling cmd 'getScreenshot'
&amp#27;[38;5;64m[AppiumDriver@07f6]&amp#27;[0m Plugin device-farm is now handling cmd 'getScreenshot'
&amp#27;[38;5;64m[AppiumDriver@07f6]&amp#27;[0m Plugin element-wait is now handling cmd 'getScreenshot'
&amp#27;[38;5;64m[AppiumDriver@07f6]&amp#27;[0m Executing default handling behavior for command 'getScreenshot'
&amp#27;[38;5;16m[device-farm-main]&amp#27;[0m Updating lastCmdExecutedAt for device emulator-5554 in session 6321dc70-6fec-4012-b317-f80b5a87bd4d
&amp#27;[38;5;80m[AndroidUiautomator2Driver@39b4 (6321dc70)]&amp#27;[0m Matched '/screenshot' to command name 'getScreenshot'
&amp#27;[38;5;80m[AndroidUiautomator2Driver@39b4 (6321dc70)]&amp#27;[0m Proxying [GET /screenshot] to [GET http://127.0.0.1:56454/session/d56c87ac-4af2-4811-85fb-512e8ede2dc0/screenshot] with no body
&amp#27;[38;5;80m[AndroidUiautomator2Driver@39b4 (6321dc70)]&amp#27;[0m Got response with status 200: {"sessionId":"d56c87ac-4af2-4811-85fb-512e8ede2dc0","value":"iVBORw0KGgoAAAANSUhEUgAABDgAAAisCAYAAACtR1KuAAAAAXNSR0IArs4c6QAAAARzQklUCAgICHwIZIgAACAASURBVHic7N17dNT1nf/x10zud5JAAuEWQiBBLgk3CRABBVS0CtYW3dKF6u5a25+79bb2trttf791ewN1vbbdalsVaxW7XrBaQQXkDgFJMIRLEkJICISEXEkmM5n5/cHJlCEkM0lmJvlOno9zeg7fmc/383lnJlDnNZ+LqbKy0iEAAAAAAAADM/d3AQAAAAAAAH1FwAEAAAAAAAyPgAMAAAAAABgeAQcAAAAAADA8Ag4AAAAAAGB4BBwAAAAAAMDwCDgAAAAAAIDhEXAAAAAAAADDI+AAAAAAAACGR8ABAAAAAAAMj4ADAAAAAAAYHgEHAAAAAAAwPAIOAAAAAABgeAQcAAAAAADA8IL7uwDgSu3t7Wpra5PValVZWZmOHz+u48ePq6mpSSNGjFB6eromTJigxMREhYeHKzg4WGYzWZ0RORwOtbe3y263y2azyW63S5JMJpPMZrPzvQ0KCurnSgEAAAJPS0uLqqqq1NDQoObmZrW0tCgiIkJRUVGKjY3V8OHDFRER0d9let2FCxcUHx/vl7E2bdrU7fPjx49XWlqaX2oZDEyVlZWO/i4CsNvtam9vl8ViUXV1tY4cOaKioiLV1NTIarV2ah8SEqJRo0Zp6tSpGj9+vOLi4hQSEqLg4GCZTKZ++Am849SpU3r22Wd7fJ/JZNKkSZO0atUqhYSE+KAy73E4HLLZbGptbVVLS4tqa2tVX1+vmpoatbW1SZLMZrMiIiI0dOhQxcXFKT4+XmFhYQoLCyPsAAAA6KXTp0/rxIkTKi4uVmVlpRobG93eExMTo5SUFI0fP14TJkzQyJEj/VCp7+zYsUM1NTW6/fbb/TLeY4891u3zaWlpuv/++/1Sy2DADA70m45v...
&amp#27;[38;5;80m[AndroidUiautomator2Driver@39b4 (6321dc70)]&amp#27;[0m Responding to client with driver.getScreenshot() result: "iVBORw0KGgoAAAANSUhEUgAABDgAAAisCAYAAACtR1KuAAAAAXNSR0IArs4c6QAAAARzQklUCAgICHwIZIgAACAASURBVHic7N17dNT1nf/x10zud5JAAuEWQiBBLgk3CRABBVS0CtYW3dKF6u5a25+79bb2trttf791ewN1vbbdalsVaxW7XrBaQQXkDgFJMIRLEkJICISEXEkmM5n5/cHJlCEkM0lmJvlOno9zeg7fmc/383lnJlDnNZ+LqbKy0iEAAAAAAAADM/d3AQAAAAAAAH1FwAEAAAAAAAyPgAMAAAAAABgeAQcAAAAAADA8Ag4AAAAAAGB4BBwAAAAAAMDwCDgAAAAAAIDhEXAAAAAAAADDI+AAAAAAAACGR8ABAAAAAAAMj4ADAAAAAAAYHgEHAAAAAAAwPAIOAAAAAABgeAQcAAAAAADA8IL7uwDgSu3t7Wpra5PValVZWZmOHz+u48ePq6mpSSNGjFB6eromTJigxMREhYeHKzg4WGYzWZ0RORwOtbe3y263y2azyW63S5JMJpPMZrPzvQ0KCurnSgEAAAJPS0uLqqqq1NDQoObmZrW0tCgiIkJRUVGKjY3V8OHDFRER0d9let2FCxcUHx/vl7E2bdrU7fPjx49XWlqaX2oZDEyVlZWO/i4CsNvtam9vl8ViUXV1tY4cOaKioiLV1NTIarV2ah8SEqJRo0Zp6tSpGj9+vOLi4hQSEqLg4GCZTKZ++Am849SpU3r22Wd7fJ/JZNKkSZO0atUqhYSE+KAy73E4HLLZbGptbVVLS4tqa2tVX1+vmpoatbW1SZLMZrMiIiI0dOhQxcXFKT4+XmFhYQoLCyPsAAAA6KXTp0/rxIkTKi4uVmVlpRobG93eExMTo5SUFI0fP14TJkzQyJEj/VCp7+zYsUM1NTW6/fbb/TLeY4891u3zaWlpuv/++/1Sy2DADA70m45v7202my5cuKATJ05o3759qq6uVnt7e6f2ZrNZDodDDodDVqtVpaWlKi0tVXh4...
&amp#27;[38;5;48m[HTTP]&amp#27;[0m &amp#27;[37m<-- GET /session/6321dc70-6fec-4012-b317-f80b5a87bd4d/screenshot &amp#27;[39m&amp#27;[32m200&amp#27;[39m &amp#27;[90m330 ms - 45960&amp#27;[39m
&amp#27;[38;5;48m[HTTP]&amp#27;[0m &amp#27;[90m&amp#27;[39m
&amp#27;[38;5;80m[AndroidUiautomator2Driver@39b4 (6321dc70)]&amp#27;[0m Responding to client with driver.click() result: null
&amp#27;[38;5;48m[HTTP]&amp#27;[0m &amp#27;[37m<-- POST /session/6321dc70-6fec-4012-b317-f80b5a87bd4d/element/00000000-0000-00f1-0000-001500000003/click &amp#27;[39m&amp#27;[32m200&amp#27;[39m &amp#27;[90m1272 ms - 14&amp#27;[39m
&amp#27;[38;5;48m[HTTP]&amp#27;[0m &amp#27;[90m&amp#27;[39m
&amp#27;[38;5;48m[HTTP]&amp#27;[0m &amp#27;[37m-->&amp#27;[39m &amp#27;[37mGET&amp#27;[39m &amp#27;[37m/session/6321dc70-6fec-4012-b317-f80b5a87bd4d/context&amp#27;[39m
&amp#27;[38;5;48m[HTTP]&amp#27;[0m &amp#27;[90m{}&amp#27;[39m
&amp#27;[38;5;16m[device-farm-main]&amp#27;[0m Updating lastCmdExecutedAt for device emulator-5554 in session 6321dc70-6fec-4012-b317-f80b5a87bd4d
&amp#27;[38;5;80m[AndroidUiautomator2Driver@39b4 (6321dc70)]&amp#27;[0m Calling AppiumDriver.getCurrentContext() with args: ["6321dc70-6fec-4012-b317-f80b5a87bd4d"]
&amp#27;[38;5;64m[AppiumDriver@07f6]&amp#27;[0m Clearing new command timeout pre-emptively since plugin(s) will handle this command
&amp#27;[38;5;64m[AppiumDriver@07f6]&amp#27;[0m Plugins which can handle cmd 'getCurrentContext': element-wait,device-farm,appium-dashboard
&amp#27;[38;5;64m[AppiumDriver@07f6]&amp#27;[0m Plugin appium-dashboard is now handling cmd 'getCurrentContext'
&amp#27;[38;5;64m[AppiumDriver@07f6]&amp#27;[0m Plugin device-farm is now handling cmd 'getCurrentContext'
&amp#27;[38;5;64m[AppiumDriver@07f6]&amp#27;[0m Plugin element-wait is now handling cmd 'getCurrentContext'
&amp#27;[38;5;64m[AppiumDriver@07f6]&amp#27;[0m Executing default handling behavior for command 'getCurrentContext'
&amp#27;[38;5;16m[device-farm-main]&amp#27;[0m Updating lastCmdExecutedAt for device emulator-5554 in session 6321dc70-6fec-4012-b317-f80b5a87bd4d
&amp#27;[38;5;80m[AndroidUiautomator2Driver@39b4 (6321dc70)]&amp#27;[0m Responding to client with driver.getCurrentContext() result: "NATIVE_APP"
&amp#27;[38;5;48m[HTTP]&amp#27;[0m &amp#27;[37m<-- GET /session/6321dc70-6fec-4012-b317-f80b5a87bd4d/context &amp#27;[39m&amp#27;[32m200&amp#27;[39m &amp#27;[90m14 ms - 22&amp#27;[39m
&amp#27;[38;5;48m[HTTP]&amp#27;[0m &amp#27;[90m&amp#27;[39m
&amp#27;[38;5;48m[HTTP]&amp#27;[0m &amp#27;[37m-->&amp#27;[39m &amp#27;[37mPOST&amp#27;[39m &amp#27;[37m/session/6321dc70-6fec-4012-b317-f80b5a87bd4d/element&amp#27;[39m
&amp#27;[38;5;48m[HTTP]&amp#27;[0m &amp#27;[90m{"using":"class name","value":"android.widget.EditText"}&amp#27;[39m
&amp#27;[38;5;16m[device-farm-main]&amp#27;[0m Updating lastCmdExecutedAt for device emulator-5554 in session 6321dc70-6fec-4012-b317-f80b5a87bd4d
&amp#27;[38;5;80m[AndroidUiautomator2Driver@39b4 (6321dc70)]&amp#27;[0m Calling AppiumDriver.findElement() with args: ["class name","android.widget.EditText","6321dc70-6fec-4012-b317-f80b5a87bd4d"]
&amp#27;[38;5;64m[AppiumDriver@07f6]&amp#27;[0m Clearing new command timeout pre-emptively since plugin(s) will handle this command
&amp#27;[38;5;64m[AppiumDriver@07f6]&amp#27;[0m Plugins which can handle cmd 'findElement': element-wait,device-farm,appium-dashboard
&amp#27;[38;5;64m[AppiumDriver@07f6]&amp#27;[0m Plugin appium-dashboard is now handling cmd 'findElement'
&amp#27;[38;5;64m[AppiumDriver@07f6]&amp#27;[0m Plugin device-farm is now handling cmd 'findElement'
&amp#27;[38;5;64m[AppiumDriver@07f6]&amp#27;[0m Plugin element-wait is now handling cmd 'findElement'
- Waiting to find element with class name strategy for android.widget.EditText selector
&amp#27;[38;5;16m[device-farm-main]&amp#27;[0m Updating lastCmdExecutedAt for device emulator-5554 in session 6321dc70-6fec-4012-b317-f80b5a87bd4d
&amp#27;[38;5;160m[wait-plugin]&amp#27;[0m Element with class name strategy for android.widget.EditText selector found.
&amp#27;[38;5;160m[wait-plugin]&amp#27;[0m Check if element is displayed
&amp#27;[38;5;80m[AndroidUiautomator2Driver@39b4 (6321dc70)]&amp#27;[0m Matched '/element/00000000-0000-00f1-0000-001c00000003/attribute/displayed' to command name 'getAttribute'
&amp#27;[38;5;80m[AndroidUiautomator2Driver@39b4 (6321dc70)]&amp#27;[0m Proxying [GET /element/00000000-0000-00f1-0000-001c00000003/attribute/displayed] to [GET http://127.0.0.1:56454/session/d56c87ac-4af2-4811-85fb-512e8ede2dc0/element/00000000-0000-00f1-0000-001c00000003/attribute/displayed] with no body
&amp#27;[38;5;80m[AndroidUiautomator2Driver@39b4 (6321dc70)]&amp#27;[0m Got response with status 200: {"sessionId":"d56c87ac-4af2-4811-85fb-512e8ede2dc0","value":"true"}
&amp#27;[38;5;160m[wait-plugin]&amp#27;[0m Element is displayed!
√ Waiting to find element with class name strategy for android.widget.EditText selector
&amp#27;[38;5;64m[AppiumDriver@07f6]&amp#27;[0m Executing default handling behavior for command 'findElement'
&amp#27;[38;5;80m[AndroidUiautomator2Driver@39b4 (6321dc70)]&amp#27;[0m Valid locator strategies for this request: xpath, id, class name, accessibility id, css selector, -android uiautomator
&amp#27;[38;5;80m[AndroidUiautomator2Driver@39b4 (6321dc70)]&amp#27;[0m Waiting up to 0 ms for condition
&amp#27;[38;5;80m[AndroidUiautomator2Driver@39b4 (6321dc70)]&amp#27;[0m Matched '/element' to command name 'findElement'
&amp#27;[38;5;80m[AndroidUiautomator2Driver@39b4 (6321dc70)]&amp#27;[0m Proxying [POST /element] to [POST http://127.0.0.1:56454/session/d56c87ac-4af2-4811-85fb-512e8ede2dc0/element] with body: {"strategy":"class name","selector":"android.widget.EditText","context":"","multiple":false}
&amp#27;[38;5;80m[AndroidUiautomator2Driver@39b4 (6321dc70)]&amp#27;[0m Got response with status 200: {"sessionId":"d56c87ac-4af2-4811-85fb-512e8ede2dc0","value":{"ELEMENT":"00000000-0000-00f1-0000-001c00000003","element-6066-11e4-a52e-4f735466cecf":"00000000-0000-00f1-0000-001c00000003"}}
&amp#27;[38;5;80m[AndroidUiautomator2Driver@39b4 (6321dc70)]&amp#27;[0m Responding to client with driver.findElement() result: {"element-6066-11e4-a52e-4f735466cecf":"00000000-0000-00f1-0000-001c00000003","ELEMENT":"00000000-0000-00f1-0000-001c00000003"}
&amp#27;[38;5;48m[HTTP]&amp#27;[0m &amp#27;[37m<-- POST /session/6321dc70-6fec-4012-b317-f80b5a87bd4d/element &amp#27;[39m&amp#27;[32m200&amp#27;[39m &amp#27;[90m89 ms - 137&amp#27;[39m
&amp#27;[38;5;48m[HTTP]&amp#27;[0m &amp#27;[90m&amp#27;[39m
&amp#27;[38;5;48m[HTTP]&amp#27;[0m &amp#27;[37m-->&amp#27;[39m &amp#27;[37mPOST&amp#27;[39m &amp#27;[37m/session/6321dc70-6fec-4012-b317-f80b5a87bd4d/element/00000000-0000-00f1-0000-001c00000003/click&amp#27;[39m
&amp#27;[38;5;48m[HTTP]&amp#27;[0m &amp#27;[90m{"id":"00000000-0000-00f1-0000-001c00000003"}&amp#27;[39m
&amp#27;[38;5;16m[device-farm-main]&amp#27;[0m Updating lastCmdExecutedAt for device emulator-5554 in session 6321dc70-6fec-4012-b317-f80b5a87bd4d
&amp#27;[38;5;80m[AndroidUiautomator2Driver@39b4 (6321dc70)]&amp#27;[0m Calling AppiumDriver.click() with args: ["00000000-0000-00f1-0000-001c00000003","6321dc70-6fec-4012-b317-f80b5a87bd4d"]
&amp#27;[38;5;64m[AppiumDriver@07f6]&amp#27;[0m Clearing new command timeout pre-emptively since plugin(s) will handle this command
&amp#27;[38;5;64m[AppiumDriver@07f6]&amp#27;[0m Plugins which can handle cmd 'click': element-wait,device-farm,appium-dashboard
&amp#27;[38;5;64m[AppiumDriver@07f6]&amp#27;[0m Plugin appium-dashboard is now handling cmd 'click'
&amp#27;[38;5;64m[AppiumDriver@07f6]&amp#27;[0m Plugin device-farm is now handling cmd 'click'
&amp#27;[38;5;64m[AppiumDriver@07f6]&amp#27;[0m Plugin element-wait is now handling cmd 'click'
&amp#27;[38;5;160m[wait-plugin]&amp#27;[0m Wait for element to be clickable
&amp#27;[38;5;80m[AndroidUiautomator2Driver@39b4 (6321dc70)]&amp#27;[0m Matched '/element/00000000-0000-00f1-0000-001c00000003/attribute/enabled' to command name 'getAttribute'
&amp#27;[38;5;80m[AndroidUiautomator2Driver@39b4 (6321dc70)]&amp#27;[0m Proxying [GET /element/00000000-0000-00f1-0000-001c00000003/attribute/enabled] to [GET http://127.0.0.1:56454/session/d56c87ac-4af2-4811-85fb-512e8ede2dc0/element/00000000-0000-00f1-0000-001c00000003/attribute/enabled] with no body
&amp#27;[38;5;16m[device-farm-main]&amp#27;[0m Updating lastCmdExecutedAt for device emulator-5554 in session 6321dc70-6fec-4012-b317-f80b5a87bd4d
&amp#27;[38;5;80m[AndroidUiautomator2Driver@39b4 (6321dc70)]&amp#27;[0m Got response with status 200: {"sessionId":"d56c87ac-4af2-4811-85fb-512e8ede2dc0","value":"true"}
&amp#27;[38;5;160m[wait-plugin]&amp#27;[0m Element is enabled
&amp#27;[38;5;64m[AppiumDriver@07f6]&amp#27;[0m Executing default handling behavior for command 'click'
&amp#27;[38;5;80m[AndroidUiautomator2Driver@39b4 (6321dc70)]&amp#27;[0m Matched '/element/00000000-0000-00f1-0000-001c00000003/click' to command name 'click'
&amp#27;[38;5;80m[AndroidUiautomator2Driver@39b4 (6321dc70)]&amp#27;[0m Proxying [POST /element/00000000-0000-00f1-0000-001c00000003/click] to [POST http://127.0.0.1:56454/session/d56c87ac-4af2-4811-85fb-512e8ede2dc0/element/00000000-0000-00f1-0000-001c00000003/click] with body: {"element":"00000000-0000-00f1-0000-001c00000003"}
&amp#27;[38;5;16m[device-farm-main]&amp#27;[0m Found 1 device candidates to be released
&amp#27;[38;5;16m[device-farm-main]&amp#27;[0m Cleaning pending sessions...
&amp#27;[38;5;16m[device-farm-main]&amp#27;[0m No pending sessions to clean
&amp#27;[38;5;80m[AndroidUiautomator2Driver@39b4 (6321dc70)]&amp#27;[0m Got response with status 200: {"sessionId":"d56c87ac-4af2-4811-85fb-512e8ede2dc0","value":null}
&amp#27;[38;5;48m[HTTP]&amp#27;[0m &amp#27;[37m-->&amp#27;[39m &amp#27;[37mGET&amp#27;[39m &amp#27;[37m/wd-internal/session/6321dc70-6fec-4012-b317-f80b5a87bd4d/screenshot&amp#27;[39m
&amp#27;[38;5;48m[HTTP]&amp#27;[0m &amp#27;[90m{}&amp#27;[39m
&amp#27;[38;5;16m[device-farm-main]&amp#27;[0m Updating lastCmdExecutedAt for device emulator-5554 in session 6321dc70-6fec-4012-b317-f80b5a87bd4d
&amp#27;[38;5;80m[AndroidUiautomator2Driver@39b4 (6321dc70)]&amp#27;[0m Calling AppiumDriver.getScreenshot() with args: ["6321dc70-6fec-4012-b317-f80b5a87bd4d"]
&amp#27;[38;5;64m[AppiumDriver@07f6]&amp#27;[0m Clearing new command timeout pre-emptively since plugin(s) will handle this command
&amp#27;[38;5;64m[AppiumDriver@07f6]&amp#27;[0m Plugins which can handle cmd 'getScreenshot': element-wait,device-farm,appium-dashboard
&amp#27;[38;5;64m[AppiumDriver@07f6]&amp#27;[0m Plugin appium-dashboard is now handling cmd 'getScreenshot'
&amp#27;[38;5;64m[AppiumDriver@07f6]&amp#27;[0m Plugin device-farm is now handling cmd 'getScreenshot'
&amp#27;[38;5;64m[AppiumDriver@07f6]&amp#27;[0m Plugin element-wait is now handling cmd 'getScreenshot'
&amp#27;[38;5;64m[AppiumDriver@07f6]&amp#27;[0m Executing default handling behavior for command 'getScreenshot'
&amp#27;[38;5;16m[device-farm-main]&amp#27;[0m Updating lastCmdExecutedAt for device emulator-5554 in session 6321dc70-6fec-4012-b317-f80b5a87bd4d
&amp#27;[38;5;80m[AndroidUiautomator2Driver@39b4 (6321dc70)]&amp#27;[0m Matched '/screenshot' to command name 'getScreenshot'
&amp#27;[38;5;80m[AndroidUiautomator2Driver@39b4 (6321dc70)]&amp#27;[0m Proxying [GET /screenshot] to [GET http://127.0.0.1:56454/session/d56c87ac-4af2-4811-85fb-512e8ede2dc0/screenshot] with no body
&amp#27;[38;5;80m[AndroidUiautomator2Driver@39b4 (6321dc70)]&amp#27;[0m Got response with status 200: {"sessionId":"d56c87ac-4af2-4811-85fb-512e8ede2dc0","value":"iVBORw0KGgoAAAANSUhEUgAABDgAAAisCAYAAACtR1KuAAAAAXNSR0IArs4c6QAAAARzQklUCAgICHwIZIgAACAASURBVHic7N15fNTVvf/x90xmsi8kkATCFkIgIEvCJmFRUEABF/Dqpbb0irb3WtvrvXW7drv3tv39aldA69pNu7j8vEp7q1K1ggoICEhAAoaEkLCEhEBIyEqSmcnM7w8eGRlCMpNkZpLv5PV8PPp4MDPne87JfAN13nPO55gqKipcAgAAAAAAMDBzX08AAAAAAACgtwg4AAAAAACA4RFwAAAAAAAAwyPgAAAAAAAAhkfAAQAAAAAADI+AAwAAAAAAGB4BBwAAAAAAMDwCDgAAAAAAYHgEHAAAAAAAwPAIOAAAAAAAgOERcAAAAAAAAMMj4AAAAAAAAIZHwAEAAAAAAAyPgAMAAAAAABiepa8nAFyura1NNptNdrtdJ06cUHFxsYqLi9XY2Khhw4YpMzNT48aN0+DBgxUZGSmLxSKzmazOiFwul9ra2uR0OuVwOOR0OiVJJpNJZrPZfW/DwsL6eKYAAAChp7m5WZWVlaqvr1dTU5Oam5sVFRWlmJgYxcfHa+jQoYqKiurrafrd+fPnlZiYGJSxNm3a1OXrY8eOVUZGRlDmMhCYKioqXH09CcDpdKqtrU2tra2qqqrS4cOHVVhYqOrqatnt9g7trVarRowYoSlTpmjs2LFKSEiQ1WqVxWKRyWTqg5/AP06ePKmnn36629eZTCZNnDhRq1evltVqDcDM/MflcsnhcKilpUXNzc2qqalRXV2dqqurZbPZJElms1lRUVEaMmSIEhISlJiYqIiICEVERBB2AAAA9NCpU6d09OhRlZSUqKKiQg0NDV6viYuLU1pamsaOHatx48Zp+PDhQZhp4OzYsUPV1dW69dZbgzLeo48+2uXrGRkZuu+++4Iyl4GAFRzoM+3f...
&amp#27;[38;5;80m[AndroidUiautomator2Driver@39b4 (6321dc70)]&amp#27;[0m Responding to client with driver.getScreenshot() result: "iVBORw0KGgoAAAANSUhEUgAABDgAAAisCAYAAACtR1KuAAAAAXNSR0IArs4c6QAAAARzQklUCAgICHwIZIgAACAASURBVHic7N15fNTVvf/x90xmsi8kkATCFkIgIEvCJmFRUEABF/Dqpbb0irb3WtvrvXW7drv3tv39aldA69pNu7j8vEp7q1K1ggoICEhAAoaEkLCEhEBIyEqSmcnM7w8eGRlCMpNkZpLv5PV8PPp4MDPne87JfAN13nPO55gqKipcAgAAAAAAMDBzX08AAAAAAACgtwg4AAAAAACA4RFwAAAAAAAAwyPgAAAAAAAAhkfAAQAAAAAADI+AAwAAAAAAGB4BBwAAAAAAMDwCDgAAAAAAYHgEHAAAAAAAwPAIOAAAAAAAgOERcAAAAAAAAMMj4AAAAAAAAIZHwAEAAAAAAAyPgAMAAAAAABiepa8nAFyura1NNptNdrtdJ06cUHFxsYqLi9XY2Khhw4YpMzNT48aN0+DBgxUZGSmLxSKzmazOiFwul9ra2uR0OuVwOOR0OiVJJpNJZrPZfW/DwsL6eKYAAAChp7m5WZWVlaqvr1dTU5Oam5sVFRWlmJgYxcfHa+jQoYqKiurrafrd+fPnlZiYGJSxNm3a1OXrY8eOVUZGRlDmMhCYKioqXH09CcDpdKqtrU2tra2qqqrS4cOHVVhYqOrqatnt9g7trVarRowYoSlTpmjs2LFKSEiQ1WqVxWKRyWTqg5/AP06ePKmnn36629eZTCZNnDhRq1evltVqDcDM/MflcsnhcKilpUXNzc2qqalRXV2dqqurZbPZJElms1lRUVEaMmSIEhISlJiYqIiICEVERBB2AAAA9NCpU6d09OhRlZSUqKKiQg0NDV6viYuLU1pamsaOHatx48Zp+PDhQZhp4OzYsUPV1dW69dZbgzLeo48+2uXrGRkZuu+++4Iyl4GAFRzoM+3f3jscDp0/f15Hjx7VJ598oqqqKrW1tXVobzab5XK55HK5ZLfbdezYMR07dkyR...
&amp#27;[38;5;48m[HTTP]&amp#27;[0m &amp#27;[37m<-- GET /session/6321dc70-6fec-4012-b317-f80b5a87bd4d/screenshot &amp#27;[39m&amp#27;[32m200&amp#27;[39m &amp#27;[90m363 ms - 132960&amp#27;[39m
&amp#27;[38;5;48m[HTTP]&amp#27;[0m &amp#27;[90m&amp#27;[39m
&amp#27;[38;5;80m[AndroidUiautomator2Driver@39b4 (6321dc70)]&amp#27;[0m Responding to client with driver.click() result: null
&amp#27;[38;5;48m[HTTP]&amp#27;[0m &amp#27;[37m<-- POST /session/6321dc70-6fec-4012-b317-f80b5a87bd4d/element/00000000-0000-00f1-0000-001c00000003/click &amp#27;[39m&amp#27;[32m200&amp#27;[39m &amp#27;[90m1685 ms - 14&amp#27;[39m
&amp#27;[38;5;48m[HTTP]&amp#27;[0m &amp#27;[90m&amp#27;[39m
&amp#27;[38;5;48m[HTTP]&amp#27;[0m &amp#27;[37m-->&amp#27;[39m &amp#27;[37mPOST&amp#27;[39m &amp#27;[37m/session/6321dc70-6fec-4012-b317-f80b5a87bd4d/execute/sync&amp#27;[39m
&amp#27;[38;5;48m[HTTP]&amp#27;[0m &amp#27;[90m{"script":"mobile: hideKeyboard","args":[]}&amp#27;[39m
&amp#27;[38;5;16m[device-farm-main]&amp#27;[0m Updating lastCmdExecutedAt for device emulator-5554 in session 6321dc70-6fec-4012-b317-f80b5a87bd4d
&amp#27;[38;5;80m[AndroidUiautomator2Driver@39b4 (6321dc70)]&amp#27;[0m Calling AppiumDriver.execute() with args: ["mobile: hideKeyboard",[],"6321dc70-6fec-4012-b317-f80b5a87bd4d"]
&amp#27;[38;5;64m[AppiumDriver@07f6]&amp#27;[0m Clearing new command timeout pre-emptively since plugin(s) will handle this command
&amp#27;[38;5;64m[AppiumDriver@07f6]&amp#27;[0m Plugins which can handle cmd 'execute': element-wait,device-farm,appium-dashboard
&amp#27;[38;5;64m[AppiumDriver@07f6]&amp#27;[0m Plugin appium-dashboard is now handling cmd 'execute'
&amp#27;[38;5;64m[AppiumDriver@07f6]&amp#27;[0m Plugin device-farm is now handling cmd 'execute'
&amp#27;[38;5;64m[AppiumDriver@07f6]&amp#27;[0m Plugin element-wait is now handling cmd 'execute'
&amp#27;[38;5;176m[Plugin [element-wait]]&amp#27;[0m Plugin did not know how to handle method 'mobile: hideKeyboard'. Passing control to next
&amp#27;[38;5;64m[AppiumDriver@07f6]&amp#27;[0m Executing default handling behavior for command 'execute'
&amp#27;[38;5;80m[AndroidUiautomator2Driver@39b4 (6321dc70)]&amp#27;[0m Executing method 'mobile: hideKeyboard'
&amp#27;[38;5;0m[ADB]&amp#27;[0m Running 'C:\Users\shubh\AppData\Local\Android\Sdk\platform-tools\adb.exe -P 5037 -s emulator-5554 shell dumpsys input_method'
&amp#27;[38;5;16m[device-farm-main]&amp#27;[0m Updating lastCmdExecutedAt for device emulator-5554 in session 6321dc70-6fec-4012-b317-f80b5a87bd4d
&amp#27;[38;5;0m[ADB]&amp#27;[0m Running 'C:\Users\shubh\AppData\Local\Android\Sdk\platform-tools\adb.exe -P 5037 -s emulator-5554 shell input keyevent 111'
&amp#27;[38;5;0m[ADB]&amp#27;[0m Running 'C:\Users\shubh\AppData\Local\Android\Sdk\platform-tools\adb.exe -P 5037 -s emulator-5554 shell dumpsys input_method'
&amp#27;[38;5;80m[AndroidUiautomator2Driver@39b4 (6321dc70)]&amp#27;[0m Responding to client with driver.execute() result: true
&amp#27;[38;5;48m[HTTP]&amp#27;[0m &amp#27;[37m<-- POST /session/6321dc70-6fec-4012-b317-f80b5a87bd4d/execute/sync &amp#27;[39m&amp#27;[32m200&amp#27;[39m &amp#27;[90m1341 ms - 14&amp#27;[39m
&amp#27;[38;5;48m[HTTP]&amp#27;[0m &amp#27;[90m&amp#27;[39m
&amp#27;[38;5;48m[HTTP]&amp#27;[0m &amp#27;[37m-->&amp#27;[39m &amp#27;[37mGET&amp#27;[39m &amp#27;[37m/session/6321dc70-6fec-4012-b317-f80b5a87bd4d/context&amp#27;[39m
&amp#27;[38;5;48m[HTTP]&amp#27;[0m &amp#27;[90m{}&amp#27;[39m
&amp#27;[38;5;16m[device-farm-main]&amp#27;[0m Updating lastCmdExecutedAt for device emulator-5554 in session 6321dc70-6fec-4012-b317-f80b5a87bd4d
&amp#27;[38;5;80m[AndroidUiautomator2Driver@39b4 (6321dc70)]&amp#27;[0m Calling AppiumDriver.getCurrentContext() with args: ["6321dc70-6fec-4012-b317-f80b5a87bd4d"]
&amp#27;[38;5;64m[AppiumDriver@07f6]&amp#27;[0m Clearing new command timeout pre-emptively since plugin(s) will handle this command
&amp#27;[38;5;64m[AppiumDriver@07f6]&amp#27;[0m Plugins which can handle cmd 'getCurrentContext': element-wait,device-farm,appium-dashboard
&amp#27;[38;5;64m[AppiumDriver@07f6]&amp#27;[0m Plugin appium-dashboard is now handling cmd 'getCurrentContext'
&amp#27;[38;5;64m[AppiumDriver@07f6]&amp#27;[0m Plugin device-farm is now handling cmd 'getCurrentContext'
&amp#27;[38;5;64m[AppiumDriver@07f6]&amp#27;[0m Plugin element-wait is now handling cmd 'getCurrentContext'
&amp#27;[38;5;64m[AppiumDriver@07f6]&amp#27;[0m Executing default handling behavior for command 'getCurrentContext'
&amp#27;[38;5;16m[device-farm-main]&amp#27;[0m Updating lastCmdExecutedAt for device emulator-5554 in session 6321dc70-6fec-4012-b317-f80b5a87bd4d
&amp#27;[38;5;80m[AndroidUiautomator2Driver@39b4 (6321dc70)]&amp#27;[0m Responding to client with driver.getCurrentContext() result: "NATIVE_APP"
&amp#27;[38;5;48m[HTTP]&amp#27;[0m &amp#27;[37m<-- GET /session/6321dc70-6fec-4012-b317-f80b5a87bd4d/context &amp#27;[39m&amp#27;[32m200&amp#27;[39m &amp#27;[90m29 ms - 22&amp#27;[39m
&amp#27;[38;5;48m[HTTP]&amp#27;[0m &amp#27;[90m&amp#27;[39m
&amp#27;[38;5;48m[HTTP]&amp#27;[0m &amp#27;[37m-->&amp#27;[39m &amp#27;[37mPOST&amp#27;[39m &amp#27;[37m/session/6321dc70-6fec-4012-b317-f80b5a87bd4d/element&amp#27;[39m
&amp#27;[38;5;48m[HTTP]&amp#27;[0m &amp#27;[90m{"using":"class name","value":"android.widget.EditText"}&amp#27;[39m
&amp#27;[38;5;16m[device-farm-main]&amp#27;[0m Updating lastCmdExecutedAt for device emulator-5554 in session 6321dc70-6fec-4012-b317-f80b5a87bd4d
&amp#27;[38;5;80m[AndroidUiautomator2Driver@39b4 (6321dc70)]&amp#27;[0m Calling AppiumDriver.findElement() with args: ["class name","android.widget.EditText","6321dc70-6fec-4012-b317-f80b5a87bd4d"]
&amp#27;[38;5;64m[AppiumDriver@07f6]&amp#27;[0m Clearing new command timeout pre-emptively since plugin(s) will handle this command
&amp#27;[38;5;64m[AppiumDriver@07f6]&amp#27;[0m Plugins which can handle cmd 'findElement': element-wait,device-farm,appium-dashboard
&amp#27;[38;5;64m[AppiumDriver@07f6]&amp#27;[0m Plugin appium-dashboard is now handling cmd 'findElement'
&amp#27;[38;5;64m[AppiumDriver@07f6]&amp#27;[0m Plugin device-farm is now handling cmd 'findElement'
&amp#27;[38;5;64m[AppiumDriver@07f6]&amp#27;[0m Plugin element-wait is now handling cmd 'findElement'
- Waiting to find element with class name strategy for android.widget.EditText selector
&amp#27;[38;5;16m[device-farm-main]&amp#27;[0m Updating lastCmdExecutedAt for device emulator-5554 in session 6321dc70-6fec-4012-b317-f80b5a87bd4d
&amp#27;[38;5;160m[wait-plugin]&amp#27;[0m Element with class name strategy for android.widget.EditText selector found.
&amp#27;[38;5;160m[wait-plugin]&amp#27;[0m Check if element is displayed
&amp#27;[38;5;80m[AndroidUiautomator2Driver@39b4 (6321dc70)]&amp#27;[0m Matched '/element/00000000-0000-00f1-0000-001c00000003/attribute/displayed' to command name 'getAttribute'
&amp#27;[38;5;80m[AndroidUiautomator2Driver@39b4 (6321dc70)]&amp#27;[0m Proxying [GET /element/00000000-0000-00f1-0000-001c00000003/attribute/displayed] to [GET http://127.0.0.1:56454/session/d56c87ac-4af2-4811-85fb-512e8ede2dc0/element/00000000-0000-00f1-0000-001c00000003/attribute/displayed] with no body
&amp#27;[38;5;80m[AndroidUiautomator2Driver@39b4 (6321dc70)]&amp#27;[0m Got response with status 200: {"sessionId":"d56c87ac-4af2-4811-85fb-512e8ede2dc0","value":"true"}
&amp#27;[38;5;160m[wait-plugin]&amp#27;[0m Element is displayed!
√ Waiting to find element with class name strategy for android.widget.EditText selector
&amp#27;[38;5;64m[AppiumDriver@07f6]&amp#27;[0m Executing default handling behavior for command 'findElement'
&amp#27;[38;5;80m[AndroidUiautomator2Driver@39b4 (6321dc70)]&amp#27;[0m Valid locator strategies for this request: xpath, id, class name, accessibility id, css selector, -android uiautomator
&amp#27;[38;5;80m[AndroidUiautomator2Driver@39b4 (6321dc70)]&amp#27;[0m Waiting up to 0 ms for condition
&amp#27;[38;5;80m[AndroidUiautomator2Driver@39b4 (6321dc70)]&amp#27;[0m Matched '/element' to command name 'findElement'
&amp#27;[38;5;80m[AndroidUiautomator2Driver@39b4 (6321dc70)]&amp#27;[0m Proxying [POST /element] to [POST http://127.0.0.1:56454/session/d56c87ac-4af2-4811-85fb-512e8ede2dc0/element] with body: {"strategy":"class name","selector":"android.widget.EditText","context":"","multiple":false}
&amp#27;[38;5;80m[AndroidUiautomator2Driver@39b4 (6321dc70)]&amp#27;[0m Got response with status 200: {"sessionId":"d56c87ac-4af2-4811-85fb-512e8ede2dc0","value":{"ELEMENT":"00000000-0000-00f1-0000-001c00000003","element-6066-11e4-a52e-4f735466cecf":"00000000-0000-00f1-0000-001c00000003"}}
&amp#27;[38;5;80m[AndroidUiautomator2Driver@39b4 (6321dc70)]&amp#27;[0m Responding to client with driver.findElement() result: {"element-6066-11e4-a52e-4f735466cecf":"00000000-0000-00f1-0000-001c00000003","ELEMENT":"00000000-0000-00f1-0000-001c00000003"}
&amp#27;[38;5;48m[HTTP]&amp#27;[0m &amp#27;[37m<-- POST /session/6321dc70-6fec-4012-b317-f80b5a87bd4d/element &amp#27;[39m&amp#27;[32m200&amp#27;[39m &amp#27;[90m72 ms - 137&amp#27;[39m
&amp#27;[38;5;48m[HTTP]&amp#27;[0m &amp#27;[90m&amp#27;[39m
&amp#27;[38;5;48m[HTTP]&amp#27;[0m &amp#27;[37m-->&amp#27;[39m &amp#27;[37mPOST&amp#27;[39m &amp#27;[37m/session/6321dc70-6fec-4012-b317-f80b5a87bd4d/element/00000000-0000-00f1-0000-001c00000003/value&amp#27;[39m
&amp#27;[38;5;48m[HTTP]&amp#27;[0m &amp#27;[90m{"id":"00000000-0000-00f1-0000-001c00000003","text":"Updated Test","value":["U","p","d","a","t","e","d"," ","T","e","s","t"]}&amp#27;[39m
&amp#27;[38;5;16m[device-farm-main]&amp#27;[0m Updating lastCmdExecutedAt for device emulator-5554 in session 6321dc70-6fec-4012-b317-f80b5a87bd4d
&amp#27;[38;5;80m[AndroidUiautomator2Driver@39b4 (6321dc70)]&amp#27;[0m Calling AppiumDriver.setValue() with args: [["U","p","d","a","t","e","d"," ","T","e","s","t"],"00000000-0000-00f1-0000-001c00000003","6321dc70-6fec-4012-b317-f80b5a87bd4d"]
&amp#27;[38;5;64m[AppiumDriver@07f6]&amp#27;[0m Clearing new command timeout pre-emptively since plugin(s) will handle this command
&amp#27;[38;5;64m[AppiumDriver@07f6]&amp#27;[0m Plugins which can handle cmd 'setValue': element-wait,device-farm,appium-dashboard
&amp#27;[38;5;64m[AppiumDriver@07f6]&amp#27;[0m Plugin appium-dashboard is now handling cmd 'setValue'
&amp#27;[38;5;64m[AppiumDriver@07f6]&amp#27;[0m Plugin device-farm is now handling cmd 'setValue'
&amp#27;[38;5;64m[AppiumDriver@07f6]&amp#27;[0m Plugin element-wait is now handling cmd 'setValue'
&amp#27;[38;5;160m[wait-plugin]&amp#27;[0m Wait for element to be clickable
&amp#27;[38;5;80m[AndroidUiautomator2Driver@39b4 (6321dc70)]&amp#27;[0m Matched '/element/U,p,d,a,t,e,d, ,T,e,s,t/attribute/enabled' to command name 'getAttribute'
&amp#27;[38;5;80m[AndroidUiautomator2Driver@39b4 (6321dc70)]&amp#27;[0m Proxying [GET /element/U,p,d,a,t,e,d, ,T,e,s,t/attribute/enabled] to [GET http://127.0.0.1:56454/session/d56c87ac-4af2-4811-85fb-512e8ede2dc0/element/U,p,d,a,t,e,d, ,T,e,s,t/attribute/enabled] with no body
&amp#27;[38;5;16m[device-farm-main]&amp#27;[0m Updating lastCmdExecutedAt for device emulator-5554 in session 6321dc70-6fec-4012-b317-f80b5a87bd4d
&amp#27;[38;5;80m[AndroidUiautomator2Driver@39b4 (6321dc70)]&amp#27;[0m Got response with status 404: {"sessionId":"d56c87ac-4af2-4811-85fb-512e8ede2dc0","value":{"error":"no such element","message":"The element identified by 'U,p,d,a,t,e,d, ,T,e,s,t' is not present in the cache or has expired. Try to find it again","stacktrace":"io.appium.uiautomator2.common.exceptions.ElementNotFoundException: The element identified by 'U,p,d,a,t,e,d, ,T,e,s,t' is not present in the cache or has expired. Try to find it again\n\tat io.appium.uiautomator2.model.ElementsCache.get(ElementsCache.java:160)\n\tat io.appium.uiautomator2.handler.GetElementAttribute.safeHandle(GetElementAttribute.java:23)\n\tat io.appium.uiautomator2.handler.request.SafeRequestHandler.handle(SafeRequestHandler.java:59)\n\tat io.appium.uiautomator2.server.AppiumServlet.handleRequest(AppiumServlet.java:277)\n\tat io.appium.uiautomator2.server.AppiumServlet.handleHttpRequest(AppiumServlet.java:271)\n\tat io.appium.uiautomator2.http.ServerHandler.channelRead(ServerHandler.java:77)\n\tat io.netty.channel.AbstractChannelHandlerContext.invokeChannelRead(...
&amp#27;[38;5;192m[W3C]&amp#27;[0m Matched W3C error code 'no such element' to NoSuchElementError
NoSuchElementError: The element identified by 'U,p,d,a,t,e,d, ,T,e,s,t' is not present in the cache or has expired. Try to find it again
    at errorFromW3CJsonCode (C:\Users\shubh\AppData\Roaming\npm\node_modules\appium\node_modules\@appium\base-driver\lib\protocol\errors.js:1085:25)
    at ProxyRequestError.getActualError (C:\Users\shubh\AppData\Roaming\npm\node_modules\appium\node_modules\@appium\base-driver\lib\protocol\errors.js:954:14)
    at UIA2Proxy.command (C:\Users\shubh\AppData\Roaming\npm\node_modules\appium\node_modules\@appium\base-driver\lib\jsonwp-proxy\proxy.js:353:19)
    at processTicksAndRejections (node:internal/process/task_queues:95:5)
    at AndroidUiautomator2Driver.getAttribute (C:\Users\shubh\.appium\node_modules\appium-uiautomator2-driver\lib\commands\element.js:33:7)
    at AndroidUiautomator2Driver.elementEnabled (C:\Users\shubh\.appium\node_modules\appium-uiautomator2-driver\lib\commands\element.js:44:19) {
  jsonwpCode: 7,
  error: 'no such element',
  w3cStatus: 404,
  _stacktrace: "io.appium.uiautomator2.common.exceptions.ElementNotFoundException: The element identified by 'U,p,d,a,t,e,d, ,T,e,s,t' is not present in the cache or has expired. Try to find it again\n" +
    '\tat io.appium.uiautomator2.model.ElementsCache.get(ElementsCache.java:160)\n' +
    '\tat io.appium.uiautomator2.handler.GetElementAttribute.safeHandle(GetElementAttribute.java:23)\n' +
    '\tat io.appium.uiautomator2.handler.request.SafeRequestHandler.handle(SafeRequestHandler.java:59)\n' +
    '\tat io.appium.uiautomator2.server.AppiumServlet.handleRequest(AppiumServlet.java:277)\n' +
    '\tat io.appium.uiautomator2.server.AppiumServlet.handleHttpRequest(AppiumServlet.java:271)\n' +
    '\tat io.appium.uiautomator2.http.ServerHandler.channelRead(ServerHandler.java:77)\n' +
    '\tat io.netty.channel.AbstractChannelHandlerContext.invokeChannelRead(AbstractChannelHandlerContext.java:366)\n' +
    '\tat io.netty.channel.AbstractChannelHandlerContext.invokeChannelRead(AbstractChannelHandlerContext.java:352)\n' +
    '\tat io.netty.channel.AbstractChannelHandlerContext.fireChannelRead(AbstractChannelHandlerContext.java:345)\n' +
    '\tat io.netty.handler.codec.MessageToMessageDecoder.channelRead(MessageToMessageDecoder.java:102)\n' +
    '\tat io.netty.channel.AbstractChannelHandlerContext.invokeChannelRead(AbstractChannelHandlerContext.java:366)\n' +
    '\tat io.netty.channel.AbstractChannelHandlerContext.invokeChannelRead(AbstractChannelHandlerContext.java:352)\n' +
    '\tat io.netty.channel.AbstractChannelHandlerContext.fireChannelRead(AbstractChannelHandlerContext.java:345)\n' +
    '\tat io.netty.channel.CombinedChannelDuplexHandler$DelegatingChannelHandlerContext.fireChannelRead(CombinedChannelDuplexHandler.java:435)\n' +
    '\tat io.netty.handler.codec.ByteToMessageDecoder.fireChannelRead(ByteToMessageDecoder.java:293)\n' +
    '\tat io.netty.handler.codec.ByteToMessageDecoder.channelRead(ByteToMessageDecoder.java:267)\n' +
    '\tat io.netty.channel.CombinedChannelDuplexHandler.channelRead(CombinedChannelDuplexHandler.java:250)\n' +
    '\tat io.netty.channel.AbstractChannelHandlerContext.invokeChannelRead(AbstractChannelHandlerContext.java:366)\n' +
    '\tat io.netty.channel.AbstractChannelHandlerContext.invokeChannelRead(AbstractChannelHandlerContext.java:352)\n' +
    '\tat io.netty.channel.AbstractChannelHandlerContext.fireChannelRead(AbstractChannelHandlerContext.java:345)\n' +
    '\tat io.netty.handler.timeout.IdleStateHandler.channelRead(IdleStateHandler.java:266)\n' +
    '\tat io.netty.channel.AbstractChannelHandlerContext.invokeChannelRead(AbstractChannelHandlerContext.java:366)\n' +
    '\tat io.netty.channel.AbstractChannelHandlerContext.invokeChannelRead(AbstractChannelHandlerContext.java:352)\n' +
    '\tat io.netty.channel.AbstractChannelHandlerContext.fireChannelRead(AbstractChannelHandlerContext.java:345)\n' +
    '\tat io.netty.channel.DefaultChannelPipeline$HeadContext.channelRead(DefaultChannelPipeline.java:1294)\n' +
    '\tat io.netty.channel.AbstractChannelHandlerContext.invokeChannelRead(AbstractChannelHandlerContext.java:366)\n' +
    '\tat io.netty.channel.AbstractChannelHandlerContext.invokeChannelRead(AbstractChannelHandlerContext.java:352)\n' +
    '\tat io.netty.channel.DefaultChannelPipeline.fireChannelRead(DefaultChannelPipeline.java:911)\n' +
    '\tat io.netty.channel.nio.AbstractNioByteChannel$NioByteUnsafe.read(AbstractNioByteChannel.java:131)\n' +
    '\tat io.netty.channel.nio.NioEventLoop.processSelectedKey(NioEventLoop.java:611)\n' +
    '\tat io.netty.channel.nio.NioEventLoop.processSelectedKeysOptimized(NioEventLoop.java:552)\n' +
    '\tat io.netty.channel.nio.NioEventLoop.processSelectedKeys(NioEventLoop.java:466)\n' +
    '\tat io.netty.channel.nio.NioEventLoop.run(NioEventLoop.java:438)\n' +
    '\tat io.netty.util.concurrent.SingleThreadEventExecutor$2.run(SingleThreadEventExecutor.java:140)\n' +
    '\tat io.netty.util.concurrent.DefaultThreadFactory$DefaultRunnableDecorator.run(DefaultThreadFactory.java:144)\n' +
    '\tat java.lang.Thread.run(Thread.java:1012)\n'
}
&amp#27;[38;5;160m[wait-plugin]&amp#27;[0m Element is enabled
&amp#27;[38;5;64m[AppiumDriver@07f6]&amp#27;[0m Executing default handling behavior for command 'setValue'
&amp#27;[38;5;80m[AndroidUiautomator2Driver@39b4 (6321dc70)]&amp#27;[0m Matched '/element/00000000-0000-00f1-0000-001c00000003/value' to command name 'setValue'
&amp#27;[38;5;80m[AndroidUiautomator2Driver@39b4 (6321dc70)]&amp#27;[0m Added 'value' property ["U","p","d","a","t","e","d"," ","T","e","s","t"] to 'setValue' request body
&amp#27;[38;5;80m[AndroidUiautomator2Driver@39b4 (6321dc70)]&amp#27;[0m Proxying [POST /element/00000000-0000-00f1-0000-001c00000003/value] to [POST http://127.0.0.1:56454/session/d56c87ac-4af2-4811-85fb-512e8ede2dc0/element/00000000-0000-00f1-0000-001c00000003/value] with body: {"elementId":"00000000-0000-00f1-0000-001c00000003","text":"Updated Test","replace":false,"value":["U","p","d","a","t","e","d"," ","T","e","s","t"]}
&amp#27;[38;5;80m[AndroidUiautomator2Driver@39b4 (6321dc70)]&amp#27;[0m Got response with status 200: {"sessionId":"d56c87ac-4af2-4811-85fb-512e8ede2dc0","value":null}
&amp#27;[38;5;48m[HTTP]&amp#27;[0m &amp#27;[37m-->&amp#27;[39m &amp#27;[37mGET&amp#27;[39m &amp#27;[37m/wd-internal/session/6321dc70-6fec-4012-b317-f80b5a87bd4d/screenshot&amp#27;[39m
&amp#27;[38;5;48m[HTTP]&amp#27;[0m &amp#27;[90m{}&amp#27;[39m
&amp#27;[38;5;16m[device-farm-main]&amp#27;[0m Updating lastCmdExecutedAt for device emulator-5554 in session 6321dc70-6fec-4012-b317-f80b5a87bd4d
&amp#27;[38;5;80m[AndroidUiautomator2Driver@39b4 (6321dc70)]&amp#27;[0m Calling AppiumDriver.getScreenshot() with args: ["6321dc70-6fec-4012-b317-f80b5a87bd4d"]
&amp#27;[38;5;64m[AppiumDriver@07f6]&amp#27;[0m Clearing new command timeout pre-emptively since plugin(s) will handle this command
&amp#27;[38;5;64m[AppiumDriver@07f6]&amp#27;[0m Plugins which can handle cmd 'getScreenshot': element-wait,device-farm,appium-dashboard
&amp#27;[38;5;64m[AppiumDriver@07f6]&amp#27;[0m Plugin appium-dashboard is now handling cmd 'getScreenshot'
&amp#27;[38;5;64m[AppiumDriver@07f6]&amp#27;[0m Plugin device-farm is now handling cmd 'getScreenshot'
&amp#27;[38;5;64m[AppiumDriver@07f6]&amp#27;[0m Plugin element-wait is now handling cmd 'getScreenshot'
&amp#27;[38;5;64m[AppiumDriver@07f6]&amp#27;[0m Executing default handling behavior for command 'getScreenshot'
&amp#27;[38;5;16m[device-farm-main]&amp#27;[0m Updating lastCmdExecutedAt for device emulator-5554 in session 6321dc70-6fec-4012-b317-f80b5a87bd4d
&amp#27;[38;5;80m[AndroidUiautomator2Driver@39b4 (6321dc70)]&amp#27;[0m Matched '/screenshot' to command name 'getScreenshot'
&amp#27;[38;5;80m[AndroidUiautomator2Driver@39b4 (6321dc70)]&amp#27;[0m Proxying [GET /screenshot] to [GET http://127.0.0.1:56454/session/d56c87ac-4af2-4811-85fb-512e8ede2dc0/screenshot] with no body
&amp#27;[38;5;80m[AndroidUiautomator2Driver@39b4 (6321dc70)]&amp#27;[0m Got response with status 200: {"sessionId":"d56c87ac-4af2-4811-85fb-512e8ede2dc0","value":"iVBORw0KGgoAAAANSUhEUgAABDgAAAisCAYAAACtR1KuAAAAAXNSR0IArs4c6QAAAARzQklUCAgICHwIZIgAACAASURBVHic7N15fNTVvf/x90xmsi8kkATCFkIgIEvCJmFRUEABF/Dqpbb0irb3WtvrvXW7drv3tv39aldA69pNu7j8vEp7q1K1ggoICEhAAoaEkLCEhEBIyEqSmcnM7w8eGRlCMpNkZpLv5PV8PPp4MDPne87JfAN13nPO55gqKipcAgAAAAAAMDBzX08AAAAAAACgtwg4AAAAAACA4RFwAAAAAAAAwyPgAAAAAAAAhkfAAQAAAAAADI+AAwAAAAAAGB4BBwAAAAAAMDwCDgAAAAAAYHgEHAAAAAAAwPAIOAAAAAAAgOERcAAAAAAAAMMj4AAAAAAAAIZHwAEAAAAAAAyPgAMAAAAAABiepa8nAFyura1NNptNdrtdJ06cUHFxsYqLi9XY2Khhw4YpMzNT48aN0+DBgxUZGSmLxSKzmazOiFwul9ra2uR0OuVwOOR0OiVJJpNJZrPZfW/DwsL6eKYAAAChp7m5WZWVlaqvr1dTU5Oam5sVFRWlmJgYxcfHa+jQoYqKiurrafrd+fPnlZiYGJSxNm3a1OXrY8eOVUZGRlDmMhCYKioqXH09CcDpdKqtrU2tra2qqqrS4cOHVVhYqOrqatnt9g7trVarRowYoSlTpmjs2LFKSEiQ1WqVxWKRyWTqg5/AP06ePKmnn36629eZTCZNnDhRq1evltVqDcDM/MflcsnhcKilpUXNzc2qqalRXV2dqqurZbPZJElms1lRUVEaMmSIEhISlJiYqIiICEVERBB2AAAA9NCpU6d09OhRlZSUqKKiQg0NDV6viYuLU1pamsaOHatx48Zp+PDhQZhp4OzYsUPV1dW69dZbgzLeo48+2uXrGRkZuu+++4Iyl4GAFRzoM+3f...
&amp#27;[38;5;80m[AndroidUiautomator2Driver@39b4 (6321dc70)]&amp#27;[0m Responding to client with driver.getScreenshot() result: "iVBORw0KGgoAAAANSUhEUgAABDgAAAisCAYAAACtR1KuAAAAAXNSR0IArs4c6QAAAARzQklUCAgICHwIZIgAACAASURBVHic7N15fNTVvf/x90xmsi8kkATCFkIgIEvCJmFRUEABF/Dqpbb0irb3WtvrvXW7drv3tv39aldA69pNu7j8vEp7q1K1ggoICEhAAoaEkLCEhEBIyEqSmcnM7w8eGRlCMpNkZpLv5PV8PPp4MDPne87JfAN13nPO55gqKipcAgAAAAAAMDBzX08AAAAAAACgtwg4AAAAAACA4RFwAAAAAAAAwyPgAAAAAAAAhkfAAQAAAAAADI+AAwAAAAAAGB4BBwAAAAAAMDwCDgAAAAAAYHgEHAAAAAAAwPAIOAAAAAAAgOERcAAAAAAAAMMj4AAAAAAAAIZHwAEAAAAAAAyPgAMAAAAAABiepa8nAFyura1NNptNdrtdJ06cUHFxsYqLi9XY2Khhw4YpMzNT48aN0+DBgxUZGSmLxSKzmazOiFwul9ra2uR0OuVwOOR0OiVJJpNJZrPZfW/DwsL6eKYAAAChp7m5WZWVlaqvr1dTU5Oam5sVFRWlmJgYxcfHa+jQoYqKiurrafrd+fPnlZiYGJSxNm3a1OXrY8eOVUZGRlDmMhCYKioqXH09CcDpdKqtrU2tra2qqqrS4cOHVVhYqOrqatnt9g7trVarRowYoSlTpmjs2LFKSEiQ1WqVxWKRyWTqg5/AP06ePKmnn36629eZTCZNnDhRq1evltVqDcDM/MflcsnhcKilpUXNzc2qqalRXV2dqqurZbPZJElms1lRUVEaMmSIEhISlJiYqIiICEVERBB2AAAA9NCpU6d09OhRlZSUqKKiQg0NDV6viYuLU1pamsaOHatx48Zp+PDhQZhp4OzYsUPV1dW69dZbgzLeo48+2uXrGRkZuu+++4Iyl4GAFRzoM+3f3jscDp0/f15Hjx7VJ598oqqqKrW1tXVobzab5XK55HK5ZLfbdezYMR07dkyR...
&amp#27;[38;5;48m[HTTP]&amp#27;[0m &amp#27;[37m<-- GET /session/6321dc70-6fec-4012-b317-f80b5a87bd4d/screenshot &amp#27;[39m&amp#27;[32m200&amp#27;[39m &amp#27;[90m673 ms - 49880&amp#27;[39m
&amp#27;[38;5;48m[HTTP]&amp#27;[0m &amp#27;[90m&amp#27;[39m
&amp#27;[38;5;80m[AndroidUiautomator2Driver@39b4 (6321dc70)]&amp#27;[0m Responding to client with driver.setValue() result: null
&amp#27;[38;5;48m[HTTP]&amp#27;[0m &amp#27;[37m<-- POST /session/6321dc70-6fec-4012-b317-f80b5a87bd4d/element/00000000-0000-00f1-0000-001c00000003/value &amp#27;[39m&amp#27;[32m200&amp#27;[39m &amp#27;[90m800 ms - 14&amp#27;[39m
&amp#27;[38;5;48m[HTTP]&amp#27;[0m &amp#27;[90m&amp#27;[39m
&amp#27;[38;5;48m[HTTP]&amp#27;[0m &amp#27;[37m-->&amp#27;[39m &amp#27;[37mGET&amp#27;[39m &amp#27;[37m/session/6321dc70-6fec-4012-b317-f80b5a87bd4d/context&amp#27;[39m
&amp#27;[38;5;48m[HTTP]&amp#27;[0m &amp#27;[90m{}&amp#27;[39m
&amp#27;[38;5;16m[device-farm-main]&amp#27;[0m Updating lastCmdExecutedAt for device emulator-5554 in session 6321dc70-6fec-4012-b317-f80b5a87bd4d
&amp#27;[38;5;80m[AndroidUiautomator2Driver@39b4 (6321dc70)]&amp#27;[0m Calling AppiumDriver.getCurrentContext() with args: ["6321dc70-6fec-4012-b317-f80b5a87bd4d"]
&amp#27;[38;5;64m[AppiumDriver@07f6]&amp#27;[0m Clearing new command timeout pre-emptively since plugin(s) will handle this command
&amp#27;[38;5;64m[AppiumDriver@07f6]&amp#27;[0m Plugins which can handle cmd 'getCurrentContext': element-wait,device-farm,appium-dashboard
&amp#27;[38;5;64m[AppiumDriver@07f6]&amp#27;[0m Plugin appium-dashboard is now handling cmd 'getCurrentContext'
&amp#27;[38;5;64m[AppiumDriver@07f6]&amp#27;[0m Plugin device-farm is now handling cmd 'getCurrentContext'
&amp#27;[38;5;64m[AppiumDriver@07f6]&amp#27;[0m Plugin element-wait is now handling cmd 'getCurrentContext'
&amp#27;[38;5;64m[AppiumDriver@07f6]&amp#27;[0m Executing default handling behavior for command 'getCurrentContext'
&amp#27;[38;5;16m[device-farm-main]&amp#27;[0m Updating lastCmdExecutedAt for device emulator-5554 in session 6321dc70-6fec-4012-b317-f80b5a87bd4d
&amp#27;[38;5;80m[AndroidUiautomator2Driver@39b4 (6321dc70)]&amp#27;[0m Responding to client with driver.getCurrentContext() result: "NATIVE_APP"
&amp#27;[38;5;48m[HTTP]&amp#27;[0m &amp#27;[37m<-- GET /session/6321dc70-6fec-4012-b317-f80b5a87bd4d/context &amp#27;[39m&amp#27;[32m200&amp#27;[39m &amp#27;[90m45 ms - 22&amp#27;[39m
&amp#27;[38;5;48m[HTTP]&amp#27;[0m &amp#27;[90m&amp#27;[39m
&amp#27;[38;5;48m[HTTP]&amp#27;[0m &amp#27;[37m-->&amp#27;[39m &amp#27;[37mPOST&amp#27;[39m &amp#27;[37m/session/6321dc70-6fec-4012-b317-f80b5a87bd4d/element&amp#27;[39m
&amp#27;[38;5;48m[HTTP]&amp#27;[0m &amp#27;[90m{"using":"accessibility id","value":"SAVE"}&amp#27;[39m
&amp#27;[38;5;16m[device-farm-main]&amp#27;[0m Updating lastCmdExecutedAt for device emulator-5554 in session 6321dc70-6fec-4012-b317-f80b5a87bd4d
&amp#27;[38;5;80m[AndroidUiautomator2Driver@39b4 (6321dc70)]&amp#27;[0m Calling AppiumDriver.findElement() with args: ["accessibility id","SAVE","6321dc70-6fec-4012-b317-f80b5a87bd4d"]
&amp#27;[38;5;64m[AppiumDriver@07f6]&amp#27;[0m Clearing new command timeout pre-emptively since plugin(s) will handle this command
&amp#27;[38;5;64m[AppiumDriver@07f6]&amp#27;[0m Plugins which can handle cmd 'findElement': element-wait,device-farm,appium-dashboard
&amp#27;[38;5;64m[AppiumDriver@07f6]&amp#27;[0m Plugin appium-dashboard is now handling cmd 'findElement'
&amp#27;[38;5;64m[AppiumDriver@07f6]&amp#27;[0m Plugin device-farm is now handling cmd 'findElement'
&amp#27;[38;5;64m[AppiumDriver@07f6]&amp#27;[0m Plugin element-wait is now handling cmd 'findElement'
- Waiting to find element with accessibility id strategy for SAVE selector
&amp#27;[38;5;16m[device-farm-main]&amp#27;[0m Updating lastCmdExecutedAt for device emulator-5554 in session 6321dc70-6fec-4012-b317-f80b5a87bd4d
&amp#27;[38;5;160m[wait-plugin]&amp#27;[0m Element with accessibility id strategy for SAVE selector found.
&amp#27;[38;5;160m[wait-plugin]&amp#27;[0m Check if element is displayed
&amp#27;[38;5;80m[AndroidUiautomator2Driver@39b4 (6321dc70)]&amp#27;[0m Matched '/element/00000000-0000-00f1-0000-001e00000003/attribute/displayed' to command name 'getAttribute'
&amp#27;[38;5;80m[AndroidUiautomator2Driver@39b4 (6321dc70)]&amp#27;[0m Proxying [GET /element/00000000-0000-00f1-0000-001e00000003/attribute/displayed] to [GET http://127.0.0.1:56454/session/d56c87ac-4af2-4811-85fb-512e8ede2dc0/element/00000000-0000-00f1-0000-001e00000003/attribute/displayed] with no body
&amp#27;[38;5;80m[AndroidUiautomator2Driver@39b4 (6321dc70)]&amp#27;[0m Got response with status 200: {"sessionId":"d56c87ac-4af2-4811-85fb-512e8ede2dc0","value":"true"}
&amp#27;[38;5;160m[wait-plugin]&amp#27;[0m Element is displayed!
√ Waiting to find element with accessibility id strategy for SAVE selector
&amp#27;[38;5;64m[AppiumDriver@07f6]&amp#27;[0m Executing default handling behavior for command 'findElement'
&amp#27;[38;5;80m[AndroidUiautomator2Driver@39b4 (6321dc70)]&amp#27;[0m Valid locator strategies for this request: xpath, id, class name, accessibility id, css selector, -android uiautomator
&amp#27;[38;5;80m[AndroidUiautomator2Driver@39b4 (6321dc70)]&amp#27;[0m Waiting up to 0 ms for condition
&amp#27;[38;5;80m[AndroidUiautomator2Driver@39b4 (6321dc70)]&amp#27;[0m Matched '/element' to command name 'findElement'
&amp#27;[38;5;80m[AndroidUiautomator2Driver@39b4 (6321dc70)]&amp#27;[0m Proxying [POST /element] to [POST http://127.0.0.1:56454/session/d56c87ac-4af2-4811-85fb-512e8ede2dc0/element] with body: {"strategy":"accessibility id","selector":"SAVE","context":"","multiple":false}
&amp#27;[38;5;80m[AndroidUiautomator2Driver@39b4 (6321dc70)]&amp#27;[0m Got response with status 200: {"sessionId":"d56c87ac-4af2-4811-85fb-512e8ede2dc0","value":{"ELEMENT":"00000000-0000-00f1-0000-001e00000003","element-6066-11e4-a52e-4f735466cecf":"00000000-0000-00f1-0000-001e00000003"}}
&amp#27;[38;5;80m[AndroidUiautomator2Driver@39b4 (6321dc70)]&amp#27;[0m Responding to client with driver.findElement() result: {"element-6066-11e4-a52e-4f735466cecf":"00000000-0000-00f1-0000-001e00000003","ELEMENT":"00000000-0000-00f1-0000-001e00000003"}
&amp#27;[38;5;48m[HTTP]&amp#27;[0m &amp#27;[37m<-- POST /session/6321dc70-6fec-4012-b317-f80b5a87bd4d/element &amp#27;[39m&amp#27;[32m200&amp#27;[39m &amp#27;[90m732 ms - 137&amp#27;[39m
&amp#27;[38;5;48m[HTTP]&amp#27;[0m &amp#27;[90m&amp#27;[39m
&amp#27;[38;5;48m[HTTP]&amp#27;[0m &amp#27;[37m-->&amp#27;[39m &amp#27;[37mPOST&amp#27;[39m &amp#27;[37m/session/6321dc70-6fec-4012-b317-f80b5a87bd4d/element/00000000-0000-00f1-0000-001e00000003/click&amp#27;[39m
&amp#27;[38;5;48m[HTTP]&amp#27;[0m &amp#27;[90m{"id":"00000000-0000-00f1-0000-001e00000003"}&amp#27;[39m
&amp#27;[38;5;16m[device-farm-main]&amp#27;[0m Updating lastCmdExecutedAt for device emulator-5554 in session 6321dc70-6fec-4012-b317-f80b5a87bd4d
&amp#27;[38;5;80m[AndroidUiautomator2Driver@39b4 (6321dc70)]&amp#27;[0m Calling AppiumDriver.click() with args: ["00000000-0000-00f1-0000-001e00000003","6321dc70-6fec-4012-b317-f80b5a87bd4d"]
&amp#27;[38;5;64m[AppiumDriver@07f6]&amp#27;[0m Clearing new command timeout pre-emptively since plugin(s) will handle this command
&amp#27;[38;5;64m[AppiumDriver@07f6]&amp#27;[0m Plugins which can handle cmd 'click': element-wait,device-farm,appium-dashboard
&amp#27;[38;5;64m[AppiumDriver@07f6]&amp#27;[0m Plugin appium-dashboard is now handling cmd 'click'
&amp#27;[38;5;64m[AppiumDriver@07f6]&amp#27;[0m Plugin device-farm is now handling cmd 'click'
&amp#27;[38;5;64m[AppiumDriver@07f6]&amp#27;[0m Plugin element-wait is now handling cmd 'click'
&amp#27;[38;5;160m[wait-plugin]&amp#27;[0m Wait for element to be clickable
&amp#27;[38;5;80m[AndroidUiautomator2Driver@39b4 (6321dc70)]&amp#27;[0m Matched '/element/00000000-0000-00f1-0000-001e00000003/attribute/enabled' to command name 'getAttribute'
&amp#27;[38;5;80m[AndroidUiautomator2Driver@39b4 (6321dc70)]&amp#27;[0m Proxying [GET /element/00000000-0000-00f1-0000-001e00000003/attribute/enabled] to [GET http://127.0.0.1:56454/session/d56c87ac-4af2-4811-85fb-512e8ede2dc0/element/00000000-0000-00f1-0000-001e00000003/attribute/enabled] with no body
&amp#27;[38;5;16m[device-farm-main]&amp#27;[0m Updating lastCmdExecutedAt for device emulator-5554 in session 6321dc70-6fec-4012-b317-f80b5a87bd4d
&amp#27;[38;5;80m[AndroidUiautomator2Driver@39b4 (6321dc70)]&amp#27;[0m Got response with status 200: {"sessionId":"d56c87ac-4af2-4811-85fb-512e8ede2dc0","value":"true"}
&amp#27;[38;5;160m[wait-plugin]&amp#27;[0m Element is enabled
&amp#27;[38;5;64m[AppiumDriver@07f6]&amp#27;[0m Executing default handling behavior for command 'click'
&amp#27;[38;5;80m[AndroidUiautomator2Driver@39b4 (6321dc70)]&amp#27;[0m Matched '/element/00000000-0000-00f1-0000-001e00000003/click' to command name 'click'
&amp#27;[38;5;80m[AndroidUiautomator2Driver@39b4 (6321dc70)]&amp#27;[0m Proxying [POST /element/00000000-0000-00f1-0000-001e00000003/click] to [POST http://127.0.0.1:56454/session/d56c87ac-4af2-4811-85fb-512e8ede2dc0/element/00000000-0000-00f1-0000-001e00000003/click] with body: {"element":"00000000-0000-00f1-0000-001e00000003"}
&amp#27;[38;5;80m[AndroidUiautomator2Driver@39b4 (6321dc70)]&amp#27;[0m Got response with status 200: {"sessionId":"d56c87ac-4af2-4811-85fb-512e8ede2dc0","value":null}
&amp#27;[38;5;48m[HTTP]&amp#27;[0m &amp#27;[37m-->&amp#27;[39m &amp#27;[37mGET&amp#27;[39m &amp#27;[37m/wd-internal/session/6321dc70-6fec-4012-b317-f80b5a87bd4d/screenshot&amp#27;[39m
&amp#27;[38;5;48m[HTTP]&amp#27;[0m &amp#27;[90m{}&amp#27;[39m
&amp#27;[38;5;16m[device-farm-main]&amp#27;[0m Updating lastCmdExecutedAt for device emulator-5554 in session 6321dc70-6fec-4012-b317-f80b5a87bd4d
&amp#27;[38;5;80m[AndroidUiautomator2Driver@39b4 (6321dc70)]&amp#27;[0m Calling AppiumDriver.getScreenshot() with args: ["6321dc70-6fec-4012-b317-f80b5a87bd4d"]
&amp#27;[38;5;64m[AppiumDriver@07f6]&amp#27;[0m Clearing new command timeout pre-emptively since plugin(s) will handle this command
&amp#27;[38;5;64m[AppiumDriver@07f6]&amp#27;[0m Plugins which can handle cmd 'getScreenshot': element-wait,device-farm,appium-dashboard
&amp#27;[38;5;64m[AppiumDriver@07f6]&amp#27;[0m Plugin appium-dashboard is now handling cmd 'getScreenshot'
&amp#27;[38;5;64m[AppiumDriver@07f6]&amp#27;[0m Plugin device-farm is now handling cmd 'getScreenshot'
&amp#27;[38;5;64m[AppiumDriver@07f6]&amp#27;[0m Plugin element-wait is now handling cmd 'getScreenshot'
&amp#27;[38;5;64m[AppiumDriver@07f6]&amp#27;[0m Executing default handling behavior for command 'getScreenshot'
&amp#27;[38;5;16m[device-farm-main]&amp#27;[0m Updating lastCmdExecutedAt for device emulator-5554 in session 6321dc70-6fec-4012-b317-f80b5a87bd4d
&amp#27;[38;5;80m[AndroidUiautomator2Driver@39b4 (6321dc70)]&amp#27;[0m Matched '/screenshot' to command name 'getScreenshot'
&amp#27;[38;5;80m[AndroidUiautomator2Driver@39b4 (6321dc70)]&amp#27;[0m Proxying [GET /screenshot] to [GET http://127.0.0.1:56454/session/d56c87ac-4af2-4811-85fb-512e8ede2dc0/screenshot] with no body
&amp#27;[38;5;80m[AndroidUiautomator2Driver@39b4 (6321dc70)]&amp#27;[0m Got response with status 200: {"sessionId":"d56c87ac-4af2-4811-85fb-512e8ede2dc0","value":"iVBORw0KGgoAAAANSUhEUgAABDgAAAisCAYAAACtR1KuAAAAAXNSR0IArs4c6QAAAARzQklUCAgICHwIZIgAACAASURBVHic7N13VNRX+j/w9wwztIFBQFDRKCKKFbCggL1gLLFF12RXE+OmuUk2m2KyMU1jNokpm2RNjOnJxuSbrNHEGgt2sSFYwIIoTTpIZxiYGWZ+f/BjjkiZz1Rm4P06J+cEuJ97L6DjfJ7Pc59HlJeXpwMRERERERERkQMTt/cGiIiIiIiIiIjMxQAHERERERERETk8BjiIiIiIiIiIyOExwEFEREREREREDo8BDiIiIiIiIiJyeAxwEBEREREREZHDY4CDiIiIiIiIiBweAxxERERERERE5PAY4CAiIiIiIiIih8cABxERERERERE5PAY4iIiIiIiIiMjhMcBBRERERERERA6PAQ4iIiIiIiIicngMcBARERERERGRw5O09waI7lRfXw+VSgW1Wo2srCxcv34d169fR3V1NXr06IHg4GD0798fvr6+cHV1hUQigVjMWJ0j0ul0qK+vh1arhUajgVarBQCIRCKIxWL979bJyamdd0pERETU8SiVShQUFKCyshIKhQJKpRJubm6QyWSQy+Xo3r073Nzc2nubFldWVgZvb2+brBUbG9vm1/v164egoCCb7KUzEOXl5enaexNEWq0W9fX1qKurQ3FxMa5evYqUlBSUlJRArVY3Gy+VStGrVy8MGzYM/fr1g5eXF6RSKSQSCUQiUTt8B5Zx8+ZNfPrpp0ZfJxKJMGjQICxZsgRSqdQKO7McnU4HjUaD2tpaKJVKlJaWoqKiAiUlJVCpVAAAsVgMNzc3dO3aFV5eXvD29oaLiwtcXFwY7CAiIiIyUU5ODm7cuIG0tDTk5eWhqqrK4DWenp4ICAhAv3790L9/f/Ts2dMGO7WeEydOoKSkBHPnzrXJei+++GKb...
&amp#27;[38;5;80m[AndroidUiautomator2Driver@39b4 (6321dc70)]&amp#27;[0m Responding to client with driver.getScreenshot() result: "iVBORw0KGgoAAAANSUhEUgAABDgAAAisCAYAAACtR1KuAAAAAXNSR0IArs4c6QAAAARzQklUCAgICHwIZIgAACAASURBVHic7N13VNRX+j/w9wwztIFBQFDRKCKKFbCggL1gLLFF12RXE+OmuUk2m2KyMU1jNokpm2RNjOnJxuSbrNHEGgt2sSFYwIIoTTpIZxiYGWZ+f/BjjkiZz1Rm4P06J+cEuJ97L6DjfJ7Pc59HlJeXpwMRERERERERkQMTt/cGiIiIiIiIiIjMxQAHERERERERETk8BjiIiIiIiIiIyOExwEFEREREREREDo8BDiIiIiIiIiJyeAxwEBEREREREZHDY4CDiIiIiIiIiBweAxxERERERERE5PAY4CAiIiIiIiIih8cABxERERERERE5PAY4iIiIiIiIiMjhMcBBRERERERERA6PAQ4iIiIiIiIicngMcBARERERERGRw5O09waI7lRfXw+VSgW1Wo2srCxcv34d169fR3V1NXr06IHg4GD0798fvr6+cHV1hUQigVjMWJ0j0ul0qK+vh1arhUajgVarBQCIRCKIxWL979bJyamdd0pERETU8SiVShQUFKCyshIKhQJKpRJubm6QyWSQy+Xo3r073Nzc2nubFldWVgZvb2+brBUbG9vm1/v164egoCCb7KUzEOXl5enaexNEWq0W9fX1qKurQ3FxMa5evYqUlBSUlJRArVY3Gy+VStGrVy8MGzYM/fr1g5eXF6RSKSQSCUQiUTt8B5Zx8+ZNfPrpp0ZfJxKJMGjQICxZsgRSqdQKO7McnU4HjUaD2tpaKJVKlJaWoqKiAiUlJVCpVAAAsVgMNzc3dO3aFV5eXvD29oaLiwtcXFwY7CAiIiIyUU5ODm7cuIG0tDTk5eWhqqrK4DWenp4ICAhAv3790L9/f/Ts2dMGO7WeEydOoKSkBHPnzrXJei+++GKbXw8KCsKKFStsspfOgBkc1G4an95rNBqUlZXhxo0bOHv2LIqLi1FfX99svFgs...
&amp#27;[38;5;48m[HTTP]&amp#27;[0m &amp#27;[37m<-- GET /session/6321dc70-6fec-4012-b317-f80b5a87bd4d/screenshot &amp#27;[39m&amp#27;[32m200&amp#27;[39m &amp#27;[90m342 ms - 84936&amp#27;[39m
&amp#27;[38;5;48m[HTTP]&amp#27;[0m &amp#27;[90m&amp#27;[39m
&amp#27;[38;5;80m[AndroidUiautomator2Driver@39b4 (6321dc70)]&amp#27;[0m Responding to client with driver.click() result: null
&amp#27;[38;5;48m[HTTP]&amp#27;[0m &amp#27;[37m<-- POST /session/6321dc70-6fec-4012-b317-f80b5a87bd4d/element/00000000-0000-00f1-0000-001e00000003/click &amp#27;[39m&amp#27;[32m200&amp#27;[39m &amp#27;[90m1287 ms - 14&amp#27;[39m
&amp#27;[38;5;48m[HTTP]&amp#27;[0m &amp#27;[90m&amp#27;[39m
List updated successfully!
]]></system-out>
  </testcase>
  <testcase name="DeleteListtest" classname="com.shubham.projects.AppTest.AddListTest" time="5.267">
    <system-out><![CDATA[&amp#27;[38;5;48m[HTTP]&amp#27;[0m &amp#27;[37m-->&amp#27;[39m &amp#27;[37mGET&amp#27;[39m &amp#27;[37m/session/6321dc70-6fec-4012-b317-f80b5a87bd4d/context&amp#27;[39m
&amp#27;[38;5;48m[HTTP]&amp#27;[0m &amp#27;[90m{}&amp#27;[39m
&amp#27;[38;5;16m[device-farm-main]&amp#27;[0m Updating lastCmdExecutedAt for device emulator-5554 in session 6321dc70-6fec-4012-b317-f80b5a87bd4d
&amp#27;[38;5;80m[AndroidUiautomator2Driver@39b4 (6321dc70)]&amp#27;[0m Calling AppiumDriver.getCurrentContext() with args: ["6321dc70-6fec-4012-b317-f80b5a87bd4d"]
&amp#27;[38;5;64m[AppiumDriver@07f6]&amp#27;[0m Clearing new command timeout pre-emptively since plugin(s) will handle this command
&amp#27;[38;5;64m[AppiumDriver@07f6]&amp#27;[0m Plugins which can handle cmd 'getCurrentContext': element-wait,device-farm,appium-dashboard
&amp#27;[38;5;64m[AppiumDriver@07f6]&amp#27;[0m Plugin appium-dashboard is now handling cmd 'getCurrentContext'
&amp#27;[38;5;64m[AppiumDriver@07f6]&amp#27;[0m Plugin device-farm is now handling cmd 'getCurrentContext'
&amp#27;[38;5;64m[AppiumDriver@07f6]&amp#27;[0m Plugin element-wait is now handling cmd 'getCurrentContext'
&amp#27;[38;5;64m[AppiumDriver@07f6]&amp#27;[0m Executing default handling behavior for command 'getCurrentContext'
&amp#27;[38;5;16m[device-farm-main]&amp#27;[0m Updating lastCmdExecutedAt for device emulator-5554 in session 6321dc70-6fec-4012-b317-f80b5a87bd4d
&amp#27;[38;5;80m[AndroidUiautomator2Driver@39b4 (6321dc70)]&amp#27;[0m Responding to client with driver.getCurrentContext() result: "NATIVE_APP"
&amp#27;[38;5;48m[HTTP]&amp#27;[0m &amp#27;[37m<-- GET /session/6321dc70-6fec-4012-b317-f80b5a87bd4d/context &amp#27;[39m&amp#27;[32m200&amp#27;[39m &amp#27;[90m21 ms - 22&amp#27;[39m
&amp#27;[38;5;48m[HTTP]&amp#27;[0m &amp#27;[90m&amp#27;[39m
&amp#27;[38;5;48m[HTTP]&amp#27;[0m &amp#27;[37m-->&amp#27;[39m &amp#27;[37mPOST&amp#27;[39m &amp#27;[37m/session/6321dc70-6fec-4012-b317-f80b5a87bd4d/element&amp#27;[39m
&amp#27;[38;5;48m[HTTP]&amp#27;[0m &amp#27;[90m{"using":"class name","value":"android.widget.ImageView"}&amp#27;[39m
&amp#27;[38;5;16m[device-farm-main]&amp#27;[0m Updating lastCmdExecutedAt for device emulator-5554 in session 6321dc70-6fec-4012-b317-f80b5a87bd4d
&amp#27;[38;5;80m[AndroidUiautomator2Driver@39b4 (6321dc70)]&amp#27;[0m Calling AppiumDriver.findElement() with args: ["class name","android.widget.ImageView","6321dc70-6fec-4012-b317-f80b5a87bd4d"]
&amp#27;[38;5;64m[AppiumDriver@07f6]&amp#27;[0m Clearing new command timeout pre-emptively since plugin(s) will handle this command
&amp#27;[38;5;64m[AppiumDriver@07f6]&amp#27;[0m Plugins which can handle cmd 'findElement': element-wait,device-farm,appium-dashboard
&amp#27;[38;5;64m[AppiumDriver@07f6]&amp#27;[0m Plugin appium-dashboard is now handling cmd 'findElement'
&amp#27;[38;5;64m[AppiumDriver@07f6]&amp#27;[0m Plugin device-farm is now handling cmd 'findElement'
- Waiting to find element with class name strategy for android.widget.ImageView selector
&amp#27;[38;5;64m[AppiumDriver@07f6]&amp#27;[0m Plugin element-wait is now handling cmd 'findElement'
&amp#27;[38;5;16m[device-farm-main]&amp#27;[0m Updating lastCmdExecutedAt for device emulator-5554 in session 6321dc70-6fec-4012-b317-f80b5a87bd4d
&amp#27;[38;5;160m[wait-plugin]&amp#27;[0m Element with class name strategy for android.widget.ImageView selector found.
&amp#27;[38;5;160m[wait-plugin]&amp#27;[0m Check if element is displayed
&amp#27;[38;5;80m[AndroidUiautomator2Driver@39b4 (6321dc70)]&amp#27;[0m Matched '/element/00000000-0000-00f1-0000-001000000003/attribute/displayed' to command name 'getAttribute'
&amp#27;[38;5;80m[AndroidUiautomator2Driver@39b4 (6321dc70)]&amp#27;[0m Proxying [GET /element/00000000-0000-00f1-0000-001000000003/attribute/displayed] to [GET http://127.0.0.1:56454/session/d56c87ac-4af2-4811-85fb-512e8ede2dc0/element/00000000-0000-00f1-0000-001000000003/attribute/displayed] with no body
&amp#27;[38;5;80m[AndroidUiautomator2Driver@39b4 (6321dc70)]&amp#27;[0m Got response with status 200: {"sessionId":"d56c87ac-4af2-4811-85fb-512e8ede2dc0","value":"true"}
&amp#27;[38;5;160m[wait-plugin]&amp#27;[0m Element is displayed!
√ Waiting to find element with class name strategy for android.widget.ImageView selector
&amp#27;[38;5;64m[AppiumDriver@07f6]&amp#27;[0m Executing default handling behavior for command 'findElement'
&amp#27;[38;5;80m[AndroidUiautomator2Driver@39b4 (6321dc70)]&amp#27;[0m Valid locator strategies for this request: xpath, id, class name, accessibility id, css selector, -android uiautomator
&amp#27;[38;5;80m[AndroidUiautomator2Driver@39b4 (6321dc70)]&amp#27;[0m Waiting up to 0 ms for condition
&amp#27;[38;5;80m[AndroidUiautomator2Driver@39b4 (6321dc70)]&amp#27;[0m Matched '/element' to command name 'findElement'
&amp#27;[38;5;80m[AndroidUiautomator2Driver@39b4 (6321dc70)]&amp#27;[0m Proxying [POST /element] to [POST http://127.0.0.1:56454/session/d56c87ac-4af2-4811-85fb-512e8ede2dc0/element] with body: {"strategy":"class name","selector":"android.widget.ImageView","context":"","multiple":false}
&amp#27;[38;5;80m[AndroidUiautomator2Driver@39b4 (6321dc70)]&amp#27;[0m Got response with status 200: {"sessionId":"d56c87ac-4af2-4811-85fb-512e8ede2dc0","value":{"ELEMENT":"00000000-0000-00f1-0000-001000000003","element-6066-11e4-a52e-4f735466cecf":"00000000-0000-00f1-0000-001000000003"}}
&amp#27;[38;5;80m[AndroidUiautomator2Driver@39b4 (6321dc70)]&amp#27;[0m Responding to client with driver.findElement() result: {"element-6066-11e4-a52e-4f735466cecf":"00000000-0000-00f1-0000-001000000003","ELEMENT":"00000000-0000-00f1-0000-001000000003"}
&amp#27;[38;5;48m[HTTP]&amp#27;[0m &amp#27;[37m<-- POST /session/6321dc70-6fec-4012-b317-f80b5a87bd4d/element &amp#27;[39m&amp#27;[32m200&amp#27;[39m &amp#27;[90m79 ms - 137&amp#27;[39m
&amp#27;[38;5;48m[HTTP]&amp#27;[0m &amp#27;[90m&amp#27;[39m
&amp#27;[38;5;48m[HTTP]&amp#27;[0m &amp#27;[37m-->&amp#27;[39m &amp#27;[37mPOST&amp#27;[39m &amp#27;[37m/session/6321dc70-6fec-4012-b317-f80b5a87bd4d/execute/sync&amp#27;[39m
&amp#27;[38;5;48m[HTTP]&amp#27;[0m &amp#27;[90m{"script":"mobile: longClickGesture","args":[{"elementId":"00000000-0000-00f1-0000-001000000003","duration":2000}]}&amp#27;[39m
&amp#27;[38;5;16m[device-farm-main]&amp#27;[0m Updating lastCmdExecutedAt for device emulator-5554 in session 6321dc70-6fec-4012-b317-f80b5a87bd4d
&amp#27;[38;5;80m[AndroidUiautomator2Driver@39b4 (6321dc70)]&amp#27;[0m Calling AppiumDriver.execute() with args: ["mobile: longClickGesture",[{"elementId":"00000000-0000-00f1-0000-001000000003","duration":2000}],"6321dc70-6fec-4012-b317-f80b5a87bd4d"]
&amp#27;[38;5;64m[AppiumDriver@07f6]&amp#27;[0m Clearing new command timeout pre-emptively since plugin(s) will handle this command
&amp#27;[38;5;64m[AppiumDriver@07f6]&amp#27;[0m Plugins which can handle cmd 'execute': element-wait,device-farm,appium-dashboard
&amp#27;[38;5;64m[AppiumDriver@07f6]&amp#27;[0m Plugin appium-dashboard is now handling cmd 'execute'
&amp#27;[38;5;64m[AppiumDriver@07f6]&amp#27;[0m Plugin device-farm is now handling cmd 'execute'
&amp#27;[38;5;64m[AppiumDriver@07f6]&amp#27;[0m Plugin element-wait is now handling cmd 'execute'
&amp#27;[38;5;176m[Plugin [element-wait]]&amp#27;[0m Plugin did not know how to handle method 'mobile: longClickGesture'. Passing control to next
&amp#27;[38;5;64m[AppiumDriver@07f6]&amp#27;[0m Executing default handling behavior for command 'execute'
&amp#27;[38;5;80m[AndroidUiautomator2Driver@39b4 (6321dc70)]&amp#27;[0m Executing method 'mobile: longClickGesture'
&amp#27;[38;5;80m[AndroidUiautomator2Driver@39b4 (6321dc70)]&amp#27;[0m Proxying [POST /appium/gestures/long_click] to [POST http://127.0.0.1:56454/session/d56c87ac-4af2-4811-85fb-512e8ede2dc0/appium/gestures/long_click] with body: {"origin":{"ELEMENT":"00000000-0000-00f1-0000-001000000003","element-6066-11e4-a52e-4f735466cecf":"00000000-0000-00f1-0000-001000000003"},"duration":2000}
&amp#27;[38;5;16m[device-farm-main]&amp#27;[0m Updating lastCmdExecutedAt for device emulator-5554 in session 6321dc70-6fec-4012-b317-f80b5a87bd4d
&amp#27;[38;5;80m[AndroidUiautomator2Driver@39b4 (6321dc70)]&amp#27;[0m Got response with status 200: {"sessionId":"d56c87ac-4af2-4811-85fb-512e8ede2dc0","value":null}
&amp#27;[38;5;80m[AndroidUiautomator2Driver@39b4 (6321dc70)]&amp#27;[0m Responding to client with driver.execute() result: null
&amp#27;[38;5;48m[HTTP]&amp#27;[0m &amp#27;[37m<-- POST /session/6321dc70-6fec-4012-b317-f80b5a87bd4d/execute/sync &amp#27;[39m&amp#27;[32m200&amp#27;[39m &amp#27;[90m3214 ms - 14&amp#27;[39m
&amp#27;[38;5;48m[HTTP]&amp#27;[0m &amp#27;[90m&amp#27;[39m
&amp#27;[38;5;48m[HTTP]&amp#27;[0m &amp#27;[37m-->&amp#27;[39m &amp#27;[37mGET&amp#27;[39m &amp#27;[37m/session/6321dc70-6fec-4012-b317-f80b5a87bd4d/context&amp#27;[39m
&amp#27;[38;5;48m[HTTP]&amp#27;[0m &amp#27;[90m{}&amp#27;[39m
&amp#27;[38;5;16m[device-farm-main]&amp#27;[0m Updating lastCmdExecutedAt for device emulator-5554 in session 6321dc70-6fec-4012-b317-f80b5a87bd4d
&amp#27;[38;5;80m[AndroidUiautomator2Driver@39b4 (6321dc70)]&amp#27;[0m Calling AppiumDriver.getCurrentContext() with args: ["6321dc70-6fec-4012-b317-f80b5a87bd4d"]
&amp#27;[38;5;64m[AppiumDriver@07f6]&amp#27;[0m Clearing new command timeout pre-emptively since plugin(s) will handle this command
&amp#27;[38;5;64m[AppiumDriver@07f6]&amp#27;[0m Plugins which can handle cmd 'getCurrentContext': element-wait,device-farm,appium-dashboard
&amp#27;[38;5;64m[AppiumDriver@07f6]&amp#27;[0m Plugin appium-dashboard is now handling cmd 'getCurrentContext'
&amp#27;[38;5;64m[AppiumDriver@07f6]&amp#27;[0m Plugin device-farm is now handling cmd 'getCurrentContext'
&amp#27;[38;5;64m[AppiumDriver@07f6]&amp#27;[0m Plugin element-wait is now handling cmd 'getCurrentContext'
&amp#27;[38;5;64m[AppiumDriver@07f6]&amp#27;[0m Executing default handling behavior for command 'getCurrentContext'
&amp#27;[38;5;16m[device-farm-main]&amp#27;[0m Updating lastCmdExecutedAt for device emulator-5554 in session 6321dc70-6fec-4012-b317-f80b5a87bd4d
&amp#27;[38;5;80m[AndroidUiautomator2Driver@39b4 (6321dc70)]&amp#27;[0m Responding to client with driver.getCurrentContext() result: "NATIVE_APP"
&amp#27;[38;5;48m[HTTP]&amp#27;[0m &amp#27;[37m<-- GET /session/6321dc70-6fec-4012-b317-f80b5a87bd4d/context &amp#27;[39m&amp#27;[32m200&amp#27;[39m &amp#27;[90m15 ms - 22&amp#27;[39m
&amp#27;[38;5;48m[HTTP]&amp#27;[0m &amp#27;[90m&amp#27;[39m
&amp#27;[38;5;48m[HTTP]&amp#27;[0m &amp#27;[37m-->&amp#27;[39m &amp#27;[37mPOST&amp#27;[39m &amp#27;[37m/session/6321dc70-6fec-4012-b317-f80b5a87bd4d/element&amp#27;[39m
&amp#27;[38;5;48m[HTTP]&amp#27;[0m &amp#27;[90m{"using":"accessibility id","value":"Delete"}&amp#27;[39m
&amp#27;[38;5;16m[device-farm-main]&amp#27;[0m Updating lastCmdExecutedAt for device emulator-5554 in session 6321dc70-6fec-4012-b317-f80b5a87bd4d
&amp#27;[38;5;80m[AndroidUiautomator2Driver@39b4 (6321dc70)]&amp#27;[0m Calling AppiumDriver.findElement() with args: ["accessibility id","Delete","6321dc70-6fec-4012-b317-f80b5a87bd4d"]
&amp#27;[38;5;64m[AppiumDriver@07f6]&amp#27;[0m Clearing new command timeout pre-emptively since plugin(s) will handle this command
&amp#27;[38;5;64m[AppiumDriver@07f6]&amp#27;[0m Plugins which can handle cmd 'findElement': element-wait,device-farm,appium-dashboard
&amp#27;[38;5;64m[AppiumDriver@07f6]&amp#27;[0m Plugin appium-dashboard is now handling cmd 'findElement'
&amp#27;[38;5;64m[AppiumDriver@07f6]&amp#27;[0m Plugin device-farm is now handling cmd 'findElement'
&amp#27;[38;5;64m[AppiumDriver@07f6]&amp#27;[0m Plugin element-wait is now handling cmd 'findElement'
- Waiting to find element with accessibility id strategy for Delete selector
&amp#27;[38;5;16m[device-farm-main]&amp#27;[0m Updating lastCmdExecutedAt for device emulator-5554 in session 6321dc70-6fec-4012-b317-f80b5a87bd4d
&amp#27;[38;5;160m[wait-plugin]&amp#27;[0m Element with accessibility id strategy for Delete selector found.
&amp#27;[38;5;160m[wait-plugin]&amp#27;[0m Check if element is displayed
&amp#27;[38;5;80m[AndroidUiautomator2Driver@39b4 (6321dc70)]&amp#27;[0m Matched '/element/00000000-0000-00f1-0000-002300000003/attribute/displayed' to command name 'getAttribute'
&amp#27;[38;5;80m[AndroidUiautomator2Driver@39b4 (6321dc70)]&amp#27;[0m Proxying [GET /element/00000000-0000-00f1-0000-002300000003/attribute/displayed] to [GET http://127.0.0.1:56454/session/d56c87ac-4af2-4811-85fb-512e8ede2dc0/element/00000000-0000-00f1-0000-002300000003/attribute/displayed] with no body
&amp#27;[38;5;80m[AndroidUiautomator2Driver@39b4 (6321dc70)]&amp#27;[0m Got response with status 200: {"sessionId":"d56c87ac-4af2-4811-85fb-512e8ede2dc0","value":"true"}
&amp#27;[38;5;160m[wait-plugin]&amp#27;[0m Element is displayed!
√ Waiting to find element with accessibility id strategy for Delete selector
&amp#27;[38;5;64m[AppiumDriver@07f6]&amp#27;[0m Executing default handling behavior for command 'findElement'
&amp#27;[38;5;80m[AndroidUiautomator2Driver@39b4 (6321dc70)]&amp#27;[0m Valid locator strategies for this request: xpath, id, class name, accessibility id, css selector, -android uiautomator
&amp#27;[38;5;80m[AndroidUiautomator2Driver@39b4 (6321dc70)]&amp#27;[0m Waiting up to 0 ms for condition
&amp#27;[38;5;80m[AndroidUiautomator2Driver@39b4 (6321dc70)]&amp#27;[0m Matched '/element' to command name 'findElement'
&amp#27;[38;5;80m[AndroidUiautomator2Driver@39b4 (6321dc70)]&amp#27;[0m Proxying [POST /element] to [POST http://127.0.0.1:56454/session/d56c87ac-4af2-4811-85fb-512e8ede2dc0/element] with body: {"strategy":"accessibility id","selector":"Delete","context":"","multiple":false}
&amp#27;[38;5;80m[AndroidUiautomator2Driver@39b4 (6321dc70)]&amp#27;[0m Got response with status 200: {"sessionId":"d56c87ac-4af2-4811-85fb-512e8ede2dc0","value":{"ELEMENT":"00000000-0000-00f1-0000-002300000003","element-6066-11e4-a52e-4f735466cecf":"00000000-0000-00f1-0000-002300000003"}}
&amp#27;[38;5;80m[AndroidUiautomator2Driver@39b4 (6321dc70)]&amp#27;[0m Responding to client with driver.findElement() result: {"element-6066-11e4-a52e-4f735466cecf":"00000000-0000-00f1-0000-002300000003","ELEMENT":"00000000-0000-00f1-0000-002300000003"}
&amp#27;[38;5;48m[HTTP]&amp#27;[0m &amp#27;[37m<-- POST /session/6321dc70-6fec-4012-b317-f80b5a87bd4d/element &amp#27;[39m&amp#27;[32m200&amp#27;[39m &amp#27;[90m77 ms - 137&amp#27;[39m
&amp#27;[38;5;48m[HTTP]&amp#27;[0m &amp#27;[90m&amp#27;[39m
&amp#27;[38;5;48m[HTTP]&amp#27;[0m &amp#27;[37m-->&amp#27;[39m &amp#27;[37mPOST&amp#27;[39m &amp#27;[37m/session/6321dc70-6fec-4012-b317-f80b5a87bd4d/element/00000000-0000-00f1-0000-002300000003/click&amp#27;[39m
&amp#27;[38;5;48m[HTTP]&amp#27;[0m &amp#27;[90m{"id":"00000000-0000-00f1-0000-002300000003"}&amp#27;[39m
&amp#27;[38;5;16m[device-farm-main]&amp#27;[0m Updating lastCmdExecutedAt for device emulator-5554 in session 6321dc70-6fec-4012-b317-f80b5a87bd4d
&amp#27;[38;5;80m[AndroidUiautomator2Driver@39b4 (6321dc70)]&amp#27;[0m Calling AppiumDriver.click() with args: ["00000000-0000-00f1-0000-002300000003","6321dc70-6fec-4012-b317-f80b5a87bd4d"]
&amp#27;[38;5;64m[AppiumDriver@07f6]&amp#27;[0m Clearing new command timeout pre-emptively since plugin(s) will handle this command
&amp#27;[38;5;64m[AppiumDriver@07f6]&amp#27;[0m Plugins which can handle cmd 'click': element-wait,device-farm,appium-dashboard
&amp#27;[38;5;64m[AppiumDriver@07f6]&amp#27;[0m Plugin appium-dashboard is now handling cmd 'click'
&amp#27;[38;5;64m[AppiumDriver@07f6]&amp#27;[0m Plugin device-farm is now handling cmd 'click'
&amp#27;[38;5;64m[AppiumDriver@07f6]&amp#27;[0m Plugin element-wait is now handling cmd 'click'
&amp#27;[38;5;160m[wait-plugin]&amp#27;[0m Wait for element to be clickable
&amp#27;[38;5;80m[AndroidUiautomator2Driver@39b4 (6321dc70)]&amp#27;[0m Matched '/element/00000000-0000-00f1-0000-002300000003/attribute/enabled' to command name 'getAttribute'
&amp#27;[38;5;80m[AndroidUiautomator2Driver@39b4 (6321dc70)]&amp#27;[0m Proxying [GET /element/00000000-0000-00f1-0000-002300000003/attribute/enabled] to [GET http://127.0.0.1:56454/session/d56c87ac-4af2-4811-85fb-512e8ede2dc0/element/00000000-0000-00f1-0000-002300000003/attribute/enabled] with no body
&amp#27;[38;5;16m[device-farm-main]&amp#27;[0m Updating lastCmdExecutedAt for device emulator-5554 in session 6321dc70-6fec-4012-b317-f80b5a87bd4d
&amp#27;[38;5;80m[AndroidUiautomator2Driver@39b4 (6321dc70)]&amp#27;[0m Got response with status 200: {"sessionId":"d56c87ac-4af2-4811-85fb-512e8ede2dc0","value":"true"}
&amp#27;[38;5;160m[wait-plugin]&amp#27;[0m Element is enabled
&amp#27;[38;5;64m[AppiumDriver@07f6]&amp#27;[0m Executing default handling behavior for command 'click'
&amp#27;[38;5;80m[AndroidUiautomator2Driver@39b4 (6321dc70)]&amp#27;[0m Matched '/element/00000000-0000-00f1-0000-002300000003/click' to command name 'click'
&amp#27;[38;5;80m[AndroidUiautomator2Driver@39b4 (6321dc70)]&amp#27;[0m Proxying [POST /element/00000000-0000-00f1-0000-002300000003/click] to [POST http://127.0.0.1:56454/session/d56c87ac-4af2-4811-85fb-512e8ede2dc0/element/00000000-0000-00f1-0000-002300000003/click] with body: {"element":"00000000-0000-00f1-0000-002300000003"}
&amp#27;[38;5;80m[AndroidUiautomator2Driver@39b4 (6321dc70)]&amp#27;[0m Got response with status 200: {"sessionId":"d56c87ac-4af2-4811-85fb-512e8ede2dc0","value":null}
&amp#27;[38;5;48m[HTTP]&amp#27;[0m &amp#27;[37m-->&amp#27;[39m &amp#27;[37mGET&amp#27;[39m &amp#27;[37m/wd-internal/session/6321dc70-6fec-4012-b317-f80b5a87bd4d/screenshot&amp#27;[39m
&amp#27;[38;5;48m[HTTP]&amp#27;[0m &amp#27;[90m{}&amp#27;[39m
&amp#27;[38;5;16m[device-farm-main]&amp#27;[0m Updating lastCmdExecutedAt for device emulator-5554 in session 6321dc70-6fec-4012-b317-f80b5a87bd4d
&amp#27;[38;5;80m[AndroidUiautomator2Driver@39b4 (6321dc70)]&amp#27;[0m Calling AppiumDriver.getScreenshot() with args: ["6321dc70-6fec-4012-b317-f80b5a87bd4d"]
&amp#27;[38;5;64m[AppiumDriver@07f6]&amp#27;[0m Clearing new command timeout pre-emptively since plugin(s) will handle this command
&amp#27;[38;5;64m[AppiumDriver@07f6]&amp#27;[0m Plugins which can handle cmd 'getScreenshot': element-wait,device-farm,appium-dashboard
&amp#27;[38;5;64m[AppiumDriver@07f6]&amp#27;[0m Plugin appium-dashboard is now handling cmd 'getScreenshot'
&amp#27;[38;5;64m[AppiumDriver@07f6]&amp#27;[0m Plugin device-farm is now handling cmd 'getScreenshot'
&amp#27;[38;5;64m[AppiumDriver@07f6]&amp#27;[0m Plugin element-wait is now handling cmd 'getScreenshot'
&amp#27;[38;5;64m[AppiumDriver@07f6]&amp#27;[0m Executing default handling behavior for command 'getScreenshot'
&amp#27;[38;5;16m[device-farm-main]&amp#27;[0m Updating lastCmdExecutedAt for device emulator-5554 in session 6321dc70-6fec-4012-b317-f80b5a87bd4d
&amp#27;[38;5;80m[AndroidUiautomator2Driver@39b4 (6321dc70)]&amp#27;[0m Matched '/screenshot' to command name 'getScreenshot'
&amp#27;[38;5;80m[AndroidUiautomator2Driver@39b4 (6321dc70)]&amp#27;[0m Proxying [GET /screenshot] to [GET http://127.0.0.1:56454/session/d56c87ac-4af2-4811-85fb-512e8ede2dc0/screenshot] with no body
&amp#27;[38;5;80m[AndroidUiautomator2Driver@39b4 (6321dc70)]&amp#27;[0m Got response with status 200: {"sessionId":"d56c87ac-4af2-4811-85fb-512e8ede2dc0","value":"iVBORw0KGgoAAAANSUhEUgAABDgAAAisCAYAAACtR1KuAAAAAXNSR0IArs4c6QAAAARzQklUCAgICHwIZIgAACAASURBVHic7N1ZbGPneT7whztFSZRISdS+jpbRzGiZzbN4YjuxJ7EdeEkTGEEHzdS9ykWB3uWiuelNW6C9aNA0TVMURdH8DQSBCzSJmzQZr+Px7KMZSaN9F0WKEsVFXMSd/F/IZKXRcg5XkdLzAwyYo8NzPokSec5zvu99JWazOQYiIiIiIiIiogImPegBEBERERERERGliwEHERERERERERU8BhxEREREREREVPAYcBARERERERFRwWPAQUREREREREQFjwEHERERERERERU8BhxEREREREREVPAYcBARERERERFRwWPAQUREREREREQFjwEHERERERERERU8BhxEREREREREVPAYcBARERERERFRwWPAQUREREREREQFjwEHERERERERERU8+UEPgOhZkUgEwWAQoVAICwsLmJqawtTUFDweD2pra9He3o6Ojg5UVFRArVZDLpdDKmVWV4hisRgikQii0SjC4TCi0SgAQCKRQCqVJl5bmUx2wCMlIiIiOnx8Ph8sFgtcLhe8Xi98Ph+KiopQXFwMrVaLmpoaFBUVHfQwM87hcECn0+XkWDdu3Nj368eOHUNbW1tOxnIUSMxmc+ygB0EUjUYRiUQQCARgtVoxNjaG8fFx2Gw2hEKhHdsrFAo0NDSgp6cHx44dQ1lZGRQKBeRyOSQSyQF8B5mxuLiIf/qnf0r6eRKJBN3d3bh27RoUCkUWRpY5sVgM4XAYfr8fPp8Pdrsd6+vrsNlsCAaDAACpVIqioiJUVlairKwMOp0OKpUKKpWKYQcRERFRipaWljA9PY2ZmRmYzWa43W7B55SWlqKurg7Hjh1DR0cH6uvrczDS7Pniiy9gs9nw5ptv5uR4P/jBD/b9...
&amp#27;[38;5;80m[AndroidUiautomator2Driver@39b4 (6321dc70)]&amp#27;[0m Responding to client with driver.getScreenshot() result: "iVBORw0KGgoAAAANSUhEUgAABDgAAAisCAYAAACtR1KuAAAAAXNSR0IArs4c6QAAAARzQklUCAgICHwIZIgAACAASURBVHic7N1ZbGPneT7whztFSZRISdS+jpbRzGiZzbN4YjuxJ7EdeEkTGEEHzdS9ykWB3uWiuelNW6C9aNA0TVMURdH8DQSBCzSJmzQZr+Px7KMZSaN9F0WKEsVFXMSd/F/IZKXRcg5XkdLzAwyYo8NzPokSec5zvu99JWazOQYiIiIiIiIiogImPegBEBERERERERGliwEHERERERERERU8BhxEREREREREVPAYcBARERERERFRwWPAQUREREREREQFjwEHERERERERERU8BhxEREREREREVPAYcBARERERERFRwWPAQUREREREREQFjwEHERERERERERU8BhxEREREREREVPAYcBARERERERFRwWPAQUREREREREQFjwEHERERERERERU8+UEPgOhZkUgEwWAQoVAICwsLmJqawtTUFDweD2pra9He3o6Ojg5UVFRArVZDLpdDKmVWV4hisRgikQii0SjC4TCi0SgAQCKRQCqVJl5bmUx2wCMlIiIiOnx8Ph8sFgtcLhe8Xi98Ph+KiopQXFwMrVaLmpoaFBUVHfQwM87hcECn0+XkWDdu3Nj368eOHUNbW1tOxnIUSMxmc+ygB0EUjUYRiUQQCARgtVoxNjaG8fFx2Gw2hEKhHdsrFAo0NDSgp6cHx44dQ1lZGRQKBeRyOSQSyQF8B5mxuLiIf/qnf0r6eRKJBN3d3bh27RoUCkUWRpY5sVgM4XAYfr8fPp8Pdrsd6+vrsNlsCAaDAACpVIqioiJUVlairKwMOp0OKpUKKpWKYQcRERFRipaWljA9PY2ZmRmYzWa43W7B55SWlqKurg7Hjh1DR0cH6uvrczDS7Pniiy9gs9nw5ptv5uR4P/jBD/b9eltbG77//e/nZCxHAWdw0IGJ370Ph8NwOByYnp7GgwcPYLVaEYlEdmwvlUoR...
&amp#27;[38;5;48m[HTTP]&amp#27;[0m &amp#27;[37m<-- GET /session/6321dc70-6fec-4012-b317-f80b5a87bd4d/screenshot &amp#27;[39m&amp#27;[32m200&amp#27;[39m &amp#27;[90m486 ms - 95976&amp#27;[39m
&amp#27;[38;5;48m[HTTP]&amp#27;[0m &amp#27;[90m&amp#27;[39m
&amp#27;[38;5;80m[AndroidUiautomator2Driver@39b4 (6321dc70)]&amp#27;[0m Responding to client with driver.click() result: null
&amp#27;[38;5;48m[HTTP]&amp#27;[0m &amp#27;[37m<-- POST /session/6321dc70-6fec-4012-b317-f80b5a87bd4d/element/00000000-0000-00f1-0000-002300000003/click &amp#27;[39m&amp#27;[32m200&amp#27;[39m &amp#27;[90m595 ms - 14&amp#27;[39m
&amp#27;[38;5;48m[HTTP]&amp#27;[0m &amp#27;[90m&amp#27;[39m
&amp#27;[38;5;48m[HTTP]&amp#27;[0m &amp#27;[37m-->&amp#27;[39m &amp#27;[37mGET&amp#27;[39m &amp#27;[37m/session/6321dc70-6fec-4012-b317-f80b5a87bd4d/context&amp#27;[39m
&amp#27;[38;5;48m[HTTP]&amp#27;[0m &amp#27;[90m{}&amp#27;[39m
&amp#27;[38;5;16m[device-farm-main]&amp#27;[0m Updating lastCmdExecutedAt for device emulator-5554 in session 6321dc70-6fec-4012-b317-f80b5a87bd4d
&amp#27;[38;5;80m[AndroidUiautomator2Driver@39b4 (6321dc70)]&amp#27;[0m Calling AppiumDriver.getCurrentContext() with args: ["6321dc70-6fec-4012-b317-f80b5a87bd4d"]
&amp#27;[38;5;64m[AppiumDriver@07f6]&amp#27;[0m Clearing new command timeout pre-emptively since plugin(s) will handle this command
&amp#27;[38;5;64m[AppiumDriver@07f6]&amp#27;[0m Plugins which can handle cmd 'getCurrentContext': element-wait,device-farm,appium-dashboard
&amp#27;[38;5;64m[AppiumDriver@07f6]&amp#27;[0m Plugin appium-dashboard is now handling cmd 'getCurrentContext'
&amp#27;[38;5;64m[AppiumDriver@07f6]&amp#27;[0m Plugin device-farm is now handling cmd 'getCurrentContext'
&amp#27;[38;5;64m[AppiumDriver@07f6]&amp#27;[0m Plugin element-wait is now handling cmd 'getCurrentContext'
&amp#27;[38;5;64m[AppiumDriver@07f6]&amp#27;[0m Executing default handling behavior for command 'getCurrentContext'
&amp#27;[38;5;16m[device-farm-main]&amp#27;[0m Updating lastCmdExecutedAt for device emulator-5554 in session 6321dc70-6fec-4012-b317-f80b5a87bd4d
&amp#27;[38;5;80m[AndroidUiautomator2Driver@39b4 (6321dc70)]&amp#27;[0m Responding to client with driver.getCurrentContext() result: "NATIVE_APP"
&amp#27;[38;5;48m[HTTP]&amp#27;[0m &amp#27;[37m<-- GET /session/6321dc70-6fec-4012-b317-f80b5a87bd4d/context &amp#27;[39m&amp#27;[32m200&amp#27;[39m &amp#27;[90m14 ms - 22&amp#27;[39m
&amp#27;[38;5;48m[HTTP]&amp#27;[0m &amp#27;[90m&amp#27;[39m
&amp#27;[38;5;48m[HTTP]&amp#27;[0m &amp#27;[37m-->&amp#27;[39m &amp#27;[37mPOST&amp#27;[39m &amp#27;[37m/session/6321dc70-6fec-4012-b317-f80b5a87bd4d/element&amp#27;[39m
&amp#27;[38;5;48m[HTTP]&amp#27;[0m &amp#27;[90m{"using":"accessibility id","value":"YES"}&amp#27;[39m
&amp#27;[38;5;16m[device-farm-main]&amp#27;[0m Updating lastCmdExecutedAt for device emulator-5554 in session 6321dc70-6fec-4012-b317-f80b5a87bd4d
&amp#27;[38;5;80m[AndroidUiautomator2Driver@39b4 (6321dc70)]&amp#27;[0m Calling AppiumDriver.findElement() with args: ["accessibility id","YES","6321dc70-6fec-4012-b317-f80b5a87bd4d"]
&amp#27;[38;5;64m[AppiumDriver@07f6]&amp#27;[0m Clearing new command timeout pre-emptively since plugin(s) will handle this command
&amp#27;[38;5;64m[AppiumDriver@07f6]&amp#27;[0m Plugins which can handle cmd 'findElement': element-wait,device-farm,appium-dashboard
&amp#27;[38;5;64m[AppiumDriver@07f6]&amp#27;[0m Plugin appium-dashboard is now handling cmd 'findElement'
&amp#27;[38;5;64m[AppiumDriver@07f6]&amp#27;[0m Plugin device-farm is now handling cmd 'findElement'
&amp#27;[38;5;64m[AppiumDriver@07f6]&amp#27;[0m Plugin element-wait is now handling cmd 'findElement'
- Waiting to find element with accessibility id strategy for YES selector
&amp#27;[38;5;16m[device-farm-main]&amp#27;[0m Updating lastCmdExecutedAt for device emulator-5554 in session 6321dc70-6fec-4012-b317-f80b5a87bd4d
&amp#27;[38;5;160m[wait-plugin]&amp#27;[0m Element with accessibility id strategy for YES selector found.
&amp#27;[38;5;160m[wait-plugin]&amp#27;[0m Check if element is displayed
&amp#27;[38;5;80m[AndroidUiautomator2Driver@39b4 (6321dc70)]&amp#27;[0m Matched '/element/00000000-0000-00f1-0000-002b00000003/attribute/displayed' to command name 'getAttribute'
&amp#27;[38;5;80m[AndroidUiautomator2Driver@39b4 (6321dc70)]&amp#27;[0m Proxying [GET /element/00000000-0000-00f1-0000-002b00000003/attribute/displayed] to [GET http://127.0.0.1:56454/session/d56c87ac-4af2-4811-85fb-512e8ede2dc0/element/00000000-0000-00f1-0000-002b00000003/attribute/displayed] with no body
&amp#27;[38;5;80m[AndroidUiautomator2Driver@39b4 (6321dc70)]&amp#27;[0m Got response with status 200: {"sessionId":"d56c87ac-4af2-4811-85fb-512e8ede2dc0","value":"true"}
&amp#27;[38;5;160m[wait-plugin]&amp#27;[0m Element is displayed!
√ Waiting to find element with accessibility id strategy for YES selector
&amp#27;[38;5;64m[AppiumDriver@07f6]&amp#27;[0m Executing default handling behavior for command 'findElement'
&amp#27;[38;5;80m[AndroidUiautomator2Driver@39b4 (6321dc70)]&amp#27;[0m Valid locator strategies for this request: xpath, id, class name, accessibility id, css selector, -android uiautomator
&amp#27;[38;5;80m[AndroidUiautomator2Driver@39b4 (6321dc70)]&amp#27;[0m Waiting up to 0 ms for condition
&amp#27;[38;5;80m[AndroidUiautomator2Driver@39b4 (6321dc70)]&amp#27;[0m Matched '/element' to command name 'findElement'
&amp#27;[38;5;80m[AndroidUiautomator2Driver@39b4 (6321dc70)]&amp#27;[0m Proxying [POST /element] to [POST http://127.0.0.1:56454/session/d56c87ac-4af2-4811-85fb-512e8ede2dc0/element] with body: {"strategy":"accessibility id","selector":"YES","context":"","multiple":false}
&amp#27;[38;5;80m[AndroidUiautomator2Driver@39b4 (6321dc70)]&amp#27;[0m Got response with status 200: {"sessionId":"d56c87ac-4af2-4811-85fb-512e8ede2dc0","value":{"ELEMENT":"00000000-0000-00f1-0000-002b00000003","element-6066-11e4-a52e-4f735466cecf":"00000000-0000-00f1-0000-002b00000003"}}
&amp#27;[38;5;80m[AndroidUiautomator2Driver@39b4 (6321dc70)]&amp#27;[0m Responding to client with driver.findElement() result: {"element-6066-11e4-a52e-4f735466cecf":"00000000-0000-00f1-0000-002b00000003","ELEMENT":"00000000-0000-00f1-0000-002b00000003"}
&amp#27;[38;5;48m[HTTP]&amp#27;[0m &amp#27;[37m<-- POST /session/6321dc70-6fec-4012-b317-f80b5a87bd4d/element &amp#27;[39m&amp#27;[32m200&amp#27;[39m &amp#27;[90m97 ms - 137&amp#27;[39m
&amp#27;[38;5;48m[HTTP]&amp#27;[0m &amp#27;[90m&amp#27;[39m
&amp#27;[38;5;48m[HTTP]&amp#27;[0m &amp#27;[37m-->&amp#27;[39m &amp#27;[37mPOST&amp#27;[39m &amp#27;[37m/session/6321dc70-6fec-4012-b317-f80b5a87bd4d/element/00000000-0000-00f1-0000-002b00000003/click&amp#27;[39m
&amp#27;[38;5;48m[HTTP]&amp#27;[0m &amp#27;[90m{"id":"00000000-0000-00f1-0000-002b00000003"}&amp#27;[39m
&amp#27;[38;5;16m[device-farm-main]&amp#27;[0m Updating lastCmdExecutedAt for device emulator-5554 in session 6321dc70-6fec-4012-b317-f80b5a87bd4d
&amp#27;[38;5;80m[AndroidUiautomator2Driver@39b4 (6321dc70)]&amp#27;[0m Calling AppiumDriver.click() with args: ["00000000-0000-00f1-0000-002b00000003","6321dc70-6fec-4012-b317-f80b5a87bd4d"]
&amp#27;[38;5;64m[AppiumDriver@07f6]&amp#27;[0m Clearing new command timeout pre-emptively since plugin(s) will handle this command
&amp#27;[38;5;64m[AppiumDriver@07f6]&amp#27;[0m Plugins which can handle cmd 'click': element-wait,device-farm,appium-dashboard
&amp#27;[38;5;64m[AppiumDriver@07f6]&amp#27;[0m Plugin appium-dashboard is now handling cmd 'click'
&amp#27;[38;5;64m[AppiumDriver@07f6]&amp#27;[0m Plugin device-farm is now handling cmd 'click'
&amp#27;[38;5;64m[AppiumDriver@07f6]&amp#27;[0m Plugin element-wait is now handling cmd 'click'
&amp#27;[38;5;160m[wait-plugin]&amp#27;[0m Wait for element to be clickable
&amp#27;[38;5;80m[AndroidUiautomator2Driver@39b4 (6321dc70)]&amp#27;[0m Matched '/element/00000000-0000-00f1-0000-002b00000003/attribute/enabled' to command name 'getAttribute'
&amp#27;[38;5;80m[AndroidUiautomator2Driver@39b4 (6321dc70)]&amp#27;[0m Proxying [GET /element/00000000-0000-00f1-0000-002b00000003/attribute/enabled] to [GET http://127.0.0.1:56454/session/d56c87ac-4af2-4811-85fb-512e8ede2dc0/element/00000000-0000-00f1-0000-002b00000003/attribute/enabled] with no body
&amp#27;[38;5;16m[device-farm-main]&amp#27;[0m Updating lastCmdExecutedAt for device emulator-5554 in session 6321dc70-6fec-4012-b317-f80b5a87bd4d
&amp#27;[38;5;80m[AndroidUiautomator2Driver@39b4 (6321dc70)]&amp#27;[0m Got response with status 200: {"sessionId":"d56c87ac-4af2-4811-85fb-512e8ede2dc0","value":"true"}
&amp#27;[38;5;160m[wait-plugin]&amp#27;[0m Element is enabled
&amp#27;[38;5;64m[AppiumDriver@07f6]&amp#27;[0m Executing default handling behavior for command 'click'
&amp#27;[38;5;80m[AndroidUiautomator2Driver@39b4 (6321dc70)]&amp#27;[0m Matched '/element/00000000-0000-00f1-0000-002b00000003/click' to command name 'click'
&amp#27;[38;5;80m[AndroidUiautomator2Driver@39b4 (6321dc70)]&amp#27;[0m Proxying [POST /element/00000000-0000-00f1-0000-002b00000003/click] to [POST http://127.0.0.1:56454/session/d56c87ac-4af2-4811-85fb-512e8ede2dc0/element/00000000-0000-00f1-0000-002b00000003/click] with body: {"element":"00000000-0000-00f1-0000-002b00000003"}
&amp#27;[38;5;80m[AndroidUiautomator2Driver@39b4 (6321dc70)]&amp#27;[0m Got response with status 200: {"sessionId":"d56c87ac-4af2-4811-85fb-512e8ede2dc0","value":null}
&amp#27;[38;5;48m[HTTP]&amp#27;[0m &amp#27;[37m-->&amp#27;[39m &amp#27;[37mGET&amp#27;[39m &amp#27;[37m/wd-internal/session/6321dc70-6fec-4012-b317-f80b5a87bd4d/screenshot&amp#27;[39m
&amp#27;[38;5;48m[HTTP]&amp#27;[0m &amp#27;[90m{}&amp#27;[39m
&amp#27;[38;5;16m[device-farm-main]&amp#27;[0m Updating lastCmdExecutedAt for device emulator-5554 in session 6321dc70-6fec-4012-b317-f80b5a87bd4d
&amp#27;[38;5;80m[AndroidUiautomator2Driver@39b4 (6321dc70)]&amp#27;[0m Calling AppiumDriver.getScreenshot() with args: ["6321dc70-6fec-4012-b317-f80b5a87bd4d"]
&amp#27;[38;5;64m[AppiumDriver@07f6]&amp#27;[0m Clearing new command timeout pre-emptively since plugin(s) will handle this command
&amp#27;[38;5;64m[AppiumDriver@07f6]&amp#27;[0m Plugins which can handle cmd 'getScreenshot': element-wait,device-farm,appium-dashboard
&amp#27;[38;5;64m[AppiumDriver@07f6]&amp#27;[0m Plugin appium-dashboard is now handling cmd 'getScreenshot'
&amp#27;[38;5;64m[AppiumDriver@07f6]&amp#27;[0m Plugin device-farm is now handling cmd 'getScreenshot'
&amp#27;[38;5;64m[AppiumDriver@07f6]&amp#27;[0m Plugin element-wait is now handling cmd 'getScreenshot'
&amp#27;[38;5;64m[AppiumDriver@07f6]&amp#27;[0m Executing default handling behavior for command 'getScreenshot'
&amp#27;[38;5;16m[device-farm-main]&amp#27;[0m Updating lastCmdExecutedAt for device emulator-5554 in session 6321dc70-6fec-4012-b317-f80b5a87bd4d
&amp#27;[38;5;80m[AndroidUiautomator2Driver@39b4 (6321dc70)]&amp#27;[0m Matched '/screenshot' to command name 'getScreenshot'
&amp#27;[38;5;80m[AndroidUiautomator2Driver@39b4 (6321dc70)]&amp#27;[0m Proxying [GET /screenshot] to [GET http://127.0.0.1:56454/session/d56c87ac-4af2-4811-85fb-512e8ede2dc0/screenshot] with no body
&amp#27;[38;5;80m[AndroidUiautomator2Driver@39b4 (6321dc70)]&amp#27;[0m Got response with status 200: {"sessionId":"d56c87ac-4af2-4811-85fb-512e8ede2dc0","value":"iVBORw0KGgoAAAANSUhEUgAABDgAAAisCAYAAACtR1KuAAAAAXNSR0IArs4c6QAAAARzQklUCAgICHwIZIgAACAASURBVHic7N13VNRX+j/w9wwztIFBQFDRKCKKFbCggL1gLLFF12RXE+OmuUk2m2KyMU1jNokpm2RNjOnJxuSbrNHEGgt2sSFYwIIoTTpIZxiYGWZ+f/BjjkiZz1Rm4P06J+cEuJ97L6DjfJ7Pc59HlJeXpwMRERERERERkQMTt/cGiIiIiIiIiIjMxQAHERERERERETk8BjiIiIiIiIiIyOExwEFEREREREREDo8BDiIiIiIiIiJyeAxwEBEREREREZHDY4CDiIiIiIiIiBweAxxERERERERE5PAY4CAiIiIiIiIih8cABxERERERERE5PAY4iIiIiIiIiMjhMcBBRERERERERA6PAQ4iIiIiIiIicngMcBARERERERGRw5O09waI7lRfXw+VSgW1Wo2srCxcv34d169fR3V1NXr06IHg4GD0798fvr6+cHV1hUQigVjMWJ0j0ul0qK+vh1arhUajgVarBQCIRCKIxWL979bJyamdd0pERETU8SiVShQUFKCyshIKhQJKpRJubm6QyWSQy+Xo3r073Nzc2nubFldWVgZvb2+brBUbG9vm1/v164egoCCb7KUzEOXl5enaexNEWq0W9fX1qKurQ3FxMa5evYqUlBSUlJRArVY3Gy+VStGrVy8MGzYM/fr1g5eXF6RSKSQSCUQiUTt8B5Zx8+ZNfPrpp0ZfJxKJMGjQICxZsgRSqdQKO7McnU4HjUaD2tpaKJVKlJaWoqKiAiUlJVCpVAAAsVgMNzc3dO3aFV5eXvD29oaLiwtcXFwY7CAiIiIyUU5ODm7cuIG0tDTk5eWhqqrK4DWenp4ICAhAv3790L9/f/Ts2dMGO7WeEydOoKSkBHPnzrXJei+++GKb...
&amp#27;[38;5;80m[AndroidUiautomator2Driver@39b4 (6321dc70)]&amp#27;[0m Responding to client with driver.getScreenshot() result: "iVBORw0KGgoAAAANSUhEUgAABDgAAAisCAYAAACtR1KuAAAAAXNSR0IArs4c6QAAAARzQklUCAgICHwIZIgAACAASURBVHic7N13VNRX+j/w9wwztIFBQFDRKCKKFbCggL1gLLFF12RXE+OmuUk2m2KyMU1jNokpm2RNjOnJxuSbrNHEGgt2sSFYwIIoTTpIZxiYGWZ+f/BjjkiZz1Rm4P06J+cEuJ97L6DjfJ7Pc59HlJeXpwMRERERERERkQMTt/cGiIiIiIiIiIjMxQAHERERERERETk8BjiIiIiIiIiIyOExwEFEREREREREDo8BDiIiIiIiIiJyeAxwEBEREREREZHDY4CDiIiIiIiIiBweAxxERERERERE5PAY4CAiIiIiIiIih8cABxERERERERE5PAY4iIiIiIiIiMjhMcBBRERERERERA6PAQ4iIiIiIiIicngMcBARERERERGRw5O09waI7lRfXw+VSgW1Wo2srCxcv34d169fR3V1NXr06IHg4GD0798fvr6+cHV1hUQigVjMWJ0j0ul0qK+vh1arhUajgVarBQCIRCKIxWL979bJyamdd0pERETU8SiVShQUFKCyshIKhQJKpRJubm6QyWSQy+Xo3r073Nzc2nubFldWVgZvb2+brBUbG9vm1/v164egoCCb7KUzEOXl5enaexNEWq0W9fX1qKurQ3FxMa5evYqUlBSUlJRArVY3Gy+VStGrVy8MGzYM/fr1g5eXF6RSKSQSCUQiUTt8B5Zx8+ZNfPrpp0ZfJxKJMGjQICxZsgRSqdQKO7McnU4HjUaD2tpaKJVKlJaWoqKiAiUlJVCpVAAAsVgMNzc3dO3aFV5eXvD29oaLiwtcXFwY7CAiIiIyUU5ODm7cuIG0tDTk5eWhqqrK4DWenp4ICAhAv3790L9/f/Ts2dMGO7WeEydOoKSkBHPnzrXJei+++GKbXw8KCsKKFStsspfOgBkc1G4an95rNBqUlZXhxo0bOHv2LIqLi1FfX99svFgs...
&amp#27;[38;5;48m[HTTP]&amp#27;[0m &amp#27;[37m<-- GET /session/6321dc70-6fec-4012-b317-f80b5a87bd4d/screenshot &amp#27;[39m&amp#27;[32m200&amp#27;[39m &amp#27;[90m326 ms - 121640&amp#27;[39m
&amp#27;[38;5;48m[HTTP]&amp#27;[0m &amp#27;[90m&amp#27;[39m
&amp#27;[38;5;80m[AndroidUiautomator2Driver@39b4 (6321dc70)]&amp#27;[0m Responding to client with driver.click() result: null
&amp#27;[38;5;48m[HTTP]&amp#27;[0m &amp#27;[37m<-- POST /session/6321dc70-6fec-4012-b317-f80b5a87bd4d/element/00000000-0000-00f1-0000-002b00000003/click &amp#27;[39m&amp#27;[32m200&amp#27;[39m &amp#27;[90m1109 ms - 14&amp#27;[39m
&amp#27;[38;5;48m[HTTP]&amp#27;[0m &amp#27;[90m&amp#27;[39m
List deleted successfully
]]></system-out>
  </testcase>
  <testcase name="SettingsTitleCheck" classname="com.shubham.projects.AppTest.SettingsTest" time="2.04">
    <failure message="Can&apos;t locate an element by this strategy: By.chained({AppiumBy.id: com.android.settings:id/homepage_title})" type="org.openqa.selenium.NoSuchElementException"><![CDATA[org.openqa.selenium.NoSuchElementException: Can't locate an element by this strategy: By.chained({AppiumBy.id: com.android.settings:id/homepage_title})
	at io.appium.java_client.pagefactory.AppiumElementLocator.findElement(AppiumElementLocator.java:166)
	at io.appium.java_client.pagefactory.interceptors.InterceptorOfASingleElement.call(InterceptorOfASingleElement.java:64)
	at io.appium.java_client.proxy.Interceptor.intercept(Interceptor.java:77)
	at org.openqa.selenium.remote.RemoteWebElement$ByteBuddy$ejeiVgLA.getText(Unknown Source)
	at com.shubham.projects.AppTest.PageObjects.Settings.getSettingsTitle(Settings.java:38)
	at com.shubham.projects.AppTest.SettingsTest.SettingsTitleCheck(SettingsTest.java:19)
	at java.base/jdk.internal.reflect.DirectMethodHandleAccessor.invoke(DirectMethodHandleAccessor.java:104)
	at java.base/java.lang.reflect.Method.invoke(Method.java:578)
	at org.testng.internal.invokers.MethodInvocationHelper.invokeMethod(MethodInvocationHelper.java:139)
	at org.testng.internal.invokers.TestInvoker.invokeMethod(TestInvoker.java:664)
	at org.testng.internal.invokers.TestInvoker.invokeTestMethod(TestInvoker.java:227)
	at org.testng.internal.invokers.MethodRunner.runInSequence(MethodRunner.java:50)
	at org.testng.internal.invokers.TestInvoker$MethodInvocationAgent.invoke(TestInvoker.java:957)
	at org.testng.internal.invokers.TestInvoker.invokeTestMethods(TestInvoker.java:200)
	at org.testng.internal.invokers.TestMethodWorker.invokeTestMethods(TestMethodWorker.java:148)
	at org.testng.internal.invokers.TestMethodWorker.run(TestMethodWorker.java:128)
	at java.base/java.util.ArrayList.forEach(ArrayList.java:1511)
	at org.testng.TestRunner.privateRun(TestRunner.java:848)
	at org.testng.TestRunner.run(TestRunner.java:621)
	at org.testng.SuiteRunner.runTest(SuiteRunner.java:443)
	at org.testng.SuiteRunner.runSequentially(SuiteRunner.java:437)
	at org.testng.SuiteRunner.privateRun(SuiteRunner.java:397)
	at org.testng.SuiteRunner.run(SuiteRunner.java:336)
	at org.testng.SuiteRunnerWorker.runSuite(SuiteRunnerWorker.java:52)
	at org.testng.SuiteRunnerWorker.run(SuiteRunnerWorker.java:95)
	at org.testng.TestNG.runSuitesSequentially(TestNG.java:1280)
	at org.testng.TestNG.runSuitesLocally(TestNG.java:1200)
	at org.testng.TestNG.runSuites(TestNG.java:1114)
	at org.testng.TestNG.run(TestNG.java:1082)
	at org.apache.maven.surefire.testng.TestNGExecutor.run(TestNGExecutor.java:155)
	at org.apache.maven.surefire.testng.TestNGDirectoryTestSuite.executeMulti(TestNGDirectoryTestSuite.java:169)
	at org.apache.maven.surefire.testng.TestNGDirectoryTestSuite.execute(TestNGDirectoryTestSuite.java:88)
	at org.apache.maven.surefire.testng.TestNGProvider.invoke(TestNGProvider.java:137)
	at org.apache.maven.surefire.booter.ForkedBooter.runSuitesInProcess(ForkedBooter.java:385)
	at org.apache.maven.surefire.booter.ForkedBooter.execute(ForkedBooter.java:162)
	at org.apache.maven.surefire.booter.ForkedBooter.run(ForkedBooter.java:507)
	at org.apache.maven.surefire.booter.ForkedBooter.main(ForkedBooter.java:495)
Caused by: org.openqa.selenium.TimeoutException: Expected condition failed: waiting for io.appium.java_client.pagefactory.AppiumElementLocator$WaitingFunction@20d19f2c (tried for 1 second(s) with 500 milliseconds interval)
	at org.openqa.selenium.support.ui.FluentWait.timeoutException(FluentWait.java:261)
	at org.openqa.selenium.support.ui.FluentWait.until(FluentWait.java:229)
	at io.appium.java_client.pagefactory.AppiumElementLocator.waitFor(AppiumElementLocator.java:135)
	at io.appium.java_client.pagefactory.AppiumElementLocator.findElement(AppiumElementLocator.java:160)
	... 36 more
Caused by: org.openqa.selenium.NoSuchElementException: Cannot locate an element using By.chained({AppiumBy.id: com.android.settings:id/homepage_title})
For documentation on this error, please visit: https://www.selenium.dev/documentation/webdriver/troubleshooting/errors#no-such-element-exception
Build info: version: '4.16.1', revision: '9b4c83354e'
System info: os.name: 'Windows 10', os.arch: 'amd64', os.version: '10.0', java.version: '20.0.2'
Driver info: driver.version: RemoteWebDriver
	at io.appium.java_client.pagefactory.bys.builder.ByChained.findElement(ByChained.java:77)
	at org.openqa.selenium.remote.ElementLocation$ElementFinder$1.findElement(ElementLocation.java:139)
	at org.openqa.selenium.remote.ElementLocation.findElement(ElementLocation.java:59)
	at org.openqa.selenium.remote.RemoteWebDriver.findElement(RemoteWebDriver.java:360)
	at org.openqa.selenium.remote.RemoteWebDriver.findElement(RemoteWebDriver.java:354)
	at io.appium.java_client.pagefactory.bys.ContentMappedBy.findElement(ContentMappedBy.java:53)
	at org.openqa.selenium.remote.ElementLocation$ElementFinder$1.findElement(ElementLocation.java:139)
	at org.openqa.selenium.remote.ElementLocation.findElement(ElementLocation.java:59)
	at org.openqa.selenium.remote.RemoteWebDriver.findElement(RemoteWebDriver.java:360)
	at org.openqa.selenium.remote.RemoteWebDriver.findElement(RemoteWebDriver.java:354)
	at io.appium.java_client.pagefactory.AppiumElementLocator.lambda$findElement$1(AppiumElementLocator.java:160)
	at io.appium.java_client.pagefactory.AppiumElementLocator$WaitingFunction.apply(AppiumElementLocator.java:217)
	at io.appium.java_client.pagefactory.AppiumElementLocator$WaitingFunction.apply(AppiumElementLocator.java:210)
	at org.openqa.selenium.support.ui.FluentWait.until(FluentWait.java:204)
	... 38 more
]]></failure>
    <system-out><![CDATA[&amp#27;[38;5;48m[HTTP]&amp#27;[0m &amp#27;[37m-->&amp#27;[39m &amp#27;[37mGET&amp#27;[39m &amp#27;[37m/device-farm/api/devices&amp#27;[39m
&amp#27;[38;5;48m[HTTP]&amp#27;[0m &amp#27;[90m{}&amp#27;[39m
&amp#27;[38;5;48m[HTTP]&amp#27;[0m &amp#27;[37m-->&amp#27;[39m &amp#27;[37mGET&amp#27;[39m &amp#27;[37m/dashboard/api/ping&amp#27;[39m
&amp#27;[38;5;48m[HTTP]&amp#27;[0m &amp#27;[90m{}&amp#27;[39m
&amp#27;[38;5;48m[HTTP]&amp#27;[0m &amp#27;[37m<-- GET /dashboard/api/ping &amp#27;[39m&amp#27;[32m200&amp#27;[39m &amp#27;[90m7 ms - 13&amp#27;[39m
&amp#27;[38;5;48m[HTTP]&amp#27;[0m &amp#27;[90m&amp#27;[39m
&amp#27;[38;5;48m[HTTP]&amp#27;[0m &amp#27;[37m-->&amp#27;[39m &amp#27;[37mGET&amp#27;[39m &amp#27;[37m/dashboard/api/sessions?start_time=2024-01-11T13:17:12.273Z&amp#27;[39m
&amp#27;[38;5;48m[HTTP]&amp#27;[0m &amp#27;[90m{}&amp#27;[39m
&amp#27;[38;5;48m[HTTP]&amp#27;[0m &amp#27;[37m<-- GET /dashboard/api/sessions?start_time=2024-01-11T13:17:12.273Z &amp#27;[39m&amp#27;[32m200&amp#27;[39m &amp#27;[90m14 ms - 2024&amp#27;[39m
&amp#27;[38;5;48m[HTTP]&amp#27;[0m &amp#27;[90m&amp#27;[39m
&amp#27;[38;5;48m[HTTP]&amp#27;[0m &amp#27;[37m<-- GET /device-farm/api/devices &amp#27;[39m&amp#27;[32m200&amp#27;[39m &amp#27;[90m43 ms - 677&amp#27;[39m
&amp#27;[38;5;48m[HTTP]&amp#27;[0m &amp#27;[90m&amp#27;[39m
&amp#27;[38;5;48m[HTTP]&amp#27;[0m &amp#27;[37m-->&amp#27;[39m &amp#27;[37mGET&amp#27;[39m &amp#27;[37m/device-farm/api/queues/length&amp#27;[39m
&amp#27;[38;5;48m[HTTP]&amp#27;[0m &amp#27;[90m{}&amp#27;[39m
&amp#27;[38;5;48m[HTTP]&amp#27;[0m &amp#27;[37m<-- GET /device-farm/api/queues/length &amp#27;[39m&amp#27;[36m304&amp#27;[39m &amp#27;[90m2 ms - -&amp#27;[39m
&amp#27;[38;5;48m[HTTP]&amp#27;[0m &amp#27;[90m&amp#27;[39m
&amp#27;[38;5;48m[HTTP]&amp#27;[0m &amp#27;[37m-->&amp#27;[39m &amp#27;[37mDELETE&amp#27;[39m &amp#27;[37m/session/6321dc70-6fec-4012-b317-f80b5a87bd4d&amp#27;[39m
&amp#27;[38;5;48m[HTTP]&amp#27;[0m &amp#27;[90m{}&amp#27;[39m
&amp#27;[38;5;16m[device-farm-main]&amp#27;[0m Updating lastCmdExecutedAt for device emulator-5554 in session 6321dc70-6fec-4012-b317-f80b5a87bd4d
&amp#27;[38;5;80m[AndroidUiautomator2Driver@39b4 (6321dc70)]&amp#27;[0m Calling AppiumDriver.deleteSession() with args: ["6321dc70-6fec-4012-b317-f80b5a87bd4d"]
&amp#27;[38;5;64m[AppiumDriver@07f6]&amp#27;[0m Clearing new command timeout pre-emptively since plugin(s) will handle this command
&amp#27;[38;5;64m[AppiumDriver@07f6]&amp#27;[0m Plugins which can handle cmd 'deleteSession': element-wait,device-farm,appium-dashboard
&amp#27;[38;5;64m[AppiumDriver@07f6]&amp#27;[0m Plugin appium-dashboard is now handling cmd 'deleteSession'
&amp#27;[38;5;48m[HTTP]&amp#27;[0m &amp#27;[37m-->&amp#27;[39m &amp#27;[37mPOST&amp#27;[39m &amp#27;[37m/wd-internal/session/6321dc70-6fec-4012-b317-f80b5a87bd4d/appium/stop_recording_screen&amp#27;[39m
&amp#27;[38;5;48m[HTTP]&amp#27;[0m &amp#27;[90m{}&amp#27;[39m
&amp#27;[38;5;16m[device-farm-main]&amp#27;[0m Updating lastCmdExecutedAt for device emulator-5554 in session 6321dc70-6fec-4012-b317-f80b5a87bd4d
&amp#27;[38;5;80m[AndroidUiautomator2Driver@39b4 (6321dc70)]&amp#27;[0m Calling AppiumDriver.stopRecordingScreen() with args: [null,"6321dc70-6fec-4012-b317-f80b5a87bd4d"]
&amp#27;[38;5;64m[AppiumDriver@07f6]&amp#27;[0m Clearing new command timeout pre-emptively since plugin(s) will handle this command
&amp#27;[38;5;64m[AppiumDriver@07f6]&amp#27;[0m Plugins which can handle cmd 'stopRecordingScreen': element-wait,device-farm,appium-dashboard
&amp#27;[38;5;64m[AppiumDriver@07f6]&amp#27;[0m Plugin appium-dashboard is now handling cmd 'stopRecordingScreen'
&amp#27;[38;5;64m[AppiumDriver@07f6]&amp#27;[0m Plugin device-farm is now handling cmd 'stopRecordingScreen'
&amp#27;[38;5;64m[AppiumDriver@07f6]&amp#27;[0m Plugin element-wait is now handling cmd 'stopRecordingScreen'
&amp#27;[38;5;64m[AppiumDriver@07f6]&amp#27;[0m Executing default handling behavior for command 'stopRecordingScreen'
&amp#27;[38;5;16m[device-farm-main]&amp#27;[0m Updating lastCmdExecutedAt for device emulator-5554 in session 6321dc70-6fec-4012-b317-f80b5a87bd4d
&amp#27;[38;5;0m[ADB]&amp#27;[0m Getting IDs of all 'screenrecord' processes
&amp#27;[38;5;0m[ADB]&amp#27;[0m Running 'C:\Users\shubh\AppData\Local\Android\Sdk\platform-tools\adb.exe -P 5037 -s emulator-5554 shell pgrep -f \(\[\[:blank:\]\]\|\^\)screenrecord\(\[\[:blank:\]\]\|\$\)'
&amp#27;[38;5;0m[ADB]&amp#27;[0m Running 'C:\Users\shubh\AppData\Local\Android\Sdk\platform-tools\adb.exe -P 5037 -s emulator-5554 shell kill -2 20407'
&amp#27;[38;5;0m[ADB]&amp#27;[0m Getting IDs of all 'screenrecord' processes
&amp#27;[38;5;0m[ADB]&amp#27;[0m Running 'C:\Users\shubh\AppData\Local\Android\Sdk\platform-tools\adb.exe -P 5037 -s emulator-5554 shell pgrep -f \(\[\[:blank:\]\]\|\^\)screenrecord\(\[\[:blank:\]\]\|\$\)'
&amp#27;[38;5;0m[ADB]&amp#27;[0m Getting IDs of all 'screenrecord' processes
&amp#27;[38;5;0m[ADB]&amp#27;[0m Running 'C:\Users\shubh\AppData\Local\Android\Sdk\platform-tools\adb.exe -P 5037 -s emulator-5554 shell pgrep -f \(\[\[:blank:\]\]\|\^\)screenrecord\(\[\[:blank:\]\]\|\$\)'
&amp#27;[38;5;0m[ADB]&amp#27;[0m Running 'C:\Users\shubh\AppData\Local\Android\Sdk\platform-tools\adb.exe -P 5037 -s emulator-5554 pull /sdcard/f86b9d15.mp4 C:\Users\shubh\AppData\Local\Temp\2024011-9732-bg6zpb.5zivu\f86b9d15.mp4'
&amp#27;[38;5;0m[ADB]&amp#27;[0m Running 'C:\Users\shubh\AppData\Local\Android\Sdk\platform-tools\adb.exe -P 5037 -s emulator-5554 shell rm -rf /sdcard/f86b9d15.mp4'
&amp#27;[38;5;80m[AndroidUiautomator2Driver@39b4 (6321dc70)]&amp#27;[0m The size of the resulting screen recording is 1.05 MB
&amp#27;[38;5;80m[AndroidUiautomator2Driver@39b4 (6321dc70)]&amp#27;[0m Responding to client with driver.stopRecordingScreen() result: "AAAAGGZ0eXBtcDQyAAAAAGlzb21tcDQyAAAMeGZyZWUwMDAwMDAwMDAwMDAwMDAwMDAwMDAwMDAwMDAwMDAwMDAwMDAwMDAwMDAwMDAwMDAwMDAwMDAwMDAwMDAwMDAwMDAwMDAwMDAwMDAwMDAwMDAwMDAwMDAwMDAwMDAwMDAwMDAwMDAwMDAwMDAwMDAwMDAwMDAwMDAwMDAwMDAwMDAwMDAwMDAwMDAwMDAwMDAwMDAwMDAwMDAwMDAwMDAwMDAwMDAwMDAwMDAwMDAwMDAwMDAwMDAwMDAwMDAwMDAwMDAwMDAwMDAwMDAwMDAwMDAwMDAwMDAwMDAwMDAwMDAwMDAwMDAwMDAwMDAwMDAwMDAwMDAwMDAwMDAwMDAwMDAwMDAwMDAwMDAwMDAwMDAwMDAwMDAwMDAwMDAwMDAwMDAwMDAwMDAwMDAwMDAwMDAwMDAwMDAwMDAwMDAwMDAwMDAwMDAwMDAwMDAwMDAwMDAwMDAwMDAwMDAwMDAwMDAwMDAwMDAwMDAwMDAwMDAwMDAwMDAwMDAwMDAwMDAwMDAwMDAwMDAwMDAwMDAwMDAwMDAwMDAwMDAwMDAwMDAwMDAwMDAwMDAwMDAwMDAwMDAwMDAwMDAwMDAwMDAwMDAwMDAwMDAwMDAwMDAwMDAwMDAwMDAwMDAwMDAwMDAwMDAwMDAwMDAwMDAwMDAwMDAwMDAwMDAwMDAwMDAwMDAwMDAwMDAwMDAwMDAwMDAwMDAwMDAwMDAwMDAwMDAwMDAwMDAwMDAwMDAwMDAwMDAwMDAwMDAwMDAwMDAwMDAwMDAwMDAwMDAwMDAwMDAwMDAwMDAwMDAwMDAwMDAwMDAwMDAwMDAwMDAwMDAwMDAwMDAwMDAwMDAwMDAwMDAwMDAwMDAwMDAwMDAwMDAwMDAwMDAwMDAwMDAwMDAwMDAwMDAwMDAwMDAwMDAwMDAwMDAwMDAwMDAwMDAwMDAwMDAwMDAwMDAwMDAwMDAwMDAwMDAwMDAwMDAwMDAw...
&amp#27;[38;5;48m[HTTP]&amp#27;[0m &amp#27;[37m<-- POST /session/6321dc70-6fec-4012-b317-f80b5a87bd4d/appium/stop_recording_screen &amp#27;[39m&amp#27;[32m200&amp#27;[39m &amp#27;[90m900 ms - 1469380&amp#27;[39m
&amp#27;[38;5;48m[HTTP]&amp#27;[0m &amp#27;[90m&amp#27;[39m
&amp#27;[38;5;64m[AppiumDriver@07f6]&amp#27;[0m Plugin device-farm is now handling cmd 'deleteSession'
&amp#27;[38;5;16m[device-farm-main]&amp#27;[0m Unblocked device emulator-5554 from host http://192.168.95.171:4723
&amp#27;[38;5;16m[device-farm-main]&amp#27;[0m 📱 Unblocking the device that is blocked for session 6321dc70-6fec-4012-b317-f80b5a87bd4d
&amp#27;[38;5;64m[AppiumDriver@07f6]&amp#27;[0m Plugin element-wait is now handling cmd 'deleteSession'
&amp#27;[38;5;64m[AppiumDriver@07f6]&amp#27;[0m Executing default handling behavior for command 'deleteSession'
&amp#27;[38;5;64m[AppiumDriver@07f6]&amp#27;[0m Event 'quitSessionRequested' logged at 1704979090916 (18:48:10 GMT+0530 (India Standard Time))
&amp#27;[38;5;64m[AppiumDriver@07f6]&amp#27;[0m Removing session 6321dc70-6fec-4012-b317-f80b5a87bd4d from our master session list
&amp#27;[38;5;80m[AndroidUiautomator2Driver@39b4 (6321dc70)]&amp#27;[0m Deleting UiAutomator2 session
&amp#27;[38;5;80m[AndroidUiautomator2Driver@39b4 (6321dc70)]&amp#27;[0m Deleting UiAutomator2 server session
&amp#27;[38;5;80m[AndroidUiautomator2Driver@39b4 (6321dc70)]&amp#27;[0m Matched '/' to command name 'deleteSession'
&amp#27;[38;5;80m[AndroidUiautomator2Driver@39b4 (6321dc70)]&amp#27;[0m Proxying [DELETE /] to [DELETE http://127.0.0.1:56454/session/d56c87ac-4af2-4811-85fb-512e8ede2dc0] with no body
&amp#27;[38;5;80m[AndroidUiautomator2Driver@39b4 (6321dc70)]&amp#27;[0m Got response with status 200: {"sessionId":"d56c87ac-4af2-4811-85fb-512e8ede2dc0","value":null}
&amp#27;[38;5;0m[ADB]&amp#27;[0m Running 'C:\Users\shubh\AppData\Local\Android\Sdk\platform-tools\adb.exe -P 5037 -s emulator-5554 shell dumpsys activity services io.appium.settings/.recorder.RecorderService'
&amp#27;[38;5;0m[ADB]&amp#27;[0m Running 'C:\Users\shubh\AppData\Local\Android\Sdk\platform-tools\adb.exe -P 5037 -s emulator-5554 shell am force-stop com.nixlab.grocery_list_maker'
&amp#27;[38;5;128m[Logcat]&amp#27;[0m Stopping logcat capture
&amp#27;[38;5;0m[ADB]&amp#27;[0m Removing forwarded port socket connection: 56454 
&amp#27;[38;5;0m[ADB]&amp#27;[0m Running 'C:\Users\shubh\AppData\Local\Android\Sdk\platform-tools\adb.exe -P 5037 -s emulator-5554 forward --remove tcp:56454'
&amp#27;[38;5;0m[ADB]&amp#27;[0m Removing forwarded port socket connection: 56452 
&amp#27;[38;5;0m[ADB]&amp#27;[0m Running 'C:\Users\shubh\AppData\Local\Android\Sdk\platform-tools\adb.exe -P 5037 -s emulator-5554 forward --remove tcp:56452'
&amp#27;[38;5;80m[AndroidUiautomator2Driver@39b4 (6321dc70)]&amp#27;[0m Restoring hidden api policy to the device default configuration
&amp#27;[38;5;0m[ADB]&amp#27;[0m Running 'C:\Users\shubh\AppData\Local\Android\Sdk\platform-tools\adb.exe -P 5037 -s emulator-5554 shell 'settings delete global hidden_api_policy_pre_p_apps;settings delete global hidden_api_policy_p_apps;settings delete global hidden_api_policy''
&amp#27;[38;5;144m[Instrumentation]&amp#27;[0m .
&amp#27;[38;5;64m[AppiumDriver@07f6]&amp#27;[0m Event 'quitSessionFinished' logged at 1704979091686 (18:48:11 GMT+0530 (India Standard Time))
&amp#27;[38;5;64m[AppiumDriver@07f6]&amp#27;[0m Received response: null
&amp#27;[38;5;64m[AppiumDriver@07f6]&amp#27;[0m But deleting session, so not returning
&amp#27;[38;5;64m[AppiumDriver@07f6]&amp#27;[0m Responding to client with driver.deleteSession() result: null
&amp#27;[38;5;48m[HTTP]&amp#27;[0m &amp#27;[37m<-- DELETE /session/6321dc70-6fec-4012-b317-f80b5a87bd4d &amp#27;[39m&amp#27;[32m200&amp#27;[39m &amp#27;[90m1874 ms - 14&amp#27;[39m
&amp#27;[38;5;48m[HTTP]&amp#27;[0m &amp#27;[90m&amp#27;[39m
&amp#27;[38;5;48m[HTTP]&amp#27;[0m &amp#27;[37m-->&amp#27;[39m &amp#27;[37mGET&amp#27;[39m &amp#27;[37m/status&amp#27;[39m
&amp#27;[38;5;48m[HTTP]&amp#27;[0m &amp#27;[90m{}&amp#27;[39m
&amp#27;[38;5;64m[AppiumDriver@07f6]&amp#27;[0m Calling AppiumDriver.getStatus() with args: []
&amp#27;[38;5;16m[device-farm-main]&amp#27;[0m 📱 Plugin Args: {"platform":"android","androidDeviceType":"both","iosDeviceType":"both"}
&amp#27;[38;5;64m[AppiumDriver@07f6]&amp#27;[0m Plugins which can handle cmd 'getStatus': element-wait,device-farm,appium-dashboard
&amp#27;[38;5;64m[AppiumDriver@07f6]&amp#27;[0m Plugin appium-dashboard is now handling cmd 'getStatus'
&amp#27;[38;5;64m[AppiumDriver@07f6]&amp#27;[0m Plugin device-farm is now handling cmd 'getStatus'
&amp#27;[38;5;64m[AppiumDriver@07f6]&amp#27;[0m Plugin element-wait is now handling cmd 'getStatus'
&amp#27;[38;5;64m[AppiumDriver@07f6]&amp#27;[0m Executing default handling behavior for command 'getStatus'
&amp#27;[38;5;64m[AppiumDriver@07f6]&amp#27;[0m Responding to client with driver.getStatus() result: {"ready":true,"message":"The server is ready to accept new connections","build":{"version":"2.4.1"}}
&amp#27;[38;5;48m[HTTP]&amp#27;[0m &amp#27;[37m<-- GET /status &amp#27;[39m&amp#27;[32m200&amp#27;[39m &amp#27;[90m4 ms - 110&amp#27;[39m
&amp#27;[38;5;48m[HTTP]&amp#27;[0m &amp#27;[90m&amp#27;[39m
Starting the server.
C://Users//shubh//AppData//Roaming//npm//node_modules//appium//build//lib//main.js
127.0.0.1
&amp#27;[35m[Appium]&amp#27;[39m Attempting to load plugin element-wait...
&amp#27;[35m[Appium]&amp#27;[39m Attempting to load plugin device-farm...
&amp#27;[35m[Appium]&amp#27;[39m Attempting to load plugin appium-dashboard...
&amp#27;[35m[Appium]&amp#27;[39m Requiring plugin at C:\Users\shubh\.appium\node_modules\appium-wait-plugin\lib\index.js
&amp#27;[35m[Appium]&amp#27;[39m Requiring plugin at C:\Users\shubh\.appium\node_modules\appium-device-farm\lib\src\index.js
&amp#27;[35m[Appium]&amp#27;[39m Requiring plugin at C:\Users\shubh\.appium\node_modules\appium-dashboard\lib\index.js
&amp#27;[35m[Appium]&amp#27;[39m WaitCommandPlugin has been successfully loaded in 5.593s
&amp#27;[35m[Appium]&amp#27;[39m DevicePlugin has been successfully loaded in 5.594s
&amp#27;[35m[Appium]&amp#27;[39m AppiumDashboardPlugin has been successfully loaded in 5.594s
&amp#27;[38;5;0m[ADB]&amp#27;[0m Found 1 'build-tools' folders under 'C:\Users\shubh\AppData\Local\Android\Sdk' (newest first):
&amp#27;[38;5;0m[ADB]&amp#27;[0m     C:\Users\shubh\AppData\Local\Android\Sdk\build-tools\34.0.0
&amp#27;[38;5;0m[ADB]&amp#27;[0m Using 'adb.exe' from 'C:\Users\shubh\AppData\Local\Android\Sdk\platform-tools\adb.exe'
&amp#27;[38;5;0m[ADB]&amp#27;[0m Running 'C:\Users\shubh\AppData\Local\Android\Sdk\platform-tools\adb.exe -P 5037 start-server'
&amp#27;[35m[Appium]&amp#27;[39m Welcome to Appium v2.4.1
&amp#27;[35m[Appium]&amp#27;[39m Non-default server args:
&amp#27;[35m[Appium]&amp#27;[39m { address: &amp#27;[32m'127.0.0.1'&amp#27;[39m,
&amp#27;[35m[Appium]&amp#27;[39m   keepAliveTimeout: &amp#27;[33m800&amp#27;[39m,
&amp#27;[35m[Appium]&amp#27;[39m   usePlugins: [ &amp#27;[32m'element-wait'&amp#27;[39m, &amp#27;[32m'device-farm'&amp#27;[39m, &amp#27;[32m'appium-dashboard'&amp#27;[39m ] }
&amp#27;[35m[Appium]&amp#27;[39m The autodetected Appium home path: C:\Users\shubh\.appium
&amp#27;[35m[Appium]&amp#27;[39m Attempting to load driver uiautomator2...
&amp#27;[35m[Appium]&amp#27;[39m Requiring driver at C:\Users\shubh\.appium\node_modules\appium-uiautomator2-driver\build\index.js
&amp#27;[35m[Appium]&amp#27;[39m AndroidUiautomator2Driver has been successfully loaded in 1.367s
(node:18548) MaxListenersExceededWarning: Possible EventEmitter memory leak detected. 11 exit listeners added to [process]. Use emitter.setMaxListeners() to increase limit
(Use `node --trace-warnings ...` to show where the warning was created)
&amp#27;[38;5;16m[device-farm-main]&amp#27;[0m 📱 Update server with CLI Args: {"subcommand":"server","address":"127.0.0.1","keepAliveTimeout":800,"port":4723,"usePlugins":["element-wait","device-farm","appium-dashboard"],"plugin":{"device-farm":{"platform":"android","androidDeviceType":"both","iosDeviceType":"both"}},"extraArgs":[],"allowCors":false,"allowInsecure":[],"basePath":"","callbackPort":4723,"debugLogSpacing":false,"denyInsecure":[],"localTimezone":false,"loglevel":"debug","logNoColors":false,"logTimestamp":false,"pluginsImportChunkSize":7,"driversImportChunkSize":3,"longStacktrace":false,"noPermsCheck":false,"relaxedSecurityEnabled":false,"sessionOverride":false,"strictCaps":false,"useDrivers":[],"tmpDir":"C:\\Users\\shubh\\AppData\\Local\\Temp"}
&amp#27;[38;5;16m[device-farm-main]&amp#27;[0m 📱 Update server with Plugin Args: {"platform":"android","iosDeviceType":"both","androidDeviceType":"both","skipChromeDownload":true,"maxSessions":8,"adbRemote":[],"emulators":[],"simulators":[],"deviceAvailabilityTimeoutMs":300000,"deviceAvailabilityQueryIntervalMs":10000,"sendNodeDevicesToHubIntervalMs":30000,"checkStaleDevicesIntervalMs":30000,"checkBlockedDevicesIntervalMs":30000,"newCommandTimeoutSec":60,"bindHostOrIp":"192.168.95.171"}
&amp#27;[38;5;16m[device-farm-main]&amp#27;[0m proxy is not required for axios
&amp#27;[38;5;16m[device-farm-main]&amp#27;[0m Registering proxy middleware
&amp#27;[38;5;16m[device-farm-main]&amp#27;[0m Initializing database
&amp#27;[38;5;16m[device-farm-main]&amp#27;[0m Creating new database: ./temp-appium/db.json
&amp#27;[38;5;16m[device-farm-main]&amp#27;[0m Database loaded
&amp#27;[38;5;16m[device-farm-main]&amp#27;[0m Initializing storage
&amp#27;[38;5;16m[device-farm-main]&amp#27;[0m 📣📣📣 Device Farm Plugin will be served at 🔗 http://192.168.95.171:4723/device-farm
&amp#27;[38;5;16m[device-farm-main]&amp#27;[0m 📣📣📣 I'm a hub and I'm listening on 192.168.95.171:4723
&amp#27;[38;5;16m[device-farm-main]&amp#27;[0m Found 0 device candidates to be released
&amp#27;[38;5;16m[device-farm-main]&amp#27;[0m Hub will clean pending sessions every 30000 ms with pending session timeout: 310000 ms
&amp#27;[38;5;0m[ADB]&amp#27;[0m Found 1 'build-tools' folders under 'C:\Users\shubh\AppData\Local\Android\Sdk' (newest first):
&amp#27;[38;5;0m[ADB]&amp#27;[0m     C:\Users\shubh\AppData\Local\Android\Sdk\build-tools\34.0.0
&amp#27;[38;5;0m[ADB]&amp#27;[0m Using 'adb.exe' from 'C:\Users\shubh\AppData\Local\Android\Sdk\platform-tools\adb.exe'
&amp#27;[38;5;0m[ADB]&amp#27;[0m Running 'C:\Users\shubh\AppData\Local\Android\Sdk\platform-tools\adb.exe -P 5037 start-server'
&amp#27;[38;5;0m[ADB]&amp#27;[0m Getting connected devices
&amp#27;[38;5;0m[ADB]&amp#27;[0m Connected devices: [{"udid":"emulator-5554","state":"device"}]
&amp#27;[38;5;16m[device-farm-main]&amp#27;[0m fetchAndroidDevices from host: undefined. Found 1 android devices
&amp#27;[38;5;16m[device-farm-main]&amp#27;[0m Android Device details for emulator-5554 not available. So querying now.
&amp#27;[38;5;16m[device-farm-main]&amp#27;[0m skipChromeDownload server arg is set; skipping Chromedriver installation.
&amp#27;[38;5;16m[device-farm-main]&amp#27;[0m Android web/hybrid testing will not be possible without Chromedriver.
&amp#27;[38;5;0m[ADB]&amp#27;[0m Running 'C:\Users\shubh\AppData\Local\Android\Sdk\platform-tools\adb.exe -P 5037 -s emulator-5554 shell getprop ro.build.version.release'
&amp#27;[38;5;0m[ADB]&amp#27;[0m Running 'C:\Users\shubh\AppData\Local\Android\Sdk\platform-tools\adb.exe -P 5037 -s emulator-5554 shell getprop ro.build.characteristics'
&amp#27;[38;5;0m[ADB]&amp#27;[0m Running 'C:\Users\shubh\AppData\Local\Android\Sdk\platform-tools\adb.exe -P 5037 -s emulator-5554 shell getprop ro.product.name'
&amp#27;[38;5;16m[device-farm-main]&amp#27;[0m Found 1 android devices
&amp#27;[38;5;16m[device-farm-main]&amp#27;[0m Added 1 new devices to local database
&amp#27;[38;5;16m[device-farm-main]&amp#27;[0m Unblocked device emulator-5554 from host http://192.168.95.171:4723
&amp#27;[38;5;32m[appium-dashboard]&amp#27;[0m Dashboard plugin is enabled and will be served at http://localhost:4723/dashboard
&amp#27;[38;5;32m[appium-dashboard]&amp#27;[0m If the appium server is started with different port other than 4723, then use the correct port number to access the device farm dashboard
&amp#27;[35m[Appium]&amp#27;[39m Appium REST http interface listener started on http://127.0.0.1:4723
&amp#27;[35m[Appium]&amp#27;[39m Available drivers:
&amp#27;[35m[Appium]&amp#27;[39m   - uiautomator2@2.39.0 (automationName 'UiAutomator2')
&amp#27;[35m[Appium]&amp#27;[39m Available plugins:
&amp#27;[35m[Appium]&amp#27;[39m   - element-wait@2.0.3 (ACTIVE)
&amp#27;[35m[Appium]&amp#27;[39m   - appium-reporter-plugin@1.1.0-beta.04
&amp#27;[35m[Appium]&amp#27;[39m   - device-farm@8.4.6 (ACTIVE)
&amp#27;[35m[Appium]&amp#27;[39m   - appium-dashboard@v2.0.2 (ACTIVE)
&amp#27;[38;5;48m[HTTP]&amp#27;[0m &amp#27;[37m-->&amp#27;[39m &amp#27;[37mPOST&amp#27;[39m &amp#27;[37m/wd-internal/session/b52d28bf-81cc-4deb-95c9-92f9b22cd6f6/appium/start_recording_screen&amp#27;[39m
&amp#27;[38;5;48m[HTTP]&amp#27;[0m &amp#27;[90m{"options":{"videoType":"libx264","videoFps":10,"videoScale":"1280:720","videoSize":"1280x720","timeLimit":1800}}&amp#27;[39m
&amp#27;[38;5;64m[AppiumDriver@56b7]&amp#27;[0m Encountered internal error running command: NoSuchDriverError: A session is either terminated or not started
&amp#27;[38;5;64m[AppiumDriver@56b7]&amp#27;[0m     at asyncHandler (C:\Users\shubh\AppData\Roaming\npm\node_modules\appium\node_modules\@appium\base-driver\lib\protocol\protocol.js:315:15)
&amp#27;[38;5;64m[AppiumDriver@56b7]&amp#27;[0m     at C:\Users\shubh\AppData\Roaming\npm\node_modules\appium\node_modules\@appium\base-driver\lib\protocol\protocol.js:518:15
&amp#27;[38;5;64m[AppiumDriver@56b7]&amp#27;[0m     at Layer.handle [as handle_request] (C:\Users\shubh\AppData\Roaming\npm\node_modules\appium\node_modules\express\lib\router\layer.js:95:5)
&amp#27;[38;5;64m[AppiumDriver@56b7]&amp#27;[0m     at next (C:\Users\shubh\AppData\Roaming\npm\node_modules\appium\node_modules\express\lib\router\route.js:144:13)
&amp#27;[38;5;64m[AppiumDriver@56b7]&amp#27;[0m     at Route.dispatch (C:\Users\shubh\AppData\Roaming\npm\node_modules\appium\node_modules\express\lib\router\route.js:114:3)
&amp#27;[38;5;64m[AppiumDriver@56b7]&amp#27;[0m     at Layer.handle [as handle_request] (C:\Users\shubh\AppData\Roaming\npm\node_modules\appium\node_modules\express\lib\router\layer.js:95:5)
&amp#27;[38;5;64m[AppiumDriver@56b7]&amp#27;[0m     at C:\Users\shubh\AppData\Roaming\npm\node_modules\appium\node_modules\express\lib\router\index.js:284:15
&amp#27;[38;5;64m[AppiumDriver@56b7]&amp#27;[0m     at param (C:\Users\shubh\AppData\Roaming\npm\node_modules\appium\node_modules\express\lib\router\index.js:365:14)
&amp#27;[38;5;64m[AppiumDriver@56b7]&amp#27;[0m     at param (C:\Users\shubh\AppData\Roaming\npm\node_modules\appium\node_modules\express\lib\router\index.js:376:14)
&amp#27;[38;5;64m[AppiumDriver@56b7]&amp#27;[0m     at Function.process_params (C:\Users\shubh\AppData\Roaming\npm\node_modules\appium\node_modules\express\lib\router\index.js:421:3)
&amp#27;[38;5;64m[AppiumDriver@56b7]&amp#27;[0m     at next (C:\Users\shubh\AppData\Roaming\npm\node_modules\appium\node_modules\express\lib\router\index.js:280:10)
&amp#27;[38;5;64m[AppiumDriver@56b7]&amp#27;[0m     at C:\Users\shubh\.appium\node_modules\appium-dashboard\lib\plugin\debugger.js:49:20
&amp#27;[38;5;64m[AppiumDriver@56b7]&amp#27;[0m     at Generator.next (<anonymous>)
&amp#27;[38;5;64m[AppiumDriver@56b7]&amp#27;[0m     at C:\Users\shubh\.appium\node_modules\appium-dashboard\lib\plugin\debugger.js:8:71
&amp#27;[38;5;64m[AppiumDriver@56b7]&amp#27;[0m     at new Promise (<anonymous>)
&amp#27;[38;5;64m[AppiumDriver@56b7]&amp#27;[0m     at __awaiter (C:\Users\shubh\.appium\node_modules\appium-dashboard\lib\plugin\debugger.js:4:12)
&amp#27;[38;5;64m[AppiumDriver@56b7]&amp#27;[0m     at handler (C:\Users\shubh\.appium\node_modules\appium-dashboard\lib\plugin\debugger.js:46:12)
&amp#27;[38;5;64m[AppiumDriver@56b7]&amp#27;[0m     at Layer.handle [as handle_request] (C:\Users\shubh\AppData\Roaming\npm\node_modules\appium\node_modules\express\lib\router\layer.js:95:5)
&amp#27;[38;5;64m[AppiumDriver@56b7]&amp#27;[0m     at trim_prefix (C:\Users\shubh\AppData\Roaming\npm\node_modules\appium\node_modules\express\lib\router\index.js:328:13)
&amp#27;[38;5;64m[AppiumDriver@56b7]&amp#27;[0m     at C:\Users\shubh\AppData\Roaming\npm\node_modules\appium\node_modules\express\lib\router\index.js:286:9
&amp#27;[38;5;64m[AppiumDriver@56b7]&amp#27;[0m     at Function.process_params (C:\Users\shubh\AppData\Roaming\npm\node_modules\appium\node_modules\express\lib\router\index.js:346:12)
&amp#27;[38;5;64m[AppiumDriver@56b7]&amp#27;[0m     at next (C:\Users\shubh\AppData\Roaming\npm\node_modules\appium\node_modules\express\lib\router\index.js:280:10)
&amp#27;[38;5;64m[AppiumDriver@56b7]&amp#27;[0m     at C:\Users\shubh\.appium\node_modules\appium-device-farm\lib\src\wd-command-proxy.js:118:20
&amp#27;[38;5;64m[AppiumDriver@56b7]&amp#27;[0m     at Generator.next (<anonymous>)
&amp#27;[38;5;64m[AppiumDriver@56b7]&amp#27;[0m     at fulfilled (C:\Users\shubh\.appium\node_modules\appium-device-farm\lib\src\wd-command-proxy.js:5:58)
&amp#27;[38;5;64m[AppiumDriver@56b7]&amp#27;[0m     at processTicksAndRejections (node:internal/process/task_queues:95:5)
&amp#27;[38;5;48m[HTTP]&amp#27;[0m &amp#27;[37m<-- POST /session/b52d28bf-81cc-4deb-95c9-92f9b22cd6f6/appium/start_recording_screen &amp#27;[39m&amp#27;[33m404&amp#27;[39m &amp#27;[90m28 ms - 3230&amp#27;[39m
&amp#27;[38;5;48m[HTTP]&amp#27;[0m &amp#27;[90m&amp#27;[39m
]]></system-out>
  </testcase>
  <testcase name="SearchTest" classname="com.shubham.projects.AppTest.SettingsTest" time="1.845">
    <failure message="Can&apos;t locate an element by this strategy: By.chained({AppiumBy.className: android.view.ViewGroup})" type="org.openqa.selenium.NoSuchElementException"><![CDATA[org.openqa.selenium.NoSuchElementException: Can't locate an element by this strategy: By.chained({AppiumBy.className: android.view.ViewGroup})
	at io.appium.java_client.pagefactory.AppiumElementLocator.findElement(AppiumElementLocator.java:166)
	at io.appium.java_client.pagefactory.interceptors.InterceptorOfASingleElement.call(InterceptorOfASingleElement.java:64)
	at io.appium.java_client.proxy.Interceptor.intercept(Interceptor.java:77)
	at org.openqa.selenium.remote.RemoteWebElement$ByteBuddy$CIZV00Mm.click(Unknown Source)
	at com.shubham.projects.AppTest.PageObjects.Settings.searchSettings(Settings.java:44)
	at com.shubham.projects.AppTest.SettingsTest.SearchTest(SettingsTest.java:25)
	at java.base/jdk.internal.reflect.DirectMethodHandleAccessor.invoke(DirectMethodHandleAccessor.java:104)
	at java.base/java.lang.reflect.Method.invoke(Method.java:578)
	at org.testng.internal.invokers.MethodInvocationHelper.invokeMethod(MethodInvocationHelper.java:139)
	at org.testng.internal.invokers.TestInvoker.invokeMethod(TestInvoker.java:664)
	at org.testng.internal.invokers.TestInvoker.invokeTestMethod(TestInvoker.java:227)
	at org.testng.internal.invokers.MethodRunner.runInSequence(MethodRunner.java:50)
	at org.testng.internal.invokers.TestInvoker$MethodInvocationAgent.invoke(TestInvoker.java:957)
	at org.testng.internal.invokers.TestInvoker.invokeTestMethods(TestInvoker.java:200)
	at org.testng.internal.invokers.TestMethodWorker.invokeTestMethods(TestMethodWorker.java:148)
	at org.testng.internal.invokers.TestMethodWorker.run(TestMethodWorker.java:128)
	at java.base/java.util.ArrayList.forEach(ArrayList.java:1511)
	at org.testng.TestRunner.privateRun(TestRunner.java:848)
	at org.testng.TestRunner.run(TestRunner.java:621)
	at org.testng.SuiteRunner.runTest(SuiteRunner.java:443)
	at org.testng.SuiteRunner.runSequentially(SuiteRunner.java:437)
	at org.testng.SuiteRunner.privateRun(SuiteRunner.java:397)
	at org.testng.SuiteRunner.run(SuiteRunner.java:336)
	at org.testng.SuiteRunnerWorker.runSuite(SuiteRunnerWorker.java:52)
	at org.testng.SuiteRunnerWorker.run(SuiteRunnerWorker.java:95)
	at org.testng.TestNG.runSuitesSequentially(TestNG.java:1280)
	at org.testng.TestNG.runSuitesLocally(TestNG.java:1200)
	at org.testng.TestNG.runSuites(TestNG.java:1114)
	at org.testng.TestNG.run(TestNG.java:1082)
	at org.apache.maven.surefire.testng.TestNGExecutor.run(TestNGExecutor.java:155)
	at org.apache.maven.surefire.testng.TestNGDirectoryTestSuite.executeMulti(TestNGDirectoryTestSuite.java:169)
	at org.apache.maven.surefire.testng.TestNGDirectoryTestSuite.execute(TestNGDirectoryTestSuite.java:88)
	at org.apache.maven.surefire.testng.TestNGProvider.invoke(TestNGProvider.java:137)
	at org.apache.maven.surefire.booter.ForkedBooter.runSuitesInProcess(ForkedBooter.java:385)
	at org.apache.maven.surefire.booter.ForkedBooter.execute(ForkedBooter.java:162)
	at org.apache.maven.surefire.booter.ForkedBooter.run(ForkedBooter.java:507)
	at org.apache.maven.surefire.booter.ForkedBooter.main(ForkedBooter.java:495)
Caused by: org.openqa.selenium.TimeoutException: Expected condition failed: waiting for io.appium.java_client.pagefactory.AppiumElementLocator$WaitingFunction@44e4cb76 (tried for 1 second(s) with 500 milliseconds interval)
	at org.openqa.selenium.support.ui.FluentWait.timeoutException(FluentWait.java:261)
	at org.openqa.selenium.support.ui.FluentWait.until(FluentWait.java:229)
	at io.appium.java_client.pagefactory.AppiumElementLocator.waitFor(AppiumElementLocator.java:135)
	at io.appium.java_client.pagefactory.AppiumElementLocator.findElement(AppiumElementLocator.java:160)
	... 36 more
Caused by: org.openqa.selenium.NoSuchElementException: Cannot locate an element using By.chained({AppiumBy.className: android.view.ViewGroup})
For documentation on this error, please visit: https://www.selenium.dev/documentation/webdriver/troubleshooting/errors#no-such-element-exception
Build info: version: '4.16.1', revision: '9b4c83354e'
System info: os.name: 'Windows 10', os.arch: 'amd64', os.version: '10.0', java.version: '20.0.2'
Driver info: driver.version: RemoteWebDriver
	at io.appium.java_client.pagefactory.bys.builder.ByChained.findElement(ByChained.java:77)
	at org.openqa.selenium.remote.ElementLocation$ElementFinder$1.findElement(ElementLocation.java:139)
	at org.openqa.selenium.remote.ElementLocation.findElement(ElementLocation.java:59)
	at org.openqa.selenium.remote.RemoteWebDriver.findElement(RemoteWebDriver.java:360)
	at org.openqa.selenium.remote.RemoteWebDriver.findElement(RemoteWebDriver.java:354)
	at io.appium.java_client.pagefactory.bys.ContentMappedBy.findElement(ContentMappedBy.java:53)
	at org.openqa.selenium.remote.ElementLocation$ElementFinder$1.findElement(ElementLocation.java:139)
	at org.openqa.selenium.remote.ElementLocation.findElement(ElementLocation.java:59)
	at org.openqa.selenium.remote.RemoteWebDriver.findElement(RemoteWebDriver.java:360)
	at org.openqa.selenium.remote.RemoteWebDriver.findElement(RemoteWebDriver.java:354)
	at io.appium.java_client.pagefactory.AppiumElementLocator.lambda$findElement$1(AppiumElementLocator.java:160)
	at io.appium.java_client.pagefactory.AppiumElementLocator$WaitingFunction.apply(AppiumElementLocator.java:217)
	at io.appium.java_client.pagefactory.AppiumElementLocator$WaitingFunction.apply(AppiumElementLocator.java:210)
	at org.openqa.selenium.support.ui.FluentWait.until(FluentWait.java:204)
	... 38 more
]]></failure>
  </testcase>
  <testcase name="GoogleClickByScroll" classname="com.shubham.projects.AppTest.SettingsTest" time="1.772">
    <failure message="An element could not be located on the page using the given search parameters.&#10;For documentation on this error, please visit: https://www.selenium.dev/documentation/webdriver/troubleshooting/errors#no-such-element-exception&#10;Build info: version: &apos;4.16.1&apos;, revision: &apos;9b4c83354e&apos;&#10;System info: os.name: &apos;Windows 10&apos;, os.arch: &apos;amd64&apos;, os.version: &apos;10.0&apos;, java.version: &apos;20.0.2&apos;&#10;Driver info: io.appium.java_client.android.AndroidDriver&#10;Command: [b52d28bf-81cc-4deb-95c9-92f9b22cd6f6, findElement {using=-android uiautomator, value=new UiScrollable(new UiSelector()).scrollIntoView(text(&quot;Tips &amp; support&quot;));}]&#10;Capabilities {appium:adbPort: 5037, appium:app: F:\Users\shubh\eclipse-work..., appium:appPackage: com.nixlab.grocery_list_maker, appium:automationName: UIAutomator2, appium:chromeDriverPort: 56785, appium:clearDeviceLogsOnStart: true, appium:databaseEnabled: false, appium:desired: {adbPort: 5037, app: F:\Users\shubh\eclipse-work..., automationName: UIAutomator2, chromeDriverPort: 56785, clearDeviceLogsOnStart: true, deviceName: emulator-5554, mjpegServerPort: 56783, nativeWebScreenshot: true, platformName: ANDROID, systemPort: 56784, udid: emulator-5554}, appium:deviceApiLevel: 34, appium:deviceManufacturer: Google, appium:deviceModel: sdk_gphone64_x86_64, appium:deviceName: emulator-5554, appium:deviceScreenDensity: 440, appium:deviceScreenSize: 1080x2220, appium:deviceUDID: emulator-5554, appium:javascriptEnabled: true, appium:locationContextEnabled: false, appium:mjpegServerPort: 56783, appium:nativeWebScreenshot: true, appium:networkConnectionEnabled: true, appium:pixelRatio: 2.75, appium:platformVersion: 14, appium:statBarHeight: 66, appium:systemPort: 56784, appium:takesScreenshot: true, appium:udid: emulator-5554, appium:viewportRect: {height: 2154, left: 0, top: 66, width: 1080}, appium:warnings: {}, appium:webStorageEnabled: false, platformName: ANDROID}&#10;Session ID: b52d28bf-81cc-4deb-95c9-92f9b22cd6f6" type="org.openqa.selenium.NoSuchElementException"><![CDATA[org.openqa.selenium.NoSuchElementException: 
An element could not be located on the page using the given search parameters.
For documentation on this error, please visit: https://www.selenium.dev/documentation/webdriver/troubleshooting/errors#no-such-element-exception
Build info: version: '4.16.1', revision: '9b4c83354e'
System info: os.name: 'Windows 10', os.arch: 'amd64', os.version: '10.0', java.version: '20.0.2'
Driver info: io.appium.java_client.android.AndroidDriver
Command: [b52d28bf-81cc-4deb-95c9-92f9b22cd6f6, findElement {using=-android uiautomator, value=new UiScrollable(new UiSelector()).scrollIntoView(text("Tips & support"));}]
Capabilities {appium:adbPort: 5037, appium:app: F:\Users\shubh\eclipse-work..., appium:appPackage: com.nixlab.grocery_list_maker, appium:automationName: UIAutomator2, appium:chromeDriverPort: 56785, appium:clearDeviceLogsOnStart: true, appium:databaseEnabled: false, appium:desired: {adbPort: 5037, app: F:\Users\shubh\eclipse-work..., automationName: UIAutomator2, chromeDriverPort: 56785, clearDeviceLogsOnStart: true, deviceName: emulator-5554, mjpegServerPort: 56783, nativeWebScreenshot: true, platformName: ANDROID, systemPort: 56784, udid: emulator-5554}, appium:deviceApiLevel: 34, appium:deviceManufacturer: Google, appium:deviceModel: sdk_gphone64_x86_64, appium:deviceName: emulator-5554, appium:deviceScreenDensity: 440, appium:deviceScreenSize: 1080x2220, appium:deviceUDID: emulator-5554, appium:javascriptEnabled: true, appium:locationContextEnabled: false, appium:mjpegServerPort: 56783, appium:nativeWebScreenshot: true, appium:networkConnectionEnabled: true, appium:pixelRatio: 2.75, appium:platformVersion: 14, appium:statBarHeight: 66, appium:systemPort: 56784, appium:takesScreenshot: true, appium:udid: emulator-5554, appium:viewportRect: {height: 2154, left: 0, top: 66, width: 1080}, appium:warnings: {}, appium:webStorageEnabled: false, platformName: ANDROID}
Session ID: b52d28bf-81cc-4deb-95c9-92f9b22cd6f6
	at java.base/jdk.internal.reflect.DirectConstructorHandleAccessor.newInstance(DirectConstructorHandleAccessor.java:67)
	at java.base/java.lang.reflect.Constructor.newInstanceWithCaller(Constructor.java:500)
	at java.base/java.lang.reflect.Constructor.newInstance(Constructor.java:484)
	at org.openqa.selenium.remote.codec.w3c.W3CHttpResponseCodec.createException(W3CHttpResponseCodec.java:200)
	at org.openqa.selenium.remote.codec.w3c.W3CHttpResponseCodec.decode(W3CHttpResponseCodec.java:133)
	at org.openqa.selenium.remote.codec.w3c.W3CHttpResponseCodec.decode(W3CHttpResponseCodec.java:52)
	at org.openqa.selenium.remote.HttpCommandExecutor.execute(HttpCommandExecutor.java:191)
	at io.appium.java_client.remote.AppiumCommandExecutor.execute(AppiumCommandExecutor.java:238)
	at org.openqa.selenium.remote.RemoteWebDriver.execute(RemoteWebDriver.java:523)
	at org.openqa.selenium.remote.ElementLocation$ElementFinder$2.findElement(ElementLocation.java:165)
	at org.openqa.selenium.remote.ElementLocation.findElement(ElementLocation.java:66)
	at org.openqa.selenium.remote.RemoteWebDriver.findElement(RemoteWebDriver.java:360)
	at org.openqa.selenium.remote.RemoteWebDriver.findElement(RemoteWebDriver.java:354)
	at com.shubham.projects.AppTest.utility.AndroidAction.scrollToText(AndroidAction.java:51)
	at com.shubham.projects.AppTest.SettingsTest.GoogleClickByScroll(SettingsTest.java:38)
	at java.base/jdk.internal.reflect.DirectMethodHandleAccessor.invoke(DirectMethodHandleAccessor.java:104)
	at java.base/java.lang.reflect.Method.invoke(Method.java:578)
	at org.testng.internal.invokers.MethodInvocationHelper.invokeMethod(MethodInvocationHelper.java:139)
	at org.testng.internal.invokers.TestInvoker.invokeMethod(TestInvoker.java:664)
	at org.testng.internal.invokers.TestInvoker.invokeTestMethod(TestInvoker.java:227)
	at org.testng.internal.invokers.MethodRunner.runInSequence(MethodRunner.java:50)
	at org.testng.internal.invokers.TestInvoker$MethodInvocationAgent.invoke(TestInvoker.java:957)
	at org.testng.internal.invokers.TestInvoker.invokeTestMethods(TestInvoker.java:200)
	at org.testng.internal.invokers.TestMethodWorker.invokeTestMethods(TestMethodWorker.java:148)
	at org.testng.internal.invokers.TestMethodWorker.run(TestMethodWorker.java:128)
	at java.base/java.util.ArrayList.forEach(ArrayList.java:1511)
	at org.testng.TestRunner.privateRun(TestRunner.java:848)
	at org.testng.TestRunner.run(TestRunner.java:621)
	at org.testng.SuiteRunner.runTest(SuiteRunner.java:443)
	at org.testng.SuiteRunner.runSequentially(SuiteRunner.java:437)
	at org.testng.SuiteRunner.privateRun(SuiteRunner.java:397)
	at org.testng.SuiteRunner.run(SuiteRunner.java:336)
	at org.testng.SuiteRunnerWorker.runSuite(SuiteRunnerWorker.java:52)
	at org.testng.SuiteRunnerWorker.run(SuiteRunnerWorker.java:95)
	at org.testng.TestNG.runSuitesSequentially(TestNG.java:1280)
	at org.testng.TestNG.runSuitesLocally(TestNG.java:1200)
	at org.testng.TestNG.runSuites(TestNG.java:1114)
	at org.testng.TestNG.run(TestNG.java:1082)
	at org.apache.maven.surefire.testng.TestNGExecutor.run(TestNGExecutor.java:155)
	at org.apache.maven.surefire.testng.TestNGDirectoryTestSuite.executeMulti(TestNGDirectoryTestSuite.java:169)
	at org.apache.maven.surefire.testng.TestNGDirectoryTestSuite.execute(TestNGDirectoryTestSuite.java:88)
	at org.apache.maven.surefire.testng.TestNGProvider.invoke(TestNGProvider.java:137)
	at org.apache.maven.surefire.booter.ForkedBooter.runSuitesInProcess(ForkedBooter.java:385)
	at org.apache.maven.surefire.booter.ForkedBooter.execute(ForkedBooter.java:162)
	at org.apache.maven.surefire.booter.ForkedBooter.run(ForkedBooter.java:507)
	at org.apache.maven.surefire.booter.ForkedBooter.main(ForkedBooter.java:495)
]]></failure>
  </testcase>
</testsuite>