<?xml version="1.0" encoding="UTF-8"?>
<testsuite xmlns:xsi="http://www.w3.org/2001/XMLSchema-instance" xsi:noNamespaceSchemaLocation="https://maven.apache.org/surefire/maven-surefire-plugin/xsd/surefire-test-report-3.0.xsd" version="3.0" name="TestSuite" time="102.495" tests="3" errors="0" skipped="0" failures="0">
  <properties>
    <property name="java.specification.version" value="20"/>
    <property name="sun.cpu.isalist" value="amd64"/>
    <property name="sun.jnu.encoding" value="Cp1252"/>
    <property name="java.class.path" value="F:\Users\shubh\eclipse-workspace\AppTest\target\test-classes;F:\Users\shubh\eclipse-workspace\AppTest\target\classes;C:\Users\shubh\.m2\repository\org\seleniumhq\selenium\selenium-java\4.16.1\selenium-java-4.16.1.jar;C:\Users\shubh\.m2\repository\org\seleniumhq\selenium\selenium-api\4.16.1\selenium-api-4.16.1.jar;C:\Users\shubh\.m2\repository\org\seleniumhq\selenium\selenium-chrome-driver\4.16.1\selenium-chrome-driver-4.16.1.jar;C:\Users\shubh\.m2\repository\com\google\auto\service\auto-service-annotations\1.1.1\auto-service-annotations-1.1.1.jar;C:\Users\shubh\.m2\repository\org\seleniumhq\selenium\selenium-chromium-driver\4.16.1\selenium-chromium-driver-4.16.1.jar;C:\Users\shubh\.m2\repository\org\seleniumhq\selenium\selenium-json\4.16.1\selenium-json-4.16.1.jar;C:\Users\shubh\.m2\repository\org\seleniumhq\selenium\selenium-manager\4.16.1\selenium-manager-4.16.1.jar;C:\Users\shubh\.m2\repository\org\seleniumhq\selenium\selenium-devtools-v118\4.16.1\selenium-devtools-v118-4.16.1.jar;C:\Users\shubh\.m2\repository\org\seleniumhq\selenium\selenium-devtools-v119\4.16.1\selenium-devtools-v119-4.16.1.jar;C:\Users\shubh\.m2\repository\org\seleniumhq\selenium\selenium-devtools-v120\4.16.1\selenium-devtools-v120-4.16.1.jar;C:\Users\shubh\.m2\repository\org\seleniumhq\selenium\selenium-devtools-v85\4.16.1\selenium-devtools-v85-4.16.1.jar;C:\Users\shubh\.m2\repository\org\seleniumhq\selenium\selenium-edge-driver\4.16.1\selenium-edge-driver-4.16.1.jar;C:\Users\shubh\.m2\repository\org\seleniumhq\selenium\selenium-firefox-driver\4.16.1\selenium-firefox-driver-4.16.1.jar;C:\Users\shubh\.m2\repository\org\seleniumhq\selenium\selenium-http\4.16.1\selenium-http-4.16.1.jar;C:\Users\shubh\.m2\repository\dev\failsafe\failsafe\3.3.2\failsafe-3.3.2.jar;C:\Users\shubh\.m2\repository\org\seleniumhq\selenium\selenium-ie-driver\4.16.1\selenium-ie-driver-4.16.1.jar;C:\Users\shubh\.m2\repository\org\seleniumhq\selenium\selenium-remote-driver\4.16.1\selenium-remote-driver-4.16.1.jar;C:\Users\shubh\.m2\repository\com\google\guava\guava\32.1.2-jre\guava-32.1.2-jre.jar;C:\Users\shubh\.m2\repository\com\google\guava\failureaccess\1.0.1\failureaccess-1.0.1.jar;C:\Users\shubh\.m2\repository\com\google\guava\listenablefuture\9999.0-empty-to-avoid-conflict-with-guava\listenablefuture-9999.0-empty-to-avoid-conflict-with-guava.jar;C:\Users\shubh\.m2\repository\com\google\code\findbugs\jsr305\3.0.2\jsr305-3.0.2.jar;C:\Users\shubh\.m2\repository\org\checkerframework\checker-qual\3.33.0\checker-qual-3.33.0.jar;C:\Users\shubh\.m2\repository\com\google\errorprone\error_prone_annotations\2.18.0\error_prone_annotations-2.18.0.jar;C:\Users\shubh\.m2\repository\com\google\j2objc\j2objc-annotations\2.8\j2objc-annotations-2.8.jar;C:\Users\shubh\.m2\repository\io\opentelemetry\opentelemetry-api\1.28.0\opentelemetry-api-1.28.0.jar;C:\Users\shubh\.m2\repository\io\opentelemetry\opentelemetry-context\1.28.0\opentelemetry-context-1.28.0.jar;C:\Users\shubh\.m2\repository\io\opentelemetry\opentelemetry-exporter-logging\1.28.0\opentelemetry-exporter-logging-1.28.0.jar;C:\Users\shubh\.m2\repository\io\opentelemetry\opentelemetry-sdk-metrics\1.28.0\opentelemetry-sdk-metrics-1.28.0.jar;C:\Users\shubh\.m2\repository\io\opentelemetry\opentelemetry-extension-incubator\1.28.0-alpha\opentelemetry-extension-incubator-1.28.0-alpha.jar;C:\Users\shubh\.m2\repository\io\opentelemetry\opentelemetry-sdk-logs\1.28.0\opentelemetry-sdk-logs-1.28.0.jar;C:\Users\shubh\.m2\repository\io\opentelemetry\opentelemetry-sdk-common\1.28.0\opentelemetry-sdk-common-1.28.0.jar;C:\Users\shubh\.m2\repository\io\opentelemetry\opentelemetry-sdk-extension-autoconfigure-spi\1.28.0\opentelemetry-sdk-extension-autoconfigure-spi-1.28.0.jar;C:\Users\shubh\.m2\repository\io\opentelemetry\opentelemetry-sdk-extension-autoconfigure\1.28.0\opentelemetry-sdk-extension-autoconfigure-1.28.0.jar;C:\Users\shubh\.m2\repository\io\opentelemetry\opentelemetry-api-events\1.28.0-alpha\opentelemetry-api-events-1.28.0-alpha.jar;C:\Users\shubh\.m2\repository\io\opentelemetry\opentelemetry-sdk-trace\1.28.0\opentelemetry-sdk-trace-1.28.0.jar;C:\Users\shubh\.m2\repository\io\opentelemetry\opentelemetry-sdk\1.28.0\opentelemetry-sdk-1.28.0.jar;C:\Users\shubh\.m2\repository\io\opentelemetry\opentelemetry-semconv\1.28.0-alpha\opentelemetry-semconv-1.28.0-alpha.jar;C:\Users\shubh\.m2\repository\net\bytebuddy\byte-buddy\1.14.5\byte-buddy-1.14.5.jar;C:\Users\shubh\.m2\repository\org\seleniumhq\selenium\selenium-os\4.16.1\selenium-os-4.16.1.jar;C:\Users\shubh\.m2\repository\org\apache\commons\commons-exec\1.3\commons-exec-1.3.jar;C:\Users\shubh\.m2\repository\org\seleniumhq\selenium\selenium-safari-driver\4.16.1\selenium-safari-driver-4.16.1.jar;C:\Users\shubh\.m2\repository\org\seleniumhq\selenium\selenium-support\4.16.1\selenium-support-4.16.1.jar;C:\Users\shubh\.m2\repository\org\testng\testng\7.8.0\testng-7.8.0.jar;C:\Users\shubh\.m2\repository\org\slf4j\slf4j-api\1.7.36\slf4j-api-1.7.36.jar;C:\Users\shubh\.m2\repository\com\beust\jcommander\1.82\jcommander-1.82.jar;C:\Users\shubh\.m2\repository\org\webjars\jquery\3.6.1\jquery-3.6.1.jar;C:\Users\shubh\.m2\repository\io\appium\java-client\9.0.0\java-client-9.0.0.jar;C:\Users\shubh\.m2\repository\com\google\code\gson\gson\2.10.1\gson-2.10.1.jar;C:\Users\shubh\.m2\repository\commons-io\commons-io\2.15.1\commons-io-2.15.1.jar;C:\Users\shubh\.m2\repository\com\fasterxml\jackson\core\jackson-databind\2.16.1\jackson-databind-2.16.1.jar;C:\Users\shubh\.m2\repository\com\fasterxml\jackson\core\jackson-annotations\2.16.1\jackson-annotations-2.16.1.jar;C:\Users\shubh\.m2\repository\com\fasterxml\jackson\core\jackson-core\2.16.1\jackson-core-2.16.1.jar;C:\Users\shubh\.m2\repository\com\aventstack\extentreports\5.1.1\extentreports-5.1.1.jar;C:\Users\shubh\.m2\repository\io\reactivex\rxjava3\rxjava\3.1.6\rxjava-3.1.6.jar;C:\Users\shubh\.m2\repository\org\reactivestreams\reactive-streams\1.0.4\reactive-streams-1.0.4.jar;C:\Users\shubh\.m2\repository\org\freemarker\freemarker\2.3.32\freemarker-2.3.32.jar;C:\Users\shubh\.m2\repository\org\projectlombok\lombok\1.18.26\lombok-1.18.26.jar;C:\Users\shubh\.m2\repository\com\konghq\unirest-java\3.14.1\unirest-java-3.14.1-standalone.jar;C:\Users\shubh\.m2\repository\org\apache\httpcomponents\httpclient\4.5.13\httpclient-4.5.13.jar;C:\Users\shubh\.m2\repository\org\apache\httpcomponents\httpcore\4.4.13\httpcore-4.4.13.jar;C:\Users\shubh\.m2\repository\commons-logging\commons-logging\1.2\commons-logging-1.2.jar;C:\Users\shubh\.m2\repository\org\apache\httpcomponents\httpmime\4.5.13\httpmime-4.5.13.jar;C:\Users\shubh\.m2\repository\org\apache\httpcomponents\httpcore-nio\4.4.13\httpcore-nio-4.4.13.jar;C:\Users\shubh\.m2\repository\org\apache\httpcomponents\httpasyncclient\4.1.5\httpasyncclient-4.1.5.jar;C:\Users\shubh\.m2\repository\commons-codec\commons-codec\1.15\commons-codec-1.15.jar;C:\Users\shubh\.m2\repository\com\browserstack\browserstack-java-sdk\1.13.0\browserstack-java-sdk-1.13.0.jar;"/>
    <property name="java.vm.vendor" value="Oracle Corporation"/>
    <property name="cucumber.execution.parallel.config.fixed.parallelism" value="1"/>
    <property name="sun.arch.data.model" value="64"/>
    <property name="OBSERVABILITY_BUILD_HASHED_ID" value="5criea0bjbraq1z7nrcgzduwuhzsugm6b59v1mdy"/>
    <property name="user.variant" value=""/>
    <property name="java.vendor.url" value="https://java.oracle.com/"/>
    <property name="user.timezone" value="Asia/Calcutta"/>
    <property name="cucumber.execution.parallel.enabled" value="true"/>
    <property name="os.name" value="Windows 10"/>
    <property name="java.vm.specification.version" value="20"/>
    <property name="junit.jupiter.execution.parallel.config.fixed.max-pool-size" value="1"/>
    <property name="sun.java.launcher" value="SUN_STANDARD"/>
    <property name="user.country" value="IN"/>
    <property name="sun.boot.library.path" value="C:\Program Files\Java\jdk-20\bin"/>
    <property name="OBSERVABILITY_ALLOW_SCREENSHOTS" value="true"/>
    <property name="sun.java.command" value="C:\Users\shubh\AppData\Roaming\MobaXterm\slash\tmp\surefire13729820139733947437\surefirebooter7228598452409233256.jar C:\Users\shubh\AppData\Roaming\MobaXterm\slash\tmp\surefire13729820139733947437 2024-01-12T16-18-31_903-jvmRun1 surefire15944468360372201472tmp surefire_094146731689122910tmp"/>
    <property name="jdk.debug" value="release"/>
    <property name="surefire.test.class.path" value="F:\Users\shubh\eclipse-workspace\AppTest\target\test-classes;F:\Users\shubh\eclipse-workspace\AppTest\target\classes;C:\Users\shubh\.m2\repository\org\seleniumhq\selenium\selenium-java\4.16.1\selenium-java-4.16.1.jar;C:\Users\shubh\.m2\repository\org\seleniumhq\selenium\selenium-api\4.16.1\selenium-api-4.16.1.jar;C:\Users\shubh\.m2\repository\org\seleniumhq\selenium\selenium-chrome-driver\4.16.1\selenium-chrome-driver-4.16.1.jar;C:\Users\shubh\.m2\repository\com\google\auto\service\auto-service-annotations\1.1.1\auto-service-annotations-1.1.1.jar;C:\Users\shubh\.m2\repository\org\seleniumhq\selenium\selenium-chromium-driver\4.16.1\selenium-chromium-driver-4.16.1.jar;C:\Users\shubh\.m2\repository\org\seleniumhq\selenium\selenium-json\4.16.1\selenium-json-4.16.1.jar;C:\Users\shubh\.m2\repository\org\seleniumhq\selenium\selenium-manager\4.16.1\selenium-manager-4.16.1.jar;C:\Users\shubh\.m2\repository\org\seleniumhq\selenium\selenium-devtools-v118\4.16.1\selenium-devtools-v118-4.16.1.jar;C:\Users\shubh\.m2\repository\org\seleniumhq\selenium\selenium-devtools-v119\4.16.1\selenium-devtools-v119-4.16.1.jar;C:\Users\shubh\.m2\repository\org\seleniumhq\selenium\selenium-devtools-v120\4.16.1\selenium-devtools-v120-4.16.1.jar;C:\Users\shubh\.m2\repository\org\seleniumhq\selenium\selenium-devtools-v85\4.16.1\selenium-devtools-v85-4.16.1.jar;C:\Users\shubh\.m2\repository\org\seleniumhq\selenium\selenium-edge-driver\4.16.1\selenium-edge-driver-4.16.1.jar;C:\Users\shubh\.m2\repository\org\seleniumhq\selenium\selenium-firefox-driver\4.16.1\selenium-firefox-driver-4.16.1.jar;C:\Users\shubh\.m2\repository\org\seleniumhq\selenium\selenium-http\4.16.1\selenium-http-4.16.1.jar;C:\Users\shubh\.m2\repository\dev\failsafe\failsafe\3.3.2\failsafe-3.3.2.jar;C:\Users\shubh\.m2\repository\org\seleniumhq\selenium\selenium-ie-driver\4.16.1\selenium-ie-driver-4.16.1.jar;C:\Users\shubh\.m2\repository\org\seleniumhq\selenium\selenium-remote-driver\4.16.1\selenium-remote-driver-4.16.1.jar;C:\Users\shubh\.m2\repository\com\google\guava\guava\32.1.2-jre\guava-32.1.2-jre.jar;C:\Users\shubh\.m2\repository\com\google\guava\failureaccess\1.0.1\failureaccess-1.0.1.jar;C:\Users\shubh\.m2\repository\com\google\guava\listenablefuture\9999.0-empty-to-avoid-conflict-with-guava\listenablefuture-9999.0-empty-to-avoid-conflict-with-guava.jar;C:\Users\shubh\.m2\repository\com\google\code\findbugs\jsr305\3.0.2\jsr305-3.0.2.jar;C:\Users\shubh\.m2\repository\org\checkerframework\checker-qual\3.33.0\checker-qual-3.33.0.jar;C:\Users\shubh\.m2\repository\com\google\errorprone\error_prone_annotations\2.18.0\error_prone_annotations-2.18.0.jar;C:\Users\shubh\.m2\repository\com\google\j2objc\j2objc-annotations\2.8\j2objc-annotations-2.8.jar;C:\Users\shubh\.m2\repository\io\opentelemetry\opentelemetry-api\1.28.0\opentelemetry-api-1.28.0.jar;C:\Users\shubh\.m2\repository\io\opentelemetry\opentelemetry-context\1.28.0\opentelemetry-context-1.28.0.jar;C:\Users\shubh\.m2\repository\io\opentelemetry\opentelemetry-exporter-logging\1.28.0\opentelemetry-exporter-logging-1.28.0.jar;C:\Users\shubh\.m2\repository\io\opentelemetry\opentelemetry-sdk-metrics\1.28.0\opentelemetry-sdk-metrics-1.28.0.jar;C:\Users\shubh\.m2\repository\io\opentelemetry\opentelemetry-extension-incubator\1.28.0-alpha\opentelemetry-extension-incubator-1.28.0-alpha.jar;C:\Users\shubh\.m2\repository\io\opentelemetry\opentelemetry-sdk-logs\1.28.0\opentelemetry-sdk-logs-1.28.0.jar;C:\Users\shubh\.m2\repository\io\opentelemetry\opentelemetry-sdk-common\1.28.0\opentelemetry-sdk-common-1.28.0.jar;C:\Users\shubh\.m2\repository\io\opentelemetry\opentelemetry-sdk-extension-autoconfigure-spi\1.28.0\opentelemetry-sdk-extension-autoconfigure-spi-1.28.0.jar;C:\Users\shubh\.m2\repository\io\opentelemetry\opentelemetry-sdk-extension-autoconfigure\1.28.0\opentelemetry-sdk-extension-autoconfigure-1.28.0.jar;C:\Users\shubh\.m2\repository\io\opentelemetry\opentelemetry-api-events\1.28.0-alpha\opentelemetry-api-events-1.28.0-alpha.jar;C:\Users\shubh\.m2\repository\io\opentelemetry\opentelemetry-sdk-trace\1.28.0\opentelemetry-sdk-trace-1.28.0.jar;C:\Users\shubh\.m2\repository\io\opentelemetry\opentelemetry-sdk\1.28.0\opentelemetry-sdk-1.28.0.jar;C:\Users\shubh\.m2\repository\io\opentelemetry\opentelemetry-semconv\1.28.0-alpha\opentelemetry-semconv-1.28.0-alpha.jar;C:\Users\shubh\.m2\repository\net\bytebuddy\byte-buddy\1.14.5\byte-buddy-1.14.5.jar;C:\Users\shubh\.m2\repository\org\seleniumhq\selenium\selenium-os\4.16.1\selenium-os-4.16.1.jar;C:\Users\shubh\.m2\repository\org\apache\commons\commons-exec\1.3\commons-exec-1.3.jar;C:\Users\shubh\.m2\repository\org\seleniumhq\selenium\selenium-safari-driver\4.16.1\selenium-safari-driver-4.16.1.jar;C:\Users\shubh\.m2\repository\org\seleniumhq\selenium\selenium-support\4.16.1\selenium-support-4.16.1.jar;C:\Users\shubh\.m2\repository\org\testng\testng\7.8.0\testng-7.8.0.jar;C:\Users\shubh\.m2\repository\org\slf4j\slf4j-api\1.7.36\slf4j-api-1.7.36.jar;C:\Users\shubh\.m2\repository\com\beust\jcommander\1.82\jcommander-1.82.jar;C:\Users\shubh\.m2\repository\org\webjars\jquery\3.6.1\jquery-3.6.1.jar;C:\Users\shubh\.m2\repository\io\appium\java-client\9.0.0\java-client-9.0.0.jar;C:\Users\shubh\.m2\repository\com\google\code\gson\gson\2.10.1\gson-2.10.1.jar;C:\Users\shubh\.m2\repository\commons-io\commons-io\2.15.1\commons-io-2.15.1.jar;C:\Users\shubh\.m2\repository\com\fasterxml\jackson\core\jackson-databind\2.16.1\jackson-databind-2.16.1.jar;C:\Users\shubh\.m2\repository\com\fasterxml\jackson\core\jackson-annotations\2.16.1\jackson-annotations-2.16.1.jar;C:\Users\shubh\.m2\repository\com\fasterxml\jackson\core\jackson-core\2.16.1\jackson-core-2.16.1.jar;C:\Users\shubh\.m2\repository\com\aventstack\extentreports\5.1.1\extentreports-5.1.1.jar;C:\Users\shubh\.m2\repository\io\reactivex\rxjava3\rxjava\3.1.6\rxjava-3.1.6.jar;C:\Users\shubh\.m2\repository\org\reactivestreams\reactive-streams\1.0.4\reactive-streams-1.0.4.jar;C:\Users\shubh\.m2\repository\org\freemarker\freemarker\2.3.32\freemarker-2.3.32.jar;C:\Users\shubh\.m2\repository\org\projectlombok\lombok\1.18.26\lombok-1.18.26.jar;C:\Users\shubh\.m2\repository\com\konghq\unirest-java\3.14.1\unirest-java-3.14.1-standalone.jar;C:\Users\shubh\.m2\repository\org\apache\httpcomponents\httpclient\4.5.13\httpclient-4.5.13.jar;C:\Users\shubh\.m2\repository\org\apache\httpcomponents\httpcore\4.4.13\httpcore-4.4.13.jar;C:\Users\shubh\.m2\repository\commons-logging\commons-logging\1.2\commons-logging-1.2.jar;C:\Users\shubh\.m2\repository\org\apache\httpcomponents\httpmime\4.5.13\httpmime-4.5.13.jar;C:\Users\shubh\.m2\repository\org\apache\httpcomponents\httpcore-nio\4.4.13\httpcore-nio-4.4.13.jar;C:\Users\shubh\.m2\repository\org\apache\httpcomponents\httpasyncclient\4.1.5\httpasyncclient-4.1.5.jar;C:\Users\shubh\.m2\repository\commons-codec\commons-codec\1.15\commons-codec-1.15.jar;C:\Users\shubh\.m2\repository\com\browserstack\browserstack-java-sdk\1.13.0\browserstack-java-sdk-1.13.0.jar;"/>
    <property name="sun.cpu.endian" value="little"/>
    <property name="user.home" value="C:\Users\shubh"/>
    <property name="user.language" value="en"/>
    <property name="java.specification.vendor" value="Oracle Corporation"/>
    <property name="java.version.date" value="2023-07-18"/>
    <property name="java.home" value="C:\Program Files\Java\jdk-20"/>
    <property name="junit.jupiter.execution.parallel.mode.default" value="same_thread"/>
    <property name="file.separator" value="\"/>
    <property name="basedir" value="F:\Users\shubh\eclipse-workspace\AppTest"/>
    <property name="java.vm.compressedOopsMode" value="Zero based"/>
    <property name="line.separator" value="&#10;"/>
    <property name="java.vm.specification.vendor" value="Oracle Corporation"/>
    <property name="java.specification.name" value="Java Platform API Specification"/>
    <property name="surefire.real.class.path" value="C:\Users\shubh\AppData\Roaming\MobaXterm\slash\tmp\surefire13729820139733947437\surefirebooter7228598452409233256.jar"/>
    <property name="user.script" value=""/>
    <property name="sun.management.compiler" value="HotSpot 64-Bit Tiered Compilers"/>
    <property name="java.runtime.version" value="20.0.2+9-78"/>
    <property name="user.name" value="shubham"/>
    <property name="stdout.encoding" value="Cp1252"/>
    <property name="path.separator" value=";"/>
    <property name="os.version" value="10.0"/>
    <property name="java.runtime.name" value="Java(TM) SE Runtime Environment"/>
    <property name="file.encoding" value="UTF-8"/>
    <property name="junit.jupiter.execution.parallel.mode.classes.default" value="concurrent"/>
    <property name="junit.jupiter.execution.parallel.config.strategy" value="fixed"/>
    <property name="java.vm.name" value="Java HotSpot(TM) 64-Bit Server VM"/>
    <property name="junit.jupiter.execution.parallel.enabled" value="true"/>
    <property name="localRepository" value="C:\Users\shubh\.m2\repository"/>
    <property name="java.vendor.url.bug" value="https://bugreport.java.com/bugreport/"/>
    <property name="java.io.tmpdir" value="C:\Users\shubh\AppData\Roaming\MobaXterm\slash\tmp\"/>
    <property name="java.version" value="20.0.2"/>
    <property name="user.dir" value="F:\Users\shubh\eclipse-workspace\AppTest"/>
    <property name="os.arch" value="amd64"/>
    <property name="java.vm.specification.name" value="Java Virtual Machine Specification"/>
    <property name="OBSERVABILITY_JWT" value="eyJhbGciOiJIUzI1NiJ9.eyJpc3MiOiJicm93c2Vyc3RhY2tfb2IiLCJzdWIiOiI4MTc2NTgxIiwiZ3JvdXBfaWQiOjgwODkwMTcsInVzZXJfaWQiOjgxNzY1ODEsImJ1aWxkX2hhc2hlZF9pZCI6IjVjcmllYTBiamJyYXExejducmNnemR1d3VoenN1Z202YjU5djFtZHkiLCJwcm9qZWN0X25hbWUiOiJCcm93c2VyU3RhY2sgU2FtcGxlIiwiaG9va19hc190ZXN0IjoiMSIsImlhdCI6MTcwNTA1NjcxNSwiZXhwIjoxNzA1NDAyMzE1fQ.6PVtang09IHz9OpnGqUIRMgBh8jgxrg2SwlxHTkZqZo"/>
    <property name="sun.os.patch.level" value=""/>
    <property name="native.encoding" value="Cp1252"/>
    <property name="setup@0" value="0"/>
    <property name="java.library.path" value="C:\Program Files\Java\jdk-20\bin;C:\Windows\Sun\Java\bin;C:\Windows\system32;C:\Windows;C:\Users\shubh\AppData\Roaming\MobaXterm\slash\bin;C:\Users\shubh\AppData\Roaming\MobaXterm\slash\bin;C:\Users\shubh\AppData\Roaming\MobaXterm\slash\bin;C:\Windows;C:\Windows\system32;C:\Program Files\Common Files\Oracle\Java\javapath;C:\Windows\system32;C:\Windows;C:\Windows\System32\Wbem;C:\Windows\System32\WindowsPowerShell\v1.0;C:\Program Files\nodejs;C:\Program Files\Docker\Docker\resources\bin;C:\Program Files\dotnet;C:\Program Files (x86)\Intel\Intel(R) Management Engine Components\DAL;C:\Program Files\Intel\Intel(R) Management Engine Components\DAL;C:\Program Files\Git\cmd;C:\apache-maven-3.9.4-bin\apache-maven-3.9.4\bin;C:\Program Files\Java\jdk-20\bin;C:\Users\shubh\AppData\Local\Android\Sdk\tools;C:\Users\shubh\AppData\Local\Android\Sdk\platform-tools;C:\Users\shubh\AppData\Local\Android\Sdk\tools\bin;C:\Program Files (x86)\AOMEI\AOMEI Backupper\7.3.1;C:\Users\shubh\AppData\Roaming\npm;C:\Program Files\MySQL\MySQL Shell 8.0\bin;C:\Users\shubh\AppData\Local\Microsoft\WindowsApps;C:\Users\shubh\AppData\Local\Programs\Microsoft VS Code\bin;C:\Windows\sysnative;."/>
    <property name="junit.jupiter.execution.parallel.config.fixed.parallelism" value="1"/>
    <property name="java.vm.info" value="mixed mode, sharing"/>
    <property name="stderr.encoding" value="Cp1252"/>
    <property name="java.vendor" value="Oracle Corporation"/>
    <property name="java.vm.version" value="20.0.2+9-78"/>
    <property name="cucumber.execution.execution-mode.feature" value="same_thread"/>
    <property name="cucumber.execution.parallel.config.strategy" value="fixed"/>
    <property name="sun.io.unicode.encoding" value="UnicodeLittle"/>
    <property name="java.class.version" value="64.0"/>
  </properties>
  <testcase name="AddListtest" classname="com.shubham.projects.AppTest.AddListTest" time="13.426">
    <system-out><![CDATA[C://Users//shubh//AppData//Roaming//npm//node_modules//appium//build//lib//main.js
127.0.0.1
Server is running. Stopping the server.
&amp#27;[35m[Appium]&amp#27;[39m Attempting to load plugin element-wait...
&amp#27;[35m[Appium]&amp#27;[39m Attempting to load plugin device-farm...
&amp#27;[35m[Appium]&amp#27;[39m Attempting to load plugin appium-dashboard...
&amp#27;[35m[Appium]&amp#27;[39m Requiring plugin at C:\Users\shubh\.appium\node_modules\appium-wait-plugin\lib\index.js
&amp#27;[35m[Appium]&amp#27;[39m Requiring plugin at C:\Users\shubh\.appium\node_modules\appium-device-farm\lib\src\index.js
&amp#27;[35m[Appium]&amp#27;[39m Requiring plugin at C:\Users\shubh\.appium\node_modules\appium-dashboard\lib\index.js
&amp#27;[35m[Appium]&amp#27;[39m WaitCommandPlugin has been successfully loaded in 4.164s
&amp#27;[35m[Appium]&amp#27;[39m DevicePlugin has been successfully loaded in 4.164s
&amp#27;[35m[Appium]&amp#27;[39m AppiumDashboardPlugin has been successfully loaded in 4.164s
&amp#27;[38;5;0m[ADB]&amp#27;[0m Found 1 'build-tools' folders under 'C:\Users\shubh\AppData\Local\Android\Sdk' (newest first):
&amp#27;[38;5;0m[ADB]&amp#27;[0m     C:\Users\shubh\AppData\Local\Android\Sdk\build-tools\34.0.0
&amp#27;[38;5;0m[ADB]&amp#27;[0m Using 'adb.exe' from 'C:\Users\shubh\AppData\Local\Android\Sdk\platform-tools\adb.exe'
&amp#27;[38;5;0m[ADB]&amp#27;[0m Running 'C:\Users\shubh\AppData\Local\Android\Sdk\platform-tools\adb.exe -P 5037 start-server'
&amp#27;[35m[Appium]&amp#27;[39m Welcome to Appium v2.4.1
&amp#27;[35m[Appium]&amp#27;[39m Non-default server args:
&amp#27;[35m[Appium]&amp#27;[39m { address: &amp#27;[32m'127.0.0.1'&amp#27;[39m,
&amp#27;[35m[Appium]&amp#27;[39m   keepAliveTimeout: &amp#27;[33m800&amp#27;[39m,
&amp#27;[35m[Appium]&amp#27;[39m   usePlugins: [ &amp#27;[32m'element-wait'&amp#27;[39m, &amp#27;[32m'device-farm'&amp#27;[39m, &amp#27;[32m'appium-dashboard'&amp#27;[39m ] }
&amp#27;[35m[Appium]&amp#27;[39m The autodetected Appium home path: C:\Users\shubh\.appium
&amp#27;[35m[Appium]&amp#27;[39m Attempting to load driver uiautomator2...
&amp#27;[35m[Appium]&amp#27;[39m Requiring driver at C:\Users\shubh\.appium\node_modules\appium-uiautomator2-driver\build\index.js
&amp#27;[35m[Appium]&amp#27;[39m AndroidUiautomator2Driver has been successfully loaded in 1.046s
(node:13048) MaxListenersExceededWarning: Possible EventEmitter memory leak detected. 11 exit listeners added to [process]. Use emitter.setMaxListeners() to increase limit
(Use `node --trace-warnings ...` to show where the warning was created)
&amp#27;[38;5;16m[device-farm-main]&amp#27;[0m 📱 Update server with CLI Args: {"subcommand":"server","address":"127.0.0.1","keepAliveTimeout":800,"port":4723,"usePlugins":["element-wait","device-farm","appium-dashboard"],"plugin":{"device-farm":{"platform":"android","androidDeviceType":"both","iosDeviceType":"both"}},"extraArgs":[],"allowCors":false,"allowInsecure":[],"basePath":"","callbackPort":4723,"debugLogSpacing":false,"denyInsecure":[],"localTimezone":false,"loglevel":"debug","logNoColors":false,"logTimestamp":false,"pluginsImportChunkSize":7,"driversImportChunkSize":3,"longStacktrace":false,"noPermsCheck":false,"relaxedSecurityEnabled":false,"sessionOverride":false,"strictCaps":false,"useDrivers":[],"tmpDir":"C:\\Users\\shubh\\AppData\\Roaming\\MobaXterm\\slash\\tmp"}
&amp#27;[38;5;16m[device-farm-main]&amp#27;[0m 📱 Update server with Plugin Args: {"platform":"android","iosDeviceType":"both","androidDeviceType":"both","skipChromeDownload":true,"maxSessions":8,"adbRemote":[],"emulators":[],"simulators":[],"deviceAvailabilityTimeoutMs":300000,"deviceAvailabilityQueryIntervalMs":10000,"sendNodeDevicesToHubIntervalMs":30000,"checkStaleDevicesIntervalMs":30000,"checkBlockedDevicesIntervalMs":30000,"newCommandTimeoutSec":60,"bindHostOrIp":"192.168.95.171"}
&amp#27;[38;5;16m[device-farm-main]&amp#27;[0m proxy is not required for axios
&amp#27;[38;5;16m[device-farm-main]&amp#27;[0m Registering proxy middleware
&amp#27;[38;5;16m[device-farm-main]&amp#27;[0m Initializing database
&amp#27;[38;5;16m[device-farm-main]&amp#27;[0m Creating new database: ./temp-appium/db.json
&amp#27;[38;5;16m[device-farm-main]&amp#27;[0m Database loaded
&amp#27;[38;5;16m[device-farm-main]&amp#27;[0m Initializing storage
&amp#27;[38;5;16m[device-farm-main]&amp#27;[0m 📣📣📣 Device Farm Plugin will be served at 🔗 http://192.168.95.171:4723/device-farm
&amp#27;[38;5;16m[device-farm-main]&amp#27;[0m 📣📣📣 I'm a hub and I'm listening on 192.168.95.171:4723
&amp#27;[38;5;16m[device-farm-main]&amp#27;[0m Found 0 device candidates to be released
&amp#27;[38;5;16m[device-farm-main]&amp#27;[0m Hub will clean pending sessions every 30000 ms with pending session timeout: 310000 ms
&amp#27;[38;5;0m[ADB]&amp#27;[0m Found 1 'build-tools' folders under 'C:\Users\shubh\AppData\Local\Android\Sdk' (newest first):
&amp#27;[38;5;0m[ADB]&amp#27;[0m     C:\Users\shubh\AppData\Local\Android\Sdk\build-tools\34.0.0
&amp#27;[38;5;0m[ADB]&amp#27;[0m Using 'adb.exe' from 'C:\Users\shubh\AppData\Local\Android\Sdk\platform-tools\adb.exe'
&amp#27;[38;5;0m[ADB]&amp#27;[0m Running 'C:\Users\shubh\AppData\Local\Android\Sdk\platform-tools\adb.exe -P 5037 start-server'
&amp#27;[38;5;0m[ADB]&amp#27;[0m Getting connected devices
&amp#27;[38;5;0m[ADB]&amp#27;[0m Connected devices: [{"udid":"emulator-5554","state":"device"}]
&amp#27;[38;5;16m[device-farm-main]&amp#27;[0m fetchAndroidDevices from host: undefined. Found 1 android devices
&amp#27;[38;5;16m[device-farm-main]&amp#27;[0m Android Device details for emulator-5554 not available. So querying now.
&amp#27;[38;5;16m[device-farm-main]&amp#27;[0m skipChromeDownload server arg is set; skipping Chromedriver installation.
&amp#27;[38;5;16m[device-farm-main]&amp#27;[0m Android web/hybrid testing will not be possible without Chromedriver.
&amp#27;[38;5;0m[ADB]&amp#27;[0m Running 'C:\Users\shubh\AppData\Local\Android\Sdk\platform-tools\adb.exe -P 5037 -s emulator-5554 shell getprop ro.build.version.release'
&amp#27;[38;5;0m[ADB]&amp#27;[0m Running 'C:\Users\shubh\AppData\Local\Android\Sdk\platform-tools\adb.exe -P 5037 -s emulator-5554 shell getprop ro.build.characteristics'
&amp#27;[38;5;0m[ADB]&amp#27;[0m Running 'C:\Users\shubh\AppData\Local\Android\Sdk\platform-tools\adb.exe -P 5037 -s emulator-5554 shell getprop ro.product.name'
&amp#27;[38;5;16m[device-farm-main]&amp#27;[0m Found 1 android devices
&amp#27;[38;5;16m[device-farm-main]&amp#27;[0m Added 1 new devices to local database
&amp#27;[38;5;16m[device-farm-main]&amp#27;[0m Unblocked device emulator-5554 from host http://192.168.95.171:4723
&amp#27;[38;5;32m[appium-dashboard]&amp#27;[0m Dashboard plugin is enabled and will be served at http://localhost:4723/dashboard
&amp#27;[38;5;32m[appium-dashboard]&amp#27;[0m If the appium server is started with different port other than 4723, then use the correct port number to access the device farm dashboard
&amp#27;[35m[Appium]&amp#27;[39m Appium REST http interface listener started on http://127.0.0.1:4723
&amp#27;[35m[Appium]&amp#27;[39m Available drivers:
&amp#27;[35m[Appium]&amp#27;[39m   - uiautomator2@2.39.0 (automationName 'UiAutomator2')
&amp#27;[35m[Appium]&amp#27;[39m Available plugins:
&amp#27;[35m[Appium]&amp#27;[39m   - element-wait@2.0.3 (ACTIVE)
&amp#27;[35m[Appium]&amp#27;[39m   - appium-reporter-plugin@1.1.0-beta.04
&amp#27;[35m[Appium]&amp#27;[39m   - device-farm@8.4.6 (ACTIVE)
&amp#27;[35m[Appium]&amp#27;[39m   - appium-dashboard@v2.0.2 (ACTIVE)
&amp#27;[38;5;48m[HTTP]&amp#27;[0m &amp#27;[37m-->&amp#27;[39m &amp#27;[37mGET&amp#27;[39m &amp#27;[37m/status&amp#27;[39m
&amp#27;[38;5;48m[HTTP]&amp#27;[0m &amp#27;[90m{}&amp#27;[39m
&amp#27;[38;5;64m[AppiumDriver@f82c]&amp#27;[0m Calling AppiumDriver.getStatus() with args: []
&amp#27;[38;5;16m[device-farm-main]&amp#27;[0m 📱 Plugin Args: {"platform":"android","androidDeviceType":"both","iosDeviceType":"both"}
&amp#27;[38;5;64m[AppiumDriver@f82c]&amp#27;[0m Plugins which can handle cmd 'getStatus': element-wait,device-farm,appium-dashboard
&amp#27;[38;5;64m[AppiumDriver@f82c]&amp#27;[0m Plugin appium-dashboard is now handling cmd 'getStatus'
&amp#27;[38;5;64m[AppiumDriver@f82c]&amp#27;[0m Plugin device-farm is now handling cmd 'getStatus'
&amp#27;[38;5;64m[AppiumDriver@f82c]&amp#27;[0m Plugin element-wait is now handling cmd 'getStatus'
&amp#27;[38;5;64m[AppiumDriver@f82c]&amp#27;[0m Executing default handling behavior for command 'getStatus'
&amp#27;[38;5;64m[AppiumDriver@f82c]&amp#27;[0m Responding to client with driver.getStatus() result: {"ready":true,"message":"The server is ready to accept new connections","build":{"version":"2.4.1"}}
&amp#27;[38;5;48m[HTTP]&amp#27;[0m &amp#27;[37m<-- GET /status &amp#27;[39m&amp#27;[32m200&amp#27;[39m &amp#27;[90m10 ms - 110&amp#27;[39m
&amp#27;[38;5;48m[HTTP]&amp#27;[0m &amp#27;[90m&amp#27;[39m
&amp#27;[38;5;16m[device-farm-main]&amp#27;[0m Found 0 device candidates to be released
&amp#27;[38;5;16m[device-farm-main]&amp#27;[0m Cleaning pending sessions...
&amp#27;[38;5;16m[device-farm-main]&amp#27;[0m No pending sessions to clean
&amp#27;[38;5;48m[HTTP]&amp#27;[0m &amp#27;[37m-->&amp#27;[39m &amp#27;[37mGET&amp#27;[39m &amp#27;[37m/device-farm/api/devices&amp#27;[39m
&amp#27;[38;5;48m[HTTP]&amp#27;[0m &amp#27;[90m{}&amp#27;[39m
&amp#27;[38;5;48m[HTTP]&amp#27;[0m &amp#27;[37m-->&amp#27;[39m &amp#27;[37mGET&amp#27;[39m &amp#27;[37m/dashboard/api/ping&amp#27;[39m
&amp#27;[38;5;48m[HTTP]&amp#27;[0m &amp#27;[90m{}&amp#27;[39m
&amp#27;[38;5;48m[HTTP]&amp#27;[0m &amp#27;[37m<-- GET /dashboard/api/ping &amp#27;[39m&amp#27;[32m200&amp#27;[39m &amp#27;[90m15 ms - 13&amp#27;[39m
&amp#27;[38;5;48m[HTTP]&amp#27;[0m &amp#27;[90m&amp#27;[39m
&amp#27;[38;5;48m[HTTP]&amp#27;[0m &amp#27;[37m-->&amp#27;[39m &amp#27;[37mGET&amp#27;[39m &amp#27;[37m/dashboard/api/sessions?start_time=2024-01-12T10:52:20.551Z&amp#27;[39m
&amp#27;[38;5;48m[HTTP]&amp#27;[0m &amp#27;[90m{}&amp#27;[39m
&amp#27;[38;5;48m[HTTP]&amp#27;[0m &amp#27;[37m<-- GET /dashboard/api/sessions?start_time=2024-01-12T10:52:20.551Z &amp#27;[39m&amp#27;[32m200&amp#27;[39m &amp#27;[90m17 ms - 47&amp#27;[39m
&amp#27;[38;5;48m[HTTP]&amp#27;[0m &amp#27;[90m&amp#27;[39m
&amp#27;[38;5;48m[HTTP]&amp#27;[0m &amp#27;[37m<-- GET /device-farm/api/devices &amp#27;[39m&amp#27;[32m200&amp#27;[39m &amp#27;[90m67 ms - 555&amp#27;[39m
&amp#27;[38;5;48m[HTTP]&amp#27;[0m &amp#27;[90m&amp#27;[39m
&amp#27;[38;5;48m[HTTP]&amp#27;[0m &amp#27;[37m-->&amp#27;[39m &amp#27;[37mGET&amp#27;[39m &amp#27;[37m/device-farm/api/queues/length&amp#27;[39m
&amp#27;[38;5;48m[HTTP]&amp#27;[0m &amp#27;[90m{}&amp#27;[39m
&amp#27;[38;5;48m[HTTP]&amp#27;[0m &amp#27;[37m<-- GET /device-farm/api/queues/length &amp#27;[39m&amp#27;[36m304&amp#27;[39m &amp#27;[90m2 ms - -&amp#27;[39m
&amp#27;[38;5;48m[HTTP]&amp#27;[0m &amp#27;[90m&amp#27;[39m
List added successfully!
]]></system-out>
  </testcase>
  <testcase name="EditListtest" classname="com.shubham.projects.AppTest.AddListTest" time="17.305">
    <system-out><![CDATA[List updated successfully!
&amp#27;[38;5;16m[device-farm-main]&amp#27;[0m Found 0 device candidates to be released
&amp#27;[38;5;16m[device-farm-main]&amp#27;[0m Cleaning pending sessions...
&amp#27;[38;5;16m[device-farm-main]&amp#27;[0m No pending sessions to clean
]]></system-out>
  </testcase>
  <testcase name="DeleteListtest" classname="com.shubham.projects.AppTest.AddListTest" time="9.518">
    <system-out><![CDATA[List deleted successfully
]]></system-out>
  </testcase>
</testsuite>