<?xml version="1.0" encoding="UTF-8"?>
<testsuite xmlns:xsi="http://www.w3.org/2001/XMLSchema-instance" xsi:noNamespaceSchemaLocation="https://maven.apache.org/surefire/maven-surefire-plugin/xsd/surefire-test-report-3.0.xsd" version="3.0" name="TestSuite" time="81.513" tests="3" errors="0" skipped="0" failures="0">
  <properties>
    <property name="java.specification.version" value="20"/>
    <property name="sun.cpu.isalist" value="amd64"/>
    <property name="sun.jnu.encoding" value="Cp1252"/>
    <property name="java.class.path" value="F:\Users\shubh\eclipse-workspace\AppTest\target\test-classes;F:\Users\shubh\eclipse-workspace\AppTest\target\classes;C:\Users\shubh\.m2\repository\org\seleniumhq\selenium\selenium-java\4.16.1\selenium-java-4.16.1.jar;C:\Users\shubh\.m2\repository\org\seleniumhq\selenium\selenium-api\4.16.1\selenium-api-4.16.1.jar;C:\Users\shubh\.m2\repository\org\seleniumhq\selenium\selenium-chrome-driver\4.16.1\selenium-chrome-driver-4.16.1.jar;C:\Users\shubh\.m2\repository\com\google\auto\service\auto-service-annotations\1.1.1\auto-service-annotations-1.1.1.jar;C:\Users\shubh\.m2\repository\org\seleniumhq\selenium\selenium-chromium-driver\4.16.1\selenium-chromium-driver-4.16.1.jar;C:\Users\shubh\.m2\repository\org\seleniumhq\selenium\selenium-json\4.16.1\selenium-json-4.16.1.jar;C:\Users\shubh\.m2\repository\org\seleniumhq\selenium\selenium-manager\4.16.1\selenium-manager-4.16.1.jar;C:\Users\shubh\.m2\repository\org\seleniumhq\selenium\selenium-devtools-v118\4.16.1\selenium-devtools-v118-4.16.1.jar;C:\Users\shubh\.m2\repository\org\seleniumhq\selenium\selenium-devtools-v119\4.16.1\selenium-devtools-v119-4.16.1.jar;C:\Users\shubh\.m2\repository\org\seleniumhq\selenium\selenium-devtools-v120\4.16.1\selenium-devtools-v120-4.16.1.jar;C:\Users\shubh\.m2\repository\org\seleniumhq\selenium\selenium-devtools-v85\4.16.1\selenium-devtools-v85-4.16.1.jar;C:\Users\shubh\.m2\repository\org\seleniumhq\selenium\selenium-edge-driver\4.16.1\selenium-edge-driver-4.16.1.jar;C:\Users\shubh\.m2\repository\org\seleniumhq\selenium\selenium-firefox-driver\4.16.1\selenium-firefox-driver-4.16.1.jar;C:\Users\shubh\.m2\repository\org\seleniumhq\selenium\selenium-http\4.16.1\selenium-http-4.16.1.jar;C:\Users\shubh\.m2\repository\dev\failsafe\failsafe\3.3.2\failsafe-3.3.2.jar;C:\Users\shubh\.m2\repository\org\seleniumhq\selenium\selenium-ie-driver\4.16.1\selenium-ie-driver-4.16.1.jar;C:\Users\shubh\.m2\repository\org\seleniumhq\selenium\selenium-remote-driver\4.16.1\selenium-remote-driver-4.16.1.jar;C:\Users\shubh\.m2\repository\com\google\guava\guava\32.1.2-jre\guava-32.1.2-jre.jar;C:\Users\shubh\.m2\repository\com\google\guava\failureaccess\1.0.1\failureaccess-1.0.1.jar;C:\Users\shubh\.m2\repository\com\google\guava\listenablefuture\9999.0-empty-to-avoid-conflict-with-guava\listenablefuture-9999.0-empty-to-avoid-conflict-with-guava.jar;C:\Users\shubh\.m2\repository\com\google\code\findbugs\jsr305\3.0.2\jsr305-3.0.2.jar;C:\Users\shubh\.m2\repository\org\checkerframework\checker-qual\3.33.0\checker-qual-3.33.0.jar;C:\Users\shubh\.m2\repository\com\google\errorprone\error_prone_annotations\2.18.0\error_prone_annotations-2.18.0.jar;C:\Users\shubh\.m2\repository\com\google\j2objc\j2objc-annotations\2.8\j2objc-annotations-2.8.jar;C:\Users\shubh\.m2\repository\io\opentelemetry\opentelemetry-api\1.28.0\opentelemetry-api-1.28.0.jar;C:\Users\shubh\.m2\repository\io\opentelemetry\opentelemetry-context\1.28.0\opentelemetry-context-1.28.0.jar;C:\Users\shubh\.m2\repository\io\opentelemetry\opentelemetry-exporter-logging\1.28.0\opentelemetry-exporter-logging-1.28.0.jar;C:\Users\shubh\.m2\repository\io\opentelemetry\opentelemetry-sdk-metrics\1.28.0\opentelemetry-sdk-metrics-1.28.0.jar;C:\Users\shubh\.m2\repository\io\opentelemetry\opentelemetry-extension-incubator\1.28.0-alpha\opentelemetry-extension-incubator-1.28.0-alpha.jar;C:\Users\shubh\.m2\repository\io\opentelemetry\opentelemetry-sdk-logs\1.28.0\opentelemetry-sdk-logs-1.28.0.jar;C:\Users\shubh\.m2\repository\io\opentelemetry\opentelemetry-sdk-common\1.28.0\opentelemetry-sdk-common-1.28.0.jar;C:\Users\shubh\.m2\repository\io\opentelemetry\opentelemetry-sdk-extension-autoconfigure-spi\1.28.0\opentelemetry-sdk-extension-autoconfigure-spi-1.28.0.jar;C:\Users\shubh\.m2\repository\io\opentelemetry\opentelemetry-sdk-extension-autoconfigure\1.28.0\opentelemetry-sdk-extension-autoconfigure-1.28.0.jar;C:\Users\shubh\.m2\repository\io\opentelemetry\opentelemetry-api-events\1.28.0-alpha\opentelemetry-api-events-1.28.0-alpha.jar;C:\Users\shubh\.m2\repository\io\opentelemetry\opentelemetry-sdk-trace\1.28.0\opentelemetry-sdk-trace-1.28.0.jar;C:\Users\shubh\.m2\repository\io\opentelemetry\opentelemetry-sdk\1.28.0\opentelemetry-sdk-1.28.0.jar;C:\Users\shubh\.m2\repository\io\opentelemetry\opentelemetry-semconv\1.28.0-alpha\opentelemetry-semconv-1.28.0-alpha.jar;C:\Users\shubh\.m2\repository\net\bytebuddy\byte-buddy\1.14.5\byte-buddy-1.14.5.jar;C:\Users\shubh\.m2\repository\org\seleniumhq\selenium\selenium-os\4.16.1\selenium-os-4.16.1.jar;C:\Users\shubh\.m2\repository\org\apache\commons\commons-exec\1.3\commons-exec-1.3.jar;C:\Users\shubh\.m2\repository\org\seleniumhq\selenium\selenium-safari-driver\4.16.1\selenium-safari-driver-4.16.1.jar;C:\Users\shubh\.m2\repository\org\seleniumhq\selenium\selenium-support\4.16.1\selenium-support-4.16.1.jar;C:\Users\shubh\.m2\repository\org\testng\testng\7.8.0\testng-7.8.0.jar;C:\Users\shubh\.m2\repository\org\slf4j\slf4j-api\1.7.36\slf4j-api-1.7.36.jar;C:\Users\shubh\.m2\repository\com\beust\jcommander\1.82\jcommander-1.82.jar;C:\Users\shubh\.m2\repository\org\webjars\jquery\3.6.1\jquery-3.6.1.jar;C:\Users\shubh\.m2\repository\io\appium\java-client\9.0.0\java-client-9.0.0.jar;C:\Users\shubh\.m2\repository\com\google\code\gson\gson\2.10.1\gson-2.10.1.jar;C:\Users\shubh\.m2\repository\commons-io\commons-io\2.15.1\commons-io-2.15.1.jar;C:\Users\shubh\.m2\repository\com\fasterxml\jackson\core\jackson-databind\2.16.1\jackson-databind-2.16.1.jar;C:\Users\shubh\.m2\repository\com\fasterxml\jackson\core\jackson-annotations\2.16.1\jackson-annotations-2.16.1.jar;C:\Users\shubh\.m2\repository\com\fasterxml\jackson\core\jackson-core\2.16.1\jackson-core-2.16.1.jar;C:\Users\shubh\.m2\repository\com\aventstack\extentreports\5.1.1\extentreports-5.1.1.jar;C:\Users\shubh\.m2\repository\io\reactivex\rxjava3\rxjava\3.1.6\rxjava-3.1.6.jar;C:\Users\shubh\.m2\repository\org\reactivestreams\reactive-streams\1.0.4\reactive-streams-1.0.4.jar;C:\Users\shubh\.m2\repository\org\freemarker\freemarker\2.3.32\freemarker-2.3.32.jar;C:\Users\shubh\.m2\repository\org\projectlombok\lombok\1.18.26\lombok-1.18.26.jar;C:\Users\shubh\.m2\repository\com\konghq\unirest-java\3.14.1\unirest-java-3.14.1-standalone.jar;C:\Users\shubh\.m2\repository\org\apache\httpcomponents\httpclient\4.5.13\httpclient-4.5.13.jar;C:\Users\shubh\.m2\repository\org\apache\httpcomponents\httpcore\4.4.13\httpcore-4.4.13.jar;C:\Users\shubh\.m2\repository\commons-logging\commons-logging\1.2\commons-logging-1.2.jar;C:\Users\shubh\.m2\repository\org\apache\httpcomponents\httpmime\4.5.13\httpmime-4.5.13.jar;C:\Users\shubh\.m2\repository\org\apache\httpcomponents\httpcore-nio\4.4.13\httpcore-nio-4.4.13.jar;C:\Users\shubh\.m2\repository\org\apache\httpcomponents\httpasyncclient\4.1.5\httpasyncclient-4.1.5.jar;C:\Users\shubh\.m2\repository\commons-codec\commons-codec\1.15\commons-codec-1.15.jar;C:\Users\shubh\.m2\repository\com\browserstack\browserstack-java-sdk\1.13.0\browserstack-java-sdk-1.13.0.jar;"/>
    <property name="java.vm.vendor" value="Oracle Corporation"/>
    <property name="sun.arch.data.model" value="64"/>
    <property name="user.variant" value=""/>
    <property name="java.vendor.url" value="https://java.oracle.com/"/>
    <property name="user.timezone" value="Asia/Calcutta"/>
    <property name="os.name" value="Windows 10"/>
    <property name="java.vm.specification.version" value="20"/>
    <property name="sun.java.launcher" value="SUN_STANDARD"/>
    <property name="user.country" value="IN"/>
    <property name="sun.boot.library.path" value="C:\Program Files\Java\jdk-20\bin"/>
    <property name="sun.java.command" value="C:\Users\shubh\AppData\Roaming\MobaXterm\slash\tmp\surefire12742045775038076024\surefirebooter9738917014824848176.jar C:\Users\shubh\AppData\Roaming\MobaXterm\slash\tmp\surefire12742045775038076024 2024-01-12T16-06-13_546-jvmRun1 surefire3495386827251561421tmp surefire_013138627300306852603tmp"/>
    <property name="jdk.debug" value="release"/>
    <property name="surefire.test.class.path" value="F:\Users\shubh\eclipse-workspace\AppTest\target\test-classes;F:\Users\shubh\eclipse-workspace\AppTest\target\classes;C:\Users\shubh\.m2\repository\org\seleniumhq\selenium\selenium-java\4.16.1\selenium-java-4.16.1.jar;C:\Users\shubh\.m2\repository\org\seleniumhq\selenium\selenium-api\4.16.1\selenium-api-4.16.1.jar;C:\Users\shubh\.m2\repository\org\seleniumhq\selenium\selenium-chrome-driver\4.16.1\selenium-chrome-driver-4.16.1.jar;C:\Users\shubh\.m2\repository\com\google\auto\service\auto-service-annotations\1.1.1\auto-service-annotations-1.1.1.jar;C:\Users\shubh\.m2\repository\org\seleniumhq\selenium\selenium-chromium-driver\4.16.1\selenium-chromium-driver-4.16.1.jar;C:\Users\shubh\.m2\repository\org\seleniumhq\selenium\selenium-json\4.16.1\selenium-json-4.16.1.jar;C:\Users\shubh\.m2\repository\org\seleniumhq\selenium\selenium-manager\4.16.1\selenium-manager-4.16.1.jar;C:\Users\shubh\.m2\repository\org\seleniumhq\selenium\selenium-devtools-v118\4.16.1\selenium-devtools-v118-4.16.1.jar;C:\Users\shubh\.m2\repository\org\seleniumhq\selenium\selenium-devtools-v119\4.16.1\selenium-devtools-v119-4.16.1.jar;C:\Users\shubh\.m2\repository\org\seleniumhq\selenium\selenium-devtools-v120\4.16.1\selenium-devtools-v120-4.16.1.jar;C:\Users\shubh\.m2\repository\org\seleniumhq\selenium\selenium-devtools-v85\4.16.1\selenium-devtools-v85-4.16.1.jar;C:\Users\shubh\.m2\repository\org\seleniumhq\selenium\selenium-edge-driver\4.16.1\selenium-edge-driver-4.16.1.jar;C:\Users\shubh\.m2\repository\org\seleniumhq\selenium\selenium-firefox-driver\4.16.1\selenium-firefox-driver-4.16.1.jar;C:\Users\shubh\.m2\repository\org\seleniumhq\selenium\selenium-http\4.16.1\selenium-http-4.16.1.jar;C:\Users\shubh\.m2\repository\dev\failsafe\failsafe\3.3.2\failsafe-3.3.2.jar;C:\Users\shubh\.m2\repository\org\seleniumhq\selenium\selenium-ie-driver\4.16.1\selenium-ie-driver-4.16.1.jar;C:\Users\shubh\.m2\repository\org\seleniumhq\selenium\selenium-remote-driver\4.16.1\selenium-remote-driver-4.16.1.jar;C:\Users\shubh\.m2\repository\com\google\guava\guava\32.1.2-jre\guava-32.1.2-jre.jar;C:\Users\shubh\.m2\repository\com\google\guava\failureaccess\1.0.1\failureaccess-1.0.1.jar;C:\Users\shubh\.m2\repository\com\google\guava\listenablefuture\9999.0-empty-to-avoid-conflict-with-guava\listenablefuture-9999.0-empty-to-avoid-conflict-with-guava.jar;C:\Users\shubh\.m2\repository\com\google\code\findbugs\jsr305\3.0.2\jsr305-3.0.2.jar;C:\Users\shubh\.m2\repository\org\checkerframework\checker-qual\3.33.0\checker-qual-3.33.0.jar;C:\Users\shubh\.m2\repository\com\google\errorprone\error_prone_annotations\2.18.0\error_prone_annotations-2.18.0.jar;C:\Users\shubh\.m2\repository\com\google\j2objc\j2objc-annotations\2.8\j2objc-annotations-2.8.jar;C:\Users\shubh\.m2\repository\io\opentelemetry\opentelemetry-api\1.28.0\opentelemetry-api-1.28.0.jar;C:\Users\shubh\.m2\repository\io\opentelemetry\opentelemetry-context\1.28.0\opentelemetry-context-1.28.0.jar;C:\Users\shubh\.m2\repository\io\opentelemetry\opentelemetry-exporter-logging\1.28.0\opentelemetry-exporter-logging-1.28.0.jar;C:\Users\shubh\.m2\repository\io\opentelemetry\opentelemetry-sdk-metrics\1.28.0\opentelemetry-sdk-metrics-1.28.0.jar;C:\Users\shubh\.m2\repository\io\opentelemetry\opentelemetry-extension-incubator\1.28.0-alpha\opentelemetry-extension-incubator-1.28.0-alpha.jar;C:\Users\shubh\.m2\repository\io\opentelemetry\opentelemetry-sdk-logs\1.28.0\opentelemetry-sdk-logs-1.28.0.jar;C:\Users\shubh\.m2\repository\io\opentelemetry\opentelemetry-sdk-common\1.28.0\opentelemetry-sdk-common-1.28.0.jar;C:\Users\shubh\.m2\repository\io\opentelemetry\opentelemetry-sdk-extension-autoconfigure-spi\1.28.0\opentelemetry-sdk-extension-autoconfigure-spi-1.28.0.jar;C:\Users\shubh\.m2\repository\io\opentelemetry\opentelemetry-sdk-extension-autoconfigure\1.28.0\opentelemetry-sdk-extension-autoconfigure-1.28.0.jar;C:\Users\shubh\.m2\repository\io\opentelemetry\opentelemetry-api-events\1.28.0-alpha\opentelemetry-api-events-1.28.0-alpha.jar;C:\Users\shubh\.m2\repository\io\opentelemetry\opentelemetry-sdk-trace\1.28.0\opentelemetry-sdk-trace-1.28.0.jar;C:\Users\shubh\.m2\repository\io\opentelemetry\opentelemetry-sdk\1.28.0\opentelemetry-sdk-1.28.0.jar;C:\Users\shubh\.m2\repository\io\opentelemetry\opentelemetry-semconv\1.28.0-alpha\opentelemetry-semconv-1.28.0-alpha.jar;C:\Users\shubh\.m2\repository\net\bytebuddy\byte-buddy\1.14.5\byte-buddy-1.14.5.jar;C:\Users\shubh\.m2\repository\org\seleniumhq\selenium\selenium-os\4.16.1\selenium-os-4.16.1.jar;C:\Users\shubh\.m2\repository\org\apache\commons\commons-exec\1.3\commons-exec-1.3.jar;C:\Users\shubh\.m2\repository\org\seleniumhq\selenium\selenium-safari-driver\4.16.1\selenium-safari-driver-4.16.1.jar;C:\Users\shubh\.m2\repository\org\seleniumhq\selenium\selenium-support\4.16.1\selenium-support-4.16.1.jar;C:\Users\shubh\.m2\repository\org\testng\testng\7.8.0\testng-7.8.0.jar;C:\Users\shubh\.m2\repository\org\slf4j\slf4j-api\1.7.36\slf4j-api-1.7.36.jar;C:\Users\shubh\.m2\repository\com\beust\jcommander\1.82\jcommander-1.82.jar;C:\Users\shubh\.m2\repository\org\webjars\jquery\3.6.1\jquery-3.6.1.jar;C:\Users\shubh\.m2\repository\io\appium\java-client\9.0.0\java-client-9.0.0.jar;C:\Users\shubh\.m2\repository\com\google\code\gson\gson\2.10.1\gson-2.10.1.jar;C:\Users\shubh\.m2\repository\commons-io\commons-io\2.15.1\commons-io-2.15.1.jar;C:\Users\shubh\.m2\repository\com\fasterxml\jackson\core\jackson-databind\2.16.1\jackson-databind-2.16.1.jar;C:\Users\shubh\.m2\repository\com\fasterxml\jackson\core\jackson-annotations\2.16.1\jackson-annotations-2.16.1.jar;C:\Users\shubh\.m2\repository\com\fasterxml\jackson\core\jackson-core\2.16.1\jackson-core-2.16.1.jar;C:\Users\shubh\.m2\repository\com\aventstack\extentreports\5.1.1\extentreports-5.1.1.jar;C:\Users\shubh\.m2\repository\io\reactivex\rxjava3\rxjava\3.1.6\rxjava-3.1.6.jar;C:\Users\shubh\.m2\repository\org\reactivestreams\reactive-streams\1.0.4\reactive-streams-1.0.4.jar;C:\Users\shubh\.m2\repository\org\freemarker\freemarker\2.3.32\freemarker-2.3.32.jar;C:\Users\shubh\.m2\repository\org\projectlombok\lombok\1.18.26\lombok-1.18.26.jar;C:\Users\shubh\.m2\repository\com\konghq\unirest-java\3.14.1\unirest-java-3.14.1-standalone.jar;C:\Users\shubh\.m2\repository\org\apache\httpcomponents\httpclient\4.5.13\httpclient-4.5.13.jar;C:\Users\shubh\.m2\repository\org\apache\httpcomponents\httpcore\4.4.13\httpcore-4.4.13.jar;C:\Users\shubh\.m2\repository\commons-logging\commons-logging\1.2\commons-logging-1.2.jar;C:\Users\shubh\.m2\repository\org\apache\httpcomponents\httpmime\4.5.13\httpmime-4.5.13.jar;C:\Users\shubh\.m2\repository\org\apache\httpcomponents\httpcore-nio\4.4.13\httpcore-nio-4.4.13.jar;C:\Users\shubh\.m2\repository\org\apache\httpcomponents\httpasyncclient\4.1.5\httpasyncclient-4.1.5.jar;C:\Users\shubh\.m2\repository\commons-codec\commons-codec\1.15\commons-codec-1.15.jar;C:\Users\shubh\.m2\repository\com\browserstack\browserstack-java-sdk\1.13.0\browserstack-java-sdk-1.13.0.jar;"/>
    <property name="sun.cpu.endian" value="little"/>
    <property name="user.home" value="C:\Users\shubh"/>
    <property name="user.language" value="en"/>
    <property name="java.specification.vendor" value="Oracle Corporation"/>
    <property name="java.version.date" value="2023-07-18"/>
    <property name="java.home" value="C:\Program Files\Java\jdk-20"/>
    <property name="file.separator" value="\"/>
    <property name="basedir" value="F:\Users\shubh\eclipse-workspace\AppTest"/>
    <property name="java.vm.compressedOopsMode" value="Zero based"/>
    <property name="line.separator" value="&#10;"/>
    <property name="java.vm.specification.vendor" value="Oracle Corporation"/>
    <property name="java.specification.name" value="Java Platform API Specification"/>
    <property name="surefire.real.class.path" value="C:\Users\shubh\AppData\Roaming\MobaXterm\slash\tmp\surefire12742045775038076024\surefirebooter9738917014824848176.jar"/>
    <property name="user.script" value=""/>
    <property name="sun.management.compiler" value="HotSpot 64-Bit Tiered Compilers"/>
    <property name="java.runtime.version" value="20.0.2+9-78"/>
    <property name="user.name" value="shubham"/>
    <property name="stdout.encoding" value="Cp1252"/>
    <property name="path.separator" value=";"/>
    <property name="os.version" value="10.0"/>
    <property name="java.runtime.name" value="Java(TM) SE Runtime Environment"/>
    <property name="file.encoding" value="UTF-8"/>
    <property name="java.vm.name" value="Java HotSpot(TM) 64-Bit Server VM"/>
    <property name="localRepository" value="C:\Users\shubh\.m2\repository"/>
    <property name="java.vendor.url.bug" value="https://bugreport.java.com/bugreport/"/>
    <property name="java.io.tmpdir" value="C:\Users\shubh\AppData\Roaming\MobaXterm\slash\tmp\"/>
    <property name="java.version" value="20.0.2"/>
    <property name="user.dir" value="F:\Users\shubh\eclipse-workspace\AppTest"/>
    <property name="os.arch" value="amd64"/>
    <property name="java.vm.specification.name" value="Java Virtual Machine Specification"/>
    <property name="sun.os.patch.level" value=""/>
    <property name="native.encoding" value="Cp1252"/>
    <property name="java.library.path" value="C:\Program Files\Java\jdk-20\bin;C:\Windows\Sun\Java\bin;C:\Windows\system32;C:\Windows;C:\Users\shubh\AppData\Roaming\MobaXterm\slash\bin;C:\Users\shubh\AppData\Roaming\MobaXterm\slash\bin;C:\Users\shubh\AppData\Roaming\MobaXterm\slash\bin;C:\Windows;C:\Windows\system32;C:\Program Files\Common Files\Oracle\Java\javapath;C:\Windows\system32;C:\Windows;C:\Windows\System32\Wbem;C:\Windows\System32\WindowsPowerShell\v1.0;C:\Program Files\nodejs;C:\Program Files\Docker\Docker\resources\bin;C:\Program Files\dotnet;C:\Program Files (x86)\Intel\Intel(R) Management Engine Components\DAL;C:\Program Files\Intel\Intel(R) Management Engine Components\DAL;C:\Program Files\Git\cmd;C:\apache-maven-3.9.4-bin\apache-maven-3.9.4\bin;C:\Program Files\Java\jdk-20\bin;C:\Users\shubh\AppData\Local\Android\Sdk\tools;C:\Users\shubh\AppData\Local\Android\Sdk\platform-tools;C:\Users\shubh\AppData\Local\Android\Sdk\tools\bin;C:\Program Files (x86)\AOMEI\AOMEI Backupper\7.3.1;C:\Users\shubh\AppData\Roaming\npm;C:\Program Files\MySQL\MySQL Shell 8.0\bin;C:\Users\shubh\AppData\Local\Microsoft\WindowsApps;C:\Users\shubh\AppData\Local\Programs\Microsoft VS Code\bin;C:\Windows\sysnative;."/>
    <property name="java.vm.info" value="mixed mode, sharing"/>
    <property name="stderr.encoding" value="Cp1252"/>
    <property name="java.vendor" value="Oracle Corporation"/>
    <property name="java.vm.version" value="20.0.2+9-78"/>
    <property name="sun.io.unicode.encoding" value="UnicodeLittle"/>
    <property name="java.class.version" value="64.0"/>
  </properties>
  <testcase name="AddListtest" classname="com.shubham.projects.AppTest.AddListTest" time="13.102">
    <system-out><![CDATA[16:06:14.925 [main] DEBUG org.testng.TestNG - suiteXmlPath: "F:\Users\shubh\eclipse-workspace\AppTest\testng2.xml"
C://Users//shubh//AppData//Roaming//npm//node_modules//appium//build//lib//main.js
127.0.0.1
Server is running. Stopping the server.
&amp#27;[35m[Appium]&amp#27;[39m Attempting to load plugin element-wait...
&amp#27;[35m[Appium]&amp#27;[39m Attempting to load plugin device-farm...
&amp#27;[35m[Appium]&amp#27;[39m Attempting to load plugin appium-dashboard...
&amp#27;[35m[Appium]&amp#27;[39m Requiring plugin at C:\Users\shubh\.appium\node_modules\appium-wait-plugin\lib\index.js
&amp#27;[35m[Appium]&amp#27;[39m Requiring plugin at C:\Users\shubh\.appium\node_modules\appium-device-farm\lib\src\index.js
&amp#27;[35m[Appium]&amp#27;[39m Requiring plugin at C:\Users\shubh\.appium\node_modules\appium-dashboard\lib\index.js
&amp#27;[35m[Appium]&amp#27;[39m WaitCommandPlugin has been successfully loaded in 4.323s
&amp#27;[35m[Appium]&amp#27;[39m DevicePlugin has been successfully loaded in 4.324s
&amp#27;[35m[Appium]&amp#27;[39m AppiumDashboardPlugin has been successfully loaded in 4.323s
&amp#27;[38;5;0m[ADB]&amp#27;[0m Found 1 'build-tools' folders under 'C:\Users\shubh\AppData\Local\Android\Sdk' (newest first):
&amp#27;[38;5;0m[ADB]&amp#27;[0m     C:\Users\shubh\AppData\Local\Android\Sdk\build-tools\34.0.0
&amp#27;[38;5;0m[ADB]&amp#27;[0m Using 'adb.exe' from 'C:\Users\shubh\AppData\Local\Android\Sdk\platform-tools\adb.exe'
&amp#27;[38;5;0m[ADB]&amp#27;[0m Running 'C:\Users\shubh\AppData\Local\Android\Sdk\platform-tools\adb.exe -P 5037 start-server'
&amp#27;[35m[Appium]&amp#27;[39m Welcome to Appium v2.4.1
&amp#27;[35m[Appium]&amp#27;[39m Non-default server args:
&amp#27;[35m[Appium]&amp#27;[39m { address: &amp#27;[32m'127.0.0.1'&amp#27;[39m,
&amp#27;[35m[Appium]&amp#27;[39m   keepAliveTimeout: &amp#27;[33m800&amp#27;[39m,
&amp#27;[35m[Appium]&amp#27;[39m   usePlugins: [ &amp#27;[32m'element-wait'&amp#27;[39m, &amp#27;[32m'device-farm'&amp#27;[39m, &amp#27;[32m'appium-dashboard'&amp#27;[39m ] }
&amp#27;[35m[Appium]&amp#27;[39m The autodetected Appium home path: C:\Users\shubh\.appium
&amp#27;[35m[Appium]&amp#27;[39m Attempting to load driver uiautomator2...
&amp#27;[35m[Appium]&amp#27;[39m Requiring driver at C:\Users\shubh\.appium\node_modules\appium-uiautomator2-driver\build\index.js
&amp#27;[35m[Appium]&amp#27;[39m AndroidUiautomator2Driver has been successfully loaded in 1.062s
(node:11352) MaxListenersExceededWarning: Possible EventEmitter memory leak detected. 11 exit listeners added to [process]. Use emitter.setMaxListeners() to increase limit
(Use `node --trace-warnings ...` to show where the warning was created)
&amp#27;[38;5;16m[device-farm-main]&amp#27;[0m 📱 Update server with CLI Args: {"subcommand":"server","address":"127.0.0.1","keepAliveTimeout":800,"port":4723,"usePlugins":["element-wait","device-farm","appium-dashboard"],"plugin":{"device-farm":{"platform":"android","androidDeviceType":"both","iosDeviceType":"both"}},"extraArgs":[],"allowCors":false,"allowInsecure":[],"basePath":"","callbackPort":4723,"debugLogSpacing":false,"denyInsecure":[],"localTimezone":false,"loglevel":"debug","logNoColors":false,"logTimestamp":false,"pluginsImportChunkSize":7,"driversImportChunkSize":3,"longStacktrace":false,"noPermsCheck":false,"relaxedSecurityEnabled":false,"sessionOverride":false,"strictCaps":false,"useDrivers":[],"tmpDir":"C:\\Users\\shubh\\AppData\\Roaming\\MobaXterm\\slash\\tmp"}
&amp#27;[38;5;16m[device-farm-main]&amp#27;[0m 📱 Update server with Plugin Args: {"platform":"android","iosDeviceType":"both","androidDeviceType":"both","skipChromeDownload":true,"maxSessions":8,"adbRemote":[],"emulators":[],"simulators":[],"deviceAvailabilityTimeoutMs":300000,"deviceAvailabilityQueryIntervalMs":10000,"sendNodeDevicesToHubIntervalMs":30000,"checkStaleDevicesIntervalMs":30000,"checkBlockedDevicesIntervalMs":30000,"newCommandTimeoutSec":60,"bindHostOrIp":"192.168.95.171"}
&amp#27;[38;5;16m[device-farm-main]&amp#27;[0m proxy is not required for axios
&amp#27;[38;5;16m[device-farm-main]&amp#27;[0m Registering proxy middleware
&amp#27;[38;5;16m[device-farm-main]&amp#27;[0m Initializing database
&amp#27;[38;5;16m[device-farm-main]&amp#27;[0m Creating new database: ./temp-appium/db.json
&amp#27;[38;5;16m[device-farm-main]&amp#27;[0m Database loaded
&amp#27;[38;5;16m[device-farm-main]&amp#27;[0m Initializing storage
&amp#27;[38;5;16m[device-farm-main]&amp#27;[0m 📣📣📣 Device Farm Plugin will be served at 🔗 http://192.168.95.171:4723/device-farm
&amp#27;[38;5;16m[device-farm-main]&amp#27;[0m 📣📣📣 I'm a hub and I'm listening on 192.168.95.171:4723
&amp#27;[38;5;16m[device-farm-main]&amp#27;[0m Found 0 device candidates to be released
&amp#27;[38;5;16m[device-farm-main]&amp#27;[0m Hub will clean pending sessions every 30000 ms with pending session timeout: 310000 ms
&amp#27;[38;5;0m[ADB]&amp#27;[0m Found 1 'build-tools' folders under 'C:\Users\shubh\AppData\Local\Android\Sdk' (newest first):
&amp#27;[38;5;0m[ADB]&amp#27;[0m     C:\Users\shubh\AppData\Local\Android\Sdk\build-tools\34.0.0
&amp#27;[38;5;0m[ADB]&amp#27;[0m Using 'adb.exe' from 'C:\Users\shubh\AppData\Local\Android\Sdk\platform-tools\adb.exe'
&amp#27;[38;5;0m[ADB]&amp#27;[0m Running 'C:\Users\shubh\AppData\Local\Android\Sdk\platform-tools\adb.exe -P 5037 start-server'
&amp#27;[38;5;0m[ADB]&amp#27;[0m Getting connected devices
&amp#27;[38;5;0m[ADB]&amp#27;[0m Connected devices: [{"udid":"emulator-5554","state":"device"}]
&amp#27;[38;5;16m[device-farm-main]&amp#27;[0m fetchAndroidDevices from host: undefined. Found 1 android devices
&amp#27;[38;5;16m[device-farm-main]&amp#27;[0m Android Device details for emulator-5554 not available. So querying now.
&amp#27;[38;5;16m[device-farm-main]&amp#27;[0m skipChromeDownload server arg is set; skipping Chromedriver installation.
&amp#27;[38;5;16m[device-farm-main]&amp#27;[0m Android web/hybrid testing will not be possible without Chromedriver.
&amp#27;[38;5;0m[ADB]&amp#27;[0m Running 'C:\Users\shubh\AppData\Local\Android\Sdk\platform-tools\adb.exe -P 5037 -s emulator-5554 shell getprop ro.build.version.release'
&amp#27;[38;5;0m[ADB]&amp#27;[0m Running 'C:\Users\shubh\AppData\Local\Android\Sdk\platform-tools\adb.exe -P 5037 -s emulator-5554 shell getprop ro.build.characteristics'
&amp#27;[38;5;0m[ADB]&amp#27;[0m Running 'C:\Users\shubh\AppData\Local\Android\Sdk\platform-tools\adb.exe -P 5037 -s emulator-5554 shell getprop ro.product.name'
&amp#27;[38;5;16m[device-farm-main]&amp#27;[0m Found 1 android devices
&amp#27;[38;5;16m[device-farm-main]&amp#27;[0m Added 1 new devices to local database
&amp#27;[38;5;16m[device-farm-main]&amp#27;[0m Unblocked device emulator-5554 from host http://192.168.95.171:4723
&amp#27;[38;5;32m[appium-dashboard]&amp#27;[0m Dashboard plugin is enabled and will be served at http://localhost:4723/dashboard
&amp#27;[38;5;32m[appium-dashboard]&amp#27;[0m If the appium server is started with different port other than 4723, then use the correct port number to access the device farm dashboard
&amp#27;[35m[Appium]&amp#27;[39m Appium REST http interface listener started on http://127.0.0.1:4723
&amp#27;[35m[Appium]&amp#27;[39m Available drivers:
&amp#27;[35m[Appium]&amp#27;[39m   - uiautomator2@2.39.0 (automationName 'UiAutomator2')
&amp#27;[35m[Appium]&amp#27;[39m Available plugins:
&amp#27;[35m[Appium]&amp#27;[39m   - element-wait@2.0.3 (ACTIVE)
&amp#27;[35m[Appium]&amp#27;[39m   - appium-reporter-plugin@1.1.0-beta.04
&amp#27;[35m[Appium]&amp#27;[39m   - device-farm@8.4.6 (ACTIVE)
&amp#27;[35m[Appium]&amp#27;[39m   - appium-dashboard@v2.0.2 (ACTIVE)
&amp#27;[38;5;48m[HTTP]&amp#27;[0m &amp#27;[37m-->&amp#27;[39m &amp#27;[37mGET&amp#27;[39m &amp#27;[37m/status&amp#27;[39m
&amp#27;[38;5;48m[HTTP]&amp#27;[0m &amp#27;[90m{}&amp#27;[39m
&amp#27;[38;5;64m[AppiumDriver@9a7b]&amp#27;[0m Calling AppiumDriver.getStatus() with args: []
&amp#27;[38;5;16m[device-farm-main]&amp#27;[0m 📱 Plugin Args: {"platform":"android","androidDeviceType":"both","iosDeviceType":"both"}
&amp#27;[38;5;64m[AppiumDriver@9a7b]&amp#27;[0m Plugins which can handle cmd 'getStatus': element-wait,device-farm,appium-dashboard
&amp#27;[38;5;64m[AppiumDriver@9a7b]&amp#27;[0m Plugin appium-dashboard is now handling cmd 'getStatus'
&amp#27;[38;5;64m[AppiumDriver@9a7b]&amp#27;[0m Plugin device-farm is now handling cmd 'getStatus'
&amp#27;[38;5;64m[AppiumDriver@9a7b]&amp#27;[0m Plugin element-wait is now handling cmd 'getStatus'
&amp#27;[38;5;64m[AppiumDriver@9a7b]&amp#27;[0m Executing default handling behavior for command 'getStatus'
&amp#27;[38;5;64m[AppiumDriver@9a7b]&amp#27;[0m Responding to client with driver.getStatus() result: {"ready":true,"message":"The server is ready to accept new connections","build":{"version":"2.4.1"}}
&amp#27;[38;5;48m[HTTP]&amp#27;[0m &amp#27;[37m<-- GET /status &amp#27;[39m&amp#27;[32m200&amp#27;[39m &amp#27;[90m12 ms - 110&amp#27;[39m
&amp#27;[38;5;48m[HTTP]&amp#27;[0m &amp#27;[90m&amp#27;[39m
&amp#27;[38;5;48m[HTTP]&amp#27;[0m Request idempotency key: b8bee58e-1039-4b86-8743-7df6620c9790
&amp#27;[38;5;48m[HTTP]&amp#27;[0m &amp#27;[37m-->&amp#27;[39m &amp#27;[37mPOST&amp#27;[39m &amp#27;[37m/session&amp#27;[39m
&amp#27;[38;5;48m[HTTP]&amp#27;[0m &amp#27;[90m{"capabilities":{"firstMatch":[{}],"alwaysMatch":{"appium:app":"F:\\Users\\shubh\\eclipse-workspace\\AppTest/app-release.apk","appium:automationName":"UIAutomator2","appium:deviceName":"emulator-5554","platformName":"ANDROID"}}}&amp#27;[39m
&amp#27;[38;5;64m[AppiumDriver@9a7b]&amp#27;[0m Calling AppiumDriver.createSession() with args: [null,null,{"firstMatch":[{}],"alwaysMatch":{"appium:app":"F:\\Users\\shubh\\eclipse-workspace\\AppTest/app-release.apk","appium:automationName":"UIAutomator2","appium:deviceName":"emulator-5554","platformName":"ANDROID"}}]
&amp#27;[38;5;64m[AppiumDriver@9a7b]&amp#27;[0m Plugins which can handle cmd 'createSession': element-wait,device-farm,appium-dashboard
&amp#27;[38;5;64m[AppiumDriver@9a7b]&amp#27;[0m Plugin appium-dashboard is now handling cmd 'createSession'
&amp#27;[38;5;64m[AppiumDriver@9a7b]&amp#27;[0m Plugin device-farm is now handling cmd 'createSession'
&amp#27;[38;5;16m[device-farm-main]&amp#27;[0m 📱 pluginArgs: {"platform":"android","iosDeviceType":"both","androidDeviceType":"both","skipChromeDownload":true,"maxSessions":8,"adbRemote":[],"emulators":[],"simulators":[],"deviceAvailabilityTimeoutMs":300000,"deviceAvailabilityQueryIntervalMs":10000,"sendNodeDevicesToHubIntervalMs":30000,"checkStaleDevicesIntervalMs":30000,"checkBlockedDevicesIntervalMs":30000,"newCommandTimeoutSec":60,"bindHostOrIp":"192.168.95.171"}
&amp#27;[38;5;16m[device-farm-main]&amp#27;[0m Receiving session request at host: 192.168.95.171
&amp#27;[38;5;16m[device-farm-main]&amp#27;[0m 📱 Creating temporary session capability_id: 7e039962-d79a-4c1d-ab88-0dec5f5ff05f
&amp#27;[38;5;16m[device-farm-main]&amp#27;[0m Max session count: 8, Busy device count: 0
&amp#27;[38;5;16m[device-farm-main]&amp#27;[0m Waiting for free device. Filter: {"platform":"android","busy":false,"userBlocked":false}}
&amp#27;[38;5;16m[device-farm-main]&amp#27;[0m 📱 Blocking device emulator-5554 at host http://192.168.95.171:4723 for new session
&amp#27;[38;5;16m[device-farm-main]&amp#27;[0m Updating allocated device: "{"userBlocked":false,"offline":false,"adbPort":5037,"systemPort":61577,"sdk":"14","realDevice":false,"name":"sdk_gphone64_x86_64","busy":false,"state":"device","udid":"emulator-5554","platform":"android","deviceType":"emulator","host":"http://192.168.95.171:4723","totalUtilizationTimeMilliSec":2797258,"sessionStartTime":0,"meta":{"revision":1,"created":1705055788904,"version":0,"updated":1705055788908},"$loki":1}"
&amp#27;[38;5;16m[device-farm-main]&amp#27;[0m device.host: http://192.168.95.171:4723 and pluginArgs.bindHostOrIp: 192.168.95.171
&amp#27;[38;5;16m[device-farm-main]&amp#27;[0m 📱 Creating session on the same node
&amp#27;[38;5;64m[AppiumDriver@9a7b]&amp#27;[0m Plugin element-wait is now handling cmd 'createSession'
&amp#27;[38;5;64m[AppiumDriver@9a7b]&amp#27;[0m Executing default handling behavior for command 'createSession'
&amp#27;[38;5;64m[AppiumDriver@9a7b]&amp#27;[0m Event 'newSessionRequested' logged at 1705055789640 (16:06:29 GMT+0530 (India Standard Time))
&amp#27;[35m[Appium]&amp#27;[39m Attempting to find matching driver for automationName 'UIAutomator2' and platformName 'ANDROID'
&amp#27;[35m[Appium]&amp#27;[39m The 'uiautomator2' driver was installed and matched caps.
&amp#27;[35m[Appium]&amp#27;[39m Will require it at C:\Users\shubh\.appium\node_modules\appium-uiautomator2-driver
&amp#27;[35m[Appium]&amp#27;[39m Requiring driver at C:\Users\shubh\.appium\node_modules\appium-uiautomator2-driver\build\index.js
&amp#27;[38;5;64m[AppiumDriver@9a7b]&amp#27;[0m Appium v2.4.1 creating new AndroidUiautomator2Driver (v2.39.0) session
&amp#27;[38;5;64m[AppiumDriver@9a7b]&amp#27;[0m Checking BaseDriver versions for Appium and AndroidUiautomator2Driver
&amp#27;[38;5;64m[AppiumDriver@9a7b]&amp#27;[0m Appium's BaseDriver version is 9.5.0
&amp#27;[38;5;64m[AppiumDriver@9a7b]&amp#27;[0m AndroidUiautomator2Driver's BaseDriver version is 9.5.0
&amp#27;[38;5;80m[AndroidUiautomator2Driver@3ba3]&amp#27;[0m Creating session with W3C capabilities: {
&amp#27;[38;5;80m[AndroidUiautomator2Driver@3ba3]&amp#27;[0m   "alwaysMatch": {
&amp#27;[38;5;80m[AndroidUiautomator2Driver@3ba3]&amp#27;[0m     "platformName": "ANDROID",
&amp#27;[38;5;80m[AndroidUiautomator2Driver@3ba3]&amp#27;[0m     "appium:app": "F:\\Users\\shubh\\eclipse-workspace\\AppTest/app-release.apk",
&amp#27;[38;5;80m[AndroidUiautomator2Driver@3ba3]&amp#27;[0m     "appium:automationName": "UIAutomator2",
&amp#27;[38;5;80m[AndroidUiautomator2Driver@3ba3]&amp#27;[0m     "appium:deviceName": "emulator-5554",
&amp#27;[38;5;80m[AndroidUiautomator2Driver@3ba3]&amp#27;[0m     "appium:clearDeviceLogsOnStart": true,
&amp#27;[38;5;80m[AndroidUiautomator2Driver@3ba3]&amp#27;[0m     "appium:nativeWebScreenshot": true,
&amp#27;[38;5;80m[AndroidUiautomator2Driver@3ba3]&amp#27;[0m     "appium:mjpegServerPort": 61589,
&amp#27;[38;5;80m[AndroidUiautomator2Driver@3ba3]&amp#27;[0m     "appium:udid": "emulator-5554",
&amp#27;[38;5;80m[AndroidUiautomator2Driver@3ba3]&amp#27;[0m     "appium:systemPort": 61590,
&amp#27;[38;5;80m[AndroidUiautomator2Driver@3ba3]&amp#27;[0m     "appium:chromeDriverPort": 61591,
&amp#27;[38;5;80m[AndroidUiautomator2Driver@3ba3]&amp#27;[0m     "appium:adbPort": 5037
&amp#27;[38;5;80m[AndroidUiautomator2Driver@3ba3]&amp#27;[0m   },
&amp#27;[38;5;80m[AndroidUiautomator2Driver@3ba3]&amp#27;[0m   "firstMatch": [
&amp#27;[38;5;80m[AndroidUiautomator2Driver@3ba3]&amp#27;[0m     {}
&amp#27;[38;5;80m[AndroidUiautomator2Driver@3ba3]&amp#27;[0m   ]
&amp#27;[38;5;80m[AndroidUiautomator2Driver@3ba3]&amp#27;[0m }
&amp#27;[38;5;80m[AndroidUiautomator2Driver@3ba3]&amp#27;[0m The following provided capabilities were not recognized by this driver:
&amp#27;[38;5;80m[AndroidUiautomator2Driver@3ba3]&amp#27;[0m   chromeDriverPort
&amp#27;[38;5;80m[AndroidUiautomator2Driver@3ba3]&amp#27;[0m   adbRemoteHost
&amp#27;[38;5;80m[AndroidUiautomator2Driver@3ba3 (4c35a2bd)]&amp#27;[0m Session created with session id: 4c35a2bd-58e8-49db-84ce-88d874471cd8
&amp#27;[38;5;96m[BaseDriver]&amp#27;[0m Using local app 'F:\Users\shubh\eclipse-workspace\AppTest/app-release.apk'
&amp#27;[38;5;80m[AndroidUiautomator2Driver@3ba3 (4c35a2bd)]&amp#27;[0m Checking whether app is actually present
&amp#27;[38;5;0m[ADB]&amp#27;[0m Found 1 'build-tools' folders under 'C:\Users\shubh\AppData\Local\Android\Sdk' (newest first):
&amp#27;[38;5;0m[ADB]&amp#27;[0m     C:\Users\shubh\AppData\Local\Android\Sdk\build-tools\34.0.0
&amp#27;[38;5;0m[ADB]&amp#27;[0m Using 'adb.exe' from 'C:\Users\shubh\AppData\Local\Android\Sdk\platform-tools\adb.exe'
&amp#27;[38;5;0m[ADB]&amp#27;[0m Running 'C:\Users\shubh\AppData\Local\Android\Sdk\platform-tools\adb.exe -P 5037 start-server'
&amp#27;[38;5;112m[AndroidDriver]&amp#27;[0m Retrieving device list
&amp#27;[38;5;0m[ADB]&amp#27;[0m Trying to find connected Android devices
&amp#27;[38;5;0m[ADB]&amp#27;[0m Getting connected devices
&amp#27;[38;5;0m[ADB]&amp#27;[0m Connected devices: [{"udid":"emulator-5554","state":"device"}]
&amp#27;[38;5;112m[AndroidDriver]&amp#27;[0m Using device: emulator-5554
&amp#27;[38;5;0m[ADB]&amp#27;[0m Using 'adb.exe' from 'C:\Users\shubh\AppData\Local\Android\Sdk\platform-tools\adb.exe'
&amp#27;[38;5;0m[ADB]&amp#27;[0m Running 'C:\Users\shubh\AppData\Local\Android\Sdk\platform-tools\adb.exe -P 5037 start-server'
&amp#27;[38;5;0m[ADB]&amp#27;[0m Setting device id to emulator-5554
&amp#27;[38;5;0m[ADB]&amp#27;[0m Running 'C:\Users\shubh\AppData\Local\Android\Sdk\platform-tools\adb.exe -P 5037 -s emulator-5554 shell getprop ro.build.version.sdk'
&amp#27;[38;5;0m[ADB]&amp#27;[0m Current device property 'ro.build.version.sdk': 34
&amp#27;[38;5;0m[ADB]&amp#27;[0m Getting device platform version
&amp#27;[38;5;0m[ADB]&amp#27;[0m Running 'C:\Users\shubh\AppData\Local\Android\Sdk\platform-tools\adb.exe -P 5037 -s emulator-5554 shell getprop ro.build.version.release'
&amp#27;[38;5;0m[ADB]&amp#27;[0m Current device property 'ro.build.version.release': 14
&amp#27;[38;5;0m[ADB]&amp#27;[0m Device API level: 34
&amp#27;[38;5;80m[AndroidUiautomator2Driver@3ba3 (4c35a2bd)]&amp#27;[0m Relaxing hidden api policy
&amp#27;[38;5;0m[ADB]&amp#27;[0m Running 'C:\Users\shubh\AppData\Local\Android\Sdk\platform-tools\adb.exe -P 5037 -s emulator-5554 shell 'settings put global hidden_api_policy_pre_p_apps 1;settings put global hidden_api_policy_p_apps 1;settings put global hidden_api_policy 1''
&amp#27;[38;5;112m[AndroidDriver]&amp#27;[0m Parsing package and activity from app manifest
&amp#27;[38;5;0m[ADB]&amp#27;[0m Package name: 'com.nixlab.grocery_list_maker'
&amp#27;[38;5;0m[ADB]&amp#27;[0m Main activity name: 'com.nixlab.grocery_list_maker.MainActivity'
&amp#27;[38;5;112m[AndroidDriver]&amp#27;[0m Parsed package and activity are: com.nixlab.grocery_list_maker/com.nixlab.grocery_list_maker.MainActivity
&amp#27;[38;5;0m[ADB]&amp#27;[0m Running 'C:\Users\shubh\AppData\Local\Android\Sdk\platform-tools\adb.exe -P 5037 -s emulator-5554 wait-for-device'
&amp#27;[38;5;0m[ADB]&amp#27;[0m Running 'C:\Users\shubh\AppData\Local\Android\Sdk\platform-tools\adb.exe -P 5037 -s emulator-5554 shell echo ping'
&amp#27;[38;5;112m[AndroidDriver]&amp#27;[0m Pushing settings apk to device...
&amp#27;[38;5;0m[ADB]&amp#27;[0m Getting package info for 'io.appium.settings'
&amp#27;[38;5;0m[ADB]&amp#27;[0m Running 'C:\Users\shubh\AppData\Local\Android\Sdk\platform-tools\adb.exe -P 5037 -s emulator-5554 shell dumpsys package io.appium.settings'
&amp#27;[38;5;0m[ADB]&amp#27;[0m The version name of the installed 'io.appium.settings' is greater or equal to the application version name ('5.2.0' >= '5.2.0')
&amp#27;[38;5;0m[ADB]&amp#27;[0m There is no need to install/upgrade 'C:\Users\shubh\.appium\node_modules\appium-uiautomator2-driver\node_modules\io.appium.settings\apks\settings_apk-debug.apk'
&amp#27;[38;5;0m[ADB]&amp#27;[0m Getting IDs of all 'io.appium.settings' processes
&amp#27;[38;5;0m[ADB]&amp#27;[0m Running 'C:\Users\shubh\AppData\Local\Android\Sdk\platform-tools\adb.exe -P 5037 -s emulator-5554 shell 'pgrep --help; echo $?''
&amp#27;[38;5;0m[ADB]&amp#27;[0m Running 'C:\Users\shubh\AppData\Local\Android\Sdk\platform-tools\adb.exe -P 5037 -s emulator-5554 shell pgrep -f \(\[\[:blank:\]\]\|\^\)io\.appium\.settings\(\[\[:blank:\]\]\|\$\)'
&amp#27;[38;5;112m[AndroidDriver]&amp#27;[0m io.appium.settings is already running. There is no need to reset its permissions.
&amp#27;[38;5;128m[Logcat]&amp#27;[0m Clearing logcat logs from device
&amp#27;[38;5;128m[Logcat]&amp#27;[0m Starting logs capture with command: C:\\Users\\shubh\\AppData\\Local\\Android\\Sdk\\platform-tools\\adb.exe -P 5037 -s emulator-5554 logcat -v threadtime
&amp#27;[38;5;80m[AndroidUiautomator2Driver@3ba3 (4c35a2bd)]&amp#27;[0m Forwarding UiAutomator2 Server port 6790 to local port 61590
&amp#27;[38;5;0m[ADB]&amp#27;[0m Forwarding system: 61590 to device: 6790
&amp#27;[38;5;0m[ADB]&amp#27;[0m Running 'C:\Users\shubh\AppData\Local\Android\Sdk\platform-tools\adb.exe -P 5037 -s emulator-5554 forward tcp:61590 tcp:6790'
&amp#27;[38;5;80m[AndroidUiautomator2Driver@3ba3 (4c35a2bd)]&amp#27;[0m MJPEG broadcasting requested, forwarding MJPEG server port 7810 to local port 61589
&amp#27;[38;5;0m[ADB]&amp#27;[0m Forwarding system: 61589 to device: 7810
&amp#27;[38;5;0m[ADB]&amp#27;[0m Running 'C:\Users\shubh\AppData\Local\Android\Sdk\platform-tools\adb.exe -P 5037 -s emulator-5554 forward tcp:61589 tcp:7810'
&amp#27;[38;5;0m[ADB]&amp#27;[0m Checking app cert for C:\Users\shubh\.appium\node_modules\appium-uiautomator2-driver\node_modules\appium-uiautomator2-server\apks\appium-uiautomator2-server-v6.0.0.apk
&amp#27;[38;5;0m[ADB]&amp#27;[0m Checking app cert for C:\Users\shubh\.appium\node_modules\appium-uiautomator2-driver\node_modules\appium-uiautomator2-server\apks\appium-uiautomator2-server-debug-androidTest.apk
&amp#27;[38;5;0m[ADB]&amp#27;[0m Using 'apksigner.jar' from 'C:\Users\shubh\AppData\Local\Android\Sdk\build-tools\34.0.0\lib\apksigner.jar'
&amp#27;[38;5;0m[ADB]&amp#27;[0m Starting apksigner: 'C:\\Program Files\\Java\\jdk-20\\bin\\java.exe' -Xmx1024M -Xss1m -jar C:\\Users\\shubh\\AppData\\Local\\Android\\Sdk\\build-tools\\34.0.0\\lib\\apksigner.jar verify --print-certs C:\\Users\\shubh\\.appium\\node_modules\\appium-uiautomator2-driver\\node_modules\\appium-uiautomator2-server\\apks\\appium-uiautomator2-server-debug-androidTest.apk
&amp#27;[38;5;0m[ADB]&amp#27;[0m Starting apksigner: 'C:\\Program Files\\Java\\jdk-20\\bin\\java.exe' -Xmx1024M -Xss1m -jar C:\\Users\\shubh\\AppData\\Local\\Android\\Sdk\\build-tools\\34.0.0\\lib\\apksigner.jar verify --print-certs C:\\Users\\shubh\\.appium\\node_modules\\appium-uiautomator2-driver\\node_modules\\appium-uiautomator2-server\\apks\\appium-uiautomator2-server-v6.0.0.apk
&amp#27;[38;5;0m[ADB]&amp#27;[0m apksigner stdout: Signer #1 certificate DN: EMAILADDRESS=android@android.com, CN=Android, OU=Android, O=Android, L=Mountain View, ST=California, C=US
&amp#27;[38;5;0m[ADB]&amp#27;[0m Signer #1 certificate SHA-256 digest: a40da80a59d170caa950cf15c18c454d47a39b26989d8b640ecd745ba71bf5dc
&amp#27;[38;5;0m[ADB]&amp#27;[0m Signer #1 certificate SHA-1 digest: 61ed377e85d386a8dfee6b864bd85b0bfaa5af81
&amp#27;[38;5;0m[ADB]&amp#27;[0m Signer #1 certificate MD5 digest: e89b158e4bcf988ebd09eb83f5378e87
&amp#27;[38;5;0m[ADB]&amp#27;[0m 
&amp#27;[38;5;0m[ADB]&amp#27;[0m sha256 hash did match for 'appium-uiautomator2-server-debug-androidTest.apk'
&amp#27;[38;5;0m[ADB]&amp#27;[0m 'C:\Users\shubh\.appium\node_modules\appium-uiautomator2-driver\node_modules\appium-uiautomator2-server\apks\appium-uiautomator2-server-debug-androidTest.apk' is signed with the default certificate
&amp#27;[38;5;0m[ADB]&amp#27;[0m Getting install status for io.appium.uiautomator2.server.test
&amp#27;[38;5;0m[ADB]&amp#27;[0m Running 'C:\Users\shubh\AppData\Local\Android\Sdk\platform-tools\adb.exe -P 5037 -s emulator-5554 shell pm path io.appium.uiautomator2.server.test'
&amp#27;[38;5;0m[ADB]&amp#27;[0m 'io.appium.uiautomator2.server.test' is installed
&amp#27;[38;5;0m[ADB]&amp#27;[0m apksigner stdout: Signer #1 certificate DN: EMAILADDRESS=android@android.com, CN=Android, OU=Android, O=Android, L=Mountain View, ST=California, C=US
&amp#27;[38;5;0m[ADB]&amp#27;[0m Signer #1 certificate SHA-256 digest: a40da80a59d170caa950cf15c18c454d47a39b26989d8b640ecd745ba71bf5dc
&amp#27;[38;5;0m[ADB]&amp#27;[0m Signer #1 certificate SHA-1 digest: 61ed377e85d386a8dfee6b864bd85b0bfaa5af81
&amp#27;[38;5;0m[ADB]&amp#27;[0m Signer #1 certificate MD5 digest: e89b158e4bcf988ebd09eb83f5378e87
&amp#27;[38;5;0m[ADB]&amp#27;[0m 
&amp#27;[38;5;0m[ADB]&amp#27;[0m sha256 hash did match for 'appium-uiautomator2-server-v6.0.0.apk'
&amp#27;[38;5;0m[ADB]&amp#27;[0m 'C:\Users\shubh\.appium\node_modules\appium-uiautomator2-driver\node_modules\appium-uiautomator2-server\apks\appium-uiautomator2-server-v6.0.0.apk' is signed with the default certificate
&amp#27;[38;5;0m[ADB]&amp#27;[0m Getting package info for 'io.appium.uiautomator2.server'
&amp#27;[38;5;0m[ADB]&amp#27;[0m Running 'C:\Users\shubh\AppData\Local\Android\Sdk\platform-tools\adb.exe -P 5037 -s emulator-5554 shell dumpsys package io.appium.uiautomator2.server'
&amp#27;[38;5;0m[ADB]&amp#27;[0m The version name of the installed 'io.appium.uiautomator2.server' is greater or equal to the application version name ('6.0.0' >= '6.0.0')
&amp#27;[38;5;80m[AndroidUiautomator2Driver@3ba3 (4c35a2bd)]&amp#27;[0m Server packages status: [{"wasSigned":true,"installState":"sameVersionInstalled","appPath":"C:\\Users\\shubh\\.appium\\node_modules\\appium-uiautomator2-driver\\node_modules\\appium-uiautomator2-server\\apks\\appium-uiautomator2-server-v6.0.0.apk","appId":"io.appium.uiautomator2.server"},{"wasSigned":true,"installState":"sameVersionInstalled","appPath":"C:\\Users\\shubh\\.appium\\node_modules\\appium-uiautomator2-driver\\node_modules\\appium-uiautomator2-server\\apks\\appium-uiautomator2-server-debug-androidTest.apk","appId":"io.appium.uiautomator2.server.test"}]
&amp#27;[38;5;80m[AndroidUiautomator2Driver@3ba3 (4c35a2bd)]&amp#27;[0m Server packages are not going to be (re)installed
&amp#27;[38;5;80m[AndroidUiautomator2Driver@3ba3 (4c35a2bd)]&amp#27;[0m Waiting up to 30000ms for services to be available
&amp#27;[38;5;0m[ADB]&amp#27;[0m Running 'C:\Users\shubh\AppData\Local\Android\Sdk\platform-tools\adb.exe -P 5037 -s emulator-5554 shell pm list instrumentation'
&amp#27;[38;5;80m[AndroidUiautomator2Driver@3ba3 (4c35a2bd)]&amp#27;[0m Instrumentation target 'io.appium.uiautomator2.server.test/androidx.test.runner.AndroidJUnitRunner' is available
&amp#27;[38;5;0m[ADB]&amp#27;[0m Adding packages ["io.appium.settings","io.appium.uiautomator2.server","io.appium.uiautomator2.server.test"] to Doze whitelist
&amp#27;[38;5;0m[ADB]&amp#27;[0m Got the following command chunks to execute: [["dumpsys","deviceidle","whitelist","+io.appium.settings",";","dumpsys","deviceidle","whitelist","+io.appium.uiautomator2.server",";","dumpsys","deviceidle","whitelist","+io.appium.uiautomator2.server.test",";"]]
&amp#27;[38;5;0m[ADB]&amp#27;[0m Running 'C:\Users\shubh\AppData\Local\Android\Sdk\platform-tools\adb.exe -P 5037 -s emulator-5554 shell dumpsys deviceidle whitelist +io.appium.settings ; dumpsys deviceidle whitelist +io.appium.uiautomator2.server ; dumpsys deviceidle whitelist +io.appium.uiautomator2.server.test ;'
&amp#27;[38;5;0m[ADB]&amp#27;[0m Checking app cert for F:\Users\shubh\eclipse-workspace\AppTest/app-release.apk
&amp#27;[38;5;0m[ADB]&amp#27;[0m Starting apksigner: 'C:\\Program Files\\Java\\jdk-20\\bin\\java.exe' -Xmx1024M -Xss1m -jar C:\\Users\\shubh\\AppData\\Local\\Android\\Sdk\\build-tools\\34.0.0\\lib\\apksigner.jar verify --print-certs F:\\Users\\shubh\\eclipse-workspace\\AppTest/app-release.apk
&amp#27;[38;5;0m[ADB]&amp#27;[0m apksigner stdout: Signer #1 certificate DN: CN=Nikhil Rajput, OU=Development, O=NixLab Technologies, L=Gaya, ST=Bihar, C=IN
&amp#27;[38;5;0m[ADB]&amp#27;[0m Signer #1 certificate SHA-256 digest: e53074f544e22c77ccddd969389b7e4130e3b8a3d15c80ed8afb6121963557e0
&amp#27;[38;5;0m[ADB]&amp#27;[0m Signer #1 certificate SHA-1 digest: 6988706f099f9d044d05f9174258ed93b5651710
&amp#27;[38;5;0m[ADB]&amp#27;[0m Signer #1 certificate MD5 digest: abaa76eb0a9d1d370683f835a1f121d1
&amp#27;[38;5;0m[ADB]&amp#27;[0m 
&amp#27;[38;5;0m[ADB]&amp#27;[0m 'F:\Users\shubh\eclipse-workspace\AppTest/app-release.apk' is signed with a non-default certificate
&amp#27;[38;5;0m[ADB]&amp#27;[0m Getting package info for 'com.nixlab.grocery_list_maker'
&amp#27;[38;5;0m[ADB]&amp#27;[0m Running 'C:\Users\shubh\AppData\Local\Android\Sdk\platform-tools\adb.exe -P 5037 -s emulator-5554 shell dumpsys package com.nixlab.grocery_list_maker'
&amp#27;[38;5;0m[ADB]&amp#27;[0m The version name of the installed 'com.nixlab.grocery_list_maker' is greater or equal to the application version name ('1.0.1' >= '1.0.1')
&amp#27;[38;5;0m[ADB]&amp#27;[0m There is no need to install/upgrade 'F:\Users\shubh\eclipse-workspace\AppTest/app-release.apk'
&amp#27;[38;5;112m[AndroidDriver]&amp#27;[0m Performing fast reset on 'com.nixlab.grocery_list_maker'
&amp#27;[38;5;0m[ADB]&amp#27;[0m Getting install status for com.nixlab.grocery_list_maker
&amp#27;[38;5;0m[ADB]&amp#27;[0m Running 'C:\Users\shubh\AppData\Local\Android\Sdk\platform-tools\adb.exe -P 5037 -s emulator-5554 shell pm path com.nixlab.grocery_list_maker'
&amp#27;[38;5;0m[ADB]&amp#27;[0m 'com.nixlab.grocery_list_maker' is installed
&amp#27;[38;5;0m[ADB]&amp#27;[0m Running 'C:\Users\shubh\AppData\Local\Android\Sdk\platform-tools\adb.exe -P 5037 -s emulator-5554 shell am force-stop com.nixlab.grocery_list_maker'
&amp#27;[38;5;0m[ADB]&amp#27;[0m Running 'C:\Users\shubh\AppData\Local\Android\Sdk\platform-tools\adb.exe -P 5037 -s emulator-5554 shell pm clear com.nixlab.grocery_list_maker'
&amp#27;[38;5;112m[AndroidDriver]&amp#27;[0m Performed fast reset on the installed 'com.nixlab.grocery_list_maker' application (stop and clear)
&amp#27;[38;5;80m[AndroidUiautomator2Driver@3ba3 (4c35a2bd)]&amp#27;[0m Performing shallow cleanup of automation leftovers
&amp#27;[38;5;80m[AndroidUiautomator2Driver@3ba3 (4c35a2bd)]&amp#27;[0m No obsolete sessions have been detected (socket hang up)
&amp#27;[38;5;0m[ADB]&amp#27;[0m Running 'C:\Users\shubh\AppData\Local\Android\Sdk\platform-tools\adb.exe -P 5037 -s emulator-5554 shell am force-stop io.appium.uiautomator2.server.test'
&amp#27;[38;5;80m[AndroidUiautomator2Driver@3ba3 (4c35a2bd)]&amp#27;[0m Starting UIAutomator2 server 6.0.0
&amp#27;[38;5;80m[AndroidUiautomator2Driver@3ba3 (4c35a2bd)]&amp#27;[0m Using UIAutomator2 server from 'C:\Users\shubh\.appium\node_modules\appium-uiautomator2-driver\node_modules\appium-uiautomator2-server\apks\appium-uiautomator2-server-v6.0.0.apk' and test from 'C:\Users\shubh\.appium\node_modules\appium-uiautomator2-driver\node_modules\appium-uiautomator2-server\apks\appium-uiautomator2-server-debug-androidTest.apk'
&amp#27;[38;5;80m[AndroidUiautomator2Driver@3ba3 (4c35a2bd)]&amp#27;[0m Waiting up to 30000ms for UiAutomator2 to be online...
&amp#27;[38;5;0m[ADB]&amp#27;[0m Creating ADB subprocess with args: ["-P","5037","-s","emulator-5554","shell","am","instrument","-w","-e","disableAnalytics","true","io.appium.uiautomator2.server.test/androidx.test.runner.AndroidJUnitRunner"]
&amp#27;[38;5;80m[AndroidUiautomator2Driver@3ba3 (4c35a2bd)]&amp#27;[0m Matched '/status' to command name 'getStatus'
&amp#27;[38;5;80m[AndroidUiautomator2Driver@3ba3 (4c35a2bd)]&amp#27;[0m Proxying [GET /status] to [GET http://127.0.0.1:61590/status] with no body
&amp#27;[38;5;80m[AndroidUiautomator2Driver@3ba3 (4c35a2bd)]&amp#27;[0m socket hang up
&amp#27;[38;5;80m[AndroidUiautomator2Driver@3ba3 (4c35a2bd)]&amp#27;[0m Matched '/status' to command name 'getStatus'
&amp#27;[38;5;80m[AndroidUiautomator2Driver@3ba3 (4c35a2bd)]&amp#27;[0m Proxying [GET /status] to [GET http://127.0.0.1:61590/status] with no body
&amp#27;[38;5;80m[AndroidUiautomator2Driver@3ba3 (4c35a2bd)]&amp#27;[0m socket hang up
&amp#27;[38;5;144m[Instrumentation]&amp#27;[0m io.appium.uiautomator2.server.test.AppiumUiAutomator2Server:
&amp#27;[38;5;80m[AndroidUiautomator2Driver@3ba3 (4c35a2bd)]&amp#27;[0m Matched '/status' to command name 'getStatus'
&amp#27;[38;5;80m[AndroidUiautomator2Driver@3ba3 (4c35a2bd)]&amp#27;[0m Proxying [GET /status] to [GET http://127.0.0.1:61590/status] with no body
&amp#27;[38;5;80m[AndroidUiautomator2Driver@3ba3 (4c35a2bd)]&amp#27;[0m socket hang up
&amp#27;[38;5;80m[AndroidUiautomator2Driver@3ba3 (4c35a2bd)]&amp#27;[0m Matched '/status' to command name 'getStatus'
&amp#27;[38;5;80m[AndroidUiautomator2Driver@3ba3 (4c35a2bd)]&amp#27;[0m Proxying [GET /status] to [GET http://127.0.0.1:61590/status] with no body
&amp#27;[38;5;80m[AndroidUiautomator2Driver@3ba3 (4c35a2bd)]&amp#27;[0m Got response with status 200: {"sessionId":"None","value":{"message":"UiAutomator2 Server is ready to accept commands","ready":true}}
&amp#27;[38;5;80m[AndroidUiautomator2Driver@3ba3 (4c35a2bd)]&amp#27;[0m The initialization of the instrumentation process took 3212ms
&amp#27;[38;5;80m[AndroidUiautomator2Driver@3ba3 (4c35a2bd)]&amp#27;[0m Matched '/session' to command name 'createSession'
&amp#27;[38;5;80m[AndroidUiautomator2Driver@3ba3 (4c35a2bd)]&amp#27;[0m Proxying [POST /session] to [POST http://127.0.0.1:61590/session] with body: {"capabilities":{"firstMatch":[{"platformName":"ANDROID","app":"F:\\Users\\shubh\\eclipse-workspace\\AppTest/app-release.apk","automationName":"UIAutomator2","deviceName":"emulator-5554","clearDeviceLogsOnStart":true,"nativeWebScreenshot":true,"mjpegServerPort":61589,"udid":"emulator-5554","systemPort":61590,"chromeDriverPort":61591,"adbPort":5037,"platform":"LINUX","webStorageEnabled":false,"takesScreenshot":true,"javascriptEnabled":true,"databaseEnabled":false,"networkConnectionEnabled":true,"locationContextEnabled":false,"warnings":{},"desired":{"platformName":"ANDROID","app":"F:\\Users\\shubh\\eclipse-workspace\\AppTest/app-release.apk","automationName":"UIAutomator2","deviceName":"emulator-5554","clearDeviceLogsOnStart":true,"nativeWebScreenshot":true,"mjpegServerPort":61589,"udid":"emulator-5554","systemPort":61590,"chromeDriverPort":61591,"adbPort":5037},"deviceUDID":"emulator-5554","appPackage":"com.nixlab.grocery_list_maker"}],"alwaysMatch":{}}}
&amp#27;[38;5;80m[AndroidUiautomator2Driver@3ba3 (4c35a2bd)]&amp#27;[0m Got response with status 200: {"sessionId":"dd11ca2d-30e3-41e6-802a-45937baf374f","value":{"capabilities":{"firstMatch":[{"platformName":"ANDROID","app":"F:\\Users\\shubh\\eclipse-workspace\\AppTest/app-release.apk","automationName":"UIAutomator2","deviceName":"emulator-5554","clearDeviceLogsOnStart":true,"nativeWebScreenshot":true,"mjpegServerPort":61589,"udid":"emulator-5554","systemPort":61590,"chromeDriverPort":61591,"adbPort":5037,"platform":"LINUX","webStorageEnabled":false,"takesScreenshot":true,"javascriptEnabled":true,"databaseEnabled":false,"networkConnectionEnabled":true,"locationContextEnabled":false,"warnings":{},"desired":{"platformName":"ANDROID","app":"F:\\Users\\shubh\\eclipse-workspace\\AppTest/app-release.apk","automationName":"UIAutomator2","deviceName":"emulator-5554","clearDeviceLogsOnStart":true,"nativeWebScreenshot":true,"mjpegServerPort":61589,"udid":"emulator-5554","systemPort":61590,"chromeDriverPort":61591,"adbPort":5037},"deviceUDID":"emulator-5554","appPackage":"com.nixlab.grocery_list_maker"}],"alwaysMatc...
&amp#27;[38;5;80m[AndroidUiautomator2Driver@3ba3 (4c35a2bd)]&amp#27;[0m Determined the downstream protocol as 'W3C'
&amp#27;[38;5;80m[AndroidUiautomator2Driver@3ba3 (4c35a2bd)]&amp#27;[0m Proxying [GET /appium/device/pixel_ratio] to [GET http://127.0.0.1:61590/session/dd11ca2d-30e3-41e6-802a-45937baf374f/appium/device/pixel_ratio] with no body
&amp#27;[38;5;80m[AndroidUiautomator2Driver@3ba3 (4c35a2bd)]&amp#27;[0m Matched '/appium/device/system_bars' to command name 'getSystemBars'
&amp#27;[38;5;80m[AndroidUiautomator2Driver@3ba3 (4c35a2bd)]&amp#27;[0m Proxying [GET /appium/device/system_bars] to [GET http://127.0.0.1:61590/session/dd11ca2d-30e3-41e6-802a-45937baf374f/appium/device/system_bars] with no body
&amp#27;[38;5;80m[AndroidUiautomator2Driver@3ba3 (4c35a2bd)]&amp#27;[0m Matched '/window/current/size' to command name 'getWindowSize'
&amp#27;[38;5;80m[AndroidUiautomator2Driver@3ba3 (4c35a2bd)]&amp#27;[0m Proxying [GET /window/current/size] to [GET http://127.0.0.1:61590/session/dd11ca2d-30e3-41e6-802a-45937baf374f/window/current/size] with no body
&amp#27;[38;5;80m[AndroidUiautomator2Driver@3ba3 (4c35a2bd)]&amp#27;[0m Proxying [GET /appium/device/info] to [GET http://127.0.0.1:61590/session/dd11ca2d-30e3-41e6-802a-45937baf374f/appium/device/info] with no body
&amp#27;[38;5;0m[ADB]&amp#27;[0m Running 'C:\Users\shubh\AppData\Local\Android\Sdk\platform-tools\adb.exe -P 5037 -s emulator-5554 shell dumpsys window'
&amp#27;[38;5;80m[AndroidUiautomator2Driver@3ba3 (4c35a2bd)]&amp#27;[0m Got response with status 200: {"sessionId":"dd11ca2d-30e3-41e6-802a-45937baf374f","value":2.75}
&amp#27;[38;5;80m[AndroidUiautomator2Driver@3ba3 (4c35a2bd)]&amp#27;[0m Got response with status 200: {"sessionId":"dd11ca2d-30e3-41e6-802a-45937baf374f","value":{"statusBar":66}}
&amp#27;[38;5;80m[AndroidUiautomator2Driver@3ba3 (4c35a2bd)]&amp#27;[0m Got response with status 200: {"sessionId":"dd11ca2d-30e3-41e6-802a-45937baf374f","value":{"height":2220,"width":1080}}
&amp#27;[38;5;112m[AndroidDriver]&amp#27;[0m Screen already unlocked, doing nothing
&amp#27;[38;5;80m[AndroidUiautomator2Driver@3ba3 (4c35a2bd)]&amp#27;[0m Starting 'com.nixlab.grocery_list_maker/com.nixlab.grocery_list_maker.MainActivity and waiting for 'com.nixlab.grocery_list_maker/com.nixlab.grocery_list_maker.MainActivity'
&amp#27;[38;5;0m[ADB]&amp#27;[0m Running 'C:\Users\shubh\AppData\Local\Android\Sdk\platform-tools\adb.exe -P 5037 -s emulator-5554 shell am start -W -n com.nixlab.grocery_list_maker/com.nixlab.grocery_list_maker.MainActivity -S -a android.intent.action.MAIN -c android.intent.category.LAUNCHER -f 0x10200000'
&amp#27;[38;5;80m[AndroidUiautomator2Driver@3ba3 (4c35a2bd)]&amp#27;[0m Got response with status 200: {"sessionId":"dd11ca2d-30e3-41e6-802a-45937baf374f","value":{"androidId":"976cb0b83bcb351b","apiVersion":"34","bluetooth":{"state":"ON"},"brand":"google","carrierName":"T-Mobile","displayDensity":440,"locale":"en_US","manufacturer":"Google","model":"sdk_gphone64_x86_64","networks":[{"capabilities":{"SSID":null,"linkDownBandwidthKbps":30000,"linkUpstreamBandwidthKbps":12000,"networkCapabilities":"NET_CAPABILITY_NOT_METERED,NET_CAPABILITY_INTERNET,NET_CAPABILITY_NOT_RESTRICTED,NET_CAPABILITY_TRUSTED,NET_CAPABILITY_NOT_VPN,NET_CAPABILITY_VALIDATED,NET_CAPABILITY_NOT_ROAMING,NET_CAPABILITY_FOREGROUND,NET_CAPABILITY_NOT_CONGESTED,NET_CAPABILITY_NOT_SUSPENDED","signalStrength":-50,"transportTypes":"TRANSPORT_WIFI"},"detailedState":"CONNECTED","extraInfo":"","isAvailable":true,"isConnected":true,"isFailover":false,"isRoaming":false,"state":"CONNECTED","subtype":-1,"subtypeName":"","type":1,"typeName":"WIFI"},{"capabilities":{"SSID":null,"linkDownBandwidthKbps":30000,"linkUpstreamBandwidthKbps":15000,"networkCapab...
&amp#27;[38;5;0m[ADB]&amp#27;[0m Waiting up to 20000ms for activity matching pkg: 'com.nixlab.grocery_list_maker' and activity: 'com.nixlab.grocery_list_maker.MainActivity' to be focused
&amp#27;[38;5;0m[ADB]&amp#27;[0m Possible activities, to be checked: 'com.nixlab.grocery_list_maker.MainActivity', 'com.nixlab.grocery_list_maker.com.nixlab.grocery_list_maker.MainActivity'
&amp#27;[38;5;0m[ADB]&amp#27;[0m Getting focused package and activity
&amp#27;[38;5;0m[ADB]&amp#27;[0m Running 'C:\Users\shubh\AppData\Local\Android\Sdk\platform-tools\adb.exe -P 5037 -s emulator-5554 shell dumpsys window displays'
&amp#27;[38;5;0m[ADB]&amp#27;[0m Found package: 'com.nixlab.grocery_list_maker' and fully qualified activity name : 'com.nixlab.grocery_list_maker.MainActivity'
&amp#27;[38;5;64m[AppiumDriver@9a7b]&amp#27;[0m New AndroidUiautomator2Driver session created successfully, session 4c35a2bd-58e8-49db-84ce-88d874471cd8 added to master session list
&amp#27;[38;5;64m[AppiumDriver@9a7b]&amp#27;[0m Event 'newSessionStarted' logged at 1705055799300 (16:06:39 GMT+0530 (India Standard Time))
&amp#27;[38;5;160m[wait-plugin]&amp#27;[0m Timeout properties set for session 4c35a2bd-58e8-49db-84ce-88d874471cd8 is {"timeout":10000,"intervalBetweenAttempts":500,"excludeEnabledCheck":[]}
&amp#27;[38;5;160m[wait-plugin]&amp#27;[0m session 4c35a2bd-58e8-49db-84ce-88d874471cd8 is created with {"timeout":10000,"intervalBetweenAttempts":500,"excludeEnabledCheck":[]}
&amp#27;[38;5;16m[device-farm-main]&amp#27;[0m 📱 Session response: 
&amp#27;[38;5;16m[device-farm-main]&amp#27;[0m {"protocol":"W3C","value":["4c35a2bd-58e8-49db-84ce-88d874471cd8",{"platformName":"ANDROID","app":"F:\\Users\\shubh\\eclipse-workspace\\AppTest/app-release.apk","automationName":"UIAutomator2","deviceName":"emulator-5554","clearDeviceLogsOnStart":true,"nativeWebScreenshot":true,"mjpegServerPort":61589,"udid":"emulator-5554","systemPort":61590,"chromeDriverPort":61591,"adbPort":5037,"platform":"LINUX","webStorageEnabled":false,"takesScreenshot":true,"javascriptEnabled":true,"databaseEnabled":false,"networkConnectionEnabled":true,"locationContextEnabled":false,"warnings":{},"desired":{"platformName":"ANDROID","app":"F:\\Users\\shubh\\eclipse-workspace\\AppTest/app-release.apk","automationName":"UIAutomator2","deviceName":"emulator-5554","clearDeviceLogsOnStart":true,"nativeWebScreenshot":true,"mjpegServerPort":61589,"udid":"emulator-5554","systemPort":61590,"chromeDriverPort":61591,"adbPort":5037},"deviceUDID":"emulator-5554","appPackage":"com.nixlab.grocery_list_maker","pixelRatio":"2.75","statBarHeight":66,"viewportRect":{"left":0,"top":66,"width":1080,"height":2154},"deviceApiLevel":34,"platformVersion":"14","deviceManufacturer":"Google","deviceModel":"sdk_gphone64_x86_64","deviceScreenSize":"1080x2220","deviceScreenDensity":440},"W3C"]}
&amp#27;[38;5;16m[device-farm-main]&amp#27;[0m 📱 Removing pending session with capability_id: 7e039962-d79a-4c1d-ab88-0dec5f5ff05f
&amp#27;[38;5;16m[device-farm-main]&amp#27;[0m 📱 Device UDID emulator-5554 blocked for session 4c35a2bd-58e8-49db-84ce-88d874471cd8
&amp#27;[38;5;16m[device-farm-main]&amp#27;[0m Updating allocated device: "{"userBlocked":false,"offline":false,"adbPort":5037,"systemPort":61577,"sdk":"14","realDevice":false,"name":"sdk_gphone64_x86_64","busy":false,"state":"device","udid":"emulator-5554","platform":"android","deviceType":"emulator","host":"http://192.168.95.171:4723","totalUtilizationTimeMilliSec":2797258,"sessionStartTime":0,"meta":{"revision":1,"created":1705055788904,"version":0,"updated":1705055788908},"$loki":1}"
&amp#27;[38;5;16m[device-farm-main]&amp#27;[0m 📱 Updating Device emulator-5554 with session ID 4c35a2bd-58e8-49db-84ce-88d874471cd8
&amp#27;[38;5;32m[appium-dashboard]&amp#27;[0m Adb found. Creating device profiler
&amp#27;[38;5;48m[HTTP]&amp#27;[0m &amp#27;[37m-->&amp#27;[39m &amp#27;[37mPOST&amp#27;[39m &amp#27;[37m/wd-internal/session/4c35a2bd-58e8-49db-84ce-88d874471cd8/appium/start_recording_screen&amp#27;[39m
&amp#27;[38;5;48m[HTTP]&amp#27;[0m &amp#27;[90m{"options":{"videoType":"libx264","videoFps":10,"videoScale":"1280:720","videoSize":"1280x720","timeLimit":1800}}&amp#27;[39m
&amp#27;[38;5;16m[device-farm-main]&amp#27;[0m Updating lastCmdExecutedAt for device emulator-5554 in session 4c35a2bd-58e8-49db-84ce-88d874471cd8
&amp#27;[38;5;80m[AndroidUiautomator2Driver@3ba3 (4c35a2bd)]&amp#27;[0m Calling AppiumDriver.startRecordingScreen() with args: [{"videoType":"libx264","videoFps":10,"videoScale":"1280:720","videoSize":"1280x720","timeLimit":1800},"4c35a2bd-58e8-49db-84ce-88d874471cd8"]
&amp#27;[38;5;16m[device-farm-main]&amp#27;[0m 📱 Plugin Args: {"platform":"android","androidDeviceType":"both","iosDeviceType":"both"}
&amp#27;[38;5;64m[AppiumDriver@9a7b]&amp#27;[0m Clearing new command timeout pre-emptively since plugin(s) will handle this command
&amp#27;[38;5;64m[AppiumDriver@9a7b]&amp#27;[0m Plugins which can handle cmd 'startRecordingScreen': element-wait,device-farm,appium-dashboard
&amp#27;[38;5;64m[AppiumDriver@9a7b]&amp#27;[0m Plugin appium-dashboard is now handling cmd 'startRecordingScreen'
&amp#27;[38;5;64m[AppiumDriver@9a7b]&amp#27;[0m Plugin device-farm is now handling cmd 'startRecordingScreen'
&amp#27;[38;5;64m[AppiumDriver@9a7b]&amp#27;[0m Plugin element-wait is now handling cmd 'startRecordingScreen'
&amp#27;[38;5;64m[AppiumDriver@9a7b]&amp#27;[0m Executing default handling behavior for command 'startRecordingScreen'
&amp#27;[38;5;16m[device-farm-main]&amp#27;[0m Updating lastCmdExecutedAt for device emulator-5554 in session 4c35a2bd-58e8-49db-84ce-88d874471cd8
&amp#27;[38;5;0m[ADB]&amp#27;[0m Getting IDs of all 'screenrecord' processes
&amp#27;[38;5;0m[ADB]&amp#27;[0m Running 'C:\Users\shubh\AppData\Local\Android\Sdk\platform-tools\adb.exe -P 5037 -s emulator-5554 shell pgrep -f \(\[\[:blank:\]\]\|\^\)screenrecord\(\[\[:blank:\]\]\|\$\)'
&amp#27;[38;5;80m[AndroidUiautomator2Driver@3ba3 (4c35a2bd)]&amp#27;[0m Screen recording has not been previously started by Appium. There is nothing to stop
&amp#27;[38;5;0m[ADB]&amp#27;[0m Getting IDs of all 'screenrecord' processes
&amp#27;[38;5;0m[ADB]&amp#27;[0m Running 'C:\Users\shubh\AppData\Local\Android\Sdk\platform-tools\adb.exe -P 5037 -s emulator-5554 shell pgrep -f \(\[\[:blank:\]\]\|\^\)screenrecord\(\[\[:blank:\]\]\|\$\)'
&amp#27;[38;5;0m[ADB]&amp#27;[0m Building screenrecord process with the command line: adb -P 5037 -s emulator-5554 shell screenrecord --size 1280x720 --time-limit 180 /sdcard/25335d91.mp4
&amp#27;[38;5;0m[ADB]&amp#27;[0m Running 'C:\Users\shubh\AppData\Local\Android\Sdk\platform-tools\adb.exe -P 5037 -s emulator-5554 shell "[ -e '/sdcard/25335d91.mp4' ] && echo __PASS__"'
&amp#27;[38;5;0m[ADB]&amp#27;[0m Running 'C:\Users\shubh\AppData\Local\Android\Sdk\platform-tools\adb.exe -P 5037 -s emulator-5554 shell "[ -e '/sdcard/25335d91.mp4' ] && echo __PASS__"'
&amp#27;[38;5;80m[AndroidUiautomator2Driver@3ba3 (4c35a2bd)]&amp#27;[0m Responding to client with driver.startRecordingScreen() result: ""
&amp#27;[38;5;48m[HTTP]&amp#27;[0m &amp#27;[37m<-- POST /session/4c35a2bd-58e8-49db-84ce-88d874471cd8/appium/start_recording_screen &amp#27;[39m&amp#27;[32m200&amp#27;[39m &amp#27;[90m1147 ms - 12&amp#27;[39m
&amp#27;[38;5;48m[HTTP]&amp#27;[0m &amp#27;[90m&amp#27;[39m
&amp#27;[38;5;64m[AppiumDriver@9a7b]&amp#27;[0m Promoting 3 sessionless plugins to be attached to session ID 4c35a2bd-58e8-49db-84ce-88d874471cd8
&amp#27;[38;5;80m[AndroidUiautomator2Driver@3ba3 (4c35a2bd)]&amp#27;[0m Cached the protocol value 'W3C' for the new session 4c35a2bd-58e8-49db-84ce-88d874471cd8
&amp#27;[38;5;80m[AndroidUiautomator2Driver@3ba3 (4c35a2bd)]&amp#27;[0m Responding to client with driver.createSession() result: {"capabilities":{"platformName":"ANDROID","app":"F:\\Users\\shubh\\eclipse-workspace\\AppTest/app-release.apk","automationName":"UIAutomator2","deviceName":"emulator-5554","clearDeviceLogsOnStart":true,"nativeWebScreenshot":true,"mjpegServerPort":61589,"udid":"emulator-5554","systemPort":61590,"chromeDriverPort":61591,"adbPort":5037,"platform":"LINUX","webStorageEnabled":false,"takesScreenshot":true,"javascriptEnabled":true,"databaseEnabled":false,"networkConnectionEnabled":true,"locationContextEnabled":false,"warnings":{},"desired":{"platformName":"ANDROID","app":"F:\\Users\\shubh\\eclipse-workspace\\AppTest/app-release.apk","automationName":"UIAutomator2","deviceName":"emulator-5554","clearDeviceLogsOnStart":true,"nativeWebScreenshot":true,"mjpegServerPort":61589,"udid":"emulator-5554","systemPort":61590,"chromeDriverPort":61591,"adbPort":5037},"deviceUDID":"emulator-5554","appPackage":"com.nixlab.grocery_list_maker","pixelRatio":"2.75","statBarHeight":66,"viewportRect":{"left":0,"top":66,"width":1080,"h...
&amp#27;[38;5;48m[HTTP]&amp#27;[0m &amp#27;[37m<-- POST /session &amp#27;[39m&amp#27;[32m200&amp#27;[39m &amp#27;[90m12218 ms - 1262&amp#27;[39m
&amp#27;[38;5;48m[HTTP]&amp#27;[0m &amp#27;[90m&amp#27;[39m
&amp#27;[38;5;48m[HTTP]&amp#27;[0m &amp#27;[37m-->&amp#27;[39m &amp#27;[37mGET&amp#27;[39m &amp#27;[37m/session/4c35a2bd-58e8-49db-84ce-88d874471cd8/context&amp#27;[39m
&amp#27;[38;5;48m[HTTP]&amp#27;[0m &amp#27;[90m{}&amp#27;[39m
&amp#27;[38;5;16m[device-farm-main]&amp#27;[0m Updating lastCmdExecutedAt for device emulator-5554 in session 4c35a2bd-58e8-49db-84ce-88d874471cd8
&amp#27;[38;5;80m[AndroidUiautomator2Driver@3ba3 (4c35a2bd)]&amp#27;[0m Calling AppiumDriver.getCurrentContext() with args: ["4c35a2bd-58e8-49db-84ce-88d874471cd8"]
&amp#27;[38;5;64m[AppiumDriver@9a7b]&amp#27;[0m Clearing new command timeout pre-emptively since plugin(s) will handle this command
&amp#27;[38;5;64m[AppiumDriver@9a7b]&amp#27;[0m Plugins which can handle cmd 'getCurrentContext': element-wait,device-farm,appium-dashboard
&amp#27;[38;5;64m[AppiumDriver@9a7b]&amp#27;[0m Plugin appium-dashboard is now handling cmd 'getCurrentContext'
&amp#27;[38;5;64m[AppiumDriver@9a7b]&amp#27;[0m Plugin device-farm is now handling cmd 'getCurrentContext'
&amp#27;[38;5;64m[AppiumDriver@9a7b]&amp#27;[0m Plugin element-wait is now handling cmd 'getCurrentContext'
&amp#27;[38;5;64m[AppiumDriver@9a7b]&amp#27;[0m Executing default handling behavior for command 'getCurrentContext'
&amp#27;[38;5;16m[device-farm-main]&amp#27;[0m Updating lastCmdExecutedAt for device emulator-5554 in session 4c35a2bd-58e8-49db-84ce-88d874471cd8
&amp#27;[38;5;80m[AndroidUiautomator2Driver@3ba3 (4c35a2bd)]&amp#27;[0m Responding to client with driver.getCurrentContext() result: "NATIVE_APP"
&amp#27;[38;5;48m[HTTP]&amp#27;[0m &amp#27;[37m<-- GET /session/4c35a2bd-58e8-49db-84ce-88d874471cd8/context &amp#27;[39m&amp#27;[32m200&amp#27;[39m &amp#27;[90m457 ms - 22&amp#27;[39m
&amp#27;[38;5;48m[HTTP]&amp#27;[0m &amp#27;[90m&amp#27;[39m
&amp#27;[38;5;48m[HTTP]&amp#27;[0m &amp#27;[37m-->&amp#27;[39m &amp#27;[37mPOST&amp#27;[39m &amp#27;[37m/session/4c35a2bd-58e8-49db-84ce-88d874471cd8/element&amp#27;[39m
&amp#27;[38;5;48m[HTTP]&amp#27;[0m &amp#27;[90m{"using":"accessibility id","value":"ADD NEW LIST"}&amp#27;[39m
&amp#27;[38;5;16m[device-farm-main]&amp#27;[0m Updating lastCmdExecutedAt for device emulator-5554 in session 4c35a2bd-58e8-49db-84ce-88d874471cd8
&amp#27;[38;5;80m[AndroidUiautomator2Driver@3ba3 (4c35a2bd)]&amp#27;[0m Calling AppiumDriver.findElement() with args: ["accessibility id","ADD NEW LIST","4c35a2bd-58e8-49db-84ce-88d874471cd8"]
&amp#27;[38;5;64m[AppiumDriver@9a7b]&amp#27;[0m Clearing new command timeout pre-emptively since plugin(s) will handle this command
&amp#27;[38;5;64m[AppiumDriver@9a7b]&amp#27;[0m Plugins which can handle cmd 'findElement': element-wait,device-farm,appium-dashboard
&amp#27;[38;5;64m[AppiumDriver@9a7b]&amp#27;[0m Plugin appium-dashboard is now handling cmd 'findElement'
&amp#27;[38;5;64m[AppiumDriver@9a7b]&amp#27;[0m Plugin device-farm is now handling cmd 'findElement'
&amp#27;[38;5;64m[AppiumDriver@9a7b]&amp#27;[0m Plugin element-wait is now handling cmd 'findElement'
- Waiting to find element with accessibility id strategy for ADD NEW LIST selector
&amp#27;[38;5;16m[device-farm-main]&amp#27;[0m Updating lastCmdExecutedAt for device emulator-5554 in session 4c35a2bd-58e8-49db-84ce-88d874471cd8
&amp#27;[38;5;160m[wait-plugin]&amp#27;[0m Element with accessibility id strategy for ADD NEW LIST selector found.
&amp#27;[38;5;160m[wait-plugin]&amp#27;[0m Check if element is displayed
&amp#27;[38;5;80m[AndroidUiautomator2Driver@3ba3 (4c35a2bd)]&amp#27;[0m Matched '/element/00000000-0000-0040-0000-000600000003/attribute/displayed' to command name 'getAttribute'
&amp#27;[38;5;80m[AndroidUiautomator2Driver@3ba3 (4c35a2bd)]&amp#27;[0m Proxying [GET /element/00000000-0000-0040-0000-000600000003/attribute/displayed] to [GET http://127.0.0.1:61590/session/dd11ca2d-30e3-41e6-802a-45937baf374f/element/00000000-0000-0040-0000-000600000003/attribute/displayed] with no body
&amp#27;[38;5;80m[AndroidUiautomator2Driver@3ba3 (4c35a2bd)]&amp#27;[0m Got response with status 200: {"sessionId":"dd11ca2d-30e3-41e6-802a-45937baf374f","value":"true"}
&amp#27;[38;5;160m[wait-plugin]&amp#27;[0m Element is displayed!
√ Waiting to find element with accessibility id strategy for ADD NEW LIST selector
&amp#27;[38;5;64m[AppiumDriver@9a7b]&amp#27;[0m Executing default handling behavior for command 'findElement'
&amp#27;[38;5;80m[AndroidUiautomator2Driver@3ba3 (4c35a2bd)]&amp#27;[0m Valid locator strategies for this request: xpath, id, class name, accessibility id, css selector, -android uiautomator
&amp#27;[38;5;80m[AndroidUiautomator2Driver@3ba3 (4c35a2bd)]&amp#27;[0m Waiting up to 0 ms for condition
&amp#27;[38;5;80m[AndroidUiautomator2Driver@3ba3 (4c35a2bd)]&amp#27;[0m Matched '/element' to command name 'findElement'
&amp#27;[38;5;80m[AndroidUiautomator2Driver@3ba3 (4c35a2bd)]&amp#27;[0m Proxying [POST /element] to [POST http://127.0.0.1:61590/session/dd11ca2d-30e3-41e6-802a-45937baf374f/element] with body: {"strategy":"accessibility id","selector":"ADD NEW LIST","context":"","multiple":false}
&amp#27;[38;5;80m[AndroidUiautomator2Driver@3ba3 (4c35a2bd)]&amp#27;[0m Got response with status 200: {"sessionId":"dd11ca2d-30e3-41e6-802a-45937baf374f","value":{"ELEMENT":"00000000-0000-0040-0000-000600000003","element-6066-11e4-a52e-4f735466cecf":"00000000-0000-0040-0000-000600000003"}}
&amp#27;[38;5;80m[AndroidUiautomator2Driver@3ba3 (4c35a2bd)]&amp#27;[0m Responding to client with driver.findElement() result: {"element-6066-11e4-a52e-4f735466cecf":"00000000-0000-0040-0000-000600000003","ELEMENT":"00000000-0000-0040-0000-000600000003"}
&amp#27;[38;5;48m[HTTP]&amp#27;[0m &amp#27;[37m<-- POST /session/4c35a2bd-58e8-49db-84ce-88d874471cd8/element &amp#27;[39m&amp#27;[32m200&amp#27;[39m &amp#27;[90m318 ms - 137&amp#27;[39m
&amp#27;[38;5;48m[HTTP]&amp#27;[0m &amp#27;[90m&amp#27;[39m
&amp#27;[38;5;48m[HTTP]&amp#27;[0m &amp#27;[37m-->&amp#27;[39m &amp#27;[37mPOST&amp#27;[39m &amp#27;[37m/session/4c35a2bd-58e8-49db-84ce-88d874471cd8/element/00000000-0000-0040-0000-000600000003/click&amp#27;[39m
&amp#27;[38;5;48m[HTTP]&amp#27;[0m &amp#27;[90m{"id":"00000000-0000-0040-0000-000600000003"}&amp#27;[39m
&amp#27;[38;5;16m[device-farm-main]&amp#27;[0m Updating lastCmdExecutedAt for device emulator-5554 in session 4c35a2bd-58e8-49db-84ce-88d874471cd8
&amp#27;[38;5;80m[AndroidUiautomator2Driver@3ba3 (4c35a2bd)]&amp#27;[0m Calling AppiumDriver.click() with args: ["00000000-0000-0040-0000-000600000003","4c35a2bd-58e8-49db-84ce-88d874471cd8"]
&amp#27;[38;5;64m[AppiumDriver@9a7b]&amp#27;[0m Clearing new command timeout pre-emptively since plugin(s) will handle this command
&amp#27;[38;5;64m[AppiumDriver@9a7b]&amp#27;[0m Plugins which can handle cmd 'click': element-wait,device-farm,appium-dashboard
&amp#27;[38;5;64m[AppiumDriver@9a7b]&amp#27;[0m Plugin appium-dashboard is now handling cmd 'click'
&amp#27;[38;5;64m[AppiumDriver@9a7b]&amp#27;[0m Plugin device-farm is now handling cmd 'click'
&amp#27;[38;5;64m[AppiumDriver@9a7b]&amp#27;[0m Plugin element-wait is now handling cmd 'click'
&amp#27;[38;5;160m[wait-plugin]&amp#27;[0m Wait for element to be clickable
&amp#27;[38;5;80m[AndroidUiautomator2Driver@3ba3 (4c35a2bd)]&amp#27;[0m Matched '/element/00000000-0000-0040-0000-000600000003/attribute/enabled' to command name 'getAttribute'
&amp#27;[38;5;80m[AndroidUiautomator2Driver@3ba3 (4c35a2bd)]&amp#27;[0m Proxying [GET /element/00000000-0000-0040-0000-000600000003/attribute/enabled] to [GET http://127.0.0.1:61590/session/dd11ca2d-30e3-41e6-802a-45937baf374f/element/00000000-0000-0040-0000-000600000003/attribute/enabled] with no body
&amp#27;[38;5;16m[device-farm-main]&amp#27;[0m Updating lastCmdExecutedAt for device emulator-5554 in session 4c35a2bd-58e8-49db-84ce-88d874471cd8
&amp#27;[38;5;80m[AndroidUiautomator2Driver@3ba3 (4c35a2bd)]&amp#27;[0m Got response with status 200: {"sessionId":"dd11ca2d-30e3-41e6-802a-45937baf374f","value":"true"}
&amp#27;[38;5;160m[wait-plugin]&amp#27;[0m Element is enabled
&amp#27;[38;5;64m[AppiumDriver@9a7b]&amp#27;[0m Executing default handling behavior for command 'click'
&amp#27;[38;5;80m[AndroidUiautomator2Driver@3ba3 (4c35a2bd)]&amp#27;[0m Matched '/element/00000000-0000-0040-0000-000600000003/click' to command name 'click'
&amp#27;[38;5;80m[AndroidUiautomator2Driver@3ba3 (4c35a2bd)]&amp#27;[0m Proxying [POST /element/00000000-0000-0040-0000-000600000003/click] to [POST http://127.0.0.1:61590/session/dd11ca2d-30e3-41e6-802a-45937baf374f/element/00000000-0000-0040-0000-000600000003/click] with body: {"element":"00000000-0000-0040-0000-000600000003"}
&amp#27;[38;5;80m[AndroidUiautomator2Driver@3ba3 (4c35a2bd)]&amp#27;[0m Got response with status 200: {"sessionId":"dd11ca2d-30e3-41e6-802a-45937baf374f","value":null}
&amp#27;[38;5;48m[HTTP]&amp#27;[0m &amp#27;[37m-->&amp#27;[39m &amp#27;[37mGET&amp#27;[39m &amp#27;[37m/wd-internal/session/4c35a2bd-58e8-49db-84ce-88d874471cd8/screenshot&amp#27;[39m
&amp#27;[38;5;48m[HTTP]&amp#27;[0m &amp#27;[90m{}&amp#27;[39m
&amp#27;[38;5;16m[device-farm-main]&amp#27;[0m Updating lastCmdExecutedAt for device emulator-5554 in session 4c35a2bd-58e8-49db-84ce-88d874471cd8
&amp#27;[38;5;80m[AndroidUiautomator2Driver@3ba3 (4c35a2bd)]&amp#27;[0m Calling AppiumDriver.getScreenshot() with args: ["4c35a2bd-58e8-49db-84ce-88d874471cd8"]
&amp#27;[38;5;64m[AppiumDriver@9a7b]&amp#27;[0m Clearing new command timeout pre-emptively since plugin(s) will handle this command
&amp#27;[38;5;64m[AppiumDriver@9a7b]&amp#27;[0m Plugins which can handle cmd 'getScreenshot': element-wait,device-farm,appium-dashboard
&amp#27;[38;5;64m[AppiumDriver@9a7b]&amp#27;[0m Plugin appium-dashboard is now handling cmd 'getScreenshot'
&amp#27;[38;5;64m[AppiumDriver@9a7b]&amp#27;[0m Plugin device-farm is now handling cmd 'getScreenshot'
&amp#27;[38;5;64m[AppiumDriver@9a7b]&amp#27;[0m Plugin element-wait is now handling cmd 'getScreenshot'
&amp#27;[38;5;64m[AppiumDriver@9a7b]&amp#27;[0m Executing default handling behavior for command 'getScreenshot'
&amp#27;[38;5;16m[device-farm-main]&amp#27;[0m Updating lastCmdExecutedAt for device emulator-5554 in session 4c35a2bd-58e8-49db-84ce-88d874471cd8
&amp#27;[38;5;80m[AndroidUiautomator2Driver@3ba3 (4c35a2bd)]&amp#27;[0m Matched '/screenshot' to command name 'getScreenshot'
&amp#27;[38;5;80m[AndroidUiautomator2Driver@3ba3 (4c35a2bd)]&amp#27;[0m Proxying [GET /screenshot] to [GET http://127.0.0.1:61590/session/dd11ca2d-30e3-41e6-802a-45937baf374f/screenshot] with no body
&amp#27;[38;5;80m[AndroidUiautomator2Driver@3ba3 (4c35a2bd)]&amp#27;[0m Got response with status 200: {"sessionId":"dd11ca2d-30e3-41e6-802a-45937baf374f","value":"iVBORw0KGgoAAAANSUhEUgAABDgAAAisCAYAAACtR1KuAAAAAXNSR0IArs4c6QAAAARzQklUCAgICHwIZIgAACAASURBVHic7N15XFTX3QbwZ4Zt2AVkETdEEFQ2FRQUxX2NS5pU05rEpM3WpG8SY5q2b5s27VubJnVJzL4nGrOa3WgqrrgBigsoiwiILLLIAAPDALO9f/BhyggzcwdmBgae718O99xzD9vIfe45vyOqrKzUgoiIiIiIiIjIjon7ewBERERERERERH3FgIOIiIiIiIiI7B4DDiIiIiIiIiKyeww4iIiIiIiIiMjuMeAgIiIiIiIiIrvHgIOIiIiIiIiI7B4DDiIiIiIiIiKyeww4iIiIiIiIiMjuMeAgIiIiIiIiIrvHgIOIiIiIiIiI7B4DDiIiIiIiIiKyeww4iIiIiIiIiMjuMeAgIiIiIiIiIrvHgIOIiIiIiIiI7J5jfw+A6FZqtRrt7e1QKpUoLS1FYWEhCgsL0dzcjBEjRiAsLAzh4eHw8/ODRCKBo6MjxGJmdfZIq9VCrVZDo9FApVJBo9EAAEQiEcRise576+Dg0M8jJSIiIhp8FAoFqqqqIJPJIJfLoVAo4OrqCnd3d3h5eSEoKAiurq79PUyLq6+vh4+Pj02ulZqaavT4+PHjERoaapOxDAWiyspKbX8Pgkij0UCtVqOtrQ21tbXIy8tDfn4+6urqoFQqu7V3cnLCqFGjEB0djfHjx8Pb2xtOTk5wdHSESCTqh8/AMq5fv45XX33V7PNEIhEmTpyI9evXw8nJyQojsxytVguVSoXW1lYoFApIpVI0Njairq4O7e3tAACxWAxXV1cMHz4c3t7e8PHxgYuLC1xcXBh2EBEREfVSeXk5rl69iqKiIlRWVqKpqcnkOZ6enggODsb48eMRHh6OkSNH2mCk1nPy5EnU1dVh1apVNrneM888Y/R4aGgo...
&amp#27;[38;5;80m[AndroidUiautomator2Driver@3ba3 (4c35a2bd)]&amp#27;[0m Responding to client with driver.getScreenshot() result: "iVBORw0KGgoAAAANSUhEUgAABDgAAAisCAYAAACtR1KuAAAAAXNSR0IArs4c6QAAAARzQklUCAgICHwIZIgAACAASURBVHic7N15XFTX3QbwZ4Zt2AVkETdEEFQ2FRQUxX2NS5pU05rEpM3WpG8SY5q2b5s27VubJnVJzL4nGrOa3WgqrrgBigsoiwiILLLIAAPDALO9f/BhyggzcwdmBgae718O99xzD9vIfe45vyOqrKzUgoiIiIiIiIjIjon7ewBERERERERERH3FgIOIiIiIiIiI7B4DDiIiIiIiIiKyeww4iIiIiIiIiMjuMeAgIiIiIiIiIrvHgIOIiIiIiIiI7B4DDiIiIiIiIiKyeww4iIiIiIiIiMjuMeAgIiIiIiIiIrvHgIOIiIiIiIiI7B4DDiIiIiIiIiKyeww4iIiIiIiIiMjuMeAgIiIiIiIiIrvHgIOIiIiIiIiI7J5jfw+A6FZqtRrt7e1QKpUoLS1FYWEhCgsL0dzcjBEjRiAsLAzh4eHw8/ODRCKBo6MjxGJmdfZIq9VCrVZDo9FApVJBo9EAAEQiEcRise576+Dg0M8jJSIiIhp8FAoFqqqqIJPJIJfLoVAo4OrqCnd3d3h5eSEoKAiurq79PUyLq6+vh4+Pj02ulZqaavT4+PHjERoaapOxDAWiyspKbX8Pgkij0UCtVqOtrQ21tbXIy8tDfn4+6urqoFQqu7V3cnLCqFGjEB0djfHjx8Pb2xtOTk5wdHSESCTqh8/AMq5fv45XX33V7PNEIhEmTpyI9evXw8nJyQojsxytVguVSoXW1lYoFApIpVI0Njairq4O7e3tAACxWAxXV1cMHz4c3t7e8PHxgYuLC1xcXBh2EBEREfVSeXk5rl69iqKiIlRWVqKpqcnkOZ6enggODsb48eMRHh6OkSNH2mCk1nPy5EnU1dVh1apVNrneM888Y/R4aGgoHnnkEZuMZSjgDA7qN51P71UqFerr63H16lWcOXMGtbW1UKvV3dqLxWJotVpo...
&amp#27;[38;5;48m[HTTP]&amp#27;[0m &amp#27;[37m<-- GET /session/4c35a2bd-58e8-49db-84ce-88d874471cd8/screenshot &amp#27;[39m&amp#27;[32m200&amp#27;[39m &amp#27;[90m999 ms - 50640&amp#27;[39m
&amp#27;[38;5;48m[HTTP]&amp#27;[0m &amp#27;[90m&amp#27;[39m
&amp#27;[38;5;80m[AndroidUiautomator2Driver@3ba3 (4c35a2bd)]&amp#27;[0m Responding to client with driver.click() result: null
&amp#27;[38;5;48m[HTTP]&amp#27;[0m &amp#27;[37m<-- POST /session/4c35a2bd-58e8-49db-84ce-88d874471cd8/element/00000000-0000-0040-0000-000600000003/click &amp#27;[39m&amp#27;[32m200&amp#27;[39m &amp#27;[90m1241 ms - 14&amp#27;[39m
&amp#27;[38;5;48m[HTTP]&amp#27;[0m &amp#27;[90m&amp#27;[39m
&amp#27;[38;5;48m[HTTP]&amp#27;[0m &amp#27;[37m-->&amp#27;[39m &amp#27;[37mGET&amp#27;[39m &amp#27;[37m/session/4c35a2bd-58e8-49db-84ce-88d874471cd8/context&amp#27;[39m
&amp#27;[38;5;48m[HTTP]&amp#27;[0m &amp#27;[90m{}&amp#27;[39m
&amp#27;[38;5;16m[device-farm-main]&amp#27;[0m Updating lastCmdExecutedAt for device emulator-5554 in session 4c35a2bd-58e8-49db-84ce-88d874471cd8
&amp#27;[38;5;80m[AndroidUiautomator2Driver@3ba3 (4c35a2bd)]&amp#27;[0m Calling AppiumDriver.getCurrentContext() with args: ["4c35a2bd-58e8-49db-84ce-88d874471cd8"]
&amp#27;[38;5;64m[AppiumDriver@9a7b]&amp#27;[0m Clearing new command timeout pre-emptively since plugin(s) will handle this command
&amp#27;[38;5;64m[AppiumDriver@9a7b]&amp#27;[0m Plugins which can handle cmd 'getCurrentContext': element-wait,device-farm,appium-dashboard
&amp#27;[38;5;64m[AppiumDriver@9a7b]&amp#27;[0m Plugin appium-dashboard is now handling cmd 'getCurrentContext'
&amp#27;[38;5;64m[AppiumDriver@9a7b]&amp#27;[0m Plugin device-farm is now handling cmd 'getCurrentContext'
&amp#27;[38;5;64m[AppiumDriver@9a7b]&amp#27;[0m Plugin element-wait is now handling cmd 'getCurrentContext'
&amp#27;[38;5;64m[AppiumDriver@9a7b]&amp#27;[0m Executing default handling behavior for command 'getCurrentContext'
&amp#27;[38;5;16m[device-farm-main]&amp#27;[0m Updating lastCmdExecutedAt for device emulator-5554 in session 4c35a2bd-58e8-49db-84ce-88d874471cd8
&amp#27;[38;5;80m[AndroidUiautomator2Driver@3ba3 (4c35a2bd)]&amp#27;[0m Responding to client with driver.getCurrentContext() result: "NATIVE_APP"
&amp#27;[38;5;48m[HTTP]&amp#27;[0m &amp#27;[37m<-- GET /session/4c35a2bd-58e8-49db-84ce-88d874471cd8/context &amp#27;[39m&amp#27;[32m200&amp#27;[39m &amp#27;[90m57 ms - 22&amp#27;[39m
&amp#27;[38;5;48m[HTTP]&amp#27;[0m &amp#27;[90m&amp#27;[39m
&amp#27;[38;5;48m[HTTP]&amp#27;[0m &amp#27;[37m-->&amp#27;[39m &amp#27;[37mPOST&amp#27;[39m &amp#27;[37m/session/4c35a2bd-58e8-49db-84ce-88d874471cd8/element&amp#27;[39m
&amp#27;[38;5;48m[HTTP]&amp#27;[0m &amp#27;[90m{"using":"class name","value":"android.widget.EditText"}&amp#27;[39m
&amp#27;[38;5;16m[device-farm-main]&amp#27;[0m Updating lastCmdExecutedAt for device emulator-5554 in session 4c35a2bd-58e8-49db-84ce-88d874471cd8
&amp#27;[38;5;80m[AndroidUiautomator2Driver@3ba3 (4c35a2bd)]&amp#27;[0m Calling AppiumDriver.findElement() with args: ["class name","android.widget.EditText","4c35a2bd-58e8-49db-84ce-88d874471cd8"]
&amp#27;[38;5;64m[AppiumDriver@9a7b]&amp#27;[0m Clearing new command timeout pre-emptively since plugin(s) will handle this command
&amp#27;[38;5;64m[AppiumDriver@9a7b]&amp#27;[0m Plugins which can handle cmd 'findElement': element-wait,device-farm,appium-dashboard
&amp#27;[38;5;64m[AppiumDriver@9a7b]&amp#27;[0m Plugin appium-dashboard is now handling cmd 'findElement'
&amp#27;[38;5;64m[AppiumDriver@9a7b]&amp#27;[0m Plugin device-farm is now handling cmd 'findElement'
&amp#27;[38;5;64m[AppiumDriver@9a7b]&amp#27;[0m Plugin element-wait is now handling cmd 'findElement'
- Waiting to find element with class name strategy for android.widget.EditText selector
&amp#27;[38;5;16m[device-farm-main]&amp#27;[0m Updating lastCmdExecutedAt for device emulator-5554 in session 4c35a2bd-58e8-49db-84ce-88d874471cd8
&amp#27;[38;5;160m[wait-plugin]&amp#27;[0m Element with class name strategy for android.widget.EditText selector found.
&amp#27;[38;5;160m[wait-plugin]&amp#27;[0m Check if element is displayed
&amp#27;[38;5;80m[AndroidUiautomator2Driver@3ba3 (4c35a2bd)]&amp#27;[0m Matched '/element/00000000-0000-0040-0000-000c00000003/attribute/displayed' to command name 'getAttribute'
&amp#27;[38;5;80m[AndroidUiautomator2Driver@3ba3 (4c35a2bd)]&amp#27;[0m Proxying [GET /element/00000000-0000-0040-0000-000c00000003/attribute/displayed] to [GET http://127.0.0.1:61590/session/dd11ca2d-30e3-41e6-802a-45937baf374f/element/00000000-0000-0040-0000-000c00000003/attribute/displayed] with no body
&amp#27;[38;5;80m[AndroidUiautomator2Driver@3ba3 (4c35a2bd)]&amp#27;[0m Got response with status 200: {"sessionId":"dd11ca2d-30e3-41e6-802a-45937baf374f","value":"true"}
&amp#27;[38;5;160m[wait-plugin]&amp#27;[0m Element is displayed!
√ Waiting to find element with class name strategy for android.widget.EditText selector
&amp#27;[38;5;64m[AppiumDriver@9a7b]&amp#27;[0m Executing default handling behavior for command 'findElement'
&amp#27;[38;5;80m[AndroidUiautomator2Driver@3ba3 (4c35a2bd)]&amp#27;[0m Valid locator strategies for this request: xpath, id, class name, accessibility id, css selector, -android uiautomator
&amp#27;[38;5;80m[AndroidUiautomator2Driver@3ba3 (4c35a2bd)]&amp#27;[0m Waiting up to 0 ms for condition
&amp#27;[38;5;80m[AndroidUiautomator2Driver@3ba3 (4c35a2bd)]&amp#27;[0m Matched '/element' to command name 'findElement'
&amp#27;[38;5;80m[AndroidUiautomator2Driver@3ba3 (4c35a2bd)]&amp#27;[0m Proxying [POST /element] to [POST http://127.0.0.1:61590/session/dd11ca2d-30e3-41e6-802a-45937baf374f/element] with body: {"strategy":"class name","selector":"android.widget.EditText","context":"","multiple":false}
&amp#27;[38;5;80m[AndroidUiautomator2Driver@3ba3 (4c35a2bd)]&amp#27;[0m Got response with status 200: {"sessionId":"dd11ca2d-30e3-41e6-802a-45937baf374f","value":{"ELEMENT":"00000000-0000-0040-0000-000c00000003","element-6066-11e4-a52e-4f735466cecf":"00000000-0000-0040-0000-000c00000003"}}
&amp#27;[38;5;80m[AndroidUiautomator2Driver@3ba3 (4c35a2bd)]&amp#27;[0m Responding to client with driver.findElement() result: {"element-6066-11e4-a52e-4f735466cecf":"00000000-0000-0040-0000-000c00000003","ELEMENT":"00000000-0000-0040-0000-000c00000003"}
&amp#27;[38;5;48m[HTTP]&amp#27;[0m &amp#27;[37m<-- POST /session/4c35a2bd-58e8-49db-84ce-88d874471cd8/element &amp#27;[39m&amp#27;[32m200&amp#27;[39m &amp#27;[90m251 ms - 137&amp#27;[39m
&amp#27;[38;5;48m[HTTP]&amp#27;[0m &amp#27;[90m&amp#27;[39m
&amp#27;[38;5;48m[HTTP]&amp#27;[0m &amp#27;[37m-->&amp#27;[39m &amp#27;[37mPOST&amp#27;[39m &amp#27;[37m/session/4c35a2bd-58e8-49db-84ce-88d874471cd8/element/00000000-0000-0040-0000-000c00000003/click&amp#27;[39m
&amp#27;[38;5;48m[HTTP]&amp#27;[0m &amp#27;[90m{"id":"00000000-0000-0040-0000-000c00000003"}&amp#27;[39m
&amp#27;[38;5;16m[device-farm-main]&amp#27;[0m Updating lastCmdExecutedAt for device emulator-5554 in session 4c35a2bd-58e8-49db-84ce-88d874471cd8
&amp#27;[38;5;80m[AndroidUiautomator2Driver@3ba3 (4c35a2bd)]&amp#27;[0m Calling AppiumDriver.click() with args: ["00000000-0000-0040-0000-000c00000003","4c35a2bd-58e8-49db-84ce-88d874471cd8"]
&amp#27;[38;5;64m[AppiumDriver@9a7b]&amp#27;[0m Clearing new command timeout pre-emptively since plugin(s) will handle this command
&amp#27;[38;5;64m[AppiumDriver@9a7b]&amp#27;[0m Plugins which can handle cmd 'click': element-wait,device-farm,appium-dashboard
&amp#27;[38;5;64m[AppiumDriver@9a7b]&amp#27;[0m Plugin appium-dashboard is now handling cmd 'click'
&amp#27;[38;5;64m[AppiumDriver@9a7b]&amp#27;[0m Plugin device-farm is now handling cmd 'click'
&amp#27;[38;5;64m[AppiumDriver@9a7b]&amp#27;[0m Plugin element-wait is now handling cmd 'click'
&amp#27;[38;5;160m[wait-plugin]&amp#27;[0m Wait for element to be clickable
&amp#27;[38;5;80m[AndroidUiautomator2Driver@3ba3 (4c35a2bd)]&amp#27;[0m Matched '/element/00000000-0000-0040-0000-000c00000003/attribute/enabled' to command name 'getAttribute'
&amp#27;[38;5;80m[AndroidUiautomator2Driver@3ba3 (4c35a2bd)]&amp#27;[0m Proxying [GET /element/00000000-0000-0040-0000-000c00000003/attribute/enabled] to [GET http://127.0.0.1:61590/session/dd11ca2d-30e3-41e6-802a-45937baf374f/element/00000000-0000-0040-0000-000c00000003/attribute/enabled] with no body
&amp#27;[38;5;16m[device-farm-main]&amp#27;[0m Updating lastCmdExecutedAt for device emulator-5554 in session 4c35a2bd-58e8-49db-84ce-88d874471cd8
&amp#27;[38;5;80m[AndroidUiautomator2Driver@3ba3 (4c35a2bd)]&amp#27;[0m Got response with status 200: {"sessionId":"dd11ca2d-30e3-41e6-802a-45937baf374f","value":"true"}
&amp#27;[38;5;160m[wait-plugin]&amp#27;[0m Element is enabled
&amp#27;[38;5;64m[AppiumDriver@9a7b]&amp#27;[0m Executing default handling behavior for command 'click'
&amp#27;[38;5;80m[AndroidUiautomator2Driver@3ba3 (4c35a2bd)]&amp#27;[0m Matched '/element/00000000-0000-0040-0000-000c00000003/click' to command name 'click'
&amp#27;[38;5;80m[AndroidUiautomator2Driver@3ba3 (4c35a2bd)]&amp#27;[0m Proxying [POST /element/00000000-0000-0040-0000-000c00000003/click] to [POST http://127.0.0.1:61590/session/dd11ca2d-30e3-41e6-802a-45937baf374f/element/00000000-0000-0040-0000-000c00000003/click] with body: {"element":"00000000-0000-0040-0000-000c00000003"}
&amp#27;[38;5;80m[AndroidUiautomator2Driver@3ba3 (4c35a2bd)]&amp#27;[0m Got response with status 200: {"sessionId":"dd11ca2d-30e3-41e6-802a-45937baf374f","value":null}
&amp#27;[38;5;48m[HTTP]&amp#27;[0m &amp#27;[37m-->&amp#27;[39m &amp#27;[37mGET&amp#27;[39m &amp#27;[37m/wd-internal/session/4c35a2bd-58e8-49db-84ce-88d874471cd8/screenshot&amp#27;[39m
&amp#27;[38;5;48m[HTTP]&amp#27;[0m &amp#27;[90m{}&amp#27;[39m
&amp#27;[38;5;16m[device-farm-main]&amp#27;[0m Updating lastCmdExecutedAt for device emulator-5554 in session 4c35a2bd-58e8-49db-84ce-88d874471cd8
&amp#27;[38;5;80m[AndroidUiautomator2Driver@3ba3 (4c35a2bd)]&amp#27;[0m Calling AppiumDriver.getScreenshot() with args: ["4c35a2bd-58e8-49db-84ce-88d874471cd8"]
&amp#27;[38;5;64m[AppiumDriver@9a7b]&amp#27;[0m Clearing new command timeout pre-emptively since plugin(s) will handle this command
&amp#27;[38;5;64m[AppiumDriver@9a7b]&amp#27;[0m Plugins which can handle cmd 'getScreenshot': element-wait,device-farm,appium-dashboard
&amp#27;[38;5;64m[AppiumDriver@9a7b]&amp#27;[0m Plugin appium-dashboard is now handling cmd 'getScreenshot'
&amp#27;[38;5;64m[AppiumDriver@9a7b]&amp#27;[0m Plugin device-farm is now handling cmd 'getScreenshot'
&amp#27;[38;5;64m[AppiumDriver@9a7b]&amp#27;[0m Plugin element-wait is now handling cmd 'getScreenshot'
&amp#27;[38;5;64m[AppiumDriver@9a7b]&amp#27;[0m Executing default handling behavior for command 'getScreenshot'
&amp#27;[38;5;16m[device-farm-main]&amp#27;[0m Updating lastCmdExecutedAt for device emulator-5554 in session 4c35a2bd-58e8-49db-84ce-88d874471cd8
&amp#27;[38;5;80m[AndroidUiautomator2Driver@3ba3 (4c35a2bd)]&amp#27;[0m Matched '/screenshot' to command name 'getScreenshot'
&amp#27;[38;5;80m[AndroidUiautomator2Driver@3ba3 (4c35a2bd)]&amp#27;[0m Proxying [GET /screenshot] to [GET http://127.0.0.1:61590/session/dd11ca2d-30e3-41e6-802a-45937baf374f/screenshot] with no body
&amp#27;[38;5;80m[AndroidUiautomator2Driver@3ba3 (4c35a2bd)]&amp#27;[0m Got response with status 200: {"sessionId":"dd11ca2d-30e3-41e6-802a-45937baf374f","value":"iVBORw0KGgoAAAANSUhEUgAABDgAAAisCAYAAACtR1KuAAAAAXNSR0IArs4c6QAAAARzQklUCAgICHwIZIgAACAASURBVHic7N15XFTX3QbwZ4Zt2AVkETdEEFQ2FRQUxX2NS5pU05rEpM3WpG8SY5q2b5s27VubJnVJzL4nGrOa3WgqrrgBigsoiwiILLLIAAPDALO9f/BhyggzcwdmBgae718O99xzD9vIfe45vyOqrKzUgoiIiIiIiIjIjon7ewBERERERERERH3FgIOIiIiIiIiI7B4DDiIiIiIiIiKyeww4iIiIiIiIiMjuMeAgIiIiIiIiIrvHgIOIiIiIiIiI7B4DDiIiIiIiIiKyeww4iIiIiIiIiMjuMeAgIiIiIiIiIrvHgIOIiIiIiIiI7B4DDiIiIiIiIiKyeww4iIiIiIiIiMjuMeAgIiIiIiIiIrvHgIOIiIiIiIiI7J5jfw+A6FZqtRrt7e1QKpUoLS1FYWEhCgsL0dzcjBEjRiAsLAzh4eHw8/ODRCKBo6MjxGJmdfZIq9VCrVZDo9FApVJBo9EAAEQiEcRise576+Dg0M8jJSIiIhp8FAoFqqqqIJPJIJfLoVAo4OrqCnd3d3h5eSEoKAiurq79PUyLq6+vh4+Pj02ulZqaavT4+PHjERoaapOxDAWiyspKbX8Pgkij0UCtVqOtrQ21tbXIy8tDfn4+6urqoFQqu7V3cnLCqFGjEB0djfHjx8Pb2xtOTk5wdHSESCTqh8/AMq5fv45XX33V7PNEIhEmTpyI9evXw8nJyQojsxytVguVSoXW1lYoFApIpVI0Njairq4O7e3tAACxWAxXV1cMHz4c3t7e8PHxgYuLC1xcXBh2EBEREfVSeXk5rl69iqKiIlRWVqKpqcnkOZ6enggODsb48eMRHh6OkSNH2mCk1nPy5EnU1dVh1apVNrneM888Y/R4aGgo...
&amp#27;[38;5;80m[AndroidUiautomator2Driver@3ba3 (4c35a2bd)]&amp#27;[0m Responding to client with driver.getScreenshot() result: "iVBORw0KGgoAAAANSUhEUgAABDgAAAisCAYAAACtR1KuAAAAAXNSR0IArs4c6QAAAARzQklUCAgICHwIZIgAACAASURBVHic7N15XFTX3QbwZ4Zt2AVkETdEEFQ2FRQUxX2NS5pU05rEpM3WpG8SY5q2b5s27VubJnVJzL4nGrOa3WgqrrgBigsoiwiILLLIAAPDALO9f/BhyggzcwdmBgae718O99xzD9vIfe45vyOqrKzUgoiIiIiIiIjIjon7ewBERERERERERH3FgIOIiIiIiIiI7B4DDiIiIiIiIiKyeww4iIiIiIiIiMjuMeAgIiIiIiIiIrvHgIOIiIiIiIiI7B4DDiIiIiIiIiKyeww4iIiIiIiIiMjuMeAgIiIiIiIiIrvHgIOIiIiIiIiI7B4DDiIiIiIiIiKyeww4iIiIiIiIiMjuMeAgIiIiIiIiIrvHgIOIiIiIiIiI7J5jfw+A6FZqtRrt7e1QKpUoLS1FYWEhCgsL0dzcjBEjRiAsLAzh4eHw8/ODRCKBo6MjxGJmdfZIq9VCrVZDo9FApVJBo9EAAEQiEcRise576+Dg0M8jJSIiIhp8FAoFqqqqIJPJIJfLoVAo4OrqCnd3d3h5eSEoKAiurq79PUyLq6+vh4+Pj02ulZqaavT4+PHjERoaapOxDAWiyspKbX8Pgkij0UCtVqOtrQ21tbXIy8tDfn4+6urqoFQqu7V3cnLCqFGjEB0djfHjx8Pb2xtOTk5wdHSESCTqh8/AMq5fv45XX33V7PNEIhEmTpyI9evXw8nJyQojsxytVguVSoXW1lYoFApIpVI0Njairq4O7e3tAACxWAxXV1cMHz4c3t7e8PHxgYuLC1xcXBh2EBEREfVSeXk5rl69iqKiIlRWVqKpqcnkOZ6enggODsb48eMRHh6OkSNH2mCk1nPy5EnU1dVh1apVNrneM888Y/R4aGgoHnnkEZuMZSjgDA7qN51P71UqFerr63H16lWcOXMGtbW1UKvV3dqLxWJotVpo...
&amp#27;[38;5;48m[HTTP]&amp#27;[0m &amp#27;[37m<-- GET /session/4c35a2bd-58e8-49db-84ce-88d874471cd8/screenshot &amp#27;[39m&amp#27;[32m200&amp#27;[39m &amp#27;[90m1778 ms - 50640&amp#27;[39m
&amp#27;[38;5;48m[HTTP]&amp#27;[0m &amp#27;[90m&amp#27;[39m
&amp#27;[38;5;80m[AndroidUiautomator2Driver@3ba3 (4c35a2bd)]&amp#27;[0m Responding to client with driver.click() result: null
&amp#27;[38;5;48m[HTTP]&amp#27;[0m &amp#27;[37m<-- POST /session/4c35a2bd-58e8-49db-84ce-88d874471cd8/element/00000000-0000-0040-0000-000c00000003/click &amp#27;[39m&amp#27;[32m200&amp#27;[39m &amp#27;[90m2108 ms - 14&amp#27;[39m
&amp#27;[38;5;48m[HTTP]&amp#27;[0m &amp#27;[90m&amp#27;[39m
&amp#27;[38;5;48m[HTTP]&amp#27;[0m &amp#27;[37m-->&amp#27;[39m &amp#27;[37mPOST&amp#27;[39m &amp#27;[37m/session/4c35a2bd-58e8-49db-84ce-88d874471cd8/execute/sync&amp#27;[39m
&amp#27;[38;5;48m[HTTP]&amp#27;[0m &amp#27;[90m{"script":"mobile: hideKeyboard","args":[]}&amp#27;[39m
&amp#27;[38;5;16m[device-farm-main]&amp#27;[0m Updating lastCmdExecutedAt for device emulator-5554 in session 4c35a2bd-58e8-49db-84ce-88d874471cd8
&amp#27;[38;5;80m[AndroidUiautomator2Driver@3ba3 (4c35a2bd)]&amp#27;[0m Calling AppiumDriver.execute() with args: ["mobile: hideKeyboard",[],"4c35a2bd-58e8-49db-84ce-88d874471cd8"]
&amp#27;[38;5;64m[AppiumDriver@9a7b]&amp#27;[0m Clearing new command timeout pre-emptively since plugin(s) will handle this command
&amp#27;[38;5;64m[AppiumDriver@9a7b]&amp#27;[0m Plugins which can handle cmd 'execute': element-wait,device-farm,appium-dashboard
&amp#27;[38;5;64m[AppiumDriver@9a7b]&amp#27;[0m Plugin appium-dashboard is now handling cmd 'execute'
&amp#27;[38;5;64m[AppiumDriver@9a7b]&amp#27;[0m Plugin device-farm is now handling cmd 'execute'
&amp#27;[38;5;64m[AppiumDriver@9a7b]&amp#27;[0m Plugin element-wait is now handling cmd 'execute'
&amp#27;[38;5;176m[Plugin [element-wait]]&amp#27;[0m Plugin did not know how to handle method 'mobile: hideKeyboard'. Passing control to next
&amp#27;[38;5;64m[AppiumDriver@9a7b]&amp#27;[0m Executing default handling behavior for command 'execute'
&amp#27;[38;5;80m[AndroidUiautomator2Driver@3ba3 (4c35a2bd)]&amp#27;[0m Executing method 'mobile: hideKeyboard'
&amp#27;[38;5;0m[ADB]&amp#27;[0m Running 'C:\Users\shubh\AppData\Local\Android\Sdk\platform-tools\adb.exe -P 5037 -s emulator-5554 shell dumpsys input_method'
&amp#27;[38;5;16m[device-farm-main]&amp#27;[0m Updating lastCmdExecutedAt for device emulator-5554 in session 4c35a2bd-58e8-49db-84ce-88d874471cd8
&amp#27;[38;5;0m[ADB]&amp#27;[0m Running 'C:\Users\shubh\AppData\Local\Android\Sdk\platform-tools\adb.exe -P 5037 -s emulator-5554 shell input keyevent 111'
&amp#27;[38;5;0m[ADB]&amp#27;[0m Running 'C:\Users\shubh\AppData\Local\Android\Sdk\platform-tools\adb.exe -P 5037 -s emulator-5554 shell dumpsys input_method'
&amp#27;[38;5;80m[AndroidUiautomator2Driver@3ba3 (4c35a2bd)]&amp#27;[0m Responding to client with driver.execute() result: true
&amp#27;[38;5;48m[HTTP]&amp#27;[0m &amp#27;[37m<-- POST /session/4c35a2bd-58e8-49db-84ce-88d874471cd8/execute/sync &amp#27;[39m&amp#27;[32m200&amp#27;[39m &amp#27;[90m2745 ms - 14&amp#27;[39m
&amp#27;[38;5;48m[HTTP]&amp#27;[0m &amp#27;[90m&amp#27;[39m
&amp#27;[38;5;48m[HTTP]&amp#27;[0m &amp#27;[37m-->&amp#27;[39m &amp#27;[37mGET&amp#27;[39m &amp#27;[37m/session/4c35a2bd-58e8-49db-84ce-88d874471cd8/context&amp#27;[39m
&amp#27;[38;5;48m[HTTP]&amp#27;[0m &amp#27;[90m{}&amp#27;[39m
&amp#27;[38;5;16m[device-farm-main]&amp#27;[0m Updating lastCmdExecutedAt for device emulator-5554 in session 4c35a2bd-58e8-49db-84ce-88d874471cd8
&amp#27;[38;5;80m[AndroidUiautomator2Driver@3ba3 (4c35a2bd)]&amp#27;[0m Calling AppiumDriver.getCurrentContext() with args: ["4c35a2bd-58e8-49db-84ce-88d874471cd8"]
&amp#27;[38;5;64m[AppiumDriver@9a7b]&amp#27;[0m Clearing new command timeout pre-emptively since plugin(s) will handle this command
&amp#27;[38;5;64m[AppiumDriver@9a7b]&amp#27;[0m Plugins which can handle cmd 'getCurrentContext': element-wait,device-farm,appium-dashboard
&amp#27;[38;5;64m[AppiumDriver@9a7b]&amp#27;[0m Plugin appium-dashboard is now handling cmd 'getCurrentContext'
&amp#27;[38;5;64m[AppiumDriver@9a7b]&amp#27;[0m Plugin device-farm is now handling cmd 'getCurrentContext'
&amp#27;[38;5;64m[AppiumDriver@9a7b]&amp#27;[0m Plugin element-wait is now handling cmd 'getCurrentContext'
&amp#27;[38;5;64m[AppiumDriver@9a7b]&amp#27;[0m Executing default handling behavior for command 'getCurrentContext'
&amp#27;[38;5;16m[device-farm-main]&amp#27;[0m Updating lastCmdExecutedAt for device emulator-5554 in session 4c35a2bd-58e8-49db-84ce-88d874471cd8
&amp#27;[38;5;80m[AndroidUiautomator2Driver@3ba3 (4c35a2bd)]&amp#27;[0m Responding to client with driver.getCurrentContext() result: "NATIVE_APP"
&amp#27;[38;5;48m[HTTP]&amp#27;[0m &amp#27;[37m<-- GET /session/4c35a2bd-58e8-49db-84ce-88d874471cd8/context &amp#27;[39m&amp#27;[32m200&amp#27;[39m &amp#27;[90m15 ms - 22&amp#27;[39m
&amp#27;[38;5;48m[HTTP]&amp#27;[0m &amp#27;[90m&amp#27;[39m
&amp#27;[38;5;48m[HTTP]&amp#27;[0m &amp#27;[37m-->&amp#27;[39m &amp#27;[37mPOST&amp#27;[39m &amp#27;[37m/session/4c35a2bd-58e8-49db-84ce-88d874471cd8/element&amp#27;[39m
&amp#27;[38;5;48m[HTTP]&amp#27;[0m &amp#27;[90m{"using":"class name","value":"android.widget.EditText"}&amp#27;[39m
&amp#27;[38;5;16m[device-farm-main]&amp#27;[0m Updating lastCmdExecutedAt for device emulator-5554 in session 4c35a2bd-58e8-49db-84ce-88d874471cd8
&amp#27;[38;5;80m[AndroidUiautomator2Driver@3ba3 (4c35a2bd)]&amp#27;[0m Calling AppiumDriver.findElement() with args: ["class name","android.widget.EditText","4c35a2bd-58e8-49db-84ce-88d874471cd8"]
&amp#27;[38;5;64m[AppiumDriver@9a7b]&amp#27;[0m Clearing new command timeout pre-emptively since plugin(s) will handle this command
&amp#27;[38;5;64m[AppiumDriver@9a7b]&amp#27;[0m Plugins which can handle cmd 'findElement': element-wait,device-farm,appium-dashboard
&amp#27;[38;5;64m[AppiumDriver@9a7b]&amp#27;[0m Plugin appium-dashboard is now handling cmd 'findElement'
&amp#27;[38;5;64m[AppiumDriver@9a7b]&amp#27;[0m Plugin device-farm is now handling cmd 'findElement'
&amp#27;[38;5;64m[AppiumDriver@9a7b]&amp#27;[0m Plugin element-wait is now handling cmd 'findElement'
- Waiting to find element with class name strategy for android.widget.EditText selector
&amp#27;[38;5;16m[device-farm-main]&amp#27;[0m Updating lastCmdExecutedAt for device emulator-5554 in session 4c35a2bd-58e8-49db-84ce-88d874471cd8
&amp#27;[38;5;160m[wait-plugin]&amp#27;[0m Element with class name strategy for android.widget.EditText selector found.
&amp#27;[38;5;160m[wait-plugin]&amp#27;[0m Check if element is displayed
&amp#27;[38;5;80m[AndroidUiautomator2Driver@3ba3 (4c35a2bd)]&amp#27;[0m Matched '/element/00000000-0000-0040-0000-000c00000003/attribute/displayed' to command name 'getAttribute'
&amp#27;[38;5;80m[AndroidUiautomator2Driver@3ba3 (4c35a2bd)]&amp#27;[0m Proxying [GET /element/00000000-0000-0040-0000-000c00000003/attribute/displayed] to [GET http://127.0.0.1:61590/session/dd11ca2d-30e3-41e6-802a-45937baf374f/element/00000000-0000-0040-0000-000c00000003/attribute/displayed] with no body
&amp#27;[38;5;80m[AndroidUiautomator2Driver@3ba3 (4c35a2bd)]&amp#27;[0m Got response with status 200: {"sessionId":"dd11ca2d-30e3-41e6-802a-45937baf374f","value":"true"}
&amp#27;[38;5;160m[wait-plugin]&amp#27;[0m Element is displayed!
√ Waiting to find element with class name strategy for android.widget.EditText selector
&amp#27;[38;5;64m[AppiumDriver@9a7b]&amp#27;[0m Executing default handling behavior for command 'findElement'
&amp#27;[38;5;80m[AndroidUiautomator2Driver@3ba3 (4c35a2bd)]&amp#27;[0m Valid locator strategies for this request: xpath, id, class name, accessibility id, css selector, -android uiautomator
&amp#27;[38;5;80m[AndroidUiautomator2Driver@3ba3 (4c35a2bd)]&amp#27;[0m Waiting up to 0 ms for condition
&amp#27;[38;5;80m[AndroidUiautomator2Driver@3ba3 (4c35a2bd)]&amp#27;[0m Matched '/element' to command name 'findElement'
&amp#27;[38;5;80m[AndroidUiautomator2Driver@3ba3 (4c35a2bd)]&amp#27;[0m Proxying [POST /element] to [POST http://127.0.0.1:61590/session/dd11ca2d-30e3-41e6-802a-45937baf374f/element] with body: {"strategy":"class name","selector":"android.widget.EditText","context":"","multiple":false}
&amp#27;[38;5;80m[AndroidUiautomator2Driver@3ba3 (4c35a2bd)]&amp#27;[0m Got response with status 200: {"sessionId":"dd11ca2d-30e3-41e6-802a-45937baf374f","value":{"ELEMENT":"00000000-0000-0040-0000-000c00000003","element-6066-11e4-a52e-4f735466cecf":"00000000-0000-0040-0000-000c00000003"}}
&amp#27;[38;5;80m[AndroidUiautomator2Driver@3ba3 (4c35a2bd)]&amp#27;[0m Responding to client with driver.findElement() result: {"element-6066-11e4-a52e-4f735466cecf":"00000000-0000-0040-0000-000c00000003","ELEMENT":"00000000-0000-0040-0000-000c00000003"}
&amp#27;[38;5;48m[HTTP]&amp#27;[0m &amp#27;[37m<-- POST /session/4c35a2bd-58e8-49db-84ce-88d874471cd8/element &amp#27;[39m&amp#27;[32m200&amp#27;[39m &amp#27;[90m86 ms - 137&amp#27;[39m
&amp#27;[38;5;48m[HTTP]&amp#27;[0m &amp#27;[90m&amp#27;[39m
&amp#27;[38;5;48m[HTTP]&amp#27;[0m &amp#27;[37m-->&amp#27;[39m &amp#27;[37mPOST&amp#27;[39m &amp#27;[37m/session/4c35a2bd-58e8-49db-84ce-88d874471cd8/element/00000000-0000-0040-0000-000c00000003/value&amp#27;[39m
&amp#27;[38;5;48m[HTTP]&amp#27;[0m &amp#27;[90m{"id":"00000000-0000-0040-0000-000c00000003","text":"Test","value":["T","e","s","t"]}&amp#27;[39m
&amp#27;[38;5;16m[device-farm-main]&amp#27;[0m Updating lastCmdExecutedAt for device emulator-5554 in session 4c35a2bd-58e8-49db-84ce-88d874471cd8
&amp#27;[38;5;80m[AndroidUiautomator2Driver@3ba3 (4c35a2bd)]&amp#27;[0m Calling AppiumDriver.setValue() with args: [["T","e","s","t"],"00000000-0000-0040-0000-000c00000003","4c35a2bd-58e8-49db-84ce-88d874471cd8"]
&amp#27;[38;5;64m[AppiumDriver@9a7b]&amp#27;[0m Clearing new command timeout pre-emptively since plugin(s) will handle this command
&amp#27;[38;5;64m[AppiumDriver@9a7b]&amp#27;[0m Plugins which can handle cmd 'setValue': element-wait,device-farm,appium-dashboard
&amp#27;[38;5;64m[AppiumDriver@9a7b]&amp#27;[0m Plugin appium-dashboard is now handling cmd 'setValue'
&amp#27;[38;5;64m[AppiumDriver@9a7b]&amp#27;[0m Plugin device-farm is now handling cmd 'setValue'
&amp#27;[38;5;64m[AppiumDriver@9a7b]&amp#27;[0m Plugin element-wait is now handling cmd 'setValue'
&amp#27;[38;5;160m[wait-plugin]&amp#27;[0m Wait for element to be clickable
&amp#27;[38;5;80m[AndroidUiautomator2Driver@3ba3 (4c35a2bd)]&amp#27;[0m Matched '/element/T,e,s,t/attribute/enabled' to command name 'getAttribute'
&amp#27;[38;5;80m[AndroidUiautomator2Driver@3ba3 (4c35a2bd)]&amp#27;[0m Proxying [GET /element/T,e,s,t/attribute/enabled] to [GET http://127.0.0.1:61590/session/dd11ca2d-30e3-41e6-802a-45937baf374f/element/T,e,s,t/attribute/enabled] with no body
&amp#27;[38;5;16m[device-farm-main]&amp#27;[0m Updating lastCmdExecutedAt for device emulator-5554 in session 4c35a2bd-58e8-49db-84ce-88d874471cd8
&amp#27;[38;5;80m[AndroidUiautomator2Driver@3ba3 (4c35a2bd)]&amp#27;[0m Got response with status 404: {"sessionId":"dd11ca2d-30e3-41e6-802a-45937baf374f","value":{"error":"no such element","message":"The element identified by 'T,e,s,t' is not present in the cache or has expired. Try to find it again","stacktrace":"io.appium.uiautomator2.common.exceptions.ElementNotFoundException: The element identified by 'T,e,s,t' is not present in the cache or has expired. Try to find it again\n\tat io.appium.uiautomator2.model.ElementsCache.get(ElementsCache.java:160)\n\tat io.appium.uiautomator2.handler.GetElementAttribute.safeHandle(GetElementAttribute.java:23)\n\tat io.appium.uiautomator2.handler.request.SafeRequestHandler.handle(SafeRequestHandler.java:59)\n\tat io.appium.uiautomator2.server.AppiumServlet.handleRequest(AppiumServlet.java:277)\n\tat io.appium.uiautomator2.server.AppiumServlet.handleHttpRequest(AppiumServlet.java:271)\n\tat io.appium.uiautomator2.http.ServerHandler.channelRead(ServerHandler.java:77)\n\tat io.netty.channel.AbstractChannelHandlerContext.invokeChannelRead(AbstractChannelHandlerContext.ja...
&amp#27;[38;5;192m[W3C]&amp#27;[0m Matched W3C error code 'no such element' to NoSuchElementError
NoSuchElementError: The element identified by 'T,e,s,t' is not present in the cache or has expired. Try to find it again
    at errorFromW3CJsonCode (C:\Users\shubh\AppData\Roaming\npm\node_modules\appium\node_modules\@appium\base-driver\lib\protocol\errors.js:1085:25)
    at ProxyRequestError.getActualError (C:\Users\shubh\AppData\Roaming\npm\node_modules\appium\node_modules\@appium\base-driver\lib\protocol\errors.js:954:14)
    at UIA2Proxy.command (C:\Users\shubh\AppData\Roaming\npm\node_modules\appium\node_modules\@appium\base-driver\lib\jsonwp-proxy\proxy.js:353:19)
    at processTicksAndRejections (node:internal/process/task_queues:95:5)
    at AndroidUiautomator2Driver.getAttribute (C:\Users\shubh\.appium\node_modules\appium-uiautomator2-driver\lib\commands\element.js:33:7)
    at AndroidUiautomator2Driver.elementEnabled (C:\Users\shubh\.appium\node_modules\appium-uiautomator2-driver\lib\commands\element.js:44:19) {
  jsonwpCode: 7,
  error: 'no such element',
  w3cStatus: 404,
  _stacktrace: "io.appium.uiautomator2.common.exceptions.ElementNotFoundException: The element identified by 'T,e,s,t' is not present in the cache or has expired. Try to find it again\n" +
    '\tat io.appium.uiautomator2.model.ElementsCache.get(ElementsCache.java:160)\n' +
    '\tat io.appium.uiautomator2.handler.GetElementAttribute.safeHandle(GetElementAttribute.java:23)\n' +
    '\tat io.appium.uiautomator2.handler.request.SafeRequestHandler.handle(SafeRequestHandler.java:59)\n' +
    '\tat io.appium.uiautomator2.server.AppiumServlet.handleRequest(AppiumServlet.java:277)\n' +
    '\tat io.appium.uiautomator2.server.AppiumServlet.handleHttpRequest(AppiumServlet.java:271)\n' +
    '\tat io.appium.uiautomator2.http.ServerHandler.channelRead(ServerHandler.java:77)\n' +
    '\tat io.netty.channel.AbstractChannelHandlerContext.invokeChannelRead(AbstractChannelHandlerContext.java:366)\n' +
    '\tat io.netty.channel.AbstractChannelHandlerContext.invokeChannelRead(AbstractChannelHandlerContext.java:352)\n' +
    '\tat io.netty.channel.AbstractChannelHandlerContext.fireChannelRead(AbstractChannelHandlerContext.java:345)\n' +
    '\tat io.netty.handler.codec.MessageToMessageDecoder.channelRead(MessageToMessageDecoder.java:102)\n' +
    '\tat io.netty.channel.AbstractChannelHandlerContext.invokeChannelRead(AbstractChannelHandlerContext.java:366)\n' +
    '\tat io.netty.channel.AbstractChannelHandlerContext.invokeChannelRead(AbstractChannelHandlerContext.java:352)\n' +
    '\tat io.netty.channel.AbstractChannelHandlerContext.fireChannelRead(AbstractChannelHandlerContext.java:345)\n' +
    '\tat io.netty.channel.CombinedChannelDuplexHandler$DelegatingChannelHandlerContext.fireChannelRead(CombinedChannelDuplexHandler.java:435)\n' +
    '\tat io.netty.handler.codec.ByteToMessageDecoder.fireChannelRead(ByteToMessageDecoder.java:293)\n' +
    '\tat io.netty.handler.codec.ByteToMessageDecoder.channelRead(ByteToMessageDecoder.java:267)\n' +
    '\tat io.netty.channel.CombinedChannelDuplexHandler.channelRead(CombinedChannelDuplexHandler.java:250)\n' +
    '\tat io.netty.channel.AbstractChannelHandlerContext.invokeChannelRead(AbstractChannelHandlerContext.java:366)\n' +
    '\tat io.netty.channel.AbstractChannelHandlerContext.invokeChannelRead(AbstractChannelHandlerContext.java:352)\n' +
    '\tat io.netty.channel.AbstractChannelHandlerContext.fireChannelRead(AbstractChannelHandlerContext.java:345)\n' +
    '\tat io.netty.handler.timeout.IdleStateHandler.channelRead(IdleStateHandler.java:266)\n' +
    '\tat io.netty.channel.AbstractChannelHandlerContext.invokeChannelRead(AbstractChannelHandlerContext.java:366)\n' +
    '\tat io.netty.channel.AbstractChannelHandlerContext.invokeChannelRead(AbstractChannelHandlerContext.java:352)\n' +
    '\tat io.netty.channel.AbstractChannelHandlerContext.fireChannelRead(AbstractChannelHandlerContext.java:345)\n' +
    '\tat io.netty.channel.DefaultChannelPipeline$HeadContext.channelRead(DefaultChannelPipeline.java:1294)\n' +
    '\tat io.netty.channel.AbstractChannelHandlerContext.invokeChannelRead(AbstractChannelHandlerContext.java:366)\n' +
    '\tat io.netty.channel.AbstractChannelHandlerContext.invokeChannelRead(AbstractChannelHandlerContext.java:352)\n' +
    '\tat io.netty.channel.DefaultChannelPipeline.fireChannelRead(DefaultChannelPipeline.java:911)\n' +
    '\tat io.netty.channel.nio.AbstractNioByteChannel$NioByteUnsafe.read(AbstractNioByteChannel.java:131)\n' +
    '\tat io.netty.channel.nio.NioEventLoop.processSelectedKey(NioEventLoop.java:611)\n' +
    '\tat io.netty.channel.nio.NioEventLoop.processSelectedKeysOptimized(NioEventLoop.java:552)\n' +
    '\tat io.netty.channel.nio.NioEventLoop.processSelectedKeys(NioEventLoop.java:466)\n' +
    '\tat io.netty.channel.nio.NioEventLoop.run(NioEventLoop.java:438)\n' +
    '\tat io.netty.util.concurrent.SingleThreadEventExecutor$2.run(SingleThreadEventExecutor.java:140)\n' +
    '\tat io.netty.util.concurrent.DefaultThreadFactory$DefaultRunnableDecorator.run(DefaultThreadFactory.java:144)\n' +
    '\tat java.lang.Thread.run(Thread.java:1012)\n'
}
&amp#27;[38;5;160m[wait-plugin]&amp#27;[0m Element is enabled
&amp#27;[38;5;64m[AppiumDriver@9a7b]&amp#27;[0m Executing default handling behavior for command 'setValue'
&amp#27;[38;5;80m[AndroidUiautomator2Driver@3ba3 (4c35a2bd)]&amp#27;[0m Matched '/element/00000000-0000-0040-0000-000c00000003/value' to command name 'setValue'
&amp#27;[38;5;80m[AndroidUiautomator2Driver@3ba3 (4c35a2bd)]&amp#27;[0m Added 'value' property ["T","e","s","t"] to 'setValue' request body
&amp#27;[38;5;80m[AndroidUiautomator2Driver@3ba3 (4c35a2bd)]&amp#27;[0m Proxying [POST /element/00000000-0000-0040-0000-000c00000003/value] to [POST http://127.0.0.1:61590/session/dd11ca2d-30e3-41e6-802a-45937baf374f/element/00000000-0000-0040-0000-000c00000003/value] with body: {"elementId":"00000000-0000-0040-0000-000c00000003","text":"Test","replace":false,"value":["T","e","s","t"]}
&amp#27;[38;5;80m[AndroidUiautomator2Driver@3ba3 (4c35a2bd)]&amp#27;[0m Got response with status 200: {"sessionId":"dd11ca2d-30e3-41e6-802a-45937baf374f","value":null}
&amp#27;[38;5;48m[HTTP]&amp#27;[0m &amp#27;[37m-->&amp#27;[39m &amp#27;[37mGET&amp#27;[39m &amp#27;[37m/wd-internal/session/4c35a2bd-58e8-49db-84ce-88d874471cd8/screenshot&amp#27;[39m
&amp#27;[38;5;48m[HTTP]&amp#27;[0m &amp#27;[90m{}&amp#27;[39m
&amp#27;[38;5;16m[device-farm-main]&amp#27;[0m Updating lastCmdExecutedAt for device emulator-5554 in session 4c35a2bd-58e8-49db-84ce-88d874471cd8
&amp#27;[38;5;80m[AndroidUiautomator2Driver@3ba3 (4c35a2bd)]&amp#27;[0m Calling AppiumDriver.getScreenshot() with args: ["4c35a2bd-58e8-49db-84ce-88d874471cd8"]
&amp#27;[38;5;64m[AppiumDriver@9a7b]&amp#27;[0m Clearing new command timeout pre-emptively since plugin(s) will handle this command
&amp#27;[38;5;64m[AppiumDriver@9a7b]&amp#27;[0m Plugins which can handle cmd 'getScreenshot': element-wait,device-farm,appium-dashboard
&amp#27;[38;5;64m[AppiumDriver@9a7b]&amp#27;[0m Plugin appium-dashboard is now handling cmd 'getScreenshot'
&amp#27;[38;5;64m[AppiumDriver@9a7b]&amp#27;[0m Plugin device-farm is now handling cmd 'getScreenshot'
&amp#27;[38;5;64m[AppiumDriver@9a7b]&amp#27;[0m Plugin element-wait is now handling cmd 'getScreenshot'
&amp#27;[38;5;64m[AppiumDriver@9a7b]&amp#27;[0m Executing default handling behavior for command 'getScreenshot'
&amp#27;[38;5;16m[device-farm-main]&amp#27;[0m Updating lastCmdExecutedAt for device emulator-5554 in session 4c35a2bd-58e8-49db-84ce-88d874471cd8
&amp#27;[38;5;80m[AndroidUiautomator2Driver@3ba3 (4c35a2bd)]&amp#27;[0m Matched '/screenshot' to command name 'getScreenshot'
&amp#27;[38;5;80m[AndroidUiautomator2Driver@3ba3 (4c35a2bd)]&amp#27;[0m Proxying [GET /screenshot] to [GET http://127.0.0.1:61590/session/dd11ca2d-30e3-41e6-802a-45937baf374f/screenshot] with no body
&amp#27;[38;5;80m[AndroidUiautomator2Driver@3ba3 (4c35a2bd)]&amp#27;[0m Got response with status 200: {"sessionId":"dd11ca2d-30e3-41e6-802a-45937baf374f","value":"iVBORw0KGgoAAAANSUhEUgAABDgAAAisCAYAAACtR1KuAAAAAXNSR0IArs4c6QAAAARzQklUCAgICHwIZIgAACAASURBVHic7N15XFTX3QbwZ4Zt2AVkETdEEFQ2FRQUxX2NS5pU05rEpM3WpG8SY5q2b5s27VubJnVJzL4nGrOa3WgqrrgBigsoiwiILLLIAAPDALO9f/BhyggzcwdmBgae718O99xzD9vIfe45vyOqrKzUgoiIiIiIiIjIjon7ewBERERERERERH3FgIOIiIiIiIiI7B4DDiIiIiIiIiKyeww4iIiIiIiIiMjuMeAgIiIiIiIiIrvHgIOIiIiIiIiI7B4DDiIiIiIiIiKyeww4iIiIiIiIiMjuMeAgIiIiIiIiIrvHgIOIiIiIiIiI7B4DDiIiIiIiIiKyeww4iIiIiIiIiMjuMeAgIiIiIiIiIrvHgIOIiIiIiIiI7J5jfw+A6FZqtRrt7e1QKpUoLS1FYWEhCgsL0dzcjBEjRiAsLAzh4eHw8/ODRCKBo6MjxGJmdfZIq9VCrVZDo9FApVJBo9EAAEQiEcRise576+Dg0M8jJSIiIhp8FAoFqqqqIJPJIJfLoVAo4OrqCnd3d3h5eSEoKAiurq79PUyLq6+vh4+Pj02ulZqaavT4+PHjERoaapOxDAWiyspKbX8Pgkij0UCtVqOtrQ21tbXIy8tDfn4+6urqoFQqu7V3cnLCqFGjEB0djfHjx8Pb2xtOTk5wdHSESCTqh8/AMq5fv45XX33V7PNEIhEmTpyI9evXw8nJyQojsxytVguVSoXW1lYoFApIpVI0Njairq4O7e3tAACxWAxXV1cMHz4c3t7e8PHxgYuLC1xcXBh2EBEREfVSeXk5rl69iqKiIlRWVqKpqcnkOZ6enggODsb48eMRHh6OkSNH2mCk1nPy5EnU1dVh1apVNrneM888Y/R4aGgo...
&amp#27;[38;5;80m[AndroidUiautomator2Driver@3ba3 (4c35a2bd)]&amp#27;[0m Responding to client with driver.getScreenshot() result: "iVBORw0KGgoAAAANSUhEUgAABDgAAAisCAYAAACtR1KuAAAAAXNSR0IArs4c6QAAAARzQklUCAgICHwIZIgAACAASURBVHic7N15XFTX3QbwZ4Zt2AVkETdEEFQ2FRQUxX2NS5pU05rEpM3WpG8SY5q2b5s27VubJnVJzL4nGrOa3WgqrrgBigsoiwiILLLIAAPDALO9f/BhyggzcwdmBgae718O99xzD9vIfe45vyOqrKzUgoiIiIiIiIjIjon7ewBERERERERERH3FgIOIiIiIiIiI7B4DDiIiIiIiIiKyeww4iIiIiIiIiMjuMeAgIiIiIiIiIrvHgIOIiIiIiIiI7B4DDiIiIiIiIiKyeww4iIiIiIiIiMjuMeAgIiIiIiIiIrvHgIOIiIiIiIiI7B4DDiIiIiIiIiKyeww4iIiIiIiIiMjuMeAgIiIiIiIiIrvHgIOIiIiIiIiI7J5jfw+A6FZqtRrt7e1QKpUoLS1FYWEhCgsL0dzcjBEjRiAsLAzh4eHw8/ODRCKBo6MjxGJmdfZIq9VCrVZDo9FApVJBo9EAAEQiEcRise576+Dg0M8jJSIiIhp8FAoFqqqqIJPJIJfLoVAo4OrqCnd3d3h5eSEoKAiurq79PUyLq6+vh4+Pj02ulZqaavT4+PHjERoaapOxDAWiyspKbX8Pgkij0UCtVqOtrQ21tbXIy8tDfn4+6urqoFQqu7V3cnLCqFGjEB0djfHjx8Pb2xtOTk5wdHSESCTqh8/AMq5fv45XX33V7PNEIhEmTpyI9evXw8nJyQojsxytVguVSoXW1lYoFApIpVI0Njairq4O7e3tAACxWAxXV1cMHz4c3t7e8PHxgYuLC1xcXBh2EBEREfVSeXk5rl69iqKiIlRWVqKpqcnkOZ6enggODsb48eMRHh6OkSNH2mCk1nPy5EnU1dVh1apVNrneM888Y/R4aGgoHnnkEZuMZSjgDA7qN51P71UqFerr63H16lWcOXMGtbW1UKvV3dqLxWJotVpo...
&amp#27;[38;5;48m[HTTP]&amp#27;[0m &amp#27;[37m<-- GET /session/4c35a2bd-58e8-49db-84ce-88d874471cd8/screenshot &amp#27;[39m&amp#27;[32m200&amp#27;[39m &amp#27;[90m958 ms - 53124&amp#27;[39m
&amp#27;[38;5;48m[HTTP]&amp#27;[0m &amp#27;[90m&amp#27;[39m
&amp#27;[38;5;80m[AndroidUiautomator2Driver@3ba3 (4c35a2bd)]&amp#27;[0m Responding to client with driver.setValue() result: null
&amp#27;[38;5;48m[HTTP]&amp#27;[0m &amp#27;[37m<-- POST /session/4c35a2bd-58e8-49db-84ce-88d874471cd8/element/00000000-0000-0040-0000-000c00000003/value &amp#27;[39m&amp#27;[32m200&amp#27;[39m &amp#27;[90m1195 ms - 14&amp#27;[39m
&amp#27;[38;5;48m[HTTP]&amp#27;[0m &amp#27;[90m&amp#27;[39m
&amp#27;[38;5;48m[HTTP]&amp#27;[0m &amp#27;[37m-->&amp#27;[39m &amp#27;[37mGET&amp#27;[39m &amp#27;[37m/session/4c35a2bd-58e8-49db-84ce-88d874471cd8/context&amp#27;[39m
&amp#27;[38;5;48m[HTTP]&amp#27;[0m &amp#27;[90m{}&amp#27;[39m
&amp#27;[38;5;16m[device-farm-main]&amp#27;[0m Updating lastCmdExecutedAt for device emulator-5554 in session 4c35a2bd-58e8-49db-84ce-88d874471cd8
&amp#27;[38;5;80m[AndroidUiautomator2Driver@3ba3 (4c35a2bd)]&amp#27;[0m Calling AppiumDriver.getCurrentContext() with args: ["4c35a2bd-58e8-49db-84ce-88d874471cd8"]
&amp#27;[38;5;64m[AppiumDriver@9a7b]&amp#27;[0m Clearing new command timeout pre-emptively since plugin(s) will handle this command
&amp#27;[38;5;64m[AppiumDriver@9a7b]&amp#27;[0m Plugins which can handle cmd 'getCurrentContext': element-wait,device-farm,appium-dashboard
&amp#27;[38;5;64m[AppiumDriver@9a7b]&amp#27;[0m Plugin appium-dashboard is now handling cmd 'getCurrentContext'
&amp#27;[38;5;64m[AppiumDriver@9a7b]&amp#27;[0m Plugin device-farm is now handling cmd 'getCurrentContext'
&amp#27;[38;5;64m[AppiumDriver@9a7b]&amp#27;[0m Plugin element-wait is now handling cmd 'getCurrentContext'
&amp#27;[38;5;64m[AppiumDriver@9a7b]&amp#27;[0m Executing default handling behavior for command 'getCurrentContext'
&amp#27;[38;5;16m[device-farm-main]&amp#27;[0m Updating lastCmdExecutedAt for device emulator-5554 in session 4c35a2bd-58e8-49db-84ce-88d874471cd8
&amp#27;[38;5;80m[AndroidUiautomator2Driver@3ba3 (4c35a2bd)]&amp#27;[0m Responding to client with driver.getCurrentContext() result: "NATIVE_APP"
&amp#27;[38;5;48m[HTTP]&amp#27;[0m &amp#27;[37m<-- GET /session/4c35a2bd-58e8-49db-84ce-88d874471cd8/context &amp#27;[39m&amp#27;[32m200&amp#27;[39m &amp#27;[90m121 ms - 22&amp#27;[39m
&amp#27;[38;5;48m[HTTP]&amp#27;[0m &amp#27;[90m&amp#27;[39m
&amp#27;[38;5;48m[HTTP]&amp#27;[0m &amp#27;[37m-->&amp#27;[39m &amp#27;[37mPOST&amp#27;[39m &amp#27;[37m/session/4c35a2bd-58e8-49db-84ce-88d874471cd8/element&amp#27;[39m
&amp#27;[38;5;48m[HTTP]&amp#27;[0m &amp#27;[90m{"using":"accessibility id","value":"SAVE"}&amp#27;[39m
&amp#27;[38;5;16m[device-farm-main]&amp#27;[0m Updating lastCmdExecutedAt for device emulator-5554 in session 4c35a2bd-58e8-49db-84ce-88d874471cd8
&amp#27;[38;5;80m[AndroidUiautomator2Driver@3ba3 (4c35a2bd)]&amp#27;[0m Calling AppiumDriver.findElement() with args: ["accessibility id","SAVE","4c35a2bd-58e8-49db-84ce-88d874471cd8"]
&amp#27;[38;5;64m[AppiumDriver@9a7b]&amp#27;[0m Clearing new command timeout pre-emptively since plugin(s) will handle this command
&amp#27;[38;5;64m[AppiumDriver@9a7b]&amp#27;[0m Plugins which can handle cmd 'findElement': element-wait,device-farm,appium-dashboard
&amp#27;[38;5;64m[AppiumDriver@9a7b]&amp#27;[0m Plugin appium-dashboard is now handling cmd 'findElement'
&amp#27;[38;5;64m[AppiumDriver@9a7b]&amp#27;[0m Plugin device-farm is now handling cmd 'findElement'
&amp#27;[38;5;64m[AppiumDriver@9a7b]&amp#27;[0m Plugin element-wait is now handling cmd 'findElement'
- Waiting to find element with accessibility id strategy for SAVE selector
&amp#27;[38;5;16m[device-farm-main]&amp#27;[0m Updating lastCmdExecutedAt for device emulator-5554 in session 4c35a2bd-58e8-49db-84ce-88d874471cd8
&amp#27;[38;5;160m[wait-plugin]&amp#27;[0m Element with accessibility id strategy for SAVE selector found.
&amp#27;[38;5;160m[wait-plugin]&amp#27;[0m Check if element is displayed
&amp#27;[38;5;80m[AndroidUiautomator2Driver@3ba3 (4c35a2bd)]&amp#27;[0m Matched '/element/00000000-0000-0040-0000-000e00000003/attribute/displayed' to command name 'getAttribute'
&amp#27;[38;5;80m[AndroidUiautomator2Driver@3ba3 (4c35a2bd)]&amp#27;[0m Proxying [GET /element/00000000-0000-0040-0000-000e00000003/attribute/displayed] to [GET http://127.0.0.1:61590/session/dd11ca2d-30e3-41e6-802a-45937baf374f/element/00000000-0000-0040-0000-000e00000003/attribute/displayed] with no body
&amp#27;[38;5;80m[AndroidUiautomator2Driver@3ba3 (4c35a2bd)]&amp#27;[0m Got response with status 200: {"sessionId":"dd11ca2d-30e3-41e6-802a-45937baf374f","value":"true"}
&amp#27;[38;5;160m[wait-plugin]&amp#27;[0m Element is displayed!
√ Waiting to find element with accessibility id strategy for SAVE selector
&amp#27;[38;5;64m[AppiumDriver@9a7b]&amp#27;[0m Executing default handling behavior for command 'findElement'
&amp#27;[38;5;80m[AndroidUiautomator2Driver@3ba3 (4c35a2bd)]&amp#27;[0m Valid locator strategies for this request: xpath, id, class name, accessibility id, css selector, -android uiautomator
&amp#27;[38;5;80m[AndroidUiautomator2Driver@3ba3 (4c35a2bd)]&amp#27;[0m Waiting up to 0 ms for condition
&amp#27;[38;5;80m[AndroidUiautomator2Driver@3ba3 (4c35a2bd)]&amp#27;[0m Matched '/element' to command name 'findElement'
&amp#27;[38;5;80m[AndroidUiautomator2Driver@3ba3 (4c35a2bd)]&amp#27;[0m Proxying [POST /element] to [POST http://127.0.0.1:61590/session/dd11ca2d-30e3-41e6-802a-45937baf374f/element] with body: {"strategy":"accessibility id","selector":"SAVE","context":"","multiple":false}
&amp#27;[38;5;80m[AndroidUiautomator2Driver@3ba3 (4c35a2bd)]&amp#27;[0m Got response with status 200: {"sessionId":"dd11ca2d-30e3-41e6-802a-45937baf374f","value":{"ELEMENT":"00000000-0000-0040-0000-000e00000003","element-6066-11e4-a52e-4f735466cecf":"00000000-0000-0040-0000-000e00000003"}}
&amp#27;[38;5;48m[HTTP]&amp#27;[0m &amp#27;[37m-->&amp#27;[39m &amp#27;[37mGET&amp#27;[39m &amp#27;[37m/device-farm/api/devices&amp#27;[39m
&amp#27;[38;5;48m[HTTP]&amp#27;[0m &amp#27;[90m{}&amp#27;[39m
&amp#27;[38;5;48m[HTTP]&amp#27;[0m &amp#27;[37m-->&amp#27;[39m &amp#27;[37mGET&amp#27;[39m &amp#27;[37m/dashboard/api/ping&amp#27;[39m
&amp#27;[38;5;48m[HTTP]&amp#27;[0m &amp#27;[90m{}&amp#27;[39m
&amp#27;[38;5;48m[HTTP]&amp#27;[0m &amp#27;[37m<-- GET /dashboard/api/ping &amp#27;[39m&amp#27;[32m200&amp#27;[39m &amp#27;[90m5 ms - 13&amp#27;[39m
&amp#27;[38;5;48m[HTTP]&amp#27;[0m &amp#27;[90m&amp#27;[39m
&amp#27;[38;5;80m[AndroidUiautomator2Driver@3ba3 (4c35a2bd)]&amp#27;[0m Responding to client with driver.findElement() result: {"element-6066-11e4-a52e-4f735466cecf":"00000000-0000-0040-0000-000e00000003","ELEMENT":"00000000-0000-0040-0000-000e00000003"}
&amp#27;[38;5;48m[HTTP]&amp#27;[0m &amp#27;[37m<-- POST /session/4c35a2bd-58e8-49db-84ce-88d874471cd8/element &amp#27;[39m&amp#27;[32m200&amp#27;[39m &amp#27;[90m772 ms - 137&amp#27;[39m
&amp#27;[38;5;48m[HTTP]&amp#27;[0m &amp#27;[90m&amp#27;[39m
&amp#27;[38;5;48m[HTTP]&amp#27;[0m &amp#27;[37m-->&amp#27;[39m &amp#27;[37mPOST&amp#27;[39m &amp#27;[37m/session/4c35a2bd-58e8-49db-84ce-88d874471cd8/element/00000000-0000-0040-0000-000e00000003/click&amp#27;[39m
&amp#27;[38;5;48m[HTTP]&amp#27;[0m &amp#27;[90m{"id":"00000000-0000-0040-0000-000e00000003"}&amp#27;[39m
&amp#27;[38;5;16m[device-farm-main]&amp#27;[0m Updating lastCmdExecutedAt for device emulator-5554 in session 4c35a2bd-58e8-49db-84ce-88d874471cd8
&amp#27;[38;5;80m[AndroidUiautomator2Driver@3ba3 (4c35a2bd)]&amp#27;[0m Calling AppiumDriver.click() with args: ["00000000-0000-0040-0000-000e00000003","4c35a2bd-58e8-49db-84ce-88d874471cd8"]
&amp#27;[38;5;64m[AppiumDriver@9a7b]&amp#27;[0m Clearing new command timeout pre-emptively since plugin(s) will handle this command
&amp#27;[38;5;64m[AppiumDriver@9a7b]&amp#27;[0m Plugins which can handle cmd 'click': element-wait,device-farm,appium-dashboard
&amp#27;[38;5;64m[AppiumDriver@9a7b]&amp#27;[0m Plugin appium-dashboard is now handling cmd 'click'
&amp#27;[38;5;48m[HTTP]&amp#27;[0m &amp#27;[37m-->&amp#27;[39m &amp#27;[37mGET&amp#27;[39m &amp#27;[37m/dashboard/api/sessions?start_time=2024-01-12T10:36:24.538Z&amp#27;[39m
&amp#27;[38;5;48m[HTTP]&amp#27;[0m &amp#27;[90m{}&amp#27;[39m
&amp#27;[38;5;64m[AppiumDriver@9a7b]&amp#27;[0m Plugin device-farm is now handling cmd 'click'
&amp#27;[38;5;64m[AppiumDriver@9a7b]&amp#27;[0m Plugin element-wait is now handling cmd 'click'
&amp#27;[38;5;160m[wait-plugin]&amp#27;[0m Wait for element to be clickable
&amp#27;[38;5;80m[AndroidUiautomator2Driver@3ba3 (4c35a2bd)]&amp#27;[0m Matched '/element/00000000-0000-0040-0000-000e00000003/attribute/enabled' to command name 'getAttribute'
&amp#27;[38;5;80m[AndroidUiautomator2Driver@3ba3 (4c35a2bd)]&amp#27;[0m Proxying [GET /element/00000000-0000-0040-0000-000e00000003/attribute/enabled] to [GET http://127.0.0.1:61590/session/dd11ca2d-30e3-41e6-802a-45937baf374f/element/00000000-0000-0040-0000-000e00000003/attribute/enabled] with no body
&amp#27;[38;5;16m[device-farm-main]&amp#27;[0m Updating lastCmdExecutedAt for device emulator-5554 in session 4c35a2bd-58e8-49db-84ce-88d874471cd8
&amp#27;[38;5;48m[HTTP]&amp#27;[0m &amp#27;[37m<-- GET /dashboard/api/sessions?start_time=2024-01-12T10:36:24.538Z &amp#27;[39m&amp#27;[32m200&amp#27;[39m &amp#27;[90m28 ms - 2024&amp#27;[39m
&amp#27;[38;5;48m[HTTP]&amp#27;[0m &amp#27;[90m&amp#27;[39m
&amp#27;[38;5;48m[HTTP]&amp#27;[0m &amp#27;[37m<-- GET /device-farm/api/devices &amp#27;[39m&amp#27;[32m200&amp#27;[39m &amp#27;[90m83 ms - 676&amp#27;[39m
&amp#27;[38;5;48m[HTTP]&amp#27;[0m &amp#27;[90m&amp#27;[39m
&amp#27;[38;5;80m[AndroidUiautomator2Driver@3ba3 (4c35a2bd)]&amp#27;[0m Got response with status 200: {"sessionId":"dd11ca2d-30e3-41e6-802a-45937baf374f","value":"true"}
&amp#27;[38;5;160m[wait-plugin]&amp#27;[0m Element is enabled
&amp#27;[38;5;64m[AppiumDriver@9a7b]&amp#27;[0m Executing default handling behavior for command 'click'
&amp#27;[38;5;80m[AndroidUiautomator2Driver@3ba3 (4c35a2bd)]&amp#27;[0m Matched '/element/00000000-0000-0040-0000-000e00000003/click' to command name 'click'
&amp#27;[38;5;80m[AndroidUiautomator2Driver@3ba3 (4c35a2bd)]&amp#27;[0m Proxying [POST /element/00000000-0000-0040-0000-000e00000003/click] to [POST http://127.0.0.1:61590/session/dd11ca2d-30e3-41e6-802a-45937baf374f/element/00000000-0000-0040-0000-000e00000003/click] with body: {"element":"00000000-0000-0040-0000-000e00000003"}
&amp#27;[38;5;48m[HTTP]&amp#27;[0m &amp#27;[37m-->&amp#27;[39m &amp#27;[37mGET&amp#27;[39m &amp#27;[37m/device-farm/api/queues/length&amp#27;[39m
&amp#27;[38;5;48m[HTTP]&amp#27;[0m &amp#27;[90m{}&amp#27;[39m
&amp#27;[38;5;48m[HTTP]&amp#27;[0m &amp#27;[37m<-- GET /device-farm/api/queues/length &amp#27;[39m&amp#27;[36m304&amp#27;[39m &amp#27;[90m1 ms - -&amp#27;[39m
&amp#27;[38;5;48m[HTTP]&amp#27;[0m &amp#27;[90m&amp#27;[39m
&amp#27;[38;5;80m[AndroidUiautomator2Driver@3ba3 (4c35a2bd)]&amp#27;[0m Got response with status 200: {"sessionId":"dd11ca2d-30e3-41e6-802a-45937baf374f","value":null}
&amp#27;[38;5;48m[HTTP]&amp#27;[0m &amp#27;[37m-->&amp#27;[39m &amp#27;[37mGET&amp#27;[39m &amp#27;[37m/wd-internal/session/4c35a2bd-58e8-49db-84ce-88d874471cd8/screenshot&amp#27;[39m
&amp#27;[38;5;48m[HTTP]&amp#27;[0m &amp#27;[90m{}&amp#27;[39m
&amp#27;[38;5;16m[device-farm-main]&amp#27;[0m Updating lastCmdExecutedAt for device emulator-5554 in session 4c35a2bd-58e8-49db-84ce-88d874471cd8
&amp#27;[38;5;80m[AndroidUiautomator2Driver@3ba3 (4c35a2bd)]&amp#27;[0m Calling AppiumDriver.getScreenshot() with args: ["4c35a2bd-58e8-49db-84ce-88d874471cd8"]
&amp#27;[38;5;64m[AppiumDriver@9a7b]&amp#27;[0m Clearing new command timeout pre-emptively since plugin(s) will handle this command
&amp#27;[38;5;64m[AppiumDriver@9a7b]&amp#27;[0m Plugins which can handle cmd 'getScreenshot': element-wait,device-farm,appium-dashboard
&amp#27;[38;5;64m[AppiumDriver@9a7b]&amp#27;[0m Plugin appium-dashboard is now handling cmd 'getScreenshot'
&amp#27;[38;5;64m[AppiumDriver@9a7b]&amp#27;[0m Plugin device-farm is now handling cmd 'getScreenshot'
&amp#27;[38;5;64m[AppiumDriver@9a7b]&amp#27;[0m Plugin element-wait is now handling cmd 'getScreenshot'
&amp#27;[38;5;64m[AppiumDriver@9a7b]&amp#27;[0m Executing default handling behavior for command 'getScreenshot'
&amp#27;[38;5;16m[device-farm-main]&amp#27;[0m Updating lastCmdExecutedAt for device emulator-5554 in session 4c35a2bd-58e8-49db-84ce-88d874471cd8
&amp#27;[38;5;80m[AndroidUiautomator2Driver@3ba3 (4c35a2bd)]&amp#27;[0m Matched '/screenshot' to command name 'getScreenshot'
&amp#27;[38;5;80m[AndroidUiautomator2Driver@3ba3 (4c35a2bd)]&amp#27;[0m Proxying [GET /screenshot] to [GET http://127.0.0.1:61590/session/dd11ca2d-30e3-41e6-802a-45937baf374f/screenshot] with no body
&amp#27;[38;5;80m[AndroidUiautomator2Driver@3ba3 (4c35a2bd)]&amp#27;[0m Got response with status 200: {"sessionId":"dd11ca2d-30e3-41e6-802a-45937baf374f","value":"iVBORw0KGgoAAAANSUhEUgAABDgAAAisCAYAAACtR1KuAAAAAXNSR0IArs4c6QAAAARzQklUCAgICHwIZIgAACAASURBVHic7N13WJP3+j/wd0LCCgQBwVlFRHExHCjuiXWP6rE9R1vr6fK0PT0dtt/apbWnrd09ttbu3dMeq6174RYHIA5wIMqSDbIJgSQkvz/4kYvIyJMFibxf1+V1GfJ5Ps+HoCHP/dyf+xbl5ubqQERERERERETkwMTtvQAiIiIiIiIiIksxwEFEREREREREDo8BDiIiIiIiIiJyeAxwEBEREREREZHDY4CDiIiIiIiIiBweAxxERERERERE5PAY4CAiIiIiIiIih8cABxERERERERE5PAY4iIiIiIiIiMjhMcBBRERERERERA6PAQ4iIiIiIiIicngMcBARERERERGRw2OAg4iIiIiIiIgcHgMcREREREREROTwJO29AKLb1dXVQaVSQa1WIzMzE9evX8f169dRVVWFbt26ISgoCP369YOvry9cXV0hkUggFjNW54h0Oh3q6uqg1Wqh0Wig1WoBACKRCGKxWP+zdXJyaueVEhEREd15lEol8vPzUVFRAYVCAaVSCTc3N8hkMsjlcnTt2hVubm7tvUyrKy0thbe3d5ucKzo6utXn+/bti8DAwDZZS0cgys3N1bX3Ioi0Wi3q6upQW1uLoqIiXL16FcnJySguLoZarW4yXiqVomfPnggJCUHfvn3h5eUFqVQKiUQCkUjUDt+Bddy8eROffvqpyceJRCIMHDgQS5cuhVQqtcHKrEen00Gj0aCmpgZKpRIlJSUoLy9HcXExVCoVAEAsFsPNzQ2dO3eGl5cXvL294eLiAhcXFwY7iIiIiMyUnZ2NGzduIDU1Fbm5uaisrDR6jKenJ7p3746+ffuiX79+6NGjRxus1HZOnjyJ4uJizJs3r03O98ILL7T6fGBg...
&amp#27;[38;5;80m[AndroidUiautomator2Driver@3ba3 (4c35a2bd)]&amp#27;[0m Responding to client with driver.getScreenshot() result: "iVBORw0KGgoAAAANSUhEUgAABDgAAAisCAYAAACtR1KuAAAAAXNSR0IArs4c6QAAAARzQklUCAgICHwIZIgAACAASURBVHic7N13WJP3+j/wd0LCCgQBwVlFRHExHCjuiXWP6rE9R1vr6fK0PT0dtt/apbWnrd09ttbu3dMeq6174RYHIA5wIMqSDbIJgSQkvz/4kYvIyJMFibxf1+V1GfJ5Ps+HoCHP/dyf+xbl5ubqQERERERERETkwMTtvQAiIiIiIiIiIksxwEFEREREREREDo8BDiIiIiIiIiJyeAxwEBEREREREZHDY4CDiIiIiIiIiBweAxxERERERERE5PAY4CAiIiIiIiIih8cABxERERERERE5PAY4iIiIiIiIiMjhMcBBRERERERERA6PAQ4iIiIiIiIicngMcBARERERERGRw2OAg4iIiIiIiIgcHgMcREREREREROTwJO29AKLb1dXVQaVSQa1WIzMzE9evX8f169dRVVWFbt26ISgoCP369YOvry9cXV0hkUggFjNW54h0Oh3q6uqg1Wqh0Wig1WoBACKRCGKxWP+zdXJyaueVEhEREd15lEol8vPzUVFRAYVCAaVSCTc3N8hkMsjlcnTt2hVubm7tvUyrKy0thbe3d5ucKzo6utXn+/bti8DAwDZZS0cgys3N1bX3Ioi0Wi3q6upQW1uLoqIiXL16FcnJySguLoZarW4yXiqVomfPnggJCUHfvn3h5eUFqVQKiUQCkUjUDt+Bddy8eROffvqpyceJRCIMHDgQS5cuhVQqtcHKrEen00Gj0aCmpgZKpRIlJSUoLy9HcXExVCoVAEAsFsPNzQ2dO3eGl5cXvL294eLiAhcXFwY7iIiIiMyUnZ2NGzduIDU1Fbm5uaisrDR6jKenJ7p3746+ffuiX79+6NGjRxus1HZOnjyJ4uJizJs3r03O98ILL7T6fGBgIFauXNkma+kImMFB7abh7r1Go0FpaSlu3LiB+Ph4FBUVoa6ursl4sVgMnU4H...
&amp#27;[38;5;48m[HTTP]&amp#27;[0m &amp#27;[37m<-- GET /session/4c35a2bd-58e8-49db-84ce-88d874471cd8/screenshot &amp#27;[39m&amp#27;[32m200&amp#27;[39m &amp#27;[90m404 ms - 81320&amp#27;[39m
&amp#27;[38;5;48m[HTTP]&amp#27;[0m &amp#27;[90m&amp#27;[39m
&amp#27;[38;5;80m[AndroidUiautomator2Driver@3ba3 (4c35a2bd)]&amp#27;[0m Responding to client with driver.click() result: null
&amp#27;[38;5;48m[HTTP]&amp#27;[0m &amp#27;[37m<-- POST /session/4c35a2bd-58e8-49db-84ce-88d874471cd8/element/00000000-0000-0040-0000-000e00000003/click &amp#27;[39m&amp#27;[32m200&amp#27;[39m &amp#27;[90m1435 ms - 14&amp#27;[39m
&amp#27;[38;5;48m[HTTP]&amp#27;[0m &amp#27;[90m&amp#27;[39m
List added successfully!
&amp#27;[38;5;16m[device-farm-main]&amp#27;[0m Found 1 device candidates to be released
&amp#27;[38;5;16m[device-farm-main]&amp#27;[0m Cleaning pending sessions...
&amp#27;[38;5;16m[device-farm-main]&amp#27;[0m No pending sessions to clean
]]></system-out>
  </testcase>
  <testcase name="EditListtest" classname="com.shubham.projects.AppTest.AddListTest" time="13.075">
    <system-out><![CDATA[&amp#27;[38;5;48m[HTTP]&amp#27;[0m &amp#27;[37m-->&amp#27;[39m &amp#27;[37mGET&amp#27;[39m &amp#27;[37m/session/4c35a2bd-58e8-49db-84ce-88d874471cd8/context&amp#27;[39m
&amp#27;[38;5;48m[HTTP]&amp#27;[0m &amp#27;[90m{}&amp#27;[39m
&amp#27;[38;5;16m[device-farm-main]&amp#27;[0m Updating lastCmdExecutedAt for device emulator-5554 in session 4c35a2bd-58e8-49db-84ce-88d874471cd8
&amp#27;[38;5;80m[AndroidUiautomator2Driver@3ba3 (4c35a2bd)]&amp#27;[0m Calling AppiumDriver.getCurrentContext() with args: ["4c35a2bd-58e8-49db-84ce-88d874471cd8"]
&amp#27;[38;5;64m[AppiumDriver@9a7b]&amp#27;[0m Clearing new command timeout pre-emptively since plugin(s) will handle this command
&amp#27;[38;5;64m[AppiumDriver@9a7b]&amp#27;[0m Plugins which can handle cmd 'getCurrentContext': element-wait,device-farm,appium-dashboard
&amp#27;[38;5;64m[AppiumDriver@9a7b]&amp#27;[0m Plugin appium-dashboard is now handling cmd 'getCurrentContext'
&amp#27;[38;5;64m[AppiumDriver@9a7b]&amp#27;[0m Plugin device-farm is now handling cmd 'getCurrentContext'
&amp#27;[38;5;64m[AppiumDriver@9a7b]&amp#27;[0m Plugin element-wait is now handling cmd 'getCurrentContext'
&amp#27;[38;5;64m[AppiumDriver@9a7b]&amp#27;[0m Executing default handling behavior for command 'getCurrentContext'
&amp#27;[38;5;16m[device-farm-main]&amp#27;[0m Updating lastCmdExecutedAt for device emulator-5554 in session 4c35a2bd-58e8-49db-84ce-88d874471cd8
&amp#27;[38;5;80m[AndroidUiautomator2Driver@3ba3 (4c35a2bd)]&amp#27;[0m Responding to client with driver.getCurrentContext() result: "NATIVE_APP"
&amp#27;[38;5;48m[HTTP]&amp#27;[0m &amp#27;[37m<-- GET /session/4c35a2bd-58e8-49db-84ce-88d874471cd8/context &amp#27;[39m&amp#27;[32m200&amp#27;[39m &amp#27;[90m37 ms - 22&amp#27;[39m
&amp#27;[38;5;48m[HTTP]&amp#27;[0m &amp#27;[90m&amp#27;[39m
&amp#27;[38;5;48m[HTTP]&amp#27;[0m &amp#27;[37m-->&amp#27;[39m &amp#27;[37mPOST&amp#27;[39m &amp#27;[37m/session/4c35a2bd-58e8-49db-84ce-88d874471cd8/element&amp#27;[39m
&amp#27;[38;5;48m[HTTP]&amp#27;[0m &amp#27;[90m{"using":"class name","value":"android.widget.ImageView"}&amp#27;[39m
&amp#27;[38;5;16m[device-farm-main]&amp#27;[0m Updating lastCmdExecutedAt for device emulator-5554 in session 4c35a2bd-58e8-49db-84ce-88d874471cd8
&amp#27;[38;5;80m[AndroidUiautomator2Driver@3ba3 (4c35a2bd)]&amp#27;[0m Calling AppiumDriver.findElement() with args: ["class name","android.widget.ImageView","4c35a2bd-58e8-49db-84ce-88d874471cd8"]
&amp#27;[38;5;64m[AppiumDriver@9a7b]&amp#27;[0m Clearing new command timeout pre-emptively since plugin(s) will handle this command
&amp#27;[38;5;64m[AppiumDriver@9a7b]&amp#27;[0m Plugins which can handle cmd 'findElement': element-wait,device-farm,appium-dashboard
&amp#27;[38;5;64m[AppiumDriver@9a7b]&amp#27;[0m Plugin appium-dashboard is now handling cmd 'findElement'
&amp#27;[38;5;64m[AppiumDriver@9a7b]&amp#27;[0m Plugin device-farm is now handling cmd 'findElement'
&amp#27;[38;5;64m[AppiumDriver@9a7b]&amp#27;[0m Plugin element-wait is now handling cmd 'findElement'
- Waiting to find element with class name strategy for android.widget.ImageView selector
&amp#27;[38;5;16m[device-farm-main]&amp#27;[0m Updating lastCmdExecutedAt for device emulator-5554 in session 4c35a2bd-58e8-49db-84ce-88d874471cd8
&amp#27;[38;5;160m[wait-plugin]&amp#27;[0m Element with class name strategy for android.widget.ImageView selector found.
&amp#27;[38;5;160m[wait-plugin]&amp#27;[0m Check if element is displayed
&amp#27;[38;5;80m[AndroidUiautomator2Driver@3ba3 (4c35a2bd)]&amp#27;[0m Matched '/element/00000000-0000-0040-0000-001000000003/attribute/displayed' to command name 'getAttribute'
&amp#27;[38;5;80m[AndroidUiautomator2Driver@3ba3 (4c35a2bd)]&amp#27;[0m Proxying [GET /element/00000000-0000-0040-0000-001000000003/attribute/displayed] to [GET http://127.0.0.1:61590/session/dd11ca2d-30e3-41e6-802a-45937baf374f/element/00000000-0000-0040-0000-001000000003/attribute/displayed] with no body
&amp#27;[38;5;80m[AndroidUiautomator2Driver@3ba3 (4c35a2bd)]&amp#27;[0m Got response with status 200: {"sessionId":"dd11ca2d-30e3-41e6-802a-45937baf374f","value":"true"}
&amp#27;[38;5;160m[wait-plugin]&amp#27;[0m Element is displayed!
√ Waiting to find element with class name strategy for android.widget.ImageView selector
&amp#27;[38;5;64m[AppiumDriver@9a7b]&amp#27;[0m Executing default handling behavior for command 'findElement'
&amp#27;[38;5;80m[AndroidUiautomator2Driver@3ba3 (4c35a2bd)]&amp#27;[0m Valid locator strategies for this request: xpath, id, class name, accessibility id, css selector, -android uiautomator
&amp#27;[38;5;80m[AndroidUiautomator2Driver@3ba3 (4c35a2bd)]&amp#27;[0m Waiting up to 0 ms for condition
&amp#27;[38;5;80m[AndroidUiautomator2Driver@3ba3 (4c35a2bd)]&amp#27;[0m Matched '/element' to command name 'findElement'
&amp#27;[38;5;80m[AndroidUiautomator2Driver@3ba3 (4c35a2bd)]&amp#27;[0m Proxying [POST /element] to [POST http://127.0.0.1:61590/session/dd11ca2d-30e3-41e6-802a-45937baf374f/element] with body: {"strategy":"class name","selector":"android.widget.ImageView","context":"","multiple":false}
&amp#27;[38;5;80m[AndroidUiautomator2Driver@3ba3 (4c35a2bd)]&amp#27;[0m Got response with status 200: {"sessionId":"dd11ca2d-30e3-41e6-802a-45937baf374f","value":{"ELEMENT":"00000000-0000-0040-0000-001000000003","element-6066-11e4-a52e-4f735466cecf":"00000000-0000-0040-0000-001000000003"}}
&amp#27;[38;5;80m[AndroidUiautomator2Driver@3ba3 (4c35a2bd)]&amp#27;[0m Responding to client with driver.findElement() result: {"element-6066-11e4-a52e-4f735466cecf":"00000000-0000-0040-0000-001000000003","ELEMENT":"00000000-0000-0040-0000-001000000003"}
&amp#27;[38;5;48m[HTTP]&amp#27;[0m &amp#27;[37m<-- POST /session/4c35a2bd-58e8-49db-84ce-88d874471cd8/element &amp#27;[39m&amp#27;[32m200&amp#27;[39m &amp#27;[90m103 ms - 137&amp#27;[39m
&amp#27;[38;5;48m[HTTP]&amp#27;[0m &amp#27;[90m&amp#27;[39m
&amp#27;[38;5;48m[HTTP]&amp#27;[0m &amp#27;[37m-->&amp#27;[39m &amp#27;[37mPOST&amp#27;[39m &amp#27;[37m/session/4c35a2bd-58e8-49db-84ce-88d874471cd8/touch/perform&amp#27;[39m
&amp#27;[38;5;48m[HTTP]&amp#27;[0m &amp#27;[90m{"actions":[{"action":"longPress","options":{"duration":2000,"element":"00000000-0000-0040-0000-001000000003"}},{"action":"release","options":{}}]}&amp#27;[39m
&amp#27;[38;5;16m[device-farm-main]&amp#27;[0m Updating lastCmdExecutedAt for device emulator-5554 in session 4c35a2bd-58e8-49db-84ce-88d874471cd8
&amp#27;[38;5;80m[AndroidUiautomator2Driver@3ba3 (4c35a2bd)]&amp#27;[0m Calling AppiumDriver.performTouch() with args: [[{"action":"longPress","options":{"duration":2000,"element":"00000000-0000-0040-0000-001000000003"}},{"action":"release","options":{}}],"4c35a2bd-58e8-49db-84ce-88d874471cd8"]
&amp#27;[38;5;64m[AppiumDriver@9a7b]&amp#27;[0m Clearing new command timeout pre-emptively since plugin(s) will handle this command
&amp#27;[38;5;64m[AppiumDriver@9a7b]&amp#27;[0m Plugins which can handle cmd 'performTouch': element-wait,device-farm,appium-dashboard
&amp#27;[38;5;64m[AppiumDriver@9a7b]&amp#27;[0m Plugin appium-dashboard is now handling cmd 'performTouch'
&amp#27;[38;5;64m[AppiumDriver@9a7b]&amp#27;[0m Plugin device-farm is now handling cmd 'performTouch'
&amp#27;[38;5;64m[AppiumDriver@9a7b]&amp#27;[0m Plugin element-wait is now handling cmd 'performTouch'
&amp#27;[38;5;64m[AppiumDriver@9a7b]&amp#27;[0m Executing default handling behavior for command 'performTouch'
&amp#27;[38;5;16m[device-farm-main]&amp#27;[0m Updating lastCmdExecutedAt for device emulator-5554 in session 4c35a2bd-58e8-49db-84ce-88d874471cd8
&amp#27;[38;5;80m[AndroidUiautomator2Driver@3ba3 (4c35a2bd)]&amp#27;[0m Matched '/element/00000000-0000-0040-0000-001000000003/location' to command name 'getLocation'
&amp#27;[38;5;80m[AndroidUiautomator2Driver@3ba3 (4c35a2bd)]&amp#27;[0m Proxying [GET /element/00000000-0000-0040-0000-001000000003/location] to [GET http://127.0.0.1:61590/session/dd11ca2d-30e3-41e6-802a-45937baf374f/element/00000000-0000-0040-0000-001000000003/location] with no body
&amp#27;[38;5;80m[AndroidUiautomator2Driver@3ba3 (4c35a2bd)]&amp#27;[0m Got response with status 200: {"sessionId":"dd11ca2d-30e3-41e6-802a-45937baf374f","value":{"x":33,"y":231}}
&amp#27;[38;5;80m[AndroidUiautomator2Driver@3ba3 (4c35a2bd)]&amp#27;[0m Matched '/element/00000000-0000-0040-0000-001000000003/size' to command name 'getSize'
&amp#27;[38;5;80m[AndroidUiautomator2Driver@3ba3 (4c35a2bd)]&amp#27;[0m Proxying [GET /element/00000000-0000-0040-0000-001000000003/size] to [GET http://127.0.0.1:61590/session/dd11ca2d-30e3-41e6-802a-45937baf374f/element/00000000-0000-0040-0000-001000000003/size] with no body
&amp#27;[38;5;80m[AndroidUiautomator2Driver@3ba3 (4c35a2bd)]&amp#27;[0m Got response with status 200: {"sessionId":"dd11ca2d-30e3-41e6-802a-45937baf374f","value":{"height":242,"width":1014}}
&amp#27;[38;5;80m[AndroidUiautomator2Driver@3ba3 (4c35a2bd)]&amp#27;[0m Matched '/touch/longclick' to command name 'touchLongClick'
&amp#27;[38;5;80m[AndroidUiautomator2Driver@3ba3 (4c35a2bd)]&amp#27;[0m Proxying [POST /touch/longclick] to [POST http://127.0.0.1:61590/session/dd11ca2d-30e3-41e6-802a-45937baf374f/touch/longclick] with body: {"params":{"element":"","x":540,"y":352,"duration":2000}}
&amp#27;[38;5;80m[AndroidUiautomator2Driver@3ba3 (4c35a2bd)]&amp#27;[0m Got response with status 200: {"sessionId":"dd11ca2d-30e3-41e6-802a-45937baf374f","value":null}
&amp#27;[38;5;80m[AndroidUiautomator2Driver@3ba3 (4c35a2bd)]&amp#27;[0m Responding to client with driver.performTouch() result: null
&amp#27;[38;5;48m[HTTP]&amp#27;[0m &amp#27;[37m<-- POST /session/4c35a2bd-58e8-49db-84ce-88d874471cd8/touch/perform &amp#27;[39m&amp#27;[32m200&amp#27;[39m &amp#27;[90m3664 ms - 14&amp#27;[39m
&amp#27;[38;5;48m[HTTP]&amp#27;[0m &amp#27;[90m&amp#27;[39m
&amp#27;[38;5;48m[HTTP]&amp#27;[0m &amp#27;[37m-->&amp#27;[39m &amp#27;[37mGET&amp#27;[39m &amp#27;[37m/session/4c35a2bd-58e8-49db-84ce-88d874471cd8/context&amp#27;[39m
&amp#27;[38;5;48m[HTTP]&amp#27;[0m &amp#27;[90m{}&amp#27;[39m
&amp#27;[38;5;16m[device-farm-main]&amp#27;[0m Updating lastCmdExecutedAt for device emulator-5554 in session 4c35a2bd-58e8-49db-84ce-88d874471cd8
&amp#27;[38;5;80m[AndroidUiautomator2Driver@3ba3 (4c35a2bd)]&amp#27;[0m Calling AppiumDriver.getCurrentContext() with args: ["4c35a2bd-58e8-49db-84ce-88d874471cd8"]
&amp#27;[38;5;64m[AppiumDriver@9a7b]&amp#27;[0m Clearing new command timeout pre-emptively since plugin(s) will handle this command
&amp#27;[38;5;64m[AppiumDriver@9a7b]&amp#27;[0m Plugins which can handle cmd 'getCurrentContext': element-wait,device-farm,appium-dashboard
&amp#27;[38;5;64m[AppiumDriver@9a7b]&amp#27;[0m Plugin appium-dashboard is now handling cmd 'getCurrentContext'
&amp#27;[38;5;64m[AppiumDriver@9a7b]&amp#27;[0m Plugin device-farm is now handling cmd 'getCurrentContext'
&amp#27;[38;5;64m[AppiumDriver@9a7b]&amp#27;[0m Plugin element-wait is now handling cmd 'getCurrentContext'
&amp#27;[38;5;64m[AppiumDriver@9a7b]&amp#27;[0m Executing default handling behavior for command 'getCurrentContext'
&amp#27;[38;5;16m[device-farm-main]&amp#27;[0m Updating lastCmdExecutedAt for device emulator-5554 in session 4c35a2bd-58e8-49db-84ce-88d874471cd8
&amp#27;[38;5;80m[AndroidUiautomator2Driver@3ba3 (4c35a2bd)]&amp#27;[0m Responding to client with driver.getCurrentContext() result: "NATIVE_APP"
&amp#27;[38;5;48m[HTTP]&amp#27;[0m &amp#27;[37m<-- GET /session/4c35a2bd-58e8-49db-84ce-88d874471cd8/context &amp#27;[39m&amp#27;[32m200&amp#27;[39m &amp#27;[90m22 ms - 22&amp#27;[39m
&amp#27;[38;5;48m[HTTP]&amp#27;[0m &amp#27;[90m&amp#27;[39m
&amp#27;[38;5;48m[HTTP]&amp#27;[0m &amp#27;[37m-->&amp#27;[39m &amp#27;[37mPOST&amp#27;[39m &amp#27;[37m/session/4c35a2bd-58e8-49db-84ce-88d874471cd8/element&amp#27;[39m
&amp#27;[38;5;48m[HTTP]&amp#27;[0m &amp#27;[90m{"using":"accessibility id","value":"Edit"}&amp#27;[39m
&amp#27;[38;5;16m[device-farm-main]&amp#27;[0m Updating lastCmdExecutedAt for device emulator-5554 in session 4c35a2bd-58e8-49db-84ce-88d874471cd8
&amp#27;[38;5;80m[AndroidUiautomator2Driver@3ba3 (4c35a2bd)]&amp#27;[0m Calling AppiumDriver.findElement() with args: ["accessibility id","Edit","4c35a2bd-58e8-49db-84ce-88d874471cd8"]
&amp#27;[38;5;64m[AppiumDriver@9a7b]&amp#27;[0m Clearing new command timeout pre-emptively since plugin(s) will handle this command
&amp#27;[38;5;64m[AppiumDriver@9a7b]&amp#27;[0m Plugins which can handle cmd 'findElement': element-wait,device-farm,appium-dashboard
&amp#27;[38;5;64m[AppiumDriver@9a7b]&amp#27;[0m Plugin appium-dashboard is now handling cmd 'findElement'
&amp#27;[38;5;64m[AppiumDriver@9a7b]&amp#27;[0m Plugin device-farm is now handling cmd 'findElement'
&amp#27;[38;5;64m[AppiumDriver@9a7b]&amp#27;[0m Plugin element-wait is now handling cmd 'findElement'
- Waiting to find element with accessibility id strategy for Edit selector
&amp#27;[38;5;16m[device-farm-main]&amp#27;[0m Updating lastCmdExecutedAt for device emulator-5554 in session 4c35a2bd-58e8-49db-84ce-88d874471cd8
&amp#27;[38;5;160m[wait-plugin]&amp#27;[0m Element with accessibility id strategy for Edit selector found.
&amp#27;[38;5;160m[wait-plugin]&amp#27;[0m Check if element is displayed
&amp#27;[38;5;80m[AndroidUiautomator2Driver@3ba3 (4c35a2bd)]&amp#27;[0m Matched '/element/00000000-0000-0040-0000-001500000003/attribute/displayed' to command name 'getAttribute'
&amp#27;[38;5;80m[AndroidUiautomator2Driver@3ba3 (4c35a2bd)]&amp#27;[0m Proxying [GET /element/00000000-0000-0040-0000-001500000003/attribute/displayed] to [GET http://127.0.0.1:61590/session/dd11ca2d-30e3-41e6-802a-45937baf374f/element/00000000-0000-0040-0000-001500000003/attribute/displayed] with no body
&amp#27;[38;5;80m[AndroidUiautomator2Driver@3ba3 (4c35a2bd)]&amp#27;[0m Got response with status 200: {"sessionId":"dd11ca2d-30e3-41e6-802a-45937baf374f","value":"true"}
&amp#27;[38;5;160m[wait-plugin]&amp#27;[0m Element is displayed!
√ Waiting to find element with accessibility id strategy for Edit selector
&amp#27;[38;5;64m[AppiumDriver@9a7b]&amp#27;[0m Executing default handling behavior for command 'findElement'
&amp#27;[38;5;80m[AndroidUiautomator2Driver@3ba3 (4c35a2bd)]&amp#27;[0m Valid locator strategies for this request: xpath, id, class name, accessibility id, css selector, -android uiautomator
&amp#27;[38;5;80m[AndroidUiautomator2Driver@3ba3 (4c35a2bd)]&amp#27;[0m Waiting up to 0 ms for condition
&amp#27;[38;5;80m[AndroidUiautomator2Driver@3ba3 (4c35a2bd)]&amp#27;[0m Matched '/element' to command name 'findElement'
&amp#27;[38;5;80m[AndroidUiautomator2Driver@3ba3 (4c35a2bd)]&amp#27;[0m Proxying [POST /element] to [POST http://127.0.0.1:61590/session/dd11ca2d-30e3-41e6-802a-45937baf374f/element] with body: {"strategy":"accessibility id","selector":"Edit","context":"","multiple":false}
&amp#27;[38;5;80m[AndroidUiautomator2Driver@3ba3 (4c35a2bd)]&amp#27;[0m Got response with status 200: {"sessionId":"dd11ca2d-30e3-41e6-802a-45937baf374f","value":{"ELEMENT":"00000000-0000-0040-0000-001500000003","element-6066-11e4-a52e-4f735466cecf":"00000000-0000-0040-0000-001500000003"}}
&amp#27;[38;5;80m[AndroidUiautomator2Driver@3ba3 (4c35a2bd)]&amp#27;[0m Responding to client with driver.findElement() result: {"element-6066-11e4-a52e-4f735466cecf":"00000000-0000-0040-0000-001500000003","ELEMENT":"00000000-0000-0040-0000-001500000003"}
&amp#27;[38;5;48m[HTTP]&amp#27;[0m &amp#27;[37m<-- POST /session/4c35a2bd-58e8-49db-84ce-88d874471cd8/element &amp#27;[39m&amp#27;[32m200&amp#27;[39m &amp#27;[90m123 ms - 137&amp#27;[39m
&amp#27;[38;5;48m[HTTP]&amp#27;[0m &amp#27;[90m&amp#27;[39m
&amp#27;[38;5;48m[HTTP]&amp#27;[0m &amp#27;[37m-->&amp#27;[39m &amp#27;[37mPOST&amp#27;[39m &amp#27;[37m/session/4c35a2bd-58e8-49db-84ce-88d874471cd8/element/00000000-0000-0040-0000-001500000003/click&amp#27;[39m
&amp#27;[38;5;48m[HTTP]&amp#27;[0m &amp#27;[90m{"id":"00000000-0000-0040-0000-001500000003"}&amp#27;[39m
&amp#27;[38;5;16m[device-farm-main]&amp#27;[0m Updating lastCmdExecutedAt for device emulator-5554 in session 4c35a2bd-58e8-49db-84ce-88d874471cd8
&amp#27;[38;5;80m[AndroidUiautomator2Driver@3ba3 (4c35a2bd)]&amp#27;[0m Calling AppiumDriver.click() with args: ["00000000-0000-0040-0000-001500000003","4c35a2bd-58e8-49db-84ce-88d874471cd8"]
&amp#27;[38;5;64m[AppiumDriver@9a7b]&amp#27;[0m Clearing new command timeout pre-emptively since plugin(s) will handle this command
&amp#27;[38;5;64m[AppiumDriver@9a7b]&amp#27;[0m Plugins which can handle cmd 'click': element-wait,device-farm,appium-dashboard
&amp#27;[38;5;64m[AppiumDriver@9a7b]&amp#27;[0m Plugin appium-dashboard is now handling cmd 'click'
&amp#27;[38;5;64m[AppiumDriver@9a7b]&amp#27;[0m Plugin device-farm is now handling cmd 'click'
&amp#27;[38;5;64m[AppiumDriver@9a7b]&amp#27;[0m Plugin element-wait is now handling cmd 'click'
&amp#27;[38;5;160m[wait-plugin]&amp#27;[0m Wait for element to be clickable
&amp#27;[38;5;80m[AndroidUiautomator2Driver@3ba3 (4c35a2bd)]&amp#27;[0m Matched '/element/00000000-0000-0040-0000-001500000003/attribute/enabled' to command name 'getAttribute'
&amp#27;[38;5;80m[AndroidUiautomator2Driver@3ba3 (4c35a2bd)]&amp#27;[0m Proxying [GET /element/00000000-0000-0040-0000-001500000003/attribute/enabled] to [GET http://127.0.0.1:61590/session/dd11ca2d-30e3-41e6-802a-45937baf374f/element/00000000-0000-0040-0000-001500000003/attribute/enabled] with no body
&amp#27;[38;5;16m[device-farm-main]&amp#27;[0m Updating lastCmdExecutedAt for device emulator-5554 in session 4c35a2bd-58e8-49db-84ce-88d874471cd8
&amp#27;[38;5;80m[AndroidUiautomator2Driver@3ba3 (4c35a2bd)]&amp#27;[0m Got response with status 200: {"sessionId":"dd11ca2d-30e3-41e6-802a-45937baf374f","value":"true"}
&amp#27;[38;5;160m[wait-plugin]&amp#27;[0m Element is enabled
&amp#27;[38;5;64m[AppiumDriver@9a7b]&amp#27;[0m Executing default handling behavior for command 'click'
&amp#27;[38;5;80m[AndroidUiautomator2Driver@3ba3 (4c35a2bd)]&amp#27;[0m Matched '/element/00000000-0000-0040-0000-001500000003/click' to command name 'click'
&amp#27;[38;5;80m[AndroidUiautomator2Driver@3ba3 (4c35a2bd)]&amp#27;[0m Proxying [POST /element/00000000-0000-0040-0000-001500000003/click] to [POST http://127.0.0.1:61590/session/dd11ca2d-30e3-41e6-802a-45937baf374f/element/00000000-0000-0040-0000-001500000003/click] with body: {"element":"00000000-0000-0040-0000-001500000003"}
&amp#27;[38;5;80m[AndroidUiautomator2Driver@3ba3 (4c35a2bd)]&amp#27;[0m Got response with status 200: {"sessionId":"dd11ca2d-30e3-41e6-802a-45937baf374f","value":null}
&amp#27;[38;5;48m[HTTP]&amp#27;[0m &amp#27;[37m-->&amp#27;[39m &amp#27;[37mGET&amp#27;[39m &amp#27;[37m/wd-internal/session/4c35a2bd-58e8-49db-84ce-88d874471cd8/screenshot&amp#27;[39m
&amp#27;[38;5;48m[HTTP]&amp#27;[0m &amp#27;[90m{}&amp#27;[39m
&amp#27;[38;5;16m[device-farm-main]&amp#27;[0m Updating lastCmdExecutedAt for device emulator-5554 in session 4c35a2bd-58e8-49db-84ce-88d874471cd8
&amp#27;[38;5;80m[AndroidUiautomator2Driver@3ba3 (4c35a2bd)]&amp#27;[0m Calling AppiumDriver.getScreenshot() with args: ["4c35a2bd-58e8-49db-84ce-88d874471cd8"]
&amp#27;[38;5;64m[AppiumDriver@9a7b]&amp#27;[0m Clearing new command timeout pre-emptively since plugin(s) will handle this command
&amp#27;[38;5;64m[AppiumDriver@9a7b]&amp#27;[0m Plugins which can handle cmd 'getScreenshot': element-wait,device-farm,appium-dashboard
&amp#27;[38;5;64m[AppiumDriver@9a7b]&amp#27;[0m Plugin appium-dashboard is now handling cmd 'getScreenshot'
&amp#27;[38;5;64m[AppiumDriver@9a7b]&amp#27;[0m Plugin device-farm is now handling cmd 'getScreenshot'
&amp#27;[38;5;64m[AppiumDriver@9a7b]&amp#27;[0m Plugin element-wait is now handling cmd 'getScreenshot'
&amp#27;[38;5;64m[AppiumDriver@9a7b]&amp#27;[0m Executing default handling behavior for command 'getScreenshot'
&amp#27;[38;5;16m[device-farm-main]&amp#27;[0m Updating lastCmdExecutedAt for device emulator-5554 in session 4c35a2bd-58e8-49db-84ce-88d874471cd8
&amp#27;[38;5;80m[AndroidUiautomator2Driver@3ba3 (4c35a2bd)]&amp#27;[0m Matched '/screenshot' to command name 'getScreenshot'
&amp#27;[38;5;80m[AndroidUiautomator2Driver@3ba3 (4c35a2bd)]&amp#27;[0m Proxying [GET /screenshot] to [GET http://127.0.0.1:61590/session/dd11ca2d-30e3-41e6-802a-45937baf374f/screenshot] with no body
&amp#27;[38;5;80m[AndroidUiautomator2Driver@3ba3 (4c35a2bd)]&amp#27;[0m Got response with status 200: {"sessionId":"dd11ca2d-30e3-41e6-802a-45937baf374f","value":"iVBORw0KGgoAAAANSUhEUgAABDgAAAisCAYAAACtR1KuAAAAAXNSR0IArs4c6QAAAARzQklUCAgICHwIZIgAACAASURBVHic7N15XFT3vf/x9wz7LiCrGyoIxAXc4oaaRE1iNs21Nbk/09j03qZpf+1ttpsuufe2/d2b202T3DRL25ukt2lM0sTkZmuTVrNo1LihcUNcEBFBEAfZYZhh5veHD6aMCDPADHDg9Xw8+nh4znzP93xmQJvznu9iKi8vdwoAAAAAAMDAzANdAAAAAAAAQF8RcAAAAAAAAMMj4AAAAAAAAIZHwAEAAAAAAAyPgAMAAAAAABgeAQcAAAAAADA8Ag4AAAAAAGB4BBwAAAAAAMDwCDgAAAAAAIDhEXAAAAAAAADDI+AAAAAAAACGR8ABAAAAAAAMj4ADAAAAAAAYHgEHAAAAAAAwvMCBLgC4XFtbm1pbW2Wz2VRSUqITJ07oxIkTamhoUEpKitLT05WRkaH4+HiFhoYqMDBQZjNZnRE5nU61tbXJ4XDIbrfL4XBIkkwmk8xms+tnGxAQMMCVAgAADD3Nzc2qqKhQXV2dGhsb1dzcrLCwMEVERCg6OlrJyckKCwsb6DJ97uLFi4qNje2Xe23atKnb1ydOnKgJEyb0Sy3Dgam8vNw50EUADodDbW1tslqtqqqq0tGjR1VYWCiLxSKbzdapfVBQkEaPHq2pU6dq4sSJiomJUVBQkAIDA2UymQbgHfjGmTNn9PTTT/f4OpPJpOzsbK1Zs0ZBQUF+qMx3nE6n7Ha7Wlpa1NzcrOrqatXW1spisai1tVWSZDabFRYWppEjRyomJkaxsbEKCQlRSEgIYQcAAEAvnT17VidPnlRRUZHKy8tVX1/v8ZqoqCilpqZq4sSJysjI0KhRo/qhUv/Zvn27LBaLbrvttn653yOPPNLt6xMmTNB9993XL7UMB4zgwIBp//be...
&amp#27;[38;5;80m[AndroidUiautomator2Driver@3ba3 (4c35a2bd)]&amp#27;[0m Responding to client with driver.getScreenshot() result: "iVBORw0KGgoAAAANSUhEUgAABDgAAAisCAYAAACtR1KuAAAAAXNSR0IArs4c6QAAAARzQklUCAgICHwIZIgAACAASURBVHic7N15XFT3vf/x9wz7LiCrGyoIxAXc4oaaRE1iNs21Nbk/09j03qZpf+1ttpsuufe2/d2b202T3DRL25ukt2lM0sTkZmuTVrNo1LihcUNcEBFBEAfZYZhh5veHD6aMCDPADHDg9Xw8+nh4znzP93xmQJvznu9iKi8vdwoAAAAAAMDAzANdAAAAAAAAQF8RcAAAAAAAAMMj4AAAAAAAAIZHwAEAAAAAAAyPgAMAAAAAABgeAQcAAAAAADA8Ag4AAAAAAGB4BBwAAAAAAMDwCDgAAAAAAIDhEXAAAAAAAADDI+AAAAAAAACGR8ABAAAAAAAMj4ADAAAAAAAYHgEHAAAAAAAwvMCBLgC4XFtbm1pbW2Wz2VRSUqITJ07oxIkTamhoUEpKitLT05WRkaH4+HiFhoYqMDBQZjNZnRE5nU61tbXJ4XDIbrfL4XBIkkwmk8xms+tnGxAQMMCVAgAADD3Nzc2qqKhQXV2dGhsb1dzcrLCwMEVERCg6OlrJyckKCwsb6DJ97uLFi4qNje2Xe23atKnb1ydOnKgJEyb0Sy3Dgam8vNw50EUADodDbW1tslqtqqqq0tGjR1VYWCiLxSKbzdapfVBQkEaPHq2pU6dq4sSJiomJUVBQkAIDA2UymQbgHfjGmTNn9PTTT/f4OpPJpOzsbK1Zs0ZBQUF+qMx3nE6n7Ha7Wlpa1NzcrOrqatXW1spisai1tVWSZDabFRYWppEjRyomJkaxsbEKCQlRSEgIYQcAAEAvnT17VidPnlRRUZHKy8tVX1/v8ZqoqCilpqZq4sSJysjI0KhRo/qhUv/Zvn27LBaLbrvttn653yOPPNLt6xMmTNB9993XL7UMB4zgwIBp//bebrfr4sWLOnnypPbs2aOqqiq1tbV1am82m+V0OuV0OmWz2VRcXKzi4mKFhoZq...
&amp#27;[38;5;48m[HTTP]&amp#27;[0m &amp#27;[37m<-- GET /session/4c35a2bd-58e8-49db-84ce-88d874471cd8/screenshot &amp#27;[39m&amp#27;[32m200&amp#27;[39m &amp#27;[90m552 ms - 46328&amp#27;[39m
&amp#27;[38;5;48m[HTTP]&amp#27;[0m &amp#27;[90m&amp#27;[39m
&amp#27;[38;5;80m[AndroidUiautomator2Driver@3ba3 (4c35a2bd)]&amp#27;[0m Responding to client with driver.click() result: null
&amp#27;[38;5;48m[HTTP]&amp#27;[0m &amp#27;[37m<-- POST /session/4c35a2bd-58e8-49db-84ce-88d874471cd8/element/00000000-0000-0040-0000-001500000003/click &amp#27;[39m&amp#27;[32m200&amp#27;[39m &amp#27;[90m715 ms - 14&amp#27;[39m
&amp#27;[38;5;48m[HTTP]&amp#27;[0m &amp#27;[90m&amp#27;[39m
&amp#27;[38;5;48m[HTTP]&amp#27;[0m &amp#27;[37m-->&amp#27;[39m &amp#27;[37mGET&amp#27;[39m &amp#27;[37m/session/4c35a2bd-58e8-49db-84ce-88d874471cd8/context&amp#27;[39m
&amp#27;[38;5;48m[HTTP]&amp#27;[0m &amp#27;[90m{}&amp#27;[39m
&amp#27;[38;5;16m[device-farm-main]&amp#27;[0m Updating lastCmdExecutedAt for device emulator-5554 in session 4c35a2bd-58e8-49db-84ce-88d874471cd8
&amp#27;[38;5;80m[AndroidUiautomator2Driver@3ba3 (4c35a2bd)]&amp#27;[0m Calling AppiumDriver.getCurrentContext() with args: ["4c35a2bd-58e8-49db-84ce-88d874471cd8"]
&amp#27;[38;5;64m[AppiumDriver@9a7b]&amp#27;[0m Clearing new command timeout pre-emptively since plugin(s) will handle this command
&amp#27;[38;5;64m[AppiumDriver@9a7b]&amp#27;[0m Plugins which can handle cmd 'getCurrentContext': element-wait,device-farm,appium-dashboard
&amp#27;[38;5;64m[AppiumDriver@9a7b]&amp#27;[0m Plugin appium-dashboard is now handling cmd 'getCurrentContext'
&amp#27;[38;5;64m[AppiumDriver@9a7b]&amp#27;[0m Plugin device-farm is now handling cmd 'getCurrentContext'
&amp#27;[38;5;64m[AppiumDriver@9a7b]&amp#27;[0m Plugin element-wait is now handling cmd 'getCurrentContext'
&amp#27;[38;5;64m[AppiumDriver@9a7b]&amp#27;[0m Executing default handling behavior for command 'getCurrentContext'
&amp#27;[38;5;16m[device-farm-main]&amp#27;[0m Updating lastCmdExecutedAt for device emulator-5554 in session 4c35a2bd-58e8-49db-84ce-88d874471cd8
&amp#27;[38;5;80m[AndroidUiautomator2Driver@3ba3 (4c35a2bd)]&amp#27;[0m Responding to client with driver.getCurrentContext() result: "NATIVE_APP"
&amp#27;[38;5;48m[HTTP]&amp#27;[0m &amp#27;[37m<-- GET /session/4c35a2bd-58e8-49db-84ce-88d874471cd8/context &amp#27;[39m&amp#27;[32m200&amp#27;[39m &amp#27;[90m16 ms - 22&amp#27;[39m
&amp#27;[38;5;48m[HTTP]&amp#27;[0m &amp#27;[90m&amp#27;[39m
&amp#27;[38;5;48m[HTTP]&amp#27;[0m &amp#27;[37m-->&amp#27;[39m &amp#27;[37mPOST&amp#27;[39m &amp#27;[37m/session/4c35a2bd-58e8-49db-84ce-88d874471cd8/element&amp#27;[39m
&amp#27;[38;5;48m[HTTP]&amp#27;[0m &amp#27;[90m{"using":"class name","value":"android.widget.EditText"}&amp#27;[39m
&amp#27;[38;5;16m[device-farm-main]&amp#27;[0m Updating lastCmdExecutedAt for device emulator-5554 in session 4c35a2bd-58e8-49db-84ce-88d874471cd8
&amp#27;[38;5;80m[AndroidUiautomator2Driver@3ba3 (4c35a2bd)]&amp#27;[0m Calling AppiumDriver.findElement() with args: ["class name","android.widget.EditText","4c35a2bd-58e8-49db-84ce-88d874471cd8"]
&amp#27;[38;5;64m[AppiumDriver@9a7b]&amp#27;[0m Clearing new command timeout pre-emptively since plugin(s) will handle this command
&amp#27;[38;5;64m[AppiumDriver@9a7b]&amp#27;[0m Plugins which can handle cmd 'findElement': element-wait,device-farm,appium-dashboard
&amp#27;[38;5;64m[AppiumDriver@9a7b]&amp#27;[0m Plugin appium-dashboard is now handling cmd 'findElement'
&amp#27;[38;5;64m[AppiumDriver@9a7b]&amp#27;[0m Plugin device-farm is now handling cmd 'findElement'
&amp#27;[38;5;64m[AppiumDriver@9a7b]&amp#27;[0m Plugin element-wait is now handling cmd 'findElement'
- Waiting to find element with class name strategy for android.widget.EditText selector
&amp#27;[38;5;16m[device-farm-main]&amp#27;[0m Updating lastCmdExecutedAt for device emulator-5554 in session 4c35a2bd-58e8-49db-84ce-88d874471cd8
&amp#27;[38;5;160m[wait-plugin]&amp#27;[0m Element with class name strategy for android.widget.EditText selector found.
&amp#27;[38;5;160m[wait-plugin]&amp#27;[0m Check if element is displayed
&amp#27;[38;5;80m[AndroidUiautomator2Driver@3ba3 (4c35a2bd)]&amp#27;[0m Matched '/element/00000000-0000-0040-0000-001c00000003/attribute/displayed' to command name 'getAttribute'
&amp#27;[38;5;80m[AndroidUiautomator2Driver@3ba3 (4c35a2bd)]&amp#27;[0m Proxying [GET /element/00000000-0000-0040-0000-001c00000003/attribute/displayed] to [GET http://127.0.0.1:61590/session/dd11ca2d-30e3-41e6-802a-45937baf374f/element/00000000-0000-0040-0000-001c00000003/attribute/displayed] with no body
&amp#27;[38;5;80m[AndroidUiautomator2Driver@3ba3 (4c35a2bd)]&amp#27;[0m Got response with status 200: {"sessionId":"dd11ca2d-30e3-41e6-802a-45937baf374f","value":"true"}
&amp#27;[38;5;160m[wait-plugin]&amp#27;[0m Element is displayed!
√ Waiting to find element with class name strategy for android.widget.EditText selector
&amp#27;[38;5;64m[AppiumDriver@9a7b]&amp#27;[0m Executing default handling behavior for command 'findElement'
&amp#27;[38;5;80m[AndroidUiautomator2Driver@3ba3 (4c35a2bd)]&amp#27;[0m Valid locator strategies for this request: xpath, id, class name, accessibility id, css selector, -android uiautomator
&amp#27;[38;5;80m[AndroidUiautomator2Driver@3ba3 (4c35a2bd)]&amp#27;[0m Waiting up to 0 ms for condition
&amp#27;[38;5;80m[AndroidUiautomator2Driver@3ba3 (4c35a2bd)]&amp#27;[0m Matched '/element' to command name 'findElement'
&amp#27;[38;5;80m[AndroidUiautomator2Driver@3ba3 (4c35a2bd)]&amp#27;[0m Proxying [POST /element] to [POST http://127.0.0.1:61590/session/dd11ca2d-30e3-41e6-802a-45937baf374f/element] with body: {"strategy":"class name","selector":"android.widget.EditText","context":"","multiple":false}
&amp#27;[38;5;80m[AndroidUiautomator2Driver@3ba3 (4c35a2bd)]&amp#27;[0m Got response with status 200: {"sessionId":"dd11ca2d-30e3-41e6-802a-45937baf374f","value":{"ELEMENT":"00000000-0000-0040-0000-001c00000003","element-6066-11e4-a52e-4f735466cecf":"00000000-0000-0040-0000-001c00000003"}}
&amp#27;[38;5;80m[AndroidUiautomator2Driver@3ba3 (4c35a2bd)]&amp#27;[0m Responding to client with driver.findElement() result: {"element-6066-11e4-a52e-4f735466cecf":"00000000-0000-0040-0000-001c00000003","ELEMENT":"00000000-0000-0040-0000-001c00000003"}
&amp#27;[38;5;48m[HTTP]&amp#27;[0m &amp#27;[37m<-- POST /session/4c35a2bd-58e8-49db-84ce-88d874471cd8/element &amp#27;[39m&amp#27;[32m200&amp#27;[39m &amp#27;[90m288 ms - 137&amp#27;[39m
&amp#27;[38;5;48m[HTTP]&amp#27;[0m &amp#27;[90m&amp#27;[39m
&amp#27;[38;5;48m[HTTP]&amp#27;[0m &amp#27;[37m-->&amp#27;[39m &amp#27;[37mPOST&amp#27;[39m &amp#27;[37m/session/4c35a2bd-58e8-49db-84ce-88d874471cd8/element/00000000-0000-0040-0000-001c00000003/click&amp#27;[39m
&amp#27;[38;5;48m[HTTP]&amp#27;[0m &amp#27;[90m{"id":"00000000-0000-0040-0000-001c00000003"}&amp#27;[39m
&amp#27;[38;5;16m[device-farm-main]&amp#27;[0m Updating lastCmdExecutedAt for device emulator-5554 in session 4c35a2bd-58e8-49db-84ce-88d874471cd8
&amp#27;[38;5;80m[AndroidUiautomator2Driver@3ba3 (4c35a2bd)]&amp#27;[0m Calling AppiumDriver.click() with args: ["00000000-0000-0040-0000-001c00000003","4c35a2bd-58e8-49db-84ce-88d874471cd8"]
&amp#27;[38;5;64m[AppiumDriver@9a7b]&amp#27;[0m Clearing new command timeout pre-emptively since plugin(s) will handle this command
&amp#27;[38;5;64m[AppiumDriver@9a7b]&amp#27;[0m Plugins which can handle cmd 'click': element-wait,device-farm,appium-dashboard
&amp#27;[38;5;64m[AppiumDriver@9a7b]&amp#27;[0m Plugin appium-dashboard is now handling cmd 'click'
&amp#27;[38;5;64m[AppiumDriver@9a7b]&amp#27;[0m Plugin device-farm is now handling cmd 'click'
&amp#27;[38;5;64m[AppiumDriver@9a7b]&amp#27;[0m Plugin element-wait is now handling cmd 'click'
&amp#27;[38;5;160m[wait-plugin]&amp#27;[0m Wait for element to be clickable
&amp#27;[38;5;80m[AndroidUiautomator2Driver@3ba3 (4c35a2bd)]&amp#27;[0m Matched '/element/00000000-0000-0040-0000-001c00000003/attribute/enabled' to command name 'getAttribute'
&amp#27;[38;5;80m[AndroidUiautomator2Driver@3ba3 (4c35a2bd)]&amp#27;[0m Proxying [GET /element/00000000-0000-0040-0000-001c00000003/attribute/enabled] to [GET http://127.0.0.1:61590/session/dd11ca2d-30e3-41e6-802a-45937baf374f/element/00000000-0000-0040-0000-001c00000003/attribute/enabled] with no body
&amp#27;[38;5;16m[device-farm-main]&amp#27;[0m Updating lastCmdExecutedAt for device emulator-5554 in session 4c35a2bd-58e8-49db-84ce-88d874471cd8
&amp#27;[38;5;80m[AndroidUiautomator2Driver@3ba3 (4c35a2bd)]&amp#27;[0m Got response with status 200: {"sessionId":"dd11ca2d-30e3-41e6-802a-45937baf374f","value":"true"}
&amp#27;[38;5;160m[wait-plugin]&amp#27;[0m Element is enabled
&amp#27;[38;5;64m[AppiumDriver@9a7b]&amp#27;[0m Executing default handling behavior for command 'click'
&amp#27;[38;5;80m[AndroidUiautomator2Driver@3ba3 (4c35a2bd)]&amp#27;[0m Matched '/element/00000000-0000-0040-0000-001c00000003/click' to command name 'click'
&amp#27;[38;5;80m[AndroidUiautomator2Driver@3ba3 (4c35a2bd)]&amp#27;[0m Proxying [POST /element/00000000-0000-0040-0000-001c00000003/click] to [POST http://127.0.0.1:61590/session/dd11ca2d-30e3-41e6-802a-45937baf374f/element/00000000-0000-0040-0000-001c00000003/click] with body: {"element":"00000000-0000-0040-0000-001c00000003"}
&amp#27;[38;5;80m[AndroidUiautomator2Driver@3ba3 (4c35a2bd)]&amp#27;[0m Got response with status 200: {"sessionId":"dd11ca2d-30e3-41e6-802a-45937baf374f","value":null}
&amp#27;[38;5;48m[HTTP]&amp#27;[0m &amp#27;[37m-->&amp#27;[39m &amp#27;[37mGET&amp#27;[39m &amp#27;[37m/wd-internal/session/4c35a2bd-58e8-49db-84ce-88d874471cd8/screenshot&amp#27;[39m
&amp#27;[38;5;48m[HTTP]&amp#27;[0m &amp#27;[90m{}&amp#27;[39m
&amp#27;[38;5;16m[device-farm-main]&amp#27;[0m Updating lastCmdExecutedAt for device emulator-5554 in session 4c35a2bd-58e8-49db-84ce-88d874471cd8
&amp#27;[38;5;80m[AndroidUiautomator2Driver@3ba3 (4c35a2bd)]&amp#27;[0m Calling AppiumDriver.getScreenshot() with args: ["4c35a2bd-58e8-49db-84ce-88d874471cd8"]
&amp#27;[38;5;64m[AppiumDriver@9a7b]&amp#27;[0m Clearing new command timeout pre-emptively since plugin(s) will handle this command
&amp#27;[38;5;64m[AppiumDriver@9a7b]&amp#27;[0m Plugins which can handle cmd 'getScreenshot': element-wait,device-farm,appium-dashboard
&amp#27;[38;5;64m[AppiumDriver@9a7b]&amp#27;[0m Plugin appium-dashboard is now handling cmd 'getScreenshot'
&amp#27;[38;5;64m[AppiumDriver@9a7b]&amp#27;[0m Plugin device-farm is now handling cmd 'getScreenshot'
&amp#27;[38;5;64m[AppiumDriver@9a7b]&amp#27;[0m Plugin element-wait is now handling cmd 'getScreenshot'
&amp#27;[38;5;64m[AppiumDriver@9a7b]&amp#27;[0m Executing default handling behavior for command 'getScreenshot'
&amp#27;[38;5;16m[device-farm-main]&amp#27;[0m Updating lastCmdExecutedAt for device emulator-5554 in session 4c35a2bd-58e8-49db-84ce-88d874471cd8
&amp#27;[38;5;80m[AndroidUiautomator2Driver@3ba3 (4c35a2bd)]&amp#27;[0m Matched '/screenshot' to command name 'getScreenshot'
&amp#27;[38;5;80m[AndroidUiautomator2Driver@3ba3 (4c35a2bd)]&amp#27;[0m Proxying [GET /screenshot] to [GET http://127.0.0.1:61590/session/dd11ca2d-30e3-41e6-802a-45937baf374f/screenshot] with no body
&amp#27;[38;5;80m[AndroidUiautomator2Driver@3ba3 (4c35a2bd)]&amp#27;[0m Got response with status 200: {"sessionId":"dd11ca2d-30e3-41e6-802a-45937baf374f","value":"iVBORw0KGgoAAAANSUhEUgAABDgAAAisCAYAAACtR1KuAAAAAXNSR0IArs4c6QAAAARzQklUCAgICHwIZIgAACAASURBVHic7N15eNPXnfb/W7LlfQcbm9WAjdltswQIDiQBQsgGaVqaGVJopm2adtpptknXedo+z6QrkEyapUuSTtokzSQ002xNGsgCARL23RgbsxkbL3jfsCRLvz/8s2JhbMm2JPtrv1/X1V5IPjrfjyRDq1vnfI6ppKTEKQAAAAAAAAMz93cBAAAAAAAAfUXAAQAAAAAADI+AAwAAAAAAGB4BBwAAAAAAMDwCDgAAAAAAYHgEHAAAAAAAwPAIOAAAAAAAgOERcAAAAAAAAMMj4AAAAAAAAIZHwAEAAAAAAAyPgAMAAAAAABgeAQcAAAAAADA8Ag4AAAAAAGB4BBwAAAAAAMDwgvu7AOByra2tslqtstlsOnv2rAoKClRQUKCGhgalpKQoLS1N6enpGjZsmMLCwhQcHCyzmazOiJxOp1pbW+VwOGS32+VwOCRJJpNJZrPZ9d4GBQX1c6UAAACDT3Nzs0pLS1VXV6fGxkY1NzcrPDxckZGRiomJUXJyssLDw/u7TJ+rrq5WfHx8QK61efPmbn8+ceJETZgwISC1DAWmkpISZ38XATgcDrW2tqqlpUUVFRU6fvy48vLyVFlZKZvN1mm8xWLR6NGjNWPGDE2cOFGxsbGyWCwKDg6WyWTqh2fgG+fOndMTTzzR48eZTCZNmTJFa9askcVi8UNlvuN0OmW323Xp0iU1NzerqqpKtbW1qqyslNVqlSSZzWaFh4dr+PDhio2NVXx8vEJDQxUaGkrYAQAA0Evnz5/XyZMnVVhYqJKSEtXX13t8THR0tEaOHKmJEycqPT1do0aNCkCl/rNjxw5VVlbqtttuC8j1Hn744W5/PmHCBN17770BqWUoYAUH+k37t/d2u13V...
&amp#27;[38;5;80m[AndroidUiautomator2Driver@3ba3 (4c35a2bd)]&amp#27;[0m Responding to client with driver.getScreenshot() result: "iVBORw0KGgoAAAANSUhEUgAABDgAAAisCAYAAACtR1KuAAAAAXNSR0IArs4c6QAAAARzQklUCAgICHwIZIgAACAASURBVHic7N15eNPXnfb/W7LlfQcbm9WAjdltswQIDiQBQsgGaVqaGVJopm2adtpptknXedo+z6QrkEyapUuSTtokzSQ002xNGsgCARL23RgbsxkbL3jfsCRLvz/8s2JhbMm2JPtrv1/X1V5IPjrfjyRDq1vnfI6ppKTEKQAAAAAAAAMz93cBAAAAAAAAfUXAAQAAAAAADI+AAwAAAAAAGB4BBwAAAAAAMDwCDgAAAAAAYHgEHAAAAAAAwPAIOAAAAAAAgOERcAAAAAAAAMMj4AAAAAAAAIZHwAEAAAAAAAyPgAMAAAAAABgeAQcAAAAAADA8Ag4AAAAAAGB4BBwAAAAAAMDwgvu7AOByra2tslqtstlsOnv2rAoKClRQUKCGhgalpKQoLS1N6enpGjZsmMLCwhQcHCyzmazOiJxOp1pbW+VwOGS32+VwOCRJJpNJZrPZ9d4GBQX1c6UAAACDT3Nzs0pLS1VXV6fGxkY1NzcrPDxckZGRiomJUXJyssLDw/u7TJ+rrq5WfHx8QK61efPmbn8+ceJETZgwISC1DAWmkpISZ38XATgcDrW2tqqlpUUVFRU6fvy48vLyVFlZKZvN1mm8xWLR6NGjNWPGDE2cOFGxsbGyWCwKDg6WyWTqh2fgG+fOndMTTzzR48eZTCZNmTJFa9askcVi8UNlvuN0OmW323Xp0iU1NzerqqpKtbW1qqyslNVqlSSZzWaFh4dr+PDhio2NVXx8vEJDQxUaGkrYAQAA0Evnz5/XyZMnVVhYqJKSEtXX13t8THR0tEaOHKmJEycqPT1do0aNCkCl/rNjxw5VVlbqtttuC8j1Hn744W5/PmHCBN17770BqWUoYAUH+k37t/d2u13V1dU6efKk9uzZo4qKCrW2tnYabzab5XQ65XQ6ZbPZdPr0aZ0+fVphYWGaMGGC...
&amp#27;[38;5;48m[HTTP]&amp#27;[0m &amp#27;[37m<-- GET /session/4c35a2bd-58e8-49db-84ce-88d874471cd8/screenshot &amp#27;[39m&amp#27;[32m200&amp#27;[39m &amp#27;[90m675 ms - 45952&amp#27;[39m
&amp#27;[38;5;48m[HTTP]&amp#27;[0m &amp#27;[90m&amp#27;[39m
&amp#27;[38;5;80m[AndroidUiautomator2Driver@3ba3 (4c35a2bd)]&amp#27;[0m Responding to client with driver.click() result: null
&amp#27;[38;5;48m[HTTP]&amp#27;[0m &amp#27;[37m<-- POST /session/4c35a2bd-58e8-49db-84ce-88d874471cd8/element/00000000-0000-0040-0000-001c00000003/click &amp#27;[39m&amp#27;[32m200&amp#27;[39m &amp#27;[90m876 ms - 14&amp#27;[39m
&amp#27;[38;5;48m[HTTP]&amp#27;[0m &amp#27;[90m&amp#27;[39m
&amp#27;[38;5;48m[HTTP]&amp#27;[0m &amp#27;[37m-->&amp#27;[39m &amp#27;[37mPOST&amp#27;[39m &amp#27;[37m/session/4c35a2bd-58e8-49db-84ce-88d874471cd8/execute/sync&amp#27;[39m
&amp#27;[38;5;48m[HTTP]&amp#27;[0m &amp#27;[90m{"script":"mobile: hideKeyboard","args":[]}&amp#27;[39m
&amp#27;[38;5;16m[device-farm-main]&amp#27;[0m Updating lastCmdExecutedAt for device emulator-5554 in session 4c35a2bd-58e8-49db-84ce-88d874471cd8
&amp#27;[38;5;80m[AndroidUiautomator2Driver@3ba3 (4c35a2bd)]&amp#27;[0m Calling AppiumDriver.execute() with args: ["mobile: hideKeyboard",[],"4c35a2bd-58e8-49db-84ce-88d874471cd8"]
&amp#27;[38;5;64m[AppiumDriver@9a7b]&amp#27;[0m Clearing new command timeout pre-emptively since plugin(s) will handle this command
&amp#27;[38;5;64m[AppiumDriver@9a7b]&amp#27;[0m Plugins which can handle cmd 'execute': element-wait,device-farm,appium-dashboard
&amp#27;[38;5;64m[AppiumDriver@9a7b]&amp#27;[0m Plugin appium-dashboard is now handling cmd 'execute'
&amp#27;[38;5;64m[AppiumDriver@9a7b]&amp#27;[0m Plugin device-farm is now handling cmd 'execute'
&amp#27;[38;5;64m[AppiumDriver@9a7b]&amp#27;[0m Plugin element-wait is now handling cmd 'execute'
&amp#27;[38;5;176m[Plugin [element-wait]]&amp#27;[0m Plugin did not know how to handle method 'mobile: hideKeyboard'. Passing control to next
&amp#27;[38;5;64m[AppiumDriver@9a7b]&amp#27;[0m Executing default handling behavior for command 'execute'
&amp#27;[38;5;80m[AndroidUiautomator2Driver@3ba3 (4c35a2bd)]&amp#27;[0m Executing method 'mobile: hideKeyboard'
&amp#27;[38;5;0m[ADB]&amp#27;[0m Running 'C:\Users\shubh\AppData\Local\Android\Sdk\platform-tools\adb.exe -P 5037 -s emulator-5554 shell dumpsys input_method'
&amp#27;[38;5;16m[device-farm-main]&amp#27;[0m Updating lastCmdExecutedAt for device emulator-5554 in session 4c35a2bd-58e8-49db-84ce-88d874471cd8
&amp#27;[38;5;0m[ADB]&amp#27;[0m Running 'C:\Users\shubh\AppData\Local\Android\Sdk\platform-tools\adb.exe -P 5037 -s emulator-5554 shell input keyevent 111'
&amp#27;[38;5;0m[ADB]&amp#27;[0m Running 'C:\Users\shubh\AppData\Local\Android\Sdk\platform-tools\adb.exe -P 5037 -s emulator-5554 shell dumpsys input_method'
&amp#27;[38;5;80m[AndroidUiautomator2Driver@3ba3 (4c35a2bd)]&amp#27;[0m Responding to client with driver.execute() result: true
&amp#27;[38;5;48m[HTTP]&amp#27;[0m &amp#27;[37m<-- POST /session/4c35a2bd-58e8-49db-84ce-88d874471cd8/execute/sync &amp#27;[39m&amp#27;[32m200&amp#27;[39m &amp#27;[90m1909 ms - 14&amp#27;[39m
&amp#27;[38;5;48m[HTTP]&amp#27;[0m &amp#27;[90m&amp#27;[39m
&amp#27;[38;5;48m[HTTP]&amp#27;[0m &amp#27;[37m-->&amp#27;[39m &amp#27;[37mGET&amp#27;[39m &amp#27;[37m/session/4c35a2bd-58e8-49db-84ce-88d874471cd8/context&amp#27;[39m
&amp#27;[38;5;48m[HTTP]&amp#27;[0m &amp#27;[90m{}&amp#27;[39m
&amp#27;[38;5;16m[device-farm-main]&amp#27;[0m Updating lastCmdExecutedAt for device emulator-5554 in session 4c35a2bd-58e8-49db-84ce-88d874471cd8
&amp#27;[38;5;80m[AndroidUiautomator2Driver@3ba3 (4c35a2bd)]&amp#27;[0m Calling AppiumDriver.getCurrentContext() with args: ["4c35a2bd-58e8-49db-84ce-88d874471cd8"]
&amp#27;[38;5;64m[AppiumDriver@9a7b]&amp#27;[0m Clearing new command timeout pre-emptively since plugin(s) will handle this command
&amp#27;[38;5;64m[AppiumDriver@9a7b]&amp#27;[0m Plugins which can handle cmd 'getCurrentContext': element-wait,device-farm,appium-dashboard
&amp#27;[38;5;64m[AppiumDriver@9a7b]&amp#27;[0m Plugin appium-dashboard is now handling cmd 'getCurrentContext'
&amp#27;[38;5;64m[AppiumDriver@9a7b]&amp#27;[0m Plugin device-farm is now handling cmd 'getCurrentContext'
&amp#27;[38;5;64m[AppiumDriver@9a7b]&amp#27;[0m Plugin element-wait is now handling cmd 'getCurrentContext'
&amp#27;[38;5;64m[AppiumDriver@9a7b]&amp#27;[0m Executing default handling behavior for command 'getCurrentContext'
&amp#27;[38;5;16m[device-farm-main]&amp#27;[0m Updating lastCmdExecutedAt for device emulator-5554 in session 4c35a2bd-58e8-49db-84ce-88d874471cd8
&amp#27;[38;5;80m[AndroidUiautomator2Driver@3ba3 (4c35a2bd)]&amp#27;[0m Responding to client with driver.getCurrentContext() result: "NATIVE_APP"
&amp#27;[38;5;48m[HTTP]&amp#27;[0m &amp#27;[37m<-- GET /session/4c35a2bd-58e8-49db-84ce-88d874471cd8/context &amp#27;[39m&amp#27;[32m200&amp#27;[39m &amp#27;[90m24 ms - 22&amp#27;[39m
&amp#27;[38;5;48m[HTTP]&amp#27;[0m &amp#27;[90m&amp#27;[39m
&amp#27;[38;5;48m[HTTP]&amp#27;[0m &amp#27;[37m-->&amp#27;[39m &amp#27;[37mPOST&amp#27;[39m &amp#27;[37m/session/4c35a2bd-58e8-49db-84ce-88d874471cd8/element&amp#27;[39m
&amp#27;[38;5;48m[HTTP]&amp#27;[0m &amp#27;[90m{"using":"class name","value":"android.widget.EditText"}&amp#27;[39m
&amp#27;[38;5;16m[device-farm-main]&amp#27;[0m Updating lastCmdExecutedAt for device emulator-5554 in session 4c35a2bd-58e8-49db-84ce-88d874471cd8
&amp#27;[38;5;80m[AndroidUiautomator2Driver@3ba3 (4c35a2bd)]&amp#27;[0m Calling AppiumDriver.findElement() with args: ["class name","android.widget.EditText","4c35a2bd-58e8-49db-84ce-88d874471cd8"]
&amp#27;[38;5;64m[AppiumDriver@9a7b]&amp#27;[0m Clearing new command timeout pre-emptively since plugin(s) will handle this command
&amp#27;[38;5;64m[AppiumDriver@9a7b]&amp#27;[0m Plugins which can handle cmd 'findElement': element-wait,device-farm,appium-dashboard
&amp#27;[38;5;64m[AppiumDriver@9a7b]&amp#27;[0m Plugin appium-dashboard is now handling cmd 'findElement'
&amp#27;[38;5;64m[AppiumDriver@9a7b]&amp#27;[0m Plugin device-farm is now handling cmd 'findElement'
&amp#27;[38;5;64m[AppiumDriver@9a7b]&amp#27;[0m Plugin element-wait is now handling cmd 'findElement'
- Waiting to find element with class name strategy for android.widget.EditText selector
&amp#27;[38;5;16m[device-farm-main]&amp#27;[0m Updating lastCmdExecutedAt for device emulator-5554 in session 4c35a2bd-58e8-49db-84ce-88d874471cd8
&amp#27;[38;5;160m[wait-plugin]&amp#27;[0m Element with class name strategy for android.widget.EditText selector found.
&amp#27;[38;5;160m[wait-plugin]&amp#27;[0m Check if element is displayed
&amp#27;[38;5;80m[AndroidUiautomator2Driver@3ba3 (4c35a2bd)]&amp#27;[0m Matched '/element/00000000-0000-0040-0000-001c00000003/attribute/displayed' to command name 'getAttribute'
&amp#27;[38;5;80m[AndroidUiautomator2Driver@3ba3 (4c35a2bd)]&amp#27;[0m Proxying [GET /element/00000000-0000-0040-0000-001c00000003/attribute/displayed] to [GET http://127.0.0.1:61590/session/dd11ca2d-30e3-41e6-802a-45937baf374f/element/00000000-0000-0040-0000-001c00000003/attribute/displayed] with no body
&amp#27;[38;5;80m[AndroidUiautomator2Driver@3ba3 (4c35a2bd)]&amp#27;[0m Got response with status 200: {"sessionId":"dd11ca2d-30e3-41e6-802a-45937baf374f","value":"true"}
&amp#27;[38;5;160m[wait-plugin]&amp#27;[0m Element is displayed!
√ Waiting to find element with class name strategy for android.widget.EditText selector
&amp#27;[38;5;64m[AppiumDriver@9a7b]&amp#27;[0m Executing default handling behavior for command 'findElement'
&amp#27;[38;5;80m[AndroidUiautomator2Driver@3ba3 (4c35a2bd)]&amp#27;[0m Valid locator strategies for this request: xpath, id, class name, accessibility id, css selector, -android uiautomator
&amp#27;[38;5;80m[AndroidUiautomator2Driver@3ba3 (4c35a2bd)]&amp#27;[0m Waiting up to 0 ms for condition
&amp#27;[38;5;80m[AndroidUiautomator2Driver@3ba3 (4c35a2bd)]&amp#27;[0m Matched '/element' to command name 'findElement'
&amp#27;[38;5;80m[AndroidUiautomator2Driver@3ba3 (4c35a2bd)]&amp#27;[0m Proxying [POST /element] to [POST http://127.0.0.1:61590/session/dd11ca2d-30e3-41e6-802a-45937baf374f/element] with body: {"strategy":"class name","selector":"android.widget.EditText","context":"","multiple":false}
&amp#27;[38;5;80m[AndroidUiautomator2Driver@3ba3 (4c35a2bd)]&amp#27;[0m Got response with status 200: {"sessionId":"dd11ca2d-30e3-41e6-802a-45937baf374f","value":{"ELEMENT":"00000000-0000-0040-0000-001c00000003","element-6066-11e4-a52e-4f735466cecf":"00000000-0000-0040-0000-001c00000003"}}
&amp#27;[38;5;80m[AndroidUiautomator2Driver@3ba3 (4c35a2bd)]&amp#27;[0m Responding to client with driver.findElement() result: {"element-6066-11e4-a52e-4f735466cecf":"00000000-0000-0040-0000-001c00000003","ELEMENT":"00000000-0000-0040-0000-001c00000003"}
&amp#27;[38;5;48m[HTTP]&amp#27;[0m &amp#27;[37m<-- POST /session/4c35a2bd-58e8-49db-84ce-88d874471cd8/element &amp#27;[39m&amp#27;[32m200&amp#27;[39m &amp#27;[90m117 ms - 137&amp#27;[39m
&amp#27;[38;5;48m[HTTP]&amp#27;[0m &amp#27;[90m&amp#27;[39m
&amp#27;[38;5;48m[HTTP]&amp#27;[0m &amp#27;[37m-->&amp#27;[39m &amp#27;[37mPOST&amp#27;[39m &amp#27;[37m/session/4c35a2bd-58e8-49db-84ce-88d874471cd8/element/00000000-0000-0040-0000-001c00000003/value&amp#27;[39m
&amp#27;[38;5;48m[HTTP]&amp#27;[0m &amp#27;[90m{"id":"00000000-0000-0040-0000-001c00000003","text":"Updated Test","value":["U","p","d","a","t","e","d"," ","T","e","s","t"]}&amp#27;[39m
&amp#27;[38;5;16m[device-farm-main]&amp#27;[0m Updating lastCmdExecutedAt for device emulator-5554 in session 4c35a2bd-58e8-49db-84ce-88d874471cd8
&amp#27;[38;5;80m[AndroidUiautomator2Driver@3ba3 (4c35a2bd)]&amp#27;[0m Calling AppiumDriver.setValue() with args: [["U","p","d","a","t","e","d"," ","T","e","s","t"],"00000000-0000-0040-0000-001c00000003","4c35a2bd-58e8-49db-84ce-88d874471cd8"]
&amp#27;[38;5;64m[AppiumDriver@9a7b]&amp#27;[0m Clearing new command timeout pre-emptively since plugin(s) will handle this command
&amp#27;[38;5;64m[AppiumDriver@9a7b]&amp#27;[0m Plugins which can handle cmd 'setValue': element-wait,device-farm,appium-dashboard
&amp#27;[38;5;64m[AppiumDriver@9a7b]&amp#27;[0m Plugin appium-dashboard is now handling cmd 'setValue'
&amp#27;[38;5;64m[AppiumDriver@9a7b]&amp#27;[0m Plugin device-farm is now handling cmd 'setValue'
&amp#27;[38;5;64m[AppiumDriver@9a7b]&amp#27;[0m Plugin element-wait is now handling cmd 'setValue'
&amp#27;[38;5;160m[wait-plugin]&amp#27;[0m Wait for element to be clickable
&amp#27;[38;5;80m[AndroidUiautomator2Driver@3ba3 (4c35a2bd)]&amp#27;[0m Matched '/element/U,p,d,a,t,e,d, ,T,e,s,t/attribute/enabled' to command name 'getAttribute'
&amp#27;[38;5;80m[AndroidUiautomator2Driver@3ba3 (4c35a2bd)]&amp#27;[0m Proxying [GET /element/U,p,d,a,t,e,d, ,T,e,s,t/attribute/enabled] to [GET http://127.0.0.1:61590/session/dd11ca2d-30e3-41e6-802a-45937baf374f/element/U,p,d,a,t,e,d, ,T,e,s,t/attribute/enabled] with no body
&amp#27;[38;5;16m[device-farm-main]&amp#27;[0m Updating lastCmdExecutedAt for device emulator-5554 in session 4c35a2bd-58e8-49db-84ce-88d874471cd8
&amp#27;[38;5;80m[AndroidUiautomator2Driver@3ba3 (4c35a2bd)]&amp#27;[0m Got response with status 404: {"sessionId":"dd11ca2d-30e3-41e6-802a-45937baf374f","value":{"error":"no such element","message":"The element identified by 'U,p,d,a,t,e,d, ,T,e,s,t' is not present in the cache or has expired. Try to find it again","stacktrace":"io.appium.uiautomator2.common.exceptions.ElementNotFoundException: The element identified by 'U,p,d,a,t,e,d, ,T,e,s,t' is not present in the cache or has expired. Try to find it again\n\tat io.appium.uiautomator2.model.ElementsCache.get(ElementsCache.java:160)\n\tat io.appium.uiautomator2.handler.GetElementAttribute.safeHandle(GetElementAttribute.java:23)\n\tat io.appium.uiautomator2.handler.request.SafeRequestHandler.handle(SafeRequestHandler.java:59)\n\tat io.appium.uiautomator2.server.AppiumServlet.handleRequest(AppiumServlet.java:277)\n\tat io.appium.uiautomator2.server.AppiumServlet.handleHttpRequest(AppiumServlet.java:271)\n\tat io.appium.uiautomator2.http.ServerHandler.channelRead(ServerHandler.java:77)\n\tat io.netty.channel.AbstractChannelHandlerContext.invokeChannelRead(...
&amp#27;[38;5;192m[W3C]&amp#27;[0m Matched W3C error code 'no such element' to NoSuchElementError
&amp#27;[38;5;160m[wait-plugin]&amp#27;[0m Element is enabled
&amp#27;[38;5;64m[AppiumDriver@9a7b]&amp#27;[0m Executing default handling behavior for command 'setValue'
NoSuchElementError: The element identified by 'U,p,d,a,t,e,d, ,T,e,s,t' is not present in the cache or has expired. Try to find it again
    at errorFromW3CJsonCode (C:\Users\shubh\AppData\Roaming\npm\node_modules\appium\node_modules\@appium\base-driver\lib\protocol\errors.js:1085:25)
    at ProxyRequestError.getActualError (C:\Users\shubh\AppData\Roaming\npm\node_modules\appium\node_modules\@appium\base-driver\lib\protocol\errors.js:954:14)
    at UIA2Proxy.command (C:\Users\shubh\AppData\Roaming\npm\node_modules\appium\node_modules\@appium\base-driver\lib\jsonwp-proxy\proxy.js:353:19)
    at processTicksAndRejections (node:internal/process/task_queues:95:5)
    at AndroidUiautomator2Driver.getAttribute (C:\Users\shubh\.appium\node_modules\appium-uiautomator2-driver\lib\commands\element.js:33:7)
    at AndroidUiautomator2Driver.elementEnabled (C:\Users\shubh\.appium\node_modules\appium-uiautomator2-driver\lib\commands\element.js:44:19) {
  jsonwpCode: 7,
  error: 'no such element',
  w3cStatus: 404,
  _stacktrace: "io.appium.uiautomator2.common.exceptions.ElementNotFoundException: The element identified by 'U,p,d,a,t,e,d, ,T,e,s,t' is not present in the cache or has expired. Try to find it again\n" +
    '\tat io.appium.uiautomator2.model.ElementsCache.get(ElementsCache.java:160)\n' +
    '\tat io.appium.uiautomator2.handler.GetElementAttribute.safeHandle(GetElementAttribute.java:23)\n' +
    '\tat io.appium.uiautomator2.handler.request.SafeRequestHandler.handle(SafeRequestHandler.java:59)\n' +
    '\tat io.appium.uiautomator2.server.AppiumServlet.handleRequest(AppiumServlet.java:277)\n' +
    '\tat io.appium.uiautomator2.server.AppiumServlet.handleHttpRequest(AppiumServlet.java:271)\n' +
    '\tat io.appium.uiautomator2.http.ServerHandler.channelRead(ServerHandler.java:77)\n' +
    '\tat io.netty.channel.AbstractChannelHandlerContext.invokeChannelRead(AbstractChannelHandlerContext.java:366)\n' +
    '\tat io.netty.channel.AbstractChannelHandlerContext.invokeChannelRead(AbstractChannelHandlerContext.java:352)\n' +
    '\tat io.netty.channel.AbstractChannelHandlerContext.fireChannelRead(AbstractChannelHandlerContext.java:345)\n' +
    '\tat io.netty.handler.codec.MessageToMessageDecoder.channelRead(MessageToMessageDecoder.java:102)\n' +
    '\tat io.netty.channel.AbstractChannelHandlerContext.invokeChannelRead(AbstractChannelHandlerContext.java:366)\n' +
    '\tat io.netty.channel.AbstractChannelHandlerContext.invokeChannelRead(AbstractChannelHandlerContext.java:352)\n' +
    '\tat io.netty.channel.AbstractChannelHandlerContext.fireChannelRead(AbstractChannelHandlerContext.java:345)\n' +
    '\tat io.netty.channel.CombinedChannelDuplexHandler$DelegatingChannelHandlerContext.fireChannelRead(CombinedChannelDuplexHandler.java:435)\n' +
    '\tat io.netty.handler.codec.ByteToMessageDecoder.fireChannelRead(ByteToMessageDecoder.java:293)\n' +
    '\tat io.netty.handler.codec.ByteToMessageDecoder.channelRead(ByteToMessageDecoder.java:267)\n' +
    '\tat io.netty.channel.CombinedChannelDuplexHandler.channelRead(CombinedChannelDuplexHandler.java:250)\n' +
    '\tat io.netty.channel.AbstractChannelHandlerContext.invokeChannelRead(AbstractChannelHandlerContext.java:366)\n' +
    '\tat io.netty.channel.AbstractChannelHandlerContext.invokeChannelRead(AbstractChannelHandlerContext.java:352)\n' +
    '\tat io.netty.channel.AbstractChannelHandlerContext.fireChannelRead(AbstractChannelHandlerContext.java:345)\n' +
    '\tat io.netty.handler.timeout.IdleStateHandler.channelRead(IdleStateHandler.java:266)\n' +
    '\tat io.netty.channel.AbstractChannelHandlerContext.invokeChannelRead(AbstractChannelHandlerContext.java:366)\n' +
    '\tat io.netty.channel.AbstractChannelHandlerContext.invokeChannelRead(AbstractChannelHandlerContext.java:352)\n' +
    '\tat io.netty.channel.AbstractChannelHandlerContext.fireChannelRead(AbstractChannelHandlerContext.java:345)\n' +
    '\tat io.netty.channel.DefaultChannelPipeline$HeadContext.channelRead(DefaultChannelPipeline.java:1294)\n' +
    '\tat io.netty.channel.AbstractChannelHandlerContext.invokeChannelRead(AbstractChannelHandlerContext.java:366)\n' +
    '\tat io.netty.channel.AbstractChannelHandlerContext.invokeChannelRead(AbstractChannelHandlerContext.java:352)\n' +
    '\tat io.netty.channel.DefaultChannelPipeline.fireChannelRead(DefaultChannelPipeline.java:911)\n' +
    '\tat io.netty.channel.nio.AbstractNioByteChannel$NioByteUnsafe.read(AbstractNioByteChannel.java:131)\n' +
    '\tat io.netty.channel.nio.NioEventLoop.processSelectedKey(NioEventLoop.java:611)\n' +
    '\tat io.netty.channel.nio.NioEventLoop.processSelectedKeysOptimized(NioEventLoop.java:552)\n' +
    '\tat io.netty.channel.nio.NioEventLoop.processSelectedKeys(NioEventLoop.java:466)\n' +
    '\tat io.netty.channel.nio.NioEventLoop.run(NioEventLoop.java:438)\n' +
    '\tat io.netty.util.concurrent.SingleThreadEventExecutor$2.run(SingleThreadEventExecutor.java:140)\n' +
    '\tat io.netty.util.concurrent.DefaultThreadFactory$DefaultRunnableDecorator.run(DefaultThreadFactory.java:144)\n' +
    '\tat java.lang.Thread.run(Thread.java:1012)\n'
}
&amp#27;[38;5;80m[AndroidUiautomator2Driver@3ba3 (4c35a2bd)]&amp#27;[0m Matched '/element/00000000-0000-0040-0000-001c00000003/value' to command name 'setValue'
&amp#27;[38;5;80m[AndroidUiautomator2Driver@3ba3 (4c35a2bd)]&amp#27;[0m Added 'value' property ["U","p","d","a","t","e","d"," ","T","e","s","t"] to 'setValue' request body
&amp#27;[38;5;80m[AndroidUiautomator2Driver@3ba3 (4c35a2bd)]&amp#27;[0m Proxying [POST /element/00000000-0000-0040-0000-001c00000003/value] to [POST http://127.0.0.1:61590/session/dd11ca2d-30e3-41e6-802a-45937baf374f/element/00000000-0000-0040-0000-001c00000003/value] with body: {"elementId":"00000000-0000-0040-0000-001c00000003","text":"Updated Test","replace":false,"value":["U","p","d","a","t","e","d"," ","T","e","s","t"]}
&amp#27;[38;5;80m[AndroidUiautomator2Driver@3ba3 (4c35a2bd)]&amp#27;[0m Got response with status 200: {"sessionId":"dd11ca2d-30e3-41e6-802a-45937baf374f","value":null}
&amp#27;[38;5;48m[HTTP]&amp#27;[0m &amp#27;[37m-->&amp#27;[39m &amp#27;[37mGET&amp#27;[39m &amp#27;[37m/wd-internal/session/4c35a2bd-58e8-49db-84ce-88d874471cd8/screenshot&amp#27;[39m
&amp#27;[38;5;48m[HTTP]&amp#27;[0m &amp#27;[90m{}&amp#27;[39m
&amp#27;[38;5;16m[device-farm-main]&amp#27;[0m Updating lastCmdExecutedAt for device emulator-5554 in session 4c35a2bd-58e8-49db-84ce-88d874471cd8
&amp#27;[38;5;80m[AndroidUiautomator2Driver@3ba3 (4c35a2bd)]&amp#27;[0m Calling AppiumDriver.getScreenshot() with args: ["4c35a2bd-58e8-49db-84ce-88d874471cd8"]
&amp#27;[38;5;64m[AppiumDriver@9a7b]&amp#27;[0m Clearing new command timeout pre-emptively since plugin(s) will handle this command
&amp#27;[38;5;64m[AppiumDriver@9a7b]&amp#27;[0m Plugins which can handle cmd 'getScreenshot': element-wait,device-farm,appium-dashboard
&amp#27;[38;5;64m[AppiumDriver@9a7b]&amp#27;[0m Plugin appium-dashboard is now handling cmd 'getScreenshot'
&amp#27;[38;5;64m[AppiumDriver@9a7b]&amp#27;[0m Plugin device-farm is now handling cmd 'getScreenshot'
&amp#27;[38;5;64m[AppiumDriver@9a7b]&amp#27;[0m Plugin element-wait is now handling cmd 'getScreenshot'
&amp#27;[38;5;64m[AppiumDriver@9a7b]&amp#27;[0m Executing default handling behavior for command 'getScreenshot'
&amp#27;[38;5;16m[device-farm-main]&amp#27;[0m Updating lastCmdExecutedAt for device emulator-5554 in session 4c35a2bd-58e8-49db-84ce-88d874471cd8
&amp#27;[38;5;80m[AndroidUiautomator2Driver@3ba3 (4c35a2bd)]&amp#27;[0m Matched '/screenshot' to command name 'getScreenshot'
&amp#27;[38;5;80m[AndroidUiautomator2Driver@3ba3 (4c35a2bd)]&amp#27;[0m Proxying [GET /screenshot] to [GET http://127.0.0.1:61590/session/dd11ca2d-30e3-41e6-802a-45937baf374f/screenshot] with no body
&amp#27;[38;5;80m[AndroidUiautomator2Driver@3ba3 (4c35a2bd)]&amp#27;[0m Got response with status 200: {"sessionId":"dd11ca2d-30e3-41e6-802a-45937baf374f","value":"iVBORw0KGgoAAAANSUhEUgAABDgAAAisCAYAAACtR1KuAAAAAXNSR0IArs4c6QAAAARzQklUCAgICHwIZIgAACAASURBVHic7N15fNTVvf/x90wy2XdISMIWQkISISRsEiQCCqjgAl57qS0W6u2ttb3eW7drt3tv2/urXQGtdemi9tqq9Sr11qVqCyogIDuyGBJCwhISEkJC9mVmMvP7g0fGDCGZSTJZvsnr+Xj08WAmZ873MzOBOu8553NMZWVlTgEAAAAAABiYebALAAAAAAAA6CsCDgAAAAAAYHgEHAAAAAAAwPAIOAAAAAAAgOERcAAAAAAAAMMj4AAAAAAAAIZHwAEAAAAAAAyPgAMAAAAAABgeAQcAAAAAADA8Ag4AAAAAAGB4BBwAAAAAAMDwCDgAAAAAAIDhEXAAAAAAAADDI+AAAAAAAACG5z/YBQCXa2trk9Vqlc1m0+nTp1VYWKjCwkI1NDQoISFBKSkpSk1N1ahRoxQUFCR/f3+ZzWR1RuR0OtXW1iaHwyG73S6HwyFJMplMMpvNrvfWz89vkCsFAAAYfpqbm1VeXq66ujo1NjaqublZwcHBCg0NVUREhOLj4xUcHDzYZfrcxYsXFR0dPSDX2rRpU7c/nzx5spKTkweklpHAVFZW5hzsIgCHw6G2tja1traqsrJSx44dU35+vqqqqmSz2TqNt1gsGjdunDIzMzV58mRFRkbKYrHI399fJpNpEJ6Bb5w5c0ZPPvlkjx9nMpmUkZGh1atXy2Kx9ENlvuN0OmW329XS0qLm5mZVV1ertrZWVVVVslqtkiSz2azg4GCNHj1akZGRio6OVmBgoAIDAwk7AAAAeuns2bM6ceKEioqKVFZWpvr6eo+PCQ8PV2JioiZPnqzU1FSNHTt2ACrtPzt27FBVVZVuu+22AbneI4880u3Pk5OTde+99w5ILSMBKzgwaNq/vbfb...
&amp#27;[38;5;80m[AndroidUiautomator2Driver@3ba3 (4c35a2bd)]&amp#27;[0m Responding to client with driver.getScreenshot() result: "iVBORw0KGgoAAAANSUhEUgAABDgAAAisCAYAAACtR1KuAAAAAXNSR0IArs4c6QAAAARzQklUCAgICHwIZIgAACAASURBVHic7N15fNTVvf/x90wy2XdISMIWQkISISRsEiQCCqjgAl57qS0W6u2ttb3eW7drt3tv2/urXQGtdemi9tqq9Sr11qVqCyogIDuyGBJCwhISEkJC9mVmMvP7g0fGDCGZSTJZvsnr+Xj08WAmZ873MzOBOu8553NMZWVlTgEAAAAAABiYebALAAAAAAAA6CsCDgAAAAAAYHgEHAAAAAAAwPAIOAAAAAAAgOERcAAAAAAAAMMj4AAAAAAAAIZHwAEAAAAAAAyPgAMAAAAAABgeAQcAAAAAADA8Ag4AAAAAAGB4BBwAAAAAAMDwCDgAAAAAAIDhEXAAAAAAAADDI+AAAAAAAACG5z/YBQCXa2trk9Vqlc1m0+nTp1VYWKjCwkI1NDQoISFBKSkpSk1N1ahRoxQUFCR/f3+ZzWR1RuR0OtXW1iaHwyG73S6HwyFJMplMMpvNrvfWz89vkCsFAAAYfpqbm1VeXq66ujo1NjaqublZwcHBCg0NVUREhOLj4xUcHDzYZfrcxYsXFR0dPSDX2rRpU7c/nzx5spKTkweklpHAVFZW5hzsIgCHw6G2tja1traqsrJSx44dU35+vqqqqmSz2TqNt1gsGjdunDIzMzV58mRFRkbKYrHI399fJpNpEJ6Bb5w5c0ZPPvlkjx9nMpmUkZGh1atXy2Kx9ENlvuN0OmW329XS0qLm5mZVV1ertrZWVVVVslqtkiSz2azg4GCNHj1akZGRio6OVmBgoAIDAwk7AAAAeuns2bM6ceKEioqKVFZWpvr6eo+PCQ8PV2JioiZPnqzU1FSNHTt2ACrtPzt27FBVVZVuu+22AbneI4880u3Pk5OTde+99w5ILSMBKzgwaNq/vbfb7bp48aJOnDihvXv3qrKyUm1tbZ3Gm81mOZ1OOZ1O2Ww2nTx5UidPnlRQUJCS...
&amp#27;[38;5;48m[HTTP]&amp#27;[0m &amp#27;[37m<-- GET /session/4c35a2bd-58e8-49db-84ce-88d874471cd8/screenshot &amp#27;[39m&amp#27;[32m200&amp#27;[39m &amp#27;[90m572 ms - 49780&amp#27;[39m
&amp#27;[38;5;48m[HTTP]&amp#27;[0m &amp#27;[90m&amp#27;[39m
&amp#27;[38;5;80m[AndroidUiautomator2Driver@3ba3 (4c35a2bd)]&amp#27;[0m Responding to client with driver.setValue() result: null
&amp#27;[38;5;48m[HTTP]&amp#27;[0m &amp#27;[37m<-- POST /session/4c35a2bd-58e8-49db-84ce-88d874471cd8/element/00000000-0000-0040-0000-001c00000003/value &amp#27;[39m&amp#27;[32m200&amp#27;[39m &amp#27;[90m751 ms - 14&amp#27;[39m
&amp#27;[38;5;48m[HTTP]&amp#27;[0m &amp#27;[90m&amp#27;[39m
&amp#27;[38;5;48m[HTTP]&amp#27;[0m &amp#27;[37m-->&amp#27;[39m &amp#27;[37mGET&amp#27;[39m &amp#27;[37m/session/4c35a2bd-58e8-49db-84ce-88d874471cd8/context&amp#27;[39m
&amp#27;[38;5;48m[HTTP]&amp#27;[0m &amp#27;[90m{}&amp#27;[39m
&amp#27;[38;5;16m[device-farm-main]&amp#27;[0m Updating lastCmdExecutedAt for device emulator-5554 in session 4c35a2bd-58e8-49db-84ce-88d874471cd8
&amp#27;[38;5;80m[AndroidUiautomator2Driver@3ba3 (4c35a2bd)]&amp#27;[0m Calling AppiumDriver.getCurrentContext() with args: ["4c35a2bd-58e8-49db-84ce-88d874471cd8"]
&amp#27;[38;5;64m[AppiumDriver@9a7b]&amp#27;[0m Clearing new command timeout pre-emptively since plugin(s) will handle this command
&amp#27;[38;5;64m[AppiumDriver@9a7b]&amp#27;[0m Plugins which can handle cmd 'getCurrentContext': element-wait,device-farm,appium-dashboard
&amp#27;[38;5;64m[AppiumDriver@9a7b]&amp#27;[0m Plugin appium-dashboard is now handling cmd 'getCurrentContext'
&amp#27;[38;5;64m[AppiumDriver@9a7b]&amp#27;[0m Plugin device-farm is now handling cmd 'getCurrentContext'
&amp#27;[38;5;64m[AppiumDriver@9a7b]&amp#27;[0m Plugin element-wait is now handling cmd 'getCurrentContext'
&amp#27;[38;5;64m[AppiumDriver@9a7b]&amp#27;[0m Executing default handling behavior for command 'getCurrentContext'
&amp#27;[38;5;16m[device-farm-main]&amp#27;[0m Updating lastCmdExecutedAt for device emulator-5554 in session 4c35a2bd-58e8-49db-84ce-88d874471cd8
&amp#27;[38;5;80m[AndroidUiautomator2Driver@3ba3 (4c35a2bd)]&amp#27;[0m Responding to client with driver.getCurrentContext() result: "NATIVE_APP"
&amp#27;[38;5;48m[HTTP]&amp#27;[0m &amp#27;[37m<-- GET /session/4c35a2bd-58e8-49db-84ce-88d874471cd8/context &amp#27;[39m&amp#27;[32m200&amp#27;[39m &amp#27;[90m201 ms - 22&amp#27;[39m
&amp#27;[38;5;48m[HTTP]&amp#27;[0m &amp#27;[90m&amp#27;[39m
&amp#27;[38;5;48m[HTTP]&amp#27;[0m &amp#27;[37m-->&amp#27;[39m &amp#27;[37mPOST&amp#27;[39m &amp#27;[37m/session/4c35a2bd-58e8-49db-84ce-88d874471cd8/element&amp#27;[39m
&amp#27;[38;5;48m[HTTP]&amp#27;[0m &amp#27;[90m{"using":"accessibility id","value":"SAVE"}&amp#27;[39m
&amp#27;[38;5;16m[device-farm-main]&amp#27;[0m Updating lastCmdExecutedAt for device emulator-5554 in session 4c35a2bd-58e8-49db-84ce-88d874471cd8
&amp#27;[38;5;80m[AndroidUiautomator2Driver@3ba3 (4c35a2bd)]&amp#27;[0m Calling AppiumDriver.findElement() with args: ["accessibility id","SAVE","4c35a2bd-58e8-49db-84ce-88d874471cd8"]
&amp#27;[38;5;64m[AppiumDriver@9a7b]&amp#27;[0m Clearing new command timeout pre-emptively since plugin(s) will handle this command
&amp#27;[38;5;64m[AppiumDriver@9a7b]&amp#27;[0m Plugins which can handle cmd 'findElement': element-wait,device-farm,appium-dashboard
&amp#27;[38;5;64m[AppiumDriver@9a7b]&amp#27;[0m Plugin appium-dashboard is now handling cmd 'findElement'
&amp#27;[38;5;64m[AppiumDriver@9a7b]&amp#27;[0m Plugin device-farm is now handling cmd 'findElement'
&amp#27;[38;5;64m[AppiumDriver@9a7b]&amp#27;[0m Plugin element-wait is now handling cmd 'findElement'
- Waiting to find element with accessibility id strategy for SAVE selector
&amp#27;[38;5;16m[device-farm-main]&amp#27;[0m Updating lastCmdExecutedAt for device emulator-5554 in session 4c35a2bd-58e8-49db-84ce-88d874471cd8
&amp#27;[38;5;160m[wait-plugin]&amp#27;[0m Element with accessibility id strategy for SAVE selector found.
&amp#27;[38;5;160m[wait-plugin]&amp#27;[0m Check if element is displayed
&amp#27;[38;5;80m[AndroidUiautomator2Driver@3ba3 (4c35a2bd)]&amp#27;[0m Matched '/element/00000000-0000-0040-0000-001e00000003/attribute/displayed' to command name 'getAttribute'
&amp#27;[38;5;80m[AndroidUiautomator2Driver@3ba3 (4c35a2bd)]&amp#27;[0m Proxying [GET /element/00000000-0000-0040-0000-001e00000003/attribute/displayed] to [GET http://127.0.0.1:61590/session/dd11ca2d-30e3-41e6-802a-45937baf374f/element/00000000-0000-0040-0000-001e00000003/attribute/displayed] with no body
&amp#27;[38;5;80m[AndroidUiautomator2Driver@3ba3 (4c35a2bd)]&amp#27;[0m Got response with status 200: {"sessionId":"dd11ca2d-30e3-41e6-802a-45937baf374f","value":"true"}
&amp#27;[38;5;160m[wait-plugin]&amp#27;[0m Element is displayed!
&amp#27;[38;5;64m[AppiumDriver@9a7b]&amp#27;[0m Executing default handling behavior for command 'findElement'
&amp#27;[38;5;80m[AndroidUiautomator2Driver@3ba3 (4c35a2bd)]&amp#27;[0m Valid locator strategies for this request: xpath, id, class name, accessibility id, css selector, -android uiautomator
&amp#27;[38;5;80m[AndroidUiautomator2Driver@3ba3 (4c35a2bd)]&amp#27;[0m Waiting up to 0 ms for condition
&amp#27;[38;5;80m[AndroidUiautomator2Driver@3ba3 (4c35a2bd)]&amp#27;[0m Matched '/element' to command name 'findElement'
&amp#27;[38;5;80m[AndroidUiautomator2Driver@3ba3 (4c35a2bd)]&amp#27;[0m Proxying [POST /element] to [POST http://127.0.0.1:61590/session/dd11ca2d-30e3-41e6-802a-45937baf374f/element] with body: {"strategy":"accessibility id","selector":"SAVE","context":"","multiple":false}
√ Waiting to find element with accessibility id strategy for SAVE selector
&amp#27;[38;5;80m[AndroidUiautomator2Driver@3ba3 (4c35a2bd)]&amp#27;[0m Got response with status 200: {"sessionId":"dd11ca2d-30e3-41e6-802a-45937baf374f","value":{"ELEMENT":"00000000-0000-0040-0000-001e00000003","element-6066-11e4-a52e-4f735466cecf":"00000000-0000-0040-0000-001e00000003"}}
&amp#27;[38;5;80m[AndroidUiautomator2Driver@3ba3 (4c35a2bd)]&amp#27;[0m Responding to client with driver.findElement() result: {"element-6066-11e4-a52e-4f735466cecf":"00000000-0000-0040-0000-001e00000003","ELEMENT":"00000000-0000-0040-0000-001e00000003"}
&amp#27;[38;5;48m[HTTP]&amp#27;[0m &amp#27;[37m<-- POST /session/4c35a2bd-58e8-49db-84ce-88d874471cd8/element &amp#27;[39m&amp#27;[32m200&amp#27;[39m &amp#27;[90m675 ms - 137&amp#27;[39m
&amp#27;[38;5;48m[HTTP]&amp#27;[0m &amp#27;[90m&amp#27;[39m
&amp#27;[38;5;48m[HTTP]&amp#27;[0m &amp#27;[37m-->&amp#27;[39m &amp#27;[37mPOST&amp#27;[39m &amp#27;[37m/session/4c35a2bd-58e8-49db-84ce-88d874471cd8/element/00000000-0000-0040-0000-001e00000003/click&amp#27;[39m
&amp#27;[38;5;48m[HTTP]&amp#27;[0m &amp#27;[90m{"id":"00000000-0000-0040-0000-001e00000003"}&amp#27;[39m
&amp#27;[38;5;16m[device-farm-main]&amp#27;[0m Updating lastCmdExecutedAt for device emulator-5554 in session 4c35a2bd-58e8-49db-84ce-88d874471cd8
&amp#27;[38;5;80m[AndroidUiautomator2Driver@3ba3 (4c35a2bd)]&amp#27;[0m Calling AppiumDriver.click() with args: ["00000000-0000-0040-0000-001e00000003","4c35a2bd-58e8-49db-84ce-88d874471cd8"]
&amp#27;[38;5;64m[AppiumDriver@9a7b]&amp#27;[0m Clearing new command timeout pre-emptively since plugin(s) will handle this command
&amp#27;[38;5;64m[AppiumDriver@9a7b]&amp#27;[0m Plugins which can handle cmd 'click': element-wait,device-farm,appium-dashboard
&amp#27;[38;5;64m[AppiumDriver@9a7b]&amp#27;[0m Plugin appium-dashboard is now handling cmd 'click'
&amp#27;[38;5;64m[AppiumDriver@9a7b]&amp#27;[0m Plugin device-farm is now handling cmd 'click'
&amp#27;[38;5;64m[AppiumDriver@9a7b]&amp#27;[0m Plugin element-wait is now handling cmd 'click'
&amp#27;[38;5;160m[wait-plugin]&amp#27;[0m Wait for element to be clickable
&amp#27;[38;5;80m[AndroidUiautomator2Driver@3ba3 (4c35a2bd)]&amp#27;[0m Matched '/element/00000000-0000-0040-0000-001e00000003/attribute/enabled' to command name 'getAttribute'
&amp#27;[38;5;80m[AndroidUiautomator2Driver@3ba3 (4c35a2bd)]&amp#27;[0m Proxying [GET /element/00000000-0000-0040-0000-001e00000003/attribute/enabled] to [GET http://127.0.0.1:61590/session/dd11ca2d-30e3-41e6-802a-45937baf374f/element/00000000-0000-0040-0000-001e00000003/attribute/enabled] with no body
&amp#27;[38;5;16m[device-farm-main]&amp#27;[0m Updating lastCmdExecutedAt for device emulator-5554 in session 4c35a2bd-58e8-49db-84ce-88d874471cd8
&amp#27;[38;5;80m[AndroidUiautomator2Driver@3ba3 (4c35a2bd)]&amp#27;[0m Got response with status 200: {"sessionId":"dd11ca2d-30e3-41e6-802a-45937baf374f","value":"true"}
&amp#27;[38;5;160m[wait-plugin]&amp#27;[0m Element is enabled
&amp#27;[38;5;64m[AppiumDriver@9a7b]&amp#27;[0m Executing default handling behavior for command 'click'
&amp#27;[38;5;80m[AndroidUiautomator2Driver@3ba3 (4c35a2bd)]&amp#27;[0m Matched '/element/00000000-0000-0040-0000-001e00000003/click' to command name 'click'
&amp#27;[38;5;80m[AndroidUiautomator2Driver@3ba3 (4c35a2bd)]&amp#27;[0m Proxying [POST /element/00000000-0000-0040-0000-001e00000003/click] to [POST http://127.0.0.1:61590/session/dd11ca2d-30e3-41e6-802a-45937baf374f/element/00000000-0000-0040-0000-001e00000003/click] with body: {"element":"00000000-0000-0040-0000-001e00000003"}
&amp#27;[38;5;80m[AndroidUiautomator2Driver@3ba3 (4c35a2bd)]&amp#27;[0m Got response with status 200: {"sessionId":"dd11ca2d-30e3-41e6-802a-45937baf374f","value":null}
&amp#27;[38;5;48m[HTTP]&amp#27;[0m &amp#27;[37m-->&amp#27;[39m &amp#27;[37mGET&amp#27;[39m &amp#27;[37m/wd-internal/session/4c35a2bd-58e8-49db-84ce-88d874471cd8/screenshot&amp#27;[39m
&amp#27;[38;5;48m[HTTP]&amp#27;[0m &amp#27;[90m{}&amp#27;[39m
&amp#27;[38;5;16m[device-farm-main]&amp#27;[0m Updating lastCmdExecutedAt for device emulator-5554 in session 4c35a2bd-58e8-49db-84ce-88d874471cd8
&amp#27;[38;5;80m[AndroidUiautomator2Driver@3ba3 (4c35a2bd)]&amp#27;[0m Calling AppiumDriver.getScreenshot() with args: ["4c35a2bd-58e8-49db-84ce-88d874471cd8"]
&amp#27;[38;5;64m[AppiumDriver@9a7b]&amp#27;[0m Clearing new command timeout pre-emptively since plugin(s) will handle this command
&amp#27;[38;5;64m[AppiumDriver@9a7b]&amp#27;[0m Plugins which can handle cmd 'getScreenshot': element-wait,device-farm,appium-dashboard
&amp#27;[38;5;64m[AppiumDriver@9a7b]&amp#27;[0m Plugin appium-dashboard is now handling cmd 'getScreenshot'
&amp#27;[38;5;64m[AppiumDriver@9a7b]&amp#27;[0m Plugin device-farm is now handling cmd 'getScreenshot'
&amp#27;[38;5;64m[AppiumDriver@9a7b]&amp#27;[0m Plugin element-wait is now handling cmd 'getScreenshot'
&amp#27;[38;5;64m[AppiumDriver@9a7b]&amp#27;[0m Executing default handling behavior for command 'getScreenshot'
&amp#27;[38;5;16m[device-farm-main]&amp#27;[0m Updating lastCmdExecutedAt for device emulator-5554 in session 4c35a2bd-58e8-49db-84ce-88d874471cd8
&amp#27;[38;5;80m[AndroidUiautomator2Driver@3ba3 (4c35a2bd)]&amp#27;[0m Matched '/screenshot' to command name 'getScreenshot'
&amp#27;[38;5;80m[AndroidUiautomator2Driver@3ba3 (4c35a2bd)]&amp#27;[0m Proxying [GET /screenshot] to [GET http://127.0.0.1:61590/session/dd11ca2d-30e3-41e6-802a-45937baf374f/screenshot] with no body
&amp#27;[38;5;80m[AndroidUiautomator2Driver@3ba3 (4c35a2bd)]&amp#27;[0m Got response with status 200: {"sessionId":"dd11ca2d-30e3-41e6-802a-45937baf374f","value":"iVBORw0KGgoAAAANSUhEUgAABDgAAAisCAYAAACtR1KuAAAAAXNSR0IArs4c6QAAAARzQklUCAgICHwIZIgAACAASURBVHic7N13VFR3+j/w9wwztIGRIqjYEFFEpdhRsYuxl+ia7Gp0/aa5yW42xWRjmsZsEtOzRqPpfc0aTewNu1hAsIuIAiodpDMMzAwzvz/4MQekzJ0GM/B+neM5DvO5n/sZ0GHuc5/P84iysrJ0ICIiIiIiIiKyY+LWXgARERERERERkbkY4CAiIiIiIiIiu8cABxERERERERHZPQY4iIiIiIiIiMjuMcBBRERERERERHaPAQ4iIiIiIiIisnsMcBARERERERGR3WOAg4iIiIiIiIjsHgMcRERERERERGT3GOAgIiIiIiIiIrvHAAcRERERERER2T0GOIiIiIiIiIjI7jHAQURERERERER2jwEOIiIiIiIiIrJ7ktZeANH9qquroVKpoFarcefOHdy8eRM3b95EeXk5unTpgsDAQPTp0wfe3t5wdnaGRCKBWMxYnT3S6XSorq6GVquFRqOBVqsFAIhEIojFYv3P1sHBoZVXSkRERNT2KJVK5OTkoLS0FAqFAkqlEi4uLpDJZJDL5ejcuTNcXFxae5kWV1RUBE9PzxY5V3R0dLPP9+7dGwEBAS2ylvZAlJWVpWvtRRBptVpUV1ejqqoK+fn5uH79OpKSklBQUAC1Wt1gvFQqRbdu3RASEoLevXujQ4cOkEqlkEgkEIlErfAKLOPu3btYv3690ceJRCIEBwdj0aJFkEqlVliZ5eh0Omg0GlRWVkKpVKKwsBAlJSUoKCiASqUCAIjFYri4uKBjx47o0KEDPD094eTkBCcnJwY7iIiIiEyUkZGBW7duISUlBVlZWSgrKzN4jLu7O/z8/NC7d2/06dMHXbt2bYGVWs+pU6dQUFCA2bNnt8j5XnrppWafDwgI...
&amp#27;[38;5;80m[AndroidUiautomator2Driver@3ba3 (4c35a2bd)]&amp#27;[0m Responding to client with driver.getScreenshot() result: "iVBORw0KGgoAAAANSUhEUgAABDgAAAisCAYAAACtR1KuAAAAAXNSR0IArs4c6QAAAARzQklUCAgICHwIZIgAACAASURBVHic7N13VFR3+j/w9wwztIGRIqjYEFFEpdhRsYuxl+ia7Gp0/aa5yW42xWRjmsZsEtOzRqPpfc0aTewNu1hAsIuIAiodpDMMzAwzvz/4MQekzJ0GM/B+neM5DvO5n/sZ0GHuc5/P84iysrJ0ICIiIiIiIiKyY+LWXgARERERERERkbkY4CAiIiIiIiIiu8cABxERERERERHZPQY4iIiIiIiIiMjuMcBBRERERERERHaPAQ4iIiIiIiIisnsMcBARERERERGR3WOAg4iIiIiIiIjsHgMcRERERERERGT3GOAgIiIiIiIiIrvHAAcRERERERER2T0GOIiIiIiIiIjI7jHAQURERERERER2jwEOIiIiIiIiIrJ7ktZeANH9qquroVKpoFarcefOHdy8eRM3b95EeXk5unTpgsDAQPTp0wfe3t5wdnaGRCKBWMxYnT3S6XSorq6GVquFRqOBVqsFAIhEIojFYv3P1sHBoZVXSkRERNT2KJVK5OTkoLS0FAqFAkqlEi4uLpDJZJDL5ejcuTNcXFxae5kWV1RUBE9PzxY5V3R0dLPP9+7dGwEBAS2ylvZAlJWVpWvtRRBptVpUV1ejqqoK+fn5uH79OpKSklBQUAC1Wt1gvFQqRbdu3RASEoLevXujQ4cOkEqlkEgkEIlErfAKLOPu3btYv3690ceJRCIEBwdj0aJFkEqlVliZ5eh0Omg0GlRWVkKpVKKwsBAlJSUoKCiASqUCAIjFYri4uKBjx47o0KEDPD094eTkBCcnJwY7iIiIiEyUkZGBW7duISUlBVlZWSgrKzN4jLu7O/z8/NC7d2/06dMHXbt2bYGVWs+pU6dQUFCA2bNnt8j5XnrppWafDwgIwPLly1tkLe0BMzio1dTevddoNCgqKsKtW7dw7tw55Ofno7q6usF4sVgMnU4H...
&amp#27;[38;5;48m[HTTP]&amp#27;[0m &amp#27;[37m<-- GET /session/4c35a2bd-58e8-49db-84ce-88d874471cd8/screenshot &amp#27;[39m&amp#27;[32m200&amp#27;[39m &amp#27;[90m350 ms - 85368&amp#27;[39m
&amp#27;[38;5;48m[HTTP]&amp#27;[0m &amp#27;[90m&amp#27;[39m
&amp#27;[38;5;80m[AndroidUiautomator2Driver@3ba3 (4c35a2bd)]&amp#27;[0m Responding to client with driver.click() result: null
&amp#27;[38;5;48m[HTTP]&amp#27;[0m &amp#27;[37m<-- POST /session/4c35a2bd-58e8-49db-84ce-88d874471cd8/element/00000000-0000-0040-0000-001e00000003/click &amp#27;[39m&amp#27;[32m200&amp#27;[39m &amp#27;[90m1401 ms - 14&amp#27;[39m
&amp#27;[38;5;48m[HTTP]&amp#27;[0m &amp#27;[90m&amp#27;[39m
List updated successfully!
]]></system-out>
  </testcase>
  <testcase name="DeleteListtest" classname="com.shubham.projects.AppTest.AddListTest" time="5.915">
    <system-out><![CDATA[&amp#27;[38;5;48m[HTTP]&amp#27;[0m &amp#27;[37m-->&amp#27;[39m &amp#27;[37mGET&amp#27;[39m &amp#27;[37m/session/4c35a2bd-58e8-49db-84ce-88d874471cd8/context&amp#27;[39m
&amp#27;[38;5;48m[HTTP]&amp#27;[0m &amp#27;[90m{}&amp#27;[39m
&amp#27;[38;5;16m[device-farm-main]&amp#27;[0m Updating lastCmdExecutedAt for device emulator-5554 in session 4c35a2bd-58e8-49db-84ce-88d874471cd8
&amp#27;[38;5;80m[AndroidUiautomator2Driver@3ba3 (4c35a2bd)]&amp#27;[0m Calling AppiumDriver.getCurrentContext() with args: ["4c35a2bd-58e8-49db-84ce-88d874471cd8"]
&amp#27;[38;5;64m[AppiumDriver@9a7b]&amp#27;[0m Clearing new command timeout pre-emptively since plugin(s) will handle this command
&amp#27;[38;5;64m[AppiumDriver@9a7b]&amp#27;[0m Plugins which can handle cmd 'getCurrentContext': element-wait,device-farm,appium-dashboard
&amp#27;[38;5;64m[AppiumDriver@9a7b]&amp#27;[0m Plugin appium-dashboard is now handling cmd 'getCurrentContext'
&amp#27;[38;5;64m[AppiumDriver@9a7b]&amp#27;[0m Plugin device-farm is now handling cmd 'getCurrentContext'
&amp#27;[38;5;64m[AppiumDriver@9a7b]&amp#27;[0m Plugin element-wait is now handling cmd 'getCurrentContext'
&amp#27;[38;5;64m[AppiumDriver@9a7b]&amp#27;[0m Executing default handling behavior for command 'getCurrentContext'
&amp#27;[38;5;16m[device-farm-main]&amp#27;[0m Updating lastCmdExecutedAt for device emulator-5554 in session 4c35a2bd-58e8-49db-84ce-88d874471cd8
&amp#27;[38;5;80m[AndroidUiautomator2Driver@3ba3 (4c35a2bd)]&amp#27;[0m Responding to client with driver.getCurrentContext() result: "NATIVE_APP"
&amp#27;[38;5;48m[HTTP]&amp#27;[0m &amp#27;[37m<-- GET /session/4c35a2bd-58e8-49db-84ce-88d874471cd8/context &amp#27;[39m&amp#27;[32m200&amp#27;[39m &amp#27;[90m33 ms - 22&amp#27;[39m
&amp#27;[38;5;48m[HTTP]&amp#27;[0m &amp#27;[90m&amp#27;[39m
&amp#27;[38;5;48m[HTTP]&amp#27;[0m &amp#27;[37m-->&amp#27;[39m &amp#27;[37mPOST&amp#27;[39m &amp#27;[37m/session/4c35a2bd-58e8-49db-84ce-88d874471cd8/element&amp#27;[39m
&amp#27;[38;5;48m[HTTP]&amp#27;[0m &amp#27;[90m{"using":"class name","value":"android.widget.ImageView"}&amp#27;[39m
&amp#27;[38;5;16m[device-farm-main]&amp#27;[0m Updating lastCmdExecutedAt for device emulator-5554 in session 4c35a2bd-58e8-49db-84ce-88d874471cd8
&amp#27;[38;5;80m[AndroidUiautomator2Driver@3ba3 (4c35a2bd)]&amp#27;[0m Calling AppiumDriver.findElement() with args: ["class name","android.widget.ImageView","4c35a2bd-58e8-49db-84ce-88d874471cd8"]
&amp#27;[38;5;64m[AppiumDriver@9a7b]&amp#27;[0m Clearing new command timeout pre-emptively since plugin(s) will handle this command
&amp#27;[38;5;64m[AppiumDriver@9a7b]&amp#27;[0m Plugins which can handle cmd 'findElement': element-wait,device-farm,appium-dashboard
&amp#27;[38;5;64m[AppiumDriver@9a7b]&amp#27;[0m Plugin appium-dashboard is now handling cmd 'findElement'
&amp#27;[38;5;64m[AppiumDriver@9a7b]&amp#27;[0m Plugin device-farm is now handling cmd 'findElement'
&amp#27;[38;5;64m[AppiumDriver@9a7b]&amp#27;[0m Plugin element-wait is now handling cmd 'findElement'
- Waiting to find element with class name strategy for android.widget.ImageView selector
&amp#27;[38;5;16m[device-farm-main]&amp#27;[0m Updating lastCmdExecutedAt for device emulator-5554 in session 4c35a2bd-58e8-49db-84ce-88d874471cd8
&amp#27;[38;5;160m[wait-plugin]&amp#27;[0m Element with class name strategy for android.widget.ImageView selector found.
&amp#27;[38;5;160m[wait-plugin]&amp#27;[0m Check if element is displayed
&amp#27;[38;5;80m[AndroidUiautomator2Driver@3ba3 (4c35a2bd)]&amp#27;[0m Matched '/element/00000000-0000-0040-0000-001000000003/attribute/displayed' to command name 'getAttribute'
&amp#27;[38;5;80m[AndroidUiautomator2Driver@3ba3 (4c35a2bd)]&amp#27;[0m Proxying [GET /element/00000000-0000-0040-0000-001000000003/attribute/displayed] to [GET http://127.0.0.1:61590/session/dd11ca2d-30e3-41e6-802a-45937baf374f/element/00000000-0000-0040-0000-001000000003/attribute/displayed] with no body
&amp#27;[38;5;80m[AndroidUiautomator2Driver@3ba3 (4c35a2bd)]&amp#27;[0m Got response with status 200: {"sessionId":"dd11ca2d-30e3-41e6-802a-45937baf374f","value":"true"}
&amp#27;[38;5;160m[wait-plugin]&amp#27;[0m Element is displayed!
√ Waiting to find element with class name strategy for android.widget.ImageView selector
&amp#27;[38;5;64m[AppiumDriver@9a7b]&amp#27;[0m Executing default handling behavior for command 'findElement'
&amp#27;[38;5;80m[AndroidUiautomator2Driver@3ba3 (4c35a2bd)]&amp#27;[0m Valid locator strategies for this request: xpath, id, class name, accessibility id, css selector, -android uiautomator
&amp#27;[38;5;80m[AndroidUiautomator2Driver@3ba3 (4c35a2bd)]&amp#27;[0m Waiting up to 0 ms for condition
&amp#27;[38;5;80m[AndroidUiautomator2Driver@3ba3 (4c35a2bd)]&amp#27;[0m Matched '/element' to command name 'findElement'
&amp#27;[38;5;80m[AndroidUiautomator2Driver@3ba3 (4c35a2bd)]&amp#27;[0m Proxying [POST /element] to [POST http://127.0.0.1:61590/session/dd11ca2d-30e3-41e6-802a-45937baf374f/element] with body: {"strategy":"class name","selector":"android.widget.ImageView","context":"","multiple":false}
&amp#27;[38;5;80m[AndroidUiautomator2Driver@3ba3 (4c35a2bd)]&amp#27;[0m Got response with status 200: {"sessionId":"dd11ca2d-30e3-41e6-802a-45937baf374f","value":{"ELEMENT":"00000000-0000-0040-0000-001000000003","element-6066-11e4-a52e-4f735466cecf":"00000000-0000-0040-0000-001000000003"}}
&amp#27;[38;5;80m[AndroidUiautomator2Driver@3ba3 (4c35a2bd)]&amp#27;[0m Responding to client with driver.findElement() result: {"element-6066-11e4-a52e-4f735466cecf":"00000000-0000-0040-0000-001000000003","ELEMENT":"00000000-0000-0040-0000-001000000003"}
&amp#27;[38;5;48m[HTTP]&amp#27;[0m &amp#27;[37m<-- POST /session/4c35a2bd-58e8-49db-84ce-88d874471cd8/element &amp#27;[39m&amp#27;[32m200&amp#27;[39m &amp#27;[90m115 ms - 137&amp#27;[39m
&amp#27;[38;5;48m[HTTP]&amp#27;[0m &amp#27;[90m&amp#27;[39m
&amp#27;[38;5;48m[HTTP]&amp#27;[0m &amp#27;[37m-->&amp#27;[39m &amp#27;[37mPOST&amp#27;[39m &amp#27;[37m/session/4c35a2bd-58e8-49db-84ce-88d874471cd8/touch/perform&amp#27;[39m
&amp#27;[38;5;48m[HTTP]&amp#27;[0m &amp#27;[90m{"actions":[{"action":"longPress","options":{"duration":2000,"element":"00000000-0000-0040-0000-001000000003"}},{"action":"release","options":{}}]}&amp#27;[39m
&amp#27;[38;5;16m[device-farm-main]&amp#27;[0m Updating lastCmdExecutedAt for device emulator-5554 in session 4c35a2bd-58e8-49db-84ce-88d874471cd8
&amp#27;[38;5;80m[AndroidUiautomator2Driver@3ba3 (4c35a2bd)]&amp#27;[0m Calling AppiumDriver.performTouch() with args: [[{"action":"longPress","options":{"duration":2000,"element":"00000000-0000-0040-0000-001000000003"}},{"action":"release","options":{}}],"4c35a2bd-58e8-49db-84ce-88d874471cd8"]
&amp#27;[38;5;64m[AppiumDriver@9a7b]&amp#27;[0m Clearing new command timeout pre-emptively since plugin(s) will handle this command
&amp#27;[38;5;64m[AppiumDriver@9a7b]&amp#27;[0m Plugins which can handle cmd 'performTouch': element-wait,device-farm,appium-dashboard
&amp#27;[38;5;64m[AppiumDriver@9a7b]&amp#27;[0m Plugin appium-dashboard is now handling cmd 'performTouch'
&amp#27;[38;5;64m[AppiumDriver@9a7b]&amp#27;[0m Plugin device-farm is now handling cmd 'performTouch'
&amp#27;[38;5;64m[AppiumDriver@9a7b]&amp#27;[0m Plugin element-wait is now handling cmd 'performTouch'
&amp#27;[38;5;64m[AppiumDriver@9a7b]&amp#27;[0m Executing default handling behavior for command 'performTouch'
&amp#27;[38;5;16m[device-farm-main]&amp#27;[0m Updating lastCmdExecutedAt for device emulator-5554 in session 4c35a2bd-58e8-49db-84ce-88d874471cd8
&amp#27;[38;5;80m[AndroidUiautomator2Driver@3ba3 (4c35a2bd)]&amp#27;[0m Matched '/element/00000000-0000-0040-0000-001000000003/location' to command name 'getLocation'
&amp#27;[38;5;80m[AndroidUiautomator2Driver@3ba3 (4c35a2bd)]&amp#27;[0m Proxying [GET /element/00000000-0000-0040-0000-001000000003/location] to [GET http://127.0.0.1:61590/session/dd11ca2d-30e3-41e6-802a-45937baf374f/element/00000000-0000-0040-0000-001000000003/location] with no body
&amp#27;[38;5;80m[AndroidUiautomator2Driver@3ba3 (4c35a2bd)]&amp#27;[0m Got response with status 200: {"sessionId":"dd11ca2d-30e3-41e6-802a-45937baf374f","value":{"x":33,"y":231}}
&amp#27;[38;5;80m[AndroidUiautomator2Driver@3ba3 (4c35a2bd)]&amp#27;[0m Matched '/element/00000000-0000-0040-0000-001000000003/size' to command name 'getSize'
&amp#27;[38;5;80m[AndroidUiautomator2Driver@3ba3 (4c35a2bd)]&amp#27;[0m Proxying [GET /element/00000000-0000-0040-0000-001000000003/size] to [GET http://127.0.0.1:61590/session/dd11ca2d-30e3-41e6-802a-45937baf374f/element/00000000-0000-0040-0000-001000000003/size] with no body
&amp#27;[38;5;80m[AndroidUiautomator2Driver@3ba3 (4c35a2bd)]&amp#27;[0m Got response with status 200: {"sessionId":"dd11ca2d-30e3-41e6-802a-45937baf374f","value":{"height":242,"width":1014}}
&amp#27;[38;5;80m[AndroidUiautomator2Driver@3ba3 (4c35a2bd)]&amp#27;[0m Matched '/touch/longclick' to command name 'touchLongClick'
&amp#27;[38;5;80m[AndroidUiautomator2Driver@3ba3 (4c35a2bd)]&amp#27;[0m Proxying [POST /touch/longclick] to [POST http://127.0.0.1:61590/session/dd11ca2d-30e3-41e6-802a-45937baf374f/touch/longclick] with body: {"params":{"element":"","x":540,"y":352,"duration":2000}}
&amp#27;[38;5;80m[AndroidUiautomator2Driver@3ba3 (4c35a2bd)]&amp#27;[0m Got response with status 200: {"sessionId":"dd11ca2d-30e3-41e6-802a-45937baf374f","value":null}
&amp#27;[38;5;80m[AndroidUiautomator2Driver@3ba3 (4c35a2bd)]&amp#27;[0m Responding to client with driver.performTouch() result: null
&amp#27;[38;5;48m[HTTP]&amp#27;[0m &amp#27;[37m<-- POST /session/4c35a2bd-58e8-49db-84ce-88d874471cd8/touch/perform &amp#27;[39m&amp#27;[32m200&amp#27;[39m &amp#27;[90m3747 ms - 14&amp#27;[39m
&amp#27;[38;5;48m[HTTP]&amp#27;[0m &amp#27;[90m&amp#27;[39m
&amp#27;[38;5;48m[HTTP]&amp#27;[0m &amp#27;[37m-->&amp#27;[39m &amp#27;[37mGET&amp#27;[39m &amp#27;[37m/session/4c35a2bd-58e8-49db-84ce-88d874471cd8/context&amp#27;[39m
&amp#27;[38;5;48m[HTTP]&amp#27;[0m &amp#27;[90m{}&amp#27;[39m
&amp#27;[38;5;16m[device-farm-main]&amp#27;[0m Updating lastCmdExecutedAt for device emulator-5554 in session 4c35a2bd-58e8-49db-84ce-88d874471cd8
&amp#27;[38;5;80m[AndroidUiautomator2Driver@3ba3 (4c35a2bd)]&amp#27;[0m Calling AppiumDriver.getCurrentContext() with args: ["4c35a2bd-58e8-49db-84ce-88d874471cd8"]
&amp#27;[38;5;64m[AppiumDriver@9a7b]&amp#27;[0m Clearing new command timeout pre-emptively since plugin(s) will handle this command
&amp#27;[38;5;64m[AppiumDriver@9a7b]&amp#27;[0m Plugins which can handle cmd 'getCurrentContext': element-wait,device-farm,appium-dashboard
&amp#27;[38;5;64m[AppiumDriver@9a7b]&amp#27;[0m Plugin appium-dashboard is now handling cmd 'getCurrentContext'
&amp#27;[38;5;64m[AppiumDriver@9a7b]&amp#27;[0m Plugin device-farm is now handling cmd 'getCurrentContext'
&amp#27;[38;5;64m[AppiumDriver@9a7b]&amp#27;[0m Plugin element-wait is now handling cmd 'getCurrentContext'
&amp#27;[38;5;64m[AppiumDriver@9a7b]&amp#27;[0m Executing default handling behavior for command 'getCurrentContext'
&amp#27;[38;5;16m[device-farm-main]&amp#27;[0m Updating lastCmdExecutedAt for device emulator-5554 in session 4c35a2bd-58e8-49db-84ce-88d874471cd8
&amp#27;[38;5;80m[AndroidUiautomator2Driver@3ba3 (4c35a2bd)]&amp#27;[0m Responding to client with driver.getCurrentContext() result: "NATIVE_APP"
&amp#27;[38;5;48m[HTTP]&amp#27;[0m &amp#27;[37m<-- GET /session/4c35a2bd-58e8-49db-84ce-88d874471cd8/context &amp#27;[39m&amp#27;[32m200&amp#27;[39m &amp#27;[90m19 ms - 22&amp#27;[39m
&amp#27;[38;5;48m[HTTP]&amp#27;[0m &amp#27;[90m&amp#27;[39m
&amp#27;[38;5;48m[HTTP]&amp#27;[0m &amp#27;[37m-->&amp#27;[39m &amp#27;[37mPOST&amp#27;[39m &amp#27;[37m/session/4c35a2bd-58e8-49db-84ce-88d874471cd8/element&amp#27;[39m
&amp#27;[38;5;48m[HTTP]&amp#27;[0m &amp#27;[90m{"using":"accessibility id","value":"Delete"}&amp#27;[39m
&amp#27;[38;5;16m[device-farm-main]&amp#27;[0m Updating lastCmdExecutedAt for device emulator-5554 in session 4c35a2bd-58e8-49db-84ce-88d874471cd8
&amp#27;[38;5;80m[AndroidUiautomator2Driver@3ba3 (4c35a2bd)]&amp#27;[0m Calling AppiumDriver.findElement() with args: ["accessibility id","Delete","4c35a2bd-58e8-49db-84ce-88d874471cd8"]
&amp#27;[38;5;64m[AppiumDriver@9a7b]&amp#27;[0m Clearing new command timeout pre-emptively since plugin(s) will handle this command
&amp#27;[38;5;64m[AppiumDriver@9a7b]&amp#27;[0m Plugins which can handle cmd 'findElement': element-wait,device-farm,appium-dashboard
&amp#27;[38;5;64m[AppiumDriver@9a7b]&amp#27;[0m Plugin appium-dashboard is now handling cmd 'findElement'
&amp#27;[38;5;64m[AppiumDriver@9a7b]&amp#27;[0m Plugin device-farm is now handling cmd 'findElement'
&amp#27;[38;5;64m[AppiumDriver@9a7b]&amp#27;[0m Plugin element-wait is now handling cmd 'findElement'
- Waiting to find element with accessibility id strategy for Delete selector
&amp#27;[38;5;16m[device-farm-main]&amp#27;[0m Updating lastCmdExecutedAt for device emulator-5554 in session 4c35a2bd-58e8-49db-84ce-88d874471cd8
&amp#27;[38;5;160m[wait-plugin]&amp#27;[0m Element with accessibility id strategy for Delete selector found.
&amp#27;[38;5;160m[wait-plugin]&amp#27;[0m Check if element is displayed
&amp#27;[38;5;80m[AndroidUiautomator2Driver@3ba3 (4c35a2bd)]&amp#27;[0m Matched '/element/00000000-0000-0040-0000-002300000003/attribute/displayed' to command name 'getAttribute'
&amp#27;[38;5;80m[AndroidUiautomator2Driver@3ba3 (4c35a2bd)]&amp#27;[0m Proxying [GET /element/00000000-0000-0040-0000-002300000003/attribute/displayed] to [GET http://127.0.0.1:61590/session/dd11ca2d-30e3-41e6-802a-45937baf374f/element/00000000-0000-0040-0000-002300000003/attribute/displayed] with no body
&amp#27;[38;5;80m[AndroidUiautomator2Driver@3ba3 (4c35a2bd)]&amp#27;[0m Got response with status 200: {"sessionId":"dd11ca2d-30e3-41e6-802a-45937baf374f","value":"true"}
&amp#27;[38;5;160m[wait-plugin]&amp#27;[0m Element is displayed!
√ Waiting to find element with accessibility id strategy for Delete selector
&amp#27;[38;5;64m[AppiumDriver@9a7b]&amp#27;[0m Executing default handling behavior for command 'findElement'
&amp#27;[38;5;80m[AndroidUiautomator2Driver@3ba3 (4c35a2bd)]&amp#27;[0m Valid locator strategies for this request: xpath, id, class name, accessibility id, css selector, -android uiautomator
&amp#27;[38;5;80m[AndroidUiautomator2Driver@3ba3 (4c35a2bd)]&amp#27;[0m Waiting up to 0 ms for condition
&amp#27;[38;5;80m[AndroidUiautomator2Driver@3ba3 (4c35a2bd)]&amp#27;[0m Matched '/element' to command name 'findElement'
&amp#27;[38;5;80m[AndroidUiautomator2Driver@3ba3 (4c35a2bd)]&amp#27;[0m Proxying [POST /element] to [POST http://127.0.0.1:61590/session/dd11ca2d-30e3-41e6-802a-45937baf374f/element] with body: {"strategy":"accessibility id","selector":"Delete","context":"","multiple":false}
&amp#27;[38;5;80m[AndroidUiautomator2Driver@3ba3 (4c35a2bd)]&amp#27;[0m Got response with status 200: {"sessionId":"dd11ca2d-30e3-41e6-802a-45937baf374f","value":{"ELEMENT":"00000000-0000-0040-0000-002300000003","element-6066-11e4-a52e-4f735466cecf":"00000000-0000-0040-0000-002300000003"}}
&amp#27;[38;5;80m[AndroidUiautomator2Driver@3ba3 (4c35a2bd)]&amp#27;[0m Responding to client with driver.findElement() result: {"element-6066-11e4-a52e-4f735466cecf":"00000000-0000-0040-0000-002300000003","ELEMENT":"00000000-0000-0040-0000-002300000003"}
&amp#27;[38;5;48m[HTTP]&amp#27;[0m &amp#27;[37m<-- POST /session/4c35a2bd-58e8-49db-84ce-88d874471cd8/element &amp#27;[39m&amp#27;[32m200&amp#27;[39m &amp#27;[90m109 ms - 137&amp#27;[39m
&amp#27;[38;5;48m[HTTP]&amp#27;[0m &amp#27;[90m&amp#27;[39m
&amp#27;[38;5;48m[HTTP]&amp#27;[0m &amp#27;[37m-->&amp#27;[39m &amp#27;[37mPOST&amp#27;[39m &amp#27;[37m/session/4c35a2bd-58e8-49db-84ce-88d874471cd8/element/00000000-0000-0040-0000-002300000003/click&amp#27;[39m
&amp#27;[38;5;48m[HTTP]&amp#27;[0m &amp#27;[90m{"id":"00000000-0000-0040-0000-002300000003"}&amp#27;[39m
&amp#27;[38;5;16m[device-farm-main]&amp#27;[0m Updating lastCmdExecutedAt for device emulator-5554 in session 4c35a2bd-58e8-49db-84ce-88d874471cd8
&amp#27;[38;5;80m[AndroidUiautomator2Driver@3ba3 (4c35a2bd)]&amp#27;[0m Calling AppiumDriver.click() with args: ["00000000-0000-0040-0000-002300000003","4c35a2bd-58e8-49db-84ce-88d874471cd8"]
&amp#27;[38;5;64m[AppiumDriver@9a7b]&amp#27;[0m Clearing new command timeout pre-emptively since plugin(s) will handle this command
&amp#27;[38;5;64m[AppiumDriver@9a7b]&amp#27;[0m Plugins which can handle cmd 'click': element-wait,device-farm,appium-dashboard
&amp#27;[38;5;64m[AppiumDriver@9a7b]&amp#27;[0m Plugin appium-dashboard is now handling cmd 'click'
&amp#27;[38;5;64m[AppiumDriver@9a7b]&amp#27;[0m Plugin device-farm is now handling cmd 'click'
&amp#27;[38;5;64m[AppiumDriver@9a7b]&amp#27;[0m Plugin element-wait is now handling cmd 'click'
&amp#27;[38;5;160m[wait-plugin]&amp#27;[0m Wait for element to be clickable
&amp#27;[38;5;80m[AndroidUiautomator2Driver@3ba3 (4c35a2bd)]&amp#27;[0m Matched '/element/00000000-0000-0040-0000-002300000003/attribute/enabled' to command name 'getAttribute'
&amp#27;[38;5;80m[AndroidUiautomator2Driver@3ba3 (4c35a2bd)]&amp#27;[0m Proxying [GET /element/00000000-0000-0040-0000-002300000003/attribute/enabled] to [GET http://127.0.0.1:61590/session/dd11ca2d-30e3-41e6-802a-45937baf374f/element/00000000-0000-0040-0000-002300000003/attribute/enabled] with no body
&amp#27;[38;5;16m[device-farm-main]&amp#27;[0m Updating lastCmdExecutedAt for device emulator-5554 in session 4c35a2bd-58e8-49db-84ce-88d874471cd8
&amp#27;[38;5;80m[AndroidUiautomator2Driver@3ba3 (4c35a2bd)]&amp#27;[0m Got response with status 200: {"sessionId":"dd11ca2d-30e3-41e6-802a-45937baf374f","value":"true"}
&amp#27;[38;5;160m[wait-plugin]&amp#27;[0m Element is enabled
&amp#27;[38;5;64m[AppiumDriver@9a7b]&amp#27;[0m Executing default handling behavior for command 'click'
&amp#27;[38;5;80m[AndroidUiautomator2Driver@3ba3 (4c35a2bd)]&amp#27;[0m Matched '/element/00000000-0000-0040-0000-002300000003/click' to command name 'click'
&amp#27;[38;5;80m[AndroidUiautomator2Driver@3ba3 (4c35a2bd)]&amp#27;[0m Proxying [POST /element/00000000-0000-0040-0000-002300000003/click] to [POST http://127.0.0.1:61590/session/dd11ca2d-30e3-41e6-802a-45937baf374f/element/00000000-0000-0040-0000-002300000003/click] with body: {"element":"00000000-0000-0040-0000-002300000003"}
&amp#27;[38;5;80m[AndroidUiautomator2Driver@3ba3 (4c35a2bd)]&amp#27;[0m Got response with status 200: {"sessionId":"dd11ca2d-30e3-41e6-802a-45937baf374f","value":null}
&amp#27;[38;5;48m[HTTP]&amp#27;[0m &amp#27;[37m-->&amp#27;[39m &amp#27;[37mGET&amp#27;[39m &amp#27;[37m/wd-internal/session/4c35a2bd-58e8-49db-84ce-88d874471cd8/screenshot&amp#27;[39m
&amp#27;[38;5;48m[HTTP]&amp#27;[0m &amp#27;[90m{}&amp#27;[39m
&amp#27;[38;5;16m[device-farm-main]&amp#27;[0m Updating lastCmdExecutedAt for device emulator-5554 in session 4c35a2bd-58e8-49db-84ce-88d874471cd8
&amp#27;[38;5;80m[AndroidUiautomator2Driver@3ba3 (4c35a2bd)]&amp#27;[0m Calling AppiumDriver.getScreenshot() with args: ["4c35a2bd-58e8-49db-84ce-88d874471cd8"]
&amp#27;[38;5;64m[AppiumDriver@9a7b]&amp#27;[0m Clearing new command timeout pre-emptively since plugin(s) will handle this command
&amp#27;[38;5;64m[AppiumDriver@9a7b]&amp#27;[0m Plugins which can handle cmd 'getScreenshot': element-wait,device-farm,appium-dashboard
&amp#27;[38;5;64m[AppiumDriver@9a7b]&amp#27;[0m Plugin appium-dashboard is now handling cmd 'getScreenshot'
&amp#27;[38;5;64m[AppiumDriver@9a7b]&amp#27;[0m Plugin device-farm is now handling cmd 'getScreenshot'
&amp#27;[38;5;64m[AppiumDriver@9a7b]&amp#27;[0m Plugin element-wait is now handling cmd 'getScreenshot'
&amp#27;[38;5;64m[AppiumDriver@9a7b]&amp#27;[0m Executing default handling behavior for command 'getScreenshot'
&amp#27;[38;5;16m[device-farm-main]&amp#27;[0m Updating lastCmdExecutedAt for device emulator-5554 in session 4c35a2bd-58e8-49db-84ce-88d874471cd8
&amp#27;[38;5;80m[AndroidUiautomator2Driver@3ba3 (4c35a2bd)]&amp#27;[0m Matched '/screenshot' to command name 'getScreenshot'
&amp#27;[38;5;80m[AndroidUiautomator2Driver@3ba3 (4c35a2bd)]&amp#27;[0m Proxying [GET /screenshot] to [GET http://127.0.0.1:61590/session/dd11ca2d-30e3-41e6-802a-45937baf374f/screenshot] with no body
&amp#27;[38;5;80m[AndroidUiautomator2Driver@3ba3 (4c35a2bd)]&amp#27;[0m Got response with status 200: {"sessionId":"dd11ca2d-30e3-41e6-802a-45937baf374f","value":"iVBORw0KGgoAAAANSUhEUgAABDgAAAisCAYAAACtR1KuAAAAAXNSR0IArs4c6QAAAARzQklUCAgICHwIZIgAACAASURBVHic7N1ZcFvneTfwP1aCOwHuO7hrobhIpERJlGVbUmI58ZImn2/UROOLzmRy07tcNDe9aTvTTqeZpmmaTqYzbceTfhk348ROHFu2LMkULYk7KVHcSZAECS7gBhLbAXC+C5r4SHHBwUqA/P9mNCOQB+95sRA45znP+zyymZkZEUREREREREREMUx+2BMgIiIiIiIiIgoWAxxEREREREREFPMY4CAiIiIiIiKimMcABxERERERERHFPAY4iIiIiIiIiCjmMcBBRERERERERDGPAQ4iIiIiIiIiinkMcBARERERERFRzGOAg4iIiIiIiIhiHgMcRERERERERBTzGOAgIiIiIiIiopjHAAcRERERERERxTwGOIiIiIiIiIgo5jHAQUREREREREQxT3nYEyB6kdvthtPphCAIMBgMGB4exvDwMNbX15Gbm4vy8nJUVFQgPT0dGo0GSqUScjljdbFIFEW43W54PB64XC54PB4AgEwmg1wu9762CoXikGdKREREdPTYbDaYTCasra1hY2MDNpsN8fHxSExMREpKCnJychAfH3/Y0wy55eVlaLXaiOzrzp07B/6+rKwMpaWlEZnLcSCbmZkRD3sSRB6PB263Gw6HAwsLC3j+/DkGBgZgNpshCMKu7VUqFQoKCnDmzBmUlZUhNTUVKpUKSqUSMpnsEB5BaExOTuJf/uVf/L6fTCbDyZMncevWLahUqjDMLHREUYTL5YLdbofNZsPS0hJWV1dhNpvhdDoBAHK5HPHx8cjIyEBqaiq0Wi3i4uIQFxfHYAcRERFRgKanpzEyMoLR0VHMzMzAYrH4vE9ycjLy8vJQVlaGiooK5OfnR2Cm4fPw4UOYzWa8+eabEdnf...
&amp#27;[38;5;80m[AndroidUiautomator2Driver@3ba3 (4c35a2bd)]&amp#27;[0m Responding to client with driver.getScreenshot() result: "iVBORw0KGgoAAAANSUhEUgAABDgAAAisCAYAAACtR1KuAAAAAXNSR0IArs4c6QAAAARzQklUCAgICHwIZIgAACAASURBVHic7N1ZcFvneTfwP1aCOwHuO7hrobhIpERJlGVbUmI58ZImn2/UROOLzmRy07tcNDe9aTvTTqeZpmmaTqYzbceTfhk348ROHFu2LMkULYk7KVHcSZAECS7gBhLbAXC+C5r4SHHBwUqA/P9mNCOQB+95sRA45znP+zyymZkZEUREREREREREMUx+2BMgIiIiIiIiIgoWAxxEREREREREFPMY4CAiIiIiIiKimMcABxERERERERHFPAY4iIiIiIiIiCjmMcBBRERERERERDGPAQ4iIiIiIiIiinkMcBARERERERFRzGOAg4iIiIiIiIhiHgMcRERERERERBTzGOAgIiIiIiIiopjHAAcRERERERERxTwGOIiIiIiIiIgo5jHAQUREREREREQxT3nYEyB6kdvthtPphCAIMBgMGB4exvDwMNbX15Gbm4vy8nJUVFQgPT0dGo0GSqUScjljdbFIFEW43W54PB64XC54PB4AgEwmg1wu9762CoXikGdKREREdPTYbDaYTCasra1hY2MDNpsN8fHxSExMREpKCnJychAfH3/Y0wy55eVlaLXaiOzrzp07B/6+rKwMpaWlEZnLcSCbmZkRD3sSRB6PB263Gw6HAwsLC3j+/DkGBgZgNpshCMKu7VUqFQoKCnDmzBmUlZUhNTUVKpUKSqUSMpnsEB5BaExOTuJf/uVf/L6fTCbDyZMncevWLahUqjDMLHREUYTL5YLdbofNZsPS0hJWV1dhNpvhdDoBAHK5HPHx8cjIyEBqaiq0Wi3i4uIQFxfHYAcRERFRgKanpzEyMoLR0VHMzMzAYrH4vE9ycjLy8vJQVlaGiooK5OfnR2Cm4fPw4UOYzWa8+eabEdnfj3/84wN/X1paih/+8IcRmctxwAwOOjRbV+9dLheWl5cxMjKCtrY2LCwswO12...
&amp#27;[38;5;48m[HTTP]&amp#27;[0m &amp#27;[37m<-- GET /session/4c35a2bd-58e8-49db-84ce-88d874471cd8/screenshot &amp#27;[39m&amp#27;[32m200&amp#27;[39m &amp#27;[90m365 ms - 103924&amp#27;[39m
&amp#27;[38;5;48m[HTTP]&amp#27;[0m &amp#27;[90m&amp#27;[39m
&amp#27;[38;5;80m[AndroidUiautomator2Driver@3ba3 (4c35a2bd)]&amp#27;[0m Responding to client with driver.click() result: null
&amp#27;[38;5;48m[HTTP]&amp#27;[0m &amp#27;[37m<-- POST /session/4c35a2bd-58e8-49db-84ce-88d874471cd8/element/00000000-0000-0040-0000-002300000003/click &amp#27;[39m&amp#27;[32m200&amp#27;[39m &amp#27;[90m1039 ms - 14&amp#27;[39m
&amp#27;[38;5;48m[HTTP]&amp#27;[0m &amp#27;[90m&amp#27;[39m
&amp#27;[38;5;48m[HTTP]&amp#27;[0m &amp#27;[37m-->&amp#27;[39m &amp#27;[37mGET&amp#27;[39m &amp#27;[37m/session/4c35a2bd-58e8-49db-84ce-88d874471cd8/context&amp#27;[39m
&amp#27;[38;5;48m[HTTP]&amp#27;[0m &amp#27;[90m{}&amp#27;[39m
&amp#27;[38;5;16m[device-farm-main]&amp#27;[0m Updating lastCmdExecutedAt for device emulator-5554 in session 4c35a2bd-58e8-49db-84ce-88d874471cd8
&amp#27;[38;5;80m[AndroidUiautomator2Driver@3ba3 (4c35a2bd)]&amp#27;[0m Calling AppiumDriver.getCurrentContext() with args: ["4c35a2bd-58e8-49db-84ce-88d874471cd8"]
&amp#27;[38;5;64m[AppiumDriver@9a7b]&amp#27;[0m Clearing new command timeout pre-emptively since plugin(s) will handle this command
&amp#27;[38;5;64m[AppiumDriver@9a7b]&amp#27;[0m Plugins which can handle cmd 'getCurrentContext': element-wait,device-farm,appium-dashboard
&amp#27;[38;5;64m[AppiumDriver@9a7b]&amp#27;[0m Plugin appium-dashboard is now handling cmd 'getCurrentContext'
&amp#27;[38;5;64m[AppiumDriver@9a7b]&amp#27;[0m Plugin device-farm is now handling cmd 'getCurrentContext'
&amp#27;[38;5;64m[AppiumDriver@9a7b]&amp#27;[0m Plugin element-wait is now handling cmd 'getCurrentContext'
&amp#27;[38;5;64m[AppiumDriver@9a7b]&amp#27;[0m Executing default handling behavior for command 'getCurrentContext'
&amp#27;[38;5;16m[device-farm-main]&amp#27;[0m Updating lastCmdExecutedAt for device emulator-5554 in session 4c35a2bd-58e8-49db-84ce-88d874471cd8
&amp#27;[38;5;80m[AndroidUiautomator2Driver@3ba3 (4c35a2bd)]&amp#27;[0m Responding to client with driver.getCurrentContext() result: "NATIVE_APP"
&amp#27;[38;5;48m[HTTP]&amp#27;[0m &amp#27;[37m<-- GET /session/4c35a2bd-58e8-49db-84ce-88d874471cd8/context &amp#27;[39m&amp#27;[32m200&amp#27;[39m &amp#27;[90m25 ms - 22&amp#27;[39m
&amp#27;[38;5;48m[HTTP]&amp#27;[0m &amp#27;[90m&amp#27;[39m
&amp#27;[38;5;48m[HTTP]&amp#27;[0m &amp#27;[37m-->&amp#27;[39m &amp#27;[37mPOST&amp#27;[39m &amp#27;[37m/session/4c35a2bd-58e8-49db-84ce-88d874471cd8/element&amp#27;[39m
&amp#27;[38;5;48m[HTTP]&amp#27;[0m &amp#27;[90m{"using":"accessibility id","value":"YES"}&amp#27;[39m
&amp#27;[38;5;16m[device-farm-main]&amp#27;[0m Updating lastCmdExecutedAt for device emulator-5554 in session 4c35a2bd-58e8-49db-84ce-88d874471cd8
&amp#27;[38;5;80m[AndroidUiautomator2Driver@3ba3 (4c35a2bd)]&amp#27;[0m Calling AppiumDriver.findElement() with args: ["accessibility id","YES","4c35a2bd-58e8-49db-84ce-88d874471cd8"]
&amp#27;[38;5;64m[AppiumDriver@9a7b]&amp#27;[0m Clearing new command timeout pre-emptively since plugin(s) will handle this command
&amp#27;[38;5;64m[AppiumDriver@9a7b]&amp#27;[0m Plugins which can handle cmd 'findElement': element-wait,device-farm,appium-dashboard
&amp#27;[38;5;64m[AppiumDriver@9a7b]&amp#27;[0m Plugin appium-dashboard is now handling cmd 'findElement'
&amp#27;[38;5;64m[AppiumDriver@9a7b]&amp#27;[0m Plugin device-farm is now handling cmd 'findElement'
&amp#27;[38;5;64m[AppiumDriver@9a7b]&amp#27;[0m Plugin element-wait is now handling cmd 'findElement'
- Waiting to find element with accessibility id strategy for YES selector
&amp#27;[38;5;16m[device-farm-main]&amp#27;[0m Updating lastCmdExecutedAt for device emulator-5554 in session 4c35a2bd-58e8-49db-84ce-88d874471cd8
&amp#27;[38;5;160m[wait-plugin]&amp#27;[0m Element with accessibility id strategy for YES selector found.
&amp#27;[38;5;160m[wait-plugin]&amp#27;[0m Check if element is displayed
&amp#27;[38;5;80m[AndroidUiautomator2Driver@3ba3 (4c35a2bd)]&amp#27;[0m Matched '/element/00000000-0000-0040-0000-002b00000003/attribute/displayed' to command name 'getAttribute'
&amp#27;[38;5;80m[AndroidUiautomator2Driver@3ba3 (4c35a2bd)]&amp#27;[0m Proxying [GET /element/00000000-0000-0040-0000-002b00000003/attribute/displayed] to [GET http://127.0.0.1:61590/session/dd11ca2d-30e3-41e6-802a-45937baf374f/element/00000000-0000-0040-0000-002b00000003/attribute/displayed] with no body
&amp#27;[38;5;80m[AndroidUiautomator2Driver@3ba3 (4c35a2bd)]&amp#27;[0m Got response with status 200: {"sessionId":"dd11ca2d-30e3-41e6-802a-45937baf374f","value":"true"}
&amp#27;[38;5;160m[wait-plugin]&amp#27;[0m Element is displayed!
√ Waiting to find element with accessibility id strategy for YES selector
&amp#27;[38;5;64m[AppiumDriver@9a7b]&amp#27;[0m Executing default handling behavior for command 'findElement'
&amp#27;[38;5;80m[AndroidUiautomator2Driver@3ba3 (4c35a2bd)]&amp#27;[0m Valid locator strategies for this request: xpath, id, class name, accessibility id, css selector, -android uiautomator
&amp#27;[38;5;80m[AndroidUiautomator2Driver@3ba3 (4c35a2bd)]&amp#27;[0m Waiting up to 0 ms for condition
&amp#27;[38;5;80m[AndroidUiautomator2Driver@3ba3 (4c35a2bd)]&amp#27;[0m Matched '/element' to command name 'findElement'
&amp#27;[38;5;80m[AndroidUiautomator2Driver@3ba3 (4c35a2bd)]&amp#27;[0m Proxying [POST /element] to [POST http://127.0.0.1:61590/session/dd11ca2d-30e3-41e6-802a-45937baf374f/element] with body: {"strategy":"accessibility id","selector":"YES","context":"","multiple":false}
&amp#27;[38;5;80m[AndroidUiautomator2Driver@3ba3 (4c35a2bd)]&amp#27;[0m Got response with status 200: {"sessionId":"dd11ca2d-30e3-41e6-802a-45937baf374f","value":{"ELEMENT":"00000000-0000-0040-0000-002b00000003","element-6066-11e4-a52e-4f735466cecf":"00000000-0000-0040-0000-002b00000003"}}
&amp#27;[38;5;80m[AndroidUiautomator2Driver@3ba3 (4c35a2bd)]&amp#27;[0m Responding to client with driver.findElement() result: {"element-6066-11e4-a52e-4f735466cecf":"00000000-0000-0040-0000-002b00000003","ELEMENT":"00000000-0000-0040-0000-002b00000003"}
&amp#27;[38;5;48m[HTTP]&amp#27;[0m &amp#27;[37m<-- POST /session/4c35a2bd-58e8-49db-84ce-88d874471cd8/element &amp#27;[39m&amp#27;[32m200&amp#27;[39m &amp#27;[90m125 ms - 137&amp#27;[39m
&amp#27;[38;5;48m[HTTP]&amp#27;[0m &amp#27;[90m&amp#27;[39m
&amp#27;[38;5;48m[HTTP]&amp#27;[0m &amp#27;[37m-->&amp#27;[39m &amp#27;[37mPOST&amp#27;[39m &amp#27;[37m/session/4c35a2bd-58e8-49db-84ce-88d874471cd8/element/00000000-0000-0040-0000-002b00000003/click&amp#27;[39m
&amp#27;[38;5;48m[HTTP]&amp#27;[0m &amp#27;[90m{"id":"00000000-0000-0040-0000-002b00000003"}&amp#27;[39m
&amp#27;[38;5;16m[device-farm-main]&amp#27;[0m Updating lastCmdExecutedAt for device emulator-5554 in session 4c35a2bd-58e8-49db-84ce-88d874471cd8
&amp#27;[38;5;80m[AndroidUiautomator2Driver@3ba3 (4c35a2bd)]&amp#27;[0m Calling AppiumDriver.click() with args: ["00000000-0000-0040-0000-002b00000003","4c35a2bd-58e8-49db-84ce-88d874471cd8"]
&amp#27;[38;5;64m[AppiumDriver@9a7b]&amp#27;[0m Clearing new command timeout pre-emptively since plugin(s) will handle this command
&amp#27;[38;5;64m[AppiumDriver@9a7b]&amp#27;[0m Plugins which can handle cmd 'click': element-wait,device-farm,appium-dashboard
&amp#27;[38;5;64m[AppiumDriver@9a7b]&amp#27;[0m Plugin appium-dashboard is now handling cmd 'click'
&amp#27;[38;5;64m[AppiumDriver@9a7b]&amp#27;[0m Plugin device-farm is now handling cmd 'click'
&amp#27;[38;5;64m[AppiumDriver@9a7b]&amp#27;[0m Plugin element-wait is now handling cmd 'click'
&amp#27;[38;5;160m[wait-plugin]&amp#27;[0m Wait for element to be clickable
&amp#27;[38;5;80m[AndroidUiautomator2Driver@3ba3 (4c35a2bd)]&amp#27;[0m Matched '/element/00000000-0000-0040-0000-002b00000003/attribute/enabled' to command name 'getAttribute'
&amp#27;[38;5;80m[AndroidUiautomator2Driver@3ba3 (4c35a2bd)]&amp#27;[0m Proxying [GET /element/00000000-0000-0040-0000-002b00000003/attribute/enabled] to [GET http://127.0.0.1:61590/session/dd11ca2d-30e3-41e6-802a-45937baf374f/element/00000000-0000-0040-0000-002b00000003/attribute/enabled] with no body
&amp#27;[38;5;16m[device-farm-main]&amp#27;[0m Updating lastCmdExecutedAt for device emulator-5554 in session 4c35a2bd-58e8-49db-84ce-88d874471cd8
&amp#27;[38;5;80m[AndroidUiautomator2Driver@3ba3 (4c35a2bd)]&amp#27;[0m Got response with status 200: {"sessionId":"dd11ca2d-30e3-41e6-802a-45937baf374f","value":"true"}
&amp#27;[38;5;160m[wait-plugin]&amp#27;[0m Element is enabled
&amp#27;[38;5;64m[AppiumDriver@9a7b]&amp#27;[0m Executing default handling behavior for command 'click'
&amp#27;[38;5;80m[AndroidUiautomator2Driver@3ba3 (4c35a2bd)]&amp#27;[0m Matched '/element/00000000-0000-0040-0000-002b00000003/click' to command name 'click'
&amp#27;[38;5;80m[AndroidUiautomator2Driver@3ba3 (4c35a2bd)]&amp#27;[0m Proxying [POST /element/00000000-0000-0040-0000-002b00000003/click] to [POST http://127.0.0.1:61590/session/dd11ca2d-30e3-41e6-802a-45937baf374f/element/00000000-0000-0040-0000-002b00000003/click] with body: {"element":"00000000-0000-0040-0000-002b00000003"}
&amp#27;[38;5;80m[AndroidUiautomator2Driver@3ba3 (4c35a2bd)]&amp#27;[0m Got response with status 200: {"sessionId":"dd11ca2d-30e3-41e6-802a-45937baf374f","value":null}
&amp#27;[38;5;48m[HTTP]&amp#27;[0m &amp#27;[37m-->&amp#27;[39m &amp#27;[37mGET&amp#27;[39m &amp#27;[37m/wd-internal/session/4c35a2bd-58e8-49db-84ce-88d874471cd8/screenshot&amp#27;[39m
&amp#27;[38;5;48m[HTTP]&amp#27;[0m &amp#27;[90m{}&amp#27;[39m
&amp#27;[38;5;16m[device-farm-main]&amp#27;[0m Updating lastCmdExecutedAt for device emulator-5554 in session 4c35a2bd-58e8-49db-84ce-88d874471cd8
&amp#27;[38;5;80m[AndroidUiautomator2Driver@3ba3 (4c35a2bd)]&amp#27;[0m Calling AppiumDriver.getScreenshot() with args: ["4c35a2bd-58e8-49db-84ce-88d874471cd8"]
&amp#27;[38;5;64m[AppiumDriver@9a7b]&amp#27;[0m Clearing new command timeout pre-emptively since plugin(s) will handle this command
&amp#27;[38;5;64m[AppiumDriver@9a7b]&amp#27;[0m Plugins which can handle cmd 'getScreenshot': element-wait,device-farm,appium-dashboard
&amp#27;[38;5;64m[AppiumDriver@9a7b]&amp#27;[0m Plugin appium-dashboard is now handling cmd 'getScreenshot'
&amp#27;[38;5;64m[AppiumDriver@9a7b]&amp#27;[0m Plugin device-farm is now handling cmd 'getScreenshot'
&amp#27;[38;5;64m[AppiumDriver@9a7b]&amp#27;[0m Plugin element-wait is now handling cmd 'getScreenshot'
&amp#27;[38;5;64m[AppiumDriver@9a7b]&amp#27;[0m Executing default handling behavior for command 'getScreenshot'
&amp#27;[38;5;16m[device-farm-main]&amp#27;[0m Updating lastCmdExecutedAt for device emulator-5554 in session 4c35a2bd-58e8-49db-84ce-88d874471cd8
&amp#27;[38;5;80m[AndroidUiautomator2Driver@3ba3 (4c35a2bd)]&amp#27;[0m Matched '/screenshot' to command name 'getScreenshot'
&amp#27;[38;5;80m[AndroidUiautomator2Driver@3ba3 (4c35a2bd)]&amp#27;[0m Proxying [GET /screenshot] to [GET http://127.0.0.1:61590/session/dd11ca2d-30e3-41e6-802a-45937baf374f/screenshot] with no body
&amp#27;[38;5;80m[AndroidUiautomator2Driver@3ba3 (4c35a2bd)]&amp#27;[0m Got response with status 200: {"sessionId":"dd11ca2d-30e3-41e6-802a-45937baf374f","value":"iVBORw0KGgoAAAANSUhEUgAABDgAAAisCAYAAACtR1KuAAAAAXNSR0IArs4c6QAAAARzQklUCAgICHwIZIgAACAASURBVHic7N13VFR3+j/w9wwztIGRIqjYEFFEpdhRsYuxl+ia7Gp0/aa5yW42xWRjmsZsEtOzRqPpfc0aTewNu1hAsIuIAiodpDMMzAwzvz/4MQekzJ0GM/B+neM5DvO5n/sZ0GHuc5/P84iysrJ0ICIiIiIiIiKyY+LWXgARERERERERkbkY4CAiIiIiIiIiu8cABxERERERERHZPQY4iIiIiIiIiMjuMcBBRERERERERHaPAQ4iIiIiIiIisnsMcBARERERERGR3WOAg4iIiIiIiIjsHgMcRERERERERGT3GOAgIiIiIiIiIrvHAAcRERERERER2T0GOIiIiIiIiIjI7jHAQURERERERER2jwEOIiIiIiIiIrJ7ktZeANH9qquroVKpoFarcefOHdy8eRM3b95EeXk5unTpgsDAQPTp0wfe3t5wdnaGRCKBWMxYnT3S6XSorq6GVquFRqOBVqsFAIhEIojFYv3P1sHBoZVXSkRERNT2KJVK5OTkoLS0FAqFAkqlEi4uLpDJZJDL5ejcuTNcXFxae5kWV1RUBE9PzxY5V3R0dLPP9+7dGwEBAS2ylvZAlJWVpWvtRRBptVpUV1ejqqoK+fn5uH79OpKSklBQUAC1Wt1gvFQqRbdu3RASEoLevXujQ4cOkEqlkEgkEIlErfAKLOPu3btYv3690ceJRCIEBwdj0aJFkEqlVliZ5eh0Omg0GlRWVkKpVKKwsBAlJSUoKCiASqUCAIjFYri4uKBjx47o0KEDPD094eTkBCcnJwY7iIiIiEyUkZGBW7duISUlBVlZWSgrKzN4jLu7O/z8/NC7d2/06dMHXbt2bYGVWs+pU6dQUFCA2bNnt8j5XnrppWafDwgI...
&amp#27;[38;5;80m[AndroidUiautomator2Driver@3ba3 (4c35a2bd)]&amp#27;[0m Responding to client with driver.getScreenshot() result: "iVBORw0KGgoAAAANSUhEUgAABDgAAAisCAYAAACtR1KuAAAAAXNSR0IArs4c6QAAAARzQklUCAgICHwIZIgAACAASURBVHic7N13VFR3+j/w9wwztIGRIqjYEFFEpdhRsYuxl+ia7Gp0/aa5yW42xWRjmsZsEtOzRqPpfc0aTewNu1hAsIuIAiodpDMMzAwzvz/4MQekzJ0GM/B+neM5DvO5n/sZ0GHuc5/P84iysrJ0ICIiIiIiIiKyY+LWXgARERERERERkbkY4CAiIiIiIiIiu8cABxERERERERHZPQY4iIiIiIiIiMjuMcBBRERERERERHaPAQ4iIiIiIiIisnsMcBARERERERGR3WOAg4iIiIiIiIjsHgMcRERERERERGT3GOAgIiIiIiIiIrvHAAcRERERERER2T0GOIiIiIiIiIjI7jHAQURERERERER2jwEOIiIiIiIiIrJ7ktZeANH9qquroVKpoFarcefOHdy8eRM3b95EeXk5unTpgsDAQPTp0wfe3t5wdnaGRCKBWMxYnT3S6XSorq6GVquFRqOBVqsFAIhEIojFYv3P1sHBoZVXSkRERNT2KJVK5OTkoLS0FAqFAkqlEi4uLpDJZJDL5ejcuTNcXFxae5kWV1RUBE9PzxY5V3R0dLPP9+7dGwEBAS2ylvZAlJWVpWvtRRBptVpUV1ejqqoK+fn5uH79OpKSklBQUAC1Wt1gvFQqRbdu3RASEoLevXujQ4cOkEqlkEgkEIlErfAKLOPu3btYv3690ceJRCIEBwdj0aJFkEqlVliZ5eh0Omg0GlRWVkKpVKKwsBAlJSUoKCiASqUCAIjFYri4uKBjx47o0KEDPD094eTkBCcnJwY7iIiIiEyUkZGBW7duISUlBVlZWSgrKzN4jLu7O/z8/NC7d2/06dMHXbt2bYGVWs+pU6dQUFCA2bNnt8j5XnrppWafDwgIwPLly1tkLe0BMzio1dTevddoNCgqKsKtW7dw7tw55Ofno7q6usF4sVgMnU4H...
&amp#27;[38;5;48m[HTTP]&amp#27;[0m &amp#27;[37m<-- GET /session/4c35a2bd-58e8-49db-84ce-88d874471cd8/screenshot &amp#27;[39m&amp#27;[32m200&amp#27;[39m &amp#27;[90m485 ms - 121468&amp#27;[39m
&amp#27;[38;5;48m[HTTP]&amp#27;[0m &amp#27;[90m&amp#27;[39m
&amp#27;[38;5;80m[AndroidUiautomator2Driver@3ba3 (4c35a2bd)]&amp#27;[0m Responding to client with driver.click() result: null
&amp#27;[38;5;48m[HTTP]&amp#27;[0m &amp#27;[37m<-- POST /session/4c35a2bd-58e8-49db-84ce-88d874471cd8/element/00000000-0000-0040-0000-002b00000003/click &amp#27;[39m&amp#27;[32m200&amp#27;[39m &amp#27;[90m635 ms - 14&amp#27;[39m
&amp#27;[38;5;48m[HTTP]&amp#27;[0m &amp#27;[90m&amp#27;[39m
List deleted successfully
]]></system-out>
  </testcase>
</testsuite>