<?xml version="1.0" encoding="UTF-8"?>
<!-- Generated by org.testng.reporters.JUnitReportReporter -->
<testsuite hostname="DESKTOP-O507CMC" failures="0" tests="3" name="com.shubham.projects.AppTest.AddListTest" time="28.697" errors="0" timestamp="2024-01-11T20:07:54 IST" skipped="0">
  <testcase classname="com.shubham.projects.AppTest.AddListTest" name="AddListtest" time="9.795"/>
  <testcase classname="com.shubham.projects.AppTest.AddListTest" name="EditListtest" time="13.143"/>
  <testcase classname="com.shubham.projects.AppTest.AddListTest" name="DeleteListtest" time="5.759"/>
</testsuite> <!-- com.shubham.projects.AppTest.AddListTest -->
