<?xml version="1.0" encoding="UTF-8"?>
<!-- Generated by org.testng.reporters.JUnitReportReporter -->
<testsuite hostname="DESKTOP-O507CMC" failures="0" tests="3" name="com.shubham.projects.AppTest.AddListTest" time="28.861" errors="0" timestamp="2024-01-16T18:40:18 IST" skipped="0">
  <testcase classname="com.shubham.projects.AppTest.AddListTest" name="AddListtest" time="10.374"/>
  <testcase classname="com.shubham.projects.AppTest.AddListTest" name="EditListtest" time="12.549"/>
  <testcase classname="com.shubham.projects.AppTest.AddListTest" name="DeleteListtest" time="5.938"/>
</testsuite> <!-- com.shubham.projects.AppTest.AddListTest -->
