<?xml version="1.0" encoding="UTF-8"?>
<!-- Generated by org.testng.reporters.JUnitReportReporter -->
<testsuite hostname="DESKTOP-O507CMC" failures="0" tests="3" name="com.shubham.projects.AppTest.SettingsTest" time="28.326" errors="0" timestamp="2024-01-11T13:38:33 IST" skipped="0">
  <testcase classname="com.shubham.projects.AppTest.SettingsTest" name="SettingsTitleCheck" time="2.523"/>
  <testcase classname="com.shubham.projects.AppTest.SettingsTest" name="SearchTest" time="13.967"/>
  <testcase classname="com.shubham.projects.AppTest.SettingsTest" name="GoogleClickByScroll" time="11.836"/>
</testsuite> <!-- com.shubham.projects.AppTest.SettingsTest -->
