<?xml version="1.0" encoding="UTF-8"?>
<!-- Generated by org.testng.reporters.JUnitReportReporter -->
<testsuite hostname="DESKTOP-O507CMC" failures="0" tests="3" name="com.shubham.projects.AppTest.AddListTest" time="30.669" errors="0" timestamp="2024-01-12T16:04:30 IST" skipped="0">
  <testcase classname="com.shubham.projects.AppTest.AddListTest" name="AddListtest" time="9.058"/>
  <testcase classname="com.shubham.projects.AppTest.AddListTest" name="EditListtest" time="15.314"/>
  <testcase classname="com.shubham.projects.AppTest.AddListTest" name="DeleteListtest" time="6.297"/>
</testsuite> <!-- com.shubham.projects.AppTest.AddListTest -->
