<?xml version="1.0" encoding="UTF-8"?>
<!-- Generated by org.testng.reporters.JUnitReportReporter -->
<testsuite hostname="DESKTOP-O507CMC" failures="0" tests="3" name="com.shubham.projects.AppTest.AddListTest" time="29.832" errors="0" timestamp="2024-01-16T18:19:42 IST" skipped="0">
  <testcase classname="com.shubham.projects.AppTest.AddListTest" name="AddListtest" time="10.548"/>
  <testcase classname="com.shubham.projects.AppTest.AddListTest" name="EditListtest" time="12.811"/>
  <testcase classname="com.shubham.projects.AppTest.AddListTest" name="DeleteListtest" time="6.473"/>
</testsuite> <!-- com.shubham.projects.AppTest.AddListTest -->
