<?xml version="1.0" encoding="UTF-8"?>
<!-- Generated by org.testng.reporters.JUnitReportReporter -->
<testsuite hostname="DESKTOP-O507CMC" failures="0" tests="3" name="com.shubham.projects.AppTest.AddListTest" time="38.750" errors="0" timestamp="2024-01-12T16:23:51 IST" skipped="0">
  <testcase classname="com.shubham.projects.AppTest.AddListTest" name="AddListtest" time="13.121"/>
  <testcase classname="com.shubham.projects.AppTest.AddListTest" name="EditListtest" time="16.352"/>
  <testcase classname="com.shubham.projects.AppTest.AddListTest" name="DeleteListtest" time="9.277"/>
</testsuite> <!-- com.shubham.projects.AppTest.AddListTest -->
