<?xml version="1.0" encoding="UTF-8"?>
<!-- Generated by org.testng.reporters.JUnitReportReporter -->
<testsuite hostname="DESKTOP-O507CMC" failures="0" tests="3" name="com.shubham.projects.AppTest.AddListTest" time="27.244" errors="0" timestamp="2024-01-11T18:48:56 IST" skipped="0">
  <testcase classname="com.shubham.projects.AppTest.AddListTest" name="AddListtest" time="8.946"/>
  <testcase classname="com.shubham.projects.AppTest.AddListTest" name="EditListtest" time="13.032"/>
  <testcase classname="com.shubham.projects.AppTest.AddListTest" name="DeleteListtest" time="5.266"/>
</testsuite> <!-- com.shubham.projects.AppTest.AddListTest -->
