<?xml version="1.0" encoding="UTF-8"?>
<!-- Generated by org.testng.reporters.JUnitReportReporter -->
<testsuite hostname="DESKTOP-O507CMC" failures="0" tests="3" name="com.shubham.projects.AppTest.AddListTest" time="32.079" errors="0" timestamp="2024-01-12T16:07:36 IST" skipped="0">
  <testcase classname="com.shubham.projects.AppTest.AddListTest" name="AddListtest" time="13.104"/>
  <testcase classname="com.shubham.projects.AppTest.AddListTest" name="EditListtest" time="13.069"/>
  <testcase classname="com.shubham.projects.AppTest.AddListTest" name="DeleteListtest" time="5.906"/>
</testsuite> <!-- com.shubham.projects.AppTest.AddListTest -->
